Flow report for sss_com_rxtx
Mon Nov 14 18:24:17 2016
Quartus II Version 8.1 Build 163 10/28/2008 SJ Full Version


---------------------
; Table of Contents ;
---------------------
  1. Legal Notice
  2. Flow Summary
  3. Flow Settings
  4. Flow Non-Default Global Settings
  5. Flow Elapsed Time
  6. Flow OS Summary
  7. Flow Log



----------------
; Legal Notice ;
----------------
Copyright (C) 1991-2008 Altera Corporation
Your use of Altera Corporation's design tools, logic functions 
and other software and tools, and its AMPP partner logic 
functions, and any output files from any of the foregoing 
(including device programming or simulation files), and any 
associated documentation or information are expressly subject 
to the terms and conditions of the Altera Program License 
Subscription Agreement, Altera MegaCore Function License 
Agreement, or other applicable license agreement, including, 
without limitation, that your use is for the sole purpose of 
programming logic devices manufactured by Altera and sold by 
Altera or its authorized distributors.  Please refer to the 
applicable agreement for further details.



+--------------------------------------------------------------------+
; Flow Summary                                                       ;
+-------------------------+------------------------------------------+
; Flow Status             ; Successful - Mon Nov 14 18:24:17 2016    ;
; Quartus II Version      ; 8.1 Build 163 10/28/2008 SJ Full Version ;
; Revision Name           ; sss_com_rxtx                             ;
; Top-level Entity Name   ; sss_com_rxtx                             ;
; Family                  ; MAX II                                   ;
; Met timing requirements ; Yes                                      ;
; Total logic elements    ; 64 / 240 ( 27 % )                        ;
; Total pins              ; 23 / 80 ( 29 % )                         ;
; Total virtual pins      ; 0                                        ;
; UFM blocks              ; 0 / 1 ( 0 % )                            ;
; Device                  ; EPM240T100C3                             ;
; Timing Models           ; Final                                    ;
+-------------------------+------------------------------------------+


+-----------------------------------------+
; Flow Settings                           ;
+-------------------+---------------------+
; Option            ; Setting             ;
+-------------------+---------------------+
; Start date & time ; 11/14/2016 18:24:11 ;
; Main task         ; Compilation         ;
; Revision Name     ; sss_com_rxtx        ;
+-------------------+---------------------+


+---------------------------------------------------------------------------------------------------------------------+
; Flow Non-Default Global Settings                                                                                    ;
+------------------------------------+---------------------------------+---------------+-------------+----------------+
; Assignment Name                    ; Value                           ; Default Value ; Entity Name ; Section Id     ;
+------------------------------------+---------------------------------+---------------+-------------+----------------+
; COMPILER_SIGNATURE_ID              ; 207458829635240.147914065107504 ; --            ; --          ; --             ;
; USE_GENERATED_PHYSICAL_CONSTRAINTS ; Off                             ; --            ; --          ; eda_blast_fpga ;
+------------------------------------+---------------------------------+---------------+-------------+----------------+


+-----------------------------------------------------------------------------------------------------------------------------+
; Flow Elapsed Time                                                                                                           ;
+-------------------------+--------------+-------------------------+---------------------+------------------------------------+
; Module Name             ; Elapsed Time ; Average Processors Used ; Peak Virtual Memory ; Total CPU Time (on all processors) ;
+-------------------------+--------------+-------------------------+---------------------+------------------------------------+
; Analysis & Synthesis    ; 00:00:01     ; 1.0                     ; 160 MB              ; 00:00:01                           ;
; Fitter                  ; 00:00:01     ; 1.0                     ; 161 MB              ; 00:00:01                           ;
; Assembler               ; 00:00:01     ; 1.0                     ; 137 MB              ; 00:00:01                           ;
; Classic Timing Analyzer ; 00:00:01     ; 1.0                     ; 113 MB              ; 00:00:01                           ;
; Total                   ; 00:00:04     ; --                      ; --                  ; 00:00:04                           ;
+-------------------------+--------------+-------------------------+---------------------+------------------------------------+


+---------------------------------------------------------------------------------------+
; Flow OS Summary                                                                       ;
+-------------------------+------------------+------------+------------+----------------+
; Module Name             ; Machine Hostname ; OS Name    ; OS Version ; Processor type ;
+-------------------------+------------------+------------+------------+----------------+
; Analysis & Synthesis    ; speian-202       ; Windows XP ; 5.1        ; i1686          ;
; Fitter                  ; speian-202       ; Windows XP ; 5.1        ; i1686          ;
; Assembler               ; speian-202       ; Windows XP ; 5.1        ; i1686          ;
; Classic Timing Analyzer ; speian-202       ; Windows XP ; 5.1        ; i1686          ;
+-------------------------+------------------+------------+------------+----------------+


------------
; Flow Log ;
------------
quartus_map --read_settings_files=on --write_settings_files=off sss_com_rxtx -c sss_com_rxtx
quartus_fit --read_settings_files=off --write_settings_files=off sss_com_rxtx -c sss_com_rxtx
quartus_asm --read_settings_files=off --write_settings_files=off sss_com_rxtx -c sss_com_rxtx
quartus_tan --read_settings_files=off --write_settings_files=off sss_com_rxtx -c sss_com_rxtx



