Fitter report for sss_com_rxtx
Mon Nov 14 18:24:13 2016
Quartus II Version 8.1 Build 163 10/28/2008 SJ Full Version


---------------------
; Table of Contents ;
---------------------
  1. Legal Notice
  2. Fitter Summary
  3. Fitter Settings
  4. Pin-Out File
  5. Fitter Resource Usage Summary
  6. Input Pins
  7. Output Pins
  8. I/O Bank Usage
  9. All Package Pins
 10. Output Pin Default Load For Reported TCO
 11. Fitter Resource Utilization by Entity
 12. Delay Chain Summary
 13. Control Signals
 14. Global & Other Fast Signals
 15. Non-Global High Fan-Out Signals
 16. Interconnect Usage Summary
 17. LAB Logic Elements
 18. LAB-wide Signals
 19. LAB Signals Sourced
 20. LAB Signals Sourced Out
 21. LAB Distinct Inputs
 22. Fitter Device Options
 23. Estimated Delay Added for Hold Timing
 24. Fitter Messages
 25. Fitter Suppressed Messages



----------------
; Legal Notice ;
----------------
Copyright (C) 1991-2008 Altera Corporation
Your use of Altera Corporation's design tools, logic functions 
and other software and tools, and its AMPP partner logic 
functions, and any output files from any of the foregoing 
(including device programming or simulation files), and any 
associated documentation or information are expressly subject 
to the terms and conditions of the Altera Program License 
Subscription Agreement, Altera MegaCore Function License 
Agreement, or other applicable license agreement, including, 
without limitation, that your use is for the sole purpose of 
programming logic devices manufactured by Altera and sold by 
Altera or its authorized distributors.  Please refer to the 
applicable agreement for further details.



+------------------------------------------------------------------+
; Fitter Summary                                                   ;
+-----------------------+------------------------------------------+
; Fitter Status         ; Successful - Mon Nov 14 18:24:13 2016    ;
; Quartus II Version    ; 8.1 Build 163 10/28/2008 SJ Full Version ;
; Revision Name         ; sss_com_rxtx                             ;
; Top-level Entity Name ; sss_com_rxtx                             ;
; Family                ; MAX II                                   ;
; Device                ; EPM240T100C3                             ;
; Timing Models         ; Final                                    ;
; Total logic elements  ; 64 / 240 ( 27 % )                        ;
; Total pins            ; 23 / 80 ( 29 % )                         ;
; Total virtual pins    ; 0                                        ;
; UFM blocks            ; 0 / 1 ( 0 % )                            ;
+-----------------------+------------------------------------------+


+--------------------------------------------------------------------------------------------------------------------------------------+
; Fitter Settings                                                                                                                      ;
+--------------------------------------------------------------------+--------------------------------+--------------------------------+
; Option                                                             ; Setting                        ; Default Value                  ;
+--------------------------------------------------------------------+--------------------------------+--------------------------------+
; Device                                                             ; AUTO                           ;                                ;
; Fit Attempts to Skip                                               ; 0                              ; 0.0                            ;
; Use smart compilation                                              ; Off                            ; Off                            ;
; Use TimeQuest Timing Analyzer                                      ; Off                            ; Off                            ;
; Router Timing Optimization Level                                   ; Normal                         ; Normal                         ;
; Placement Effort Multiplier                                        ; 1.0                            ; 1.0                            ;
; Router Effort Multiplier                                           ; 1.0                            ; 1.0                            ;
; Always Enable Input Buffers                                        ; Off                            ; Off                            ;
; Optimize Hold Timing                                               ; IO Paths and Minimum TPD Paths ; IO Paths and Minimum TPD Paths ;
; Optimize Multi-Corner Timing                                       ; Off                            ; Off                            ;
; Guarantee I/O Paths Have Zero Hold Time at Fast Corner             ; On                             ; On                             ;
; PowerPlay Power Optimization                                       ; Normal compilation             ; Normal compilation             ;
; Optimize Timing                                                    ; Normal compilation             ; Normal compilation             ;
; Optimize Timing for ECOs                                           ; Off                            ; Off                            ;
; Regenerate full fit report during ECO compiles                     ; Off                            ; Off                            ;
; Optimize IOC Register Placement for Timing                         ; On                             ; On                             ;
; Limit to One Fitting Attempt                                       ; Off                            ; Off                            ;
; Final Placement Optimizations                                      ; Automatically                  ; Automatically                  ;
; Fitter Aggressive Routability Optimizations                        ; Automatically                  ; Automatically                  ;
; Fitter Initial Placement Seed                                      ; 1                              ; 1                              ;
; Slow Slew Rate                                                     ; Off                            ; Off                            ;
; PCI I/O                                                            ; Off                            ; Off                            ;
; Weak Pull-Up Resistor                                              ; Off                            ; Off                            ;
; Enable Bus-Hold Circuitry                                          ; Off                            ; Off                            ;
; Auto Delay Chains                                                  ; On                             ; On                             ;
; Perform Physical Synthesis for Combinational Logic for Performance ; Off                            ; Off                            ;
; Perform Register Duplication for Performance                       ; Off                            ; Off                            ;
; Perform Register Retiming for Performance                          ; Off                            ; Off                            ;
; Perform Asynchronous Signal Pipelining                             ; Off                            ; Off                            ;
; Fitter Effort                                                      ; Auto Fit                       ; Auto Fit                       ;
; Physical Synthesis Effort Level                                    ; Normal                         ; Normal                         ;
; Logic Cell Insertion - Logic Duplication                           ; Auto                           ; Auto                           ;
; Auto Register Duplication                                          ; Auto                           ; Auto                           ;
; Auto Global Clock                                                  ; On                             ; On                             ;
; Auto Global Register Control Signals                               ; On                             ; On                             ;
; Stop After Congestion Map Generation                               ; Off                            ; Off                            ;
; Save Intermediate Fitting Results                                  ; Off                            ; Off                            ;
+--------------------------------------------------------------------+--------------------------------+--------------------------------+


+--------------+
; Pin-Out File ;
+--------------+
The pin-out file can be found in D:/SSSWorkHome/Altera/sssBlock/sss_com_rxtx/sss_com_rxtx.pin.


+-----------------------------------------------------------------+
; Fitter Resource Usage Summary                                   ;
+---------------------------------------------+-------------------+
; Resource                                    ; Usage             ;
+---------------------------------------------+-------------------+
; Total logic elements                        ; 64 / 240 ( 27 % ) ;
;     -- Combinational with no register       ; 13                ;
;     -- Register only                        ; 16                ;
;     -- Combinational with a register        ; 35                ;
;                                             ;                   ;
; Logic element usage by number of LUT inputs ;                   ;
;     -- 4 input functions                    ; 9                 ;
;     -- 3 input functions                    ; 9                 ;
;     -- 2 input functions                    ; 28                ;
;     -- 1 input functions                    ; 2                 ;
;     -- 0 input functions                    ; 0                 ;
;                                             ;                   ;
; Logic elements by mode                      ;                   ;
;     -- normal mode                          ; 44                ;
;     -- arithmetic mode                      ; 20                ;
;     -- qfbk mode                            ; 1                 ;
;     -- register cascade mode                ; 0                 ;
;     -- synchronous clear/load mode          ; 37                ;
;     -- asynchronous clear/load mode         ; 51                ;
;                                             ;                   ;
; Total registers                             ; 51 / 240 ( 21 % ) ;
; Total LABs                                  ; 8 / 24 ( 33 % )   ;
; Logic elements in carry chains              ; 24                ;
; User inserted logic elements                ; 0                 ;
; Virtual pins                                ; 0                 ;
; I/O pins                                    ; 23 / 80 ( 29 % )  ;
;     -- Clock pins                           ; 2                 ;
; Global signals                              ; 2                 ;
; UFM blocks                                  ; 0 / 1 ( 0 % )     ;
; Global clocks                               ; 2 / 4 ( 50 % )    ;
; JTAGs                                       ; 0 / 1 ( 0 % )     ;
; Average interconnect usage (total/H/V)      ; 5% / 5% / 4%      ;
; Peak interconnect usage (total/H/V)         ; 5% / 5% / 4%      ;
; Maximum fan-out node                        ; clk5              ;
; Maximum fan-out                             ; 51                ;
; Highest non-global fan-out signal           ; send              ;
; Highest non-global fan-out                  ; 15                ;
; Total fan-out                               ; 302               ;
; Average fan-out                             ; 3.47              ;
+---------------------------------------------+-------------------+


+-----------------------------------------------------------------------------------------------------------------------------------------------------------------------------------------------------------------+
; Input Pins                                                                                                                                                                                                      ;
+----------+-------+----------+--------------+--------------+-------------+-----------------------+--------------------+--------+-----------------+----------+--------------+--------------+----------------------+
; Name     ; Pin # ; I/O Bank ; X coordinate ; Y coordinate ; Cell number ; Combinational Fan-Out ; Registered Fan-Out ; Global ; PCI I/O Enabled ; Bus Hold ; Weak Pull Up ; I/O Standard ; Location assigned by ;
+----------+-------+----------+--------------+--------------+-------------+-----------------------+--------------------+--------+-----------------+----------+--------------+--------------+----------------------+
; clk5     ; 14    ; 1        ; 1            ; 2            ; 0           ; 51                    ; 0                  ; yes    ; no              ; no       ; Off          ; 3.3-V LVTTL  ; Fitter               ;
; reset    ; 12    ; 1        ; 1            ; 3            ; 3           ; 51                    ; 0                  ; yes    ; no              ; no       ; Off          ; 3.3-V LVTTL  ; Fitter               ;
; rx       ; 19    ; 1        ; 1            ; 1            ; 1           ; 2                     ; 0                  ; no     ; no              ; no       ; Off          ; 3.3-V LVTTL  ; Fitter               ;
; sbyte[0] ; 3     ; 1        ; 1            ; 4            ; 1           ; 1                     ; 0                  ; no     ; no              ; no       ; Off          ; 3.3-V LVTTL  ; Fitter               ;
; sbyte[1] ; 40    ; 1        ; 5            ; 0            ; 2           ; 1                     ; 0                  ; no     ; no              ; no       ; Off          ; 3.3-V LVTTL  ; Fitter               ;
; sbyte[2] ; 38    ; 1        ; 4            ; 0            ; 0           ; 1                     ; 0                  ; no     ; no              ; no       ; Off          ; 3.3-V LVTTL  ; Fitter               ;
; sbyte[3] ; 36    ; 1        ; 4            ; 0            ; 2           ; 1                     ; 0                  ; no     ; no              ; no       ; Off          ; 3.3-V LVTTL  ; Fitter               ;
; sbyte[4] ; 7     ; 1        ; 1            ; 3            ; 1           ; 1                     ; 0                  ; no     ; no              ; no       ; Off          ; 3.3-V LVTTL  ; Fitter               ;
; sbyte[5] ; 41    ; 1        ; 5            ; 0            ; 1           ; 1                     ; 0                  ; no     ; no              ; no       ; Off          ; 3.3-V LVTTL  ; Fitter               ;
; sbyte[6] ; 8     ; 1        ; 1            ; 3            ; 2           ; 1                     ; 0                  ; no     ; no              ; no       ; Off          ; 3.3-V LVTTL  ; Fitter               ;
; sbyte[7] ; 37    ; 1        ; 4            ; 0            ; 1           ; 1                     ; 0                  ; no     ; no              ; no       ; Off          ; 3.3-V LVTTL  ; Fitter               ;
; send     ; 5     ; 1        ; 1            ; 4            ; 3           ; 15                    ; 0                  ; no     ; no              ; no       ; Off          ; 3.3-V LVTTL  ; Fitter               ;
+----------+-------+----------+--------------+--------------+-------------+-----------------------+--------------------+--------+-----------------+----------+--------------+--------------+----------------------+


+----------------------------------------------------------------------------------------------------------------------------------------------------------------------------------------------------------------------------------------------------------------------------------+
; Output Pins                                                                                                                                                                                                                                                                      ;
+-------------+-------+----------+--------------+--------------+-------------+-----------------+----------------+-----------------+------------+---------------+----------+--------------+--------------+------------------+------------------------+----------------------+-------+
; Name        ; Pin # ; I/O Bank ; X coordinate ; Y coordinate ; Cell number ; Output Register ; Slow Slew Rate ; PCI I/O Enabled ; Open Drain ; TRI Primitive ; Bus Hold ; Weak Pull Up ; I/O Standard ; Current Strength ; Fast Output Connection ; Location assigned by ; Load  ;
+-------------+-------+----------+--------------+--------------+-------------+-----------------+----------------+-----------------+------------+---------------+----------+--------------+--------------+------------------+------------------------+----------------------+-------+
; busy        ; 16    ; 1        ; 1            ; 2            ; 2           ; no              ; no             ; no              ; no         ; no            ; no       ; Off          ; 3.3-V LVTTL  ; 16mA             ; no                     ; Fitter               ; 10 pF ;
; rbyte_ready ; 4     ; 1        ; 1            ; 4            ; 2           ; no              ; no             ; no              ; no         ; no            ; no       ; Off          ; 3.3-V LVTTL  ; 16mA             ; no                     ; Fitter               ; 10 pF ;
; rx_byte[0]  ; 15    ; 1        ; 1            ; 2            ; 1           ; no              ; no             ; no              ; no         ; no            ; no       ; Off          ; 3.3-V LVTTL  ; 16mA             ; yes                    ; Fitter               ; 10 pF ;
; rx_byte[1]  ; 35    ; 1        ; 3            ; 0            ; 0           ; no              ; no             ; no              ; no         ; no            ; no       ; Off          ; 3.3-V LVTTL  ; 16mA             ; no                     ; Fitter               ; 10 pF ;
; rx_byte[2]  ; 52    ; 2        ; 8            ; 1            ; 4           ; no              ; no             ; no              ; no         ; no            ; no       ; Off          ; 3.3-V LVTTL  ; 16mA             ; no                     ; Fitter               ; 10 pF ;
; rx_byte[3]  ; 17    ; 1        ; 1            ; 2            ; 3           ; no              ; no             ; no              ; no         ; no            ; no       ; Off          ; 3.3-V LVTTL  ; 16mA             ; yes                    ; Fitter               ; 10 pF ;
; rx_byte[4]  ; 18    ; 1        ; 1            ; 1            ; 0           ; no              ; no             ; no              ; no         ; no            ; no       ; Off          ; 3.3-V LVTTL  ; 16mA             ; yes                    ; Fitter               ; 10 pF ;
; rx_byte[5]  ; 34    ; 1        ; 3            ; 0            ; 1           ; no              ; no             ; no              ; no         ; no            ; no       ; Off          ; 3.3-V LVTTL  ; 16mA             ; no                     ; Fitter               ; 10 pF ;
; rx_byte[6]  ; 91    ; 2        ; 4            ; 5            ; 2           ; no              ; no             ; no              ; no         ; no            ; no       ; Off          ; 3.3-V LVTTL  ; 16mA             ; no                     ; Fitter               ; 10 pF ;
; rx_byte[7]  ; 87    ; 2        ; 5            ; 5            ; 2           ; no              ; no             ; no              ; no         ; no            ; no       ; Off          ; 3.3-V LVTTL  ; 16mA             ; no                     ; Fitter               ; 10 pF ;
; tx          ; 90    ; 2        ; 4            ; 5            ; 1           ; no              ; no             ; no              ; no         ; no            ; no       ; Off          ; 3.3-V LVTTL  ; 16mA             ; no                     ; Fitter               ; 10 pF ;
+-------------+-------+----------+--------------+--------------+-------------+-----------------+----------------+-----------------+------------+---------------+----------+--------------+--------------+------------------+------------------------+----------------------+-------+


+------------------------------------------------------------+
; I/O Bank Usage                                             ;
+----------+------------------+---------------+--------------+
; I/O Bank ; Usage            ; VCCIO Voltage ; VREF Voltage ;
+----------+------------------+---------------+--------------+
; 1        ; 19 / 38 ( 50 % ) ; 3.3V          ; --           ;
; 2        ; 4 / 42 ( 10 % )  ; 3.3V          ; --           ;
+----------+------------------+---------------+--------------+


+------------------------------------------------------------------------------------------------------------------------------------------------+
; All Package Pins                                                                                                                               ;
+----------+------------+----------+----------------+--------+--------------+-----------+------------+-----------------+----------+--------------+
; Location ; Pad Number ; I/O Bank ; Pin Name/Usage ; Dir.   ; I/O Standard ; Voltage   ; I/O Type   ; User Assignment ; Bus Hold ; Weak Pull Up ;
+----------+------------+----------+----------------+--------+--------------+-----------+------------+-----------------+----------+--------------+
; 1        ; 83         ; 2        ; GND*           ;        ;              ;           ; Column I/O ;                 ; no       ; Off          ;
; 2        ; 0          ; 1        ; GND*           ;        ;              ;           ; Row I/O    ;                 ; no       ; Off          ;
; 3        ; 1          ; 1        ; sbyte[0]       ; input  ; 3.3-V LVTTL  ;           ; Row I/O    ; N               ; no       ; Off          ;
; 4        ; 2          ; 1        ; rbyte_ready    ; output ; 3.3-V LVTTL  ;           ; Row I/O    ; N               ; no       ; Off          ;
; 5        ; 3          ; 1        ; send           ; input  ; 3.3-V LVTTL  ;           ; Row I/O    ; N               ; no       ; Off          ;
; 6        ; 4          ; 1        ; GND*           ;        ;              ;           ; Row I/O    ;                 ; no       ; Off          ;
; 7        ; 5          ; 1        ; sbyte[4]       ; input  ; 3.3-V LVTTL  ;           ; Row I/O    ; N               ; no       ; Off          ;
; 8        ; 6          ; 1        ; sbyte[6]       ; input  ; 3.3-V LVTTL  ;           ; Row I/O    ; N               ; no       ; Off          ;
; 9        ;            ; 1        ; VCCIO1         ; power  ;              ; 3.3V      ; --         ;                 ; --       ; --           ;
; 10       ;            ;          ; GNDIO          ; gnd    ;              ;           ; --         ;                 ; --       ; --           ;
; 11       ;            ;          ; GNDINT         ; gnd    ;              ;           ; --         ;                 ; --       ; --           ;
; 12       ; 7          ; 1        ; reset          ; input  ; 3.3-V LVTTL  ;           ; Row I/O    ; N               ; no       ; Off          ;
; 13       ;            ;          ; VCCINT         ; power  ;              ; 2.5V/3.3V ; --         ;                 ; --       ; --           ;
; 14       ; 8          ; 1        ; clk5           ; input  ; 3.3-V LVTTL  ;           ; Row I/O    ; N               ; no       ; Off          ;
; 15       ; 9          ; 1        ; rx_byte[0]     ; output ; 3.3-V LVTTL  ;           ; Row I/O    ; N               ; no       ; Off          ;
; 16       ; 10         ; 1        ; busy           ; output ; 3.3-V LVTTL  ;           ; Row I/O    ; N               ; no       ; Off          ;
; 17       ; 11         ; 1        ; rx_byte[3]     ; output ; 3.3-V LVTTL  ;           ; Row I/O    ; N               ; no       ; Off          ;
; 18       ; 12         ; 1        ; rx_byte[4]     ; output ; 3.3-V LVTTL  ;           ; Row I/O    ; N               ; no       ; Off          ;
; 19       ; 13         ; 1        ; rx             ; input  ; 3.3-V LVTTL  ;           ; Row I/O    ; N               ; no       ; Off          ;
; 20       ; 14         ; 1        ; GND*           ;        ;              ;           ; Row I/O    ;                 ; no       ; Off          ;
; 21       ; 15         ; 1        ; GND*           ;        ;              ;           ; Row I/O    ;                 ; no       ; Off          ;
; 22       ; 16         ; 1        ; #TMS           ; input  ;              ;           ; --         ;                 ; --       ; --           ;
; 23       ; 17         ; 1        ; #TDI           ; input  ;              ;           ; --         ;                 ; --       ; --           ;
; 24       ; 18         ; 1        ; #TCK           ; input  ;              ;           ; --         ;                 ; --       ; --           ;
; 25       ; 19         ; 1        ; #TDO           ; output ;              ;           ; --         ;                 ; --       ; --           ;
; 26       ; 20         ; 1        ; GND*           ;        ;              ;           ; Column I/O ;                 ; no       ; Off          ;
; 27       ; 21         ; 1        ; GND*           ;        ;              ;           ; Column I/O ;                 ; no       ; Off          ;
; 28       ; 22         ; 1        ; GND*           ;        ;              ;           ; Column I/O ;                 ; no       ; Off          ;
; 29       ; 23         ; 1        ; GND*           ;        ;              ;           ; Column I/O ;                 ; no       ; Off          ;
; 30       ; 24         ; 1        ; GND*           ;        ;              ;           ; Column I/O ;                 ; no       ; Off          ;
; 31       ;            ; 1        ; VCCIO1         ; power  ;              ; 3.3V      ; --         ;                 ; --       ; --           ;
; 32       ;            ;          ; GNDIO          ; gnd    ;              ;           ; --         ;                 ; --       ; --           ;
; 33       ; 25         ; 1        ; GND*           ;        ;              ;           ; Column I/O ;                 ; no       ; Off          ;
; 34       ; 26         ; 1        ; rx_byte[5]     ; output ; 3.3-V LVTTL  ;           ; Column I/O ; N               ; no       ; Off          ;
; 35       ; 27         ; 1        ; rx_byte[1]     ; output ; 3.3-V LVTTL  ;           ; Column I/O ; N               ; no       ; Off          ;
; 36       ; 28         ; 1        ; sbyte[3]       ; input  ; 3.3-V LVTTL  ;           ; Column I/O ; N               ; no       ; Off          ;
; 37       ; 29         ; 1        ; sbyte[7]       ; input  ; 3.3-V LVTTL  ;           ; Column I/O ; N               ; no       ; Off          ;
; 38       ; 30         ; 1        ; sbyte[2]       ; input  ; 3.3-V LVTTL  ;           ; Column I/O ; N               ; no       ; Off          ;
; 39       ; 31         ; 1        ; GND*           ;        ;              ;           ; Column I/O ;                 ; no       ; Off          ;
; 40       ; 32         ; 1        ; sbyte[1]       ; input  ; 3.3-V LVTTL  ;           ; Column I/O ; N               ; no       ; Off          ;
; 41       ; 33         ; 1        ; sbyte[5]       ; input  ; 3.3-V LVTTL  ;           ; Column I/O ; N               ; no       ; Off          ;
; 42       ; 34         ; 1        ; GND*           ;        ;              ;           ; Column I/O ;                 ; no       ; Off          ;
; 43       ; 35         ; 1        ; GND*           ;        ;              ;           ; Column I/O ;                 ; no       ; Off          ;
; 44       ; 36         ; 1        ; GND*           ;        ;              ;           ; Column I/O ;                 ; no       ; Off          ;
; 45       ;            ; 1        ; VCCIO1         ; power  ;              ; 3.3V      ; --         ;                 ; --       ; --           ;
; 46       ;            ;          ; GNDIO          ; gnd    ;              ;           ; --         ;                 ; --       ; --           ;
; 47       ; 37         ; 1        ; GND*           ;        ;              ;           ; Column I/O ;                 ; no       ; Off          ;
; 48       ; 38         ; 1        ; GND*           ;        ;              ;           ; Column I/O ;                 ; no       ; Off          ;
; 49       ; 39         ; 1        ; GND*           ;        ;              ;           ; Column I/O ;                 ; no       ; Off          ;
; 50       ; 40         ; 1        ; GND*           ;        ;              ;           ; Column I/O ;                 ; no       ; Off          ;
; 51       ; 41         ; 1        ; GND*           ;        ;              ;           ; Column I/O ;                 ; no       ; Off          ;
; 52       ; 42         ; 2        ; rx_byte[2]     ; output ; 3.3-V LVTTL  ;           ; Row I/O    ; N               ; no       ; Off          ;
; 53       ; 43         ; 2        ; GND*           ;        ;              ;           ; Row I/O    ;                 ; no       ; Off          ;
; 54       ; 44         ; 2        ; GND*           ;        ;              ;           ; Row I/O    ;                 ; no       ; Off          ;
; 55       ; 45         ; 2        ; GND*           ;        ;              ;           ; Row I/O    ;                 ; no       ; Off          ;
; 56       ; 46         ; 2        ; GND*           ;        ;              ;           ; Row I/O    ;                 ; no       ; Off          ;
; 57       ; 47         ; 2        ; GND*           ;        ;              ;           ; Row I/O    ;                 ; no       ; Off          ;
; 58       ; 48         ; 2        ; GND*           ;        ;              ;           ; Row I/O    ;                 ; no       ; Off          ;
; 59       ;            ; 2        ; VCCIO2         ; power  ;              ; 3.3V      ; --         ;                 ; --       ; --           ;
; 60       ;            ;          ; GNDIO          ; gnd    ;              ;           ; --         ;                 ; --       ; --           ;
; 61       ; 49         ; 2        ; GND*           ;        ;              ;           ; Row I/O    ;                 ; no       ; Off          ;
; 62       ; 50         ; 2        ; GND*           ;        ;              ;           ; Row I/O    ;                 ; no       ; Off          ;
; 63       ;            ;          ; VCCINT         ; power  ;              ; 2.5V/3.3V ; --         ;                 ; --       ; --           ;
; 64       ; 51         ; 2        ; GND*           ;        ;              ;           ; Row I/O    ;                 ; no       ; Off          ;
; 65       ;            ;          ; GNDINT         ; gnd    ;              ;           ; --         ;                 ; --       ; --           ;
; 66       ; 52         ; 2        ; GND*           ;        ;              ;           ; Row I/O    ;                 ; no       ; Off          ;
; 67       ; 53         ; 2        ; GND*           ;        ;              ;           ; Row I/O    ;                 ; no       ; Off          ;
; 68       ; 54         ; 2        ; GND*           ;        ;              ;           ; Row I/O    ;                 ; no       ; Off          ;
; 69       ; 55         ; 2        ; GND*           ;        ;              ;           ; Row I/O    ;                 ; no       ; Off          ;
; 70       ; 56         ; 2        ; GND*           ;        ;              ;           ; Row I/O    ;                 ; no       ; Off          ;
; 71       ; 57         ; 2        ; GND*           ;        ;              ;           ; Row I/O    ;                 ; no       ; Off          ;
; 72       ; 58         ; 2        ; GND*           ;        ;              ;           ; Row I/O    ;                 ; no       ; Off          ;
; 73       ; 59         ; 2        ; GND*           ;        ;              ;           ; Row I/O    ;                 ; no       ; Off          ;
; 74       ; 60         ; 2        ; GND*           ;        ;              ;           ; Row I/O    ;                 ; no       ; Off          ;
; 75       ; 61         ; 2        ; GND*           ;        ;              ;           ; Column I/O ;                 ; no       ; Off          ;
; 76       ; 62         ; 2        ; GND*           ;        ;              ;           ; Column I/O ;                 ; no       ; Off          ;
; 77       ; 63         ; 2        ; GND*           ;        ;              ;           ; Column I/O ;                 ; no       ; Off          ;
; 78       ; 64         ; 2        ; GND*           ;        ;              ;           ; Column I/O ;                 ; no       ; Off          ;
; 79       ;            ;          ; GNDIO          ; gnd    ;              ;           ; --         ;                 ; --       ; --           ;
; 80       ;            ; 2        ; VCCIO2         ; power  ;              ; 3.3V      ; --         ;                 ; --       ; --           ;
; 81       ; 65         ; 2        ; GND*           ;        ;              ;           ; Column I/O ;                 ; no       ; Off          ;
; 82       ; 66         ; 2        ; GND*           ;        ;              ;           ; Column I/O ;                 ; no       ; Off          ;
; 83       ; 67         ; 2        ; GND*           ;        ;              ;           ; Column I/O ;                 ; no       ; Off          ;
; 84       ; 68         ; 2        ; GND*           ;        ;              ;           ; Column I/O ;                 ; no       ; Off          ;
; 85       ; 69         ; 2        ; GND*           ;        ;              ;           ; Column I/O ;                 ; no       ; Off          ;
; 86       ; 70         ; 2        ; GND*           ;        ;              ;           ; Column I/O ;                 ; no       ; Off          ;
; 87       ; 71         ; 2        ; rx_byte[7]     ; output ; 3.3-V LVTTL  ;           ; Column I/O ; N               ; no       ; Off          ;
; 88       ; 72         ; 2        ; GND*           ;        ;              ;           ; Column I/O ;                 ; no       ; Off          ;
; 89       ; 73         ; 2        ; GND*           ;        ;              ;           ; Column I/O ;                 ; no       ; Off          ;
; 90       ; 74         ; 2        ; tx             ; output ; 3.3-V LVTTL  ;           ; Column I/O ; N               ; no       ; Off          ;
; 91       ; 75         ; 2        ; rx_byte[6]     ; output ; 3.3-V LVTTL  ;           ; Column I/O ; N               ; no       ; Off          ;
; 92       ; 76         ; 2        ; GND*           ;        ;              ;           ; Column I/O ;                 ; no       ; Off          ;
; 93       ;            ;          ; GNDIO          ; gnd    ;              ;           ; --         ;                 ; --       ; --           ;
; 94       ;            ; 2        ; VCCIO2         ; power  ;              ; 3.3V      ; --         ;                 ; --       ; --           ;
; 95       ; 77         ; 2        ; GND*           ;        ;              ;           ; Column I/O ;                 ; no       ; Off          ;
; 96       ; 78         ; 2        ; GND*           ;        ;              ;           ; Column I/O ;                 ; no       ; Off          ;
; 97       ; 79         ; 2        ; GND*           ;        ;              ;           ; Column I/O ;                 ; no       ; Off          ;
; 98       ; 80         ; 2        ; GND*           ;        ;              ;           ; Column I/O ;                 ; no       ; Off          ;
; 99       ; 81         ; 2        ; GND*           ;        ;              ;           ; Column I/O ;                 ; no       ; Off          ;
; 100      ; 82         ; 2        ; GND*           ;        ;              ;           ; Column I/O ;                 ; no       ; Off          ;
+----------+------------+----------+----------------+--------+--------------+-----------+------------+-----------------+----------+--------------+
Note: Pin directions (input, output or bidir) are based on device operating in user mode.


+-------------------------------------------------------------+
; Output Pin Default Load For Reported TCO                    ;
+----------------------------+-------+------------------------+
; I/O Standard               ; Load  ; Termination Resistance ;
+----------------------------+-------+------------------------+
; 3.3-V LVTTL                ; 10 pF ; Not Available          ;
; 3.3-V LVCMOS               ; 10 pF ; Not Available          ;
; 2.5 V                      ; 10 pF ; Not Available          ;
; 1.8 V                      ; 10 pF ; Not Available          ;
; 1.5 V                      ; 10 pF ; Not Available          ;
; 3.3V Schmitt Trigger Input ; 10 pF ; Not Available          ;
; 2.5V Schmitt Trigger Input ; 10 pF ; Not Available          ;
+----------------------------+-------+------------------------+
Note: User assignments will override these defaults. The user specified values are listed in the Output Pins and Bidir Pins tables.


+----------------------------------------------------------------------------------------------------------------------------------------------------------------------------------------------------------------------+
; Fitter Resource Utilization by Entity                                                                                                                                                                                ;
+----------------------------+-------------+--------------+------------+------+--------------+--------------+-------------------+------------------+-----------------+------------+---------------------+--------------+
; Compilation Hierarchy Node ; Logic Cells ; LC Registers ; UFM Blocks ; Pins ; Virtual Pins ; LUT-Only LCs ; Register-Only LCs ; LUT/Register LCs ; Carry Chain LCs ; Packed LCs ; Full Hierarchy Name ; Library Name ;
+----------------------------+-------------+--------------+------------+------+--------------+--------------+-------------------+------------------+-----------------+------------+---------------------+--------------+
; |sss_com_rxtx              ; 64 (64)     ; 51           ; 0          ; 23   ; 0            ; 13 (13)      ; 16 (16)           ; 35 (35)          ; 24 (24)         ; 1 (1)      ; |sss_com_rxtx       ; work         ;
+----------------------------+-------------+--------------+------------+------+--------------+--------------+-------------------+------------------+-----------------+------------+---------------------+--------------+
Note: For table entries with two numbers listed, the numbers in parentheses indicate the number of resources of the given type used by the specific entity alone. The numbers listed outside of parentheses indicate the total resources of the given type used by the specific entity and all of its sub-entities in the hierarchy.


+----------------------------------------+
; Delay Chain Summary                    ;
+-------------+----------+---------------+
; Name        ; Pin Type ; Pad to Core 0 ;
+-------------+----------+---------------+
; clk5        ; Input    ; 0             ;
; reset       ; Input    ; 0             ;
; send        ; Input    ; 0             ;
; rx          ; Input    ; 0             ;
; sbyte[0]    ; Input    ; 0             ;
; sbyte[1]    ; Input    ; 0             ;
; sbyte[2]    ; Input    ; 0             ;
; sbyte[3]    ; Input    ; 0             ;
; sbyte[4]    ; Input    ; 0             ;
; sbyte[5]    ; Input    ; 0             ;
; sbyte[6]    ; Input    ; 0             ;
; sbyte[7]    ; Input    ; 0             ;
; rx_byte[0]  ; Output   ; --            ;
; rx_byte[1]  ; Output   ; --            ;
; rx_byte[2]  ; Output   ; --            ;
; rx_byte[3]  ; Output   ; --            ;
; rx_byte[4]  ; Output   ; --            ;
; rx_byte[5]  ; Output   ; --            ;
; rx_byte[6]  ; Output   ; --            ;
; rx_byte[7]  ; Output   ; --            ;
; rbyte_ready ; Output   ; --            ;
; tx          ; Output   ; --            ;
; busy        ; Output   ; --            ;
+-------------+----------+---------------+


+-----------------------------------------------------------------------------------------------------------+
; Control Signals                                                                                           ;
+-----------------+-------------+---------+--------------+--------+----------------------+------------------+
; Name            ; Location    ; Fan-Out ; Usage        ; Global ; Global Resource Used ; Global Line Name ;
+-----------------+-------------+---------+--------------+--------+----------------------+------------------+
; Equal1~81       ; LC_X3_Y1_N8 ; 8       ; Clock enable ; no     ; --                   ; --               ;
; Equal2~90       ; LC_X4_Y1_N4 ; 10      ; Clock enable ; no     ; --                   ; --               ;
; always0~0       ; LC_X4_Y1_N9 ; 8       ; Sync. clear  ; no     ; --                   ; --               ;
; always1~0       ; LC_X4_Y1_N3 ; 4       ; Sync. clear  ; no     ; --                   ; --               ;
; clk5            ; PIN_14      ; 51      ; Clock        ; yes    ; Global Clock         ; GCLK1            ;
; reset           ; PIN_12      ; 51      ; Async. clear ; yes    ; Global Clock         ; GCLK0            ;
; send            ; PIN_5       ; 15      ; Sync. clear  ; no     ; --                   ; --               ;
; send_cnt[2]~136 ; LC_X5_Y2_N8 ; 8       ; Sync. clear  ; no     ; --                   ; --               ;
; send_reg~237    ; LC_X6_Y2_N5 ; 9       ; Clock enable ; no     ; --                   ; --               ;
+-----------------+-------------+---------+--------------+--------+----------------------+------------------+


+----------------------------------------------------------------------+
; Global & Other Fast Signals                                          ;
+-------+----------+---------+----------------------+------------------+
; Name  ; Location ; Fan-Out ; Global Resource Used ; Global Line Name ;
+-------+----------+---------+----------------------+------------------+
; clk5  ; PIN_14   ; 51      ; Global Clock         ; GCLK1            ;
; reset ; PIN_12   ; 51      ; Global Clock         ; GCLK0            ;
+-------+----------+---------+----------------------+------------------+


+---------------------------------+
; Non-Global High Fan-Out Signals ;
+-----------------+---------------+
; Name            ; Fan-Out       ;
+-----------------+---------------+
; send            ; 15            ;
; Equal2~90       ; 10            ;
; send_reg~237    ; 9             ;
; always0~0       ; 8             ;
; send_cnt[2]~136 ; 8             ;
; Equal1~81       ; 8             ;
; always1~0       ; 4             ;
; cnt[7]          ; 4             ;
; cnt[6]          ; 4             ;
; Equal0~111      ; 3             ;
; cnt[4]~85       ; 3             ;
; Equal0~110      ; 3             ;
; Equal4~162      ; 3             ;
; send_cnt[4]~129 ; 3             ;
; Equal4~161      ; 3             ;
; Equal5~90       ; 3             ;
; rx              ; 2             ;
; cnt[5]          ; 2             ;
; cnt[4]          ; 2             ;
; cnt[3]          ; 2             ;
; cnt[2]          ; 2             ;
; cnt[1]          ; 2             ;
; cnt[0]          ; 2             ;
; send_cnt[7]     ; 2             ;
; send_cnt[6]     ; 2             ;
; send_cnt[5]     ; 2             ;
; send_cnt[4]     ; 2             ;
; send_cnt[3]     ; 2             ;
; send_cnt[2]     ; 2             ;
; send_cnt[1]     ; 2             ;
; send_cnt[0]     ; 2             ;
; shift_reg[7]    ; 2             ;
; shift_reg[6]    ; 2             ;
; shift_reg[5]    ; 2             ;
; shift_reg[4]    ; 2             ;
; shift_reg[3]    ; 2             ;
; shift_reg[2]    ; 2             ;
; shift_reg[1]    ; 2             ;
; flag[0]         ; 2             ;
; num_bits[2]     ; 2             ;
; num_bits[1]     ; 2             ;
; num_bits[3]     ; 2             ;
; num_bits[0]     ; 2             ;
; send_num[2]     ; 2             ;
; send_num[0]     ; 2             ;
; send_num[3]     ; 2             ;
; send_num[1]     ; 2             ;
; sbyte[7]        ; 1             ;
; sbyte[6]        ; 1             ;
; sbyte[5]        ; 1             ;
+-----------------+---------------+


+------------------------------------------------+
; Interconnect Usage Summary                     ;
+----------------------------+-------------------+
; Interconnect Resource Type ; Usage             ;
+----------------------------+-------------------+
; C4s                        ; 28 / 784 ( 4 % )  ;
; Direct links               ; 27 / 888 ( 3 % )  ;
; Global clocks              ; 2 / 4 ( 50 % )    ;
; LAB clocks                 ; 10 / 32 ( 31 % )  ;
; LUT chains                 ; 1 / 216 ( < 1 % ) ;
; Local interconnects        ; 62 / 888 ( 7 % )  ;
; R4s                        ; 29 / 704 ( 4 % )  ;
+----------------------------+-------------------+


+--------------------------------------------------------------------------+
; LAB Logic Elements                                                       ;
+--------------------------------------------+-----------------------------+
; Number of Logic Elements  (Average = 8.00) ; Number of LABs  (Total = 8) ;
+--------------------------------------------+-----------------------------+
; 1                                          ; 1                           ;
; 2                                          ; 0                           ;
; 3                                          ; 0                           ;
; 4                                          ; 0                           ;
; 5                                          ; 0                           ;
; 6                                          ; 1                           ;
; 7                                          ; 1                           ;
; 8                                          ; 0                           ;
; 9                                          ; 0                           ;
; 10                                         ; 5                           ;
+--------------------------------------------+-----------------------------+


+------------------------------------------------------------------+
; LAB-wide Signals                                                 ;
+------------------------------------+-----------------------------+
; LAB-wide Signals  (Average = 2.50) ; Number of LABs  (Total = 8) ;
+------------------------------------+-----------------------------+
; 1 Async. clear                     ; 8                           ;
; 1 Clock                            ; 8                           ;
; 1 Clock enable                     ; 1                           ;
; 1 Sync. clear                      ; 1                           ;
; 2 Clock enables                    ; 2                           ;
+------------------------------------+-----------------------------+


+---------------------------------------------------------------------------+
; LAB Signals Sourced                                                       ;
+---------------------------------------------+-----------------------------+
; Number of Signals Sourced  (Average = 8.13) ; Number of LABs  (Total = 8) ;
+---------------------------------------------+-----------------------------+
; 0                                           ; 0                           ;
; 1                                           ; 1                           ;
; 2                                           ; 0                           ;
; 3                                           ; 0                           ;
; 4                                           ; 0                           ;
; 5                                           ; 0                           ;
; 6                                           ; 1                           ;
; 7                                           ; 1                           ;
; 8                                           ; 0                           ;
; 9                                           ; 0                           ;
; 10                                          ; 4                           ;
; 11                                          ; 1                           ;
+---------------------------------------------+-----------------------------+


+-------------------------------------------------------------------------------+
; LAB Signals Sourced Out                                                       ;
+-------------------------------------------------+-----------------------------+
; Number of Signals Sourced Out  (Average = 4.50) ; Number of LABs  (Total = 8) ;
+-------------------------------------------------+-----------------------------+
; 0                                               ; 0                           ;
; 1                                               ; 2                           ;
; 2                                               ; 0                           ;
; 3                                               ; 0                           ;
; 4                                               ; 2                           ;
; 5                                               ; 2                           ;
; 6                                               ; 1                           ;
; 7                                               ; 0                           ;
; 8                                               ; 0                           ;
; 9                                               ; 0                           ;
; 10                                              ; 1                           ;
+-------------------------------------------------+-----------------------------+


+---------------------------------------------------------------------------+
; LAB Distinct Inputs                                                       ;
+---------------------------------------------+-----------------------------+
; Number of Distinct Inputs  (Average = 7.00) ; Number of LABs  (Total = 8) ;
+---------------------------------------------+-----------------------------+
; 0                                           ; 0                           ;
; 1                                           ; 0                           ;
; 2                                           ; 0                           ;
; 3                                           ; 1                           ;
; 4                                           ; 1                           ;
; 5                                           ; 2                           ;
; 6                                           ; 1                           ;
; 7                                           ; 0                           ;
; 8                                           ; 0                           ;
; 9                                           ; 0                           ;
; 10                                          ; 1                           ;
; 11                                          ; 1                           ;
; 12                                          ; 1                           ;
+---------------------------------------------+-----------------------------+


+-------------------------------------------------------------------------+
; Fitter Device Options                                                   ;
+----------------------------------------------+--------------------------+
; Option                                       ; Setting                  ;
+----------------------------------------------+--------------------------+
; Enable user-supplied start-up clock (CLKUSR) ; Off                      ;
; Enable device-wide reset (DEV_CLRn)          ; Off                      ;
; Enable device-wide output enable (DEV_OE)    ; Off                      ;
; Enable INIT_DONE output                      ; Off                      ;
; Configuration scheme                         ; Passive Serial           ;
; Reserve all unused pins                      ; As output driving ground ;
; Base pin-out file on sameframe device        ; Off                      ;
+----------------------------------------------+--------------------------+


+------------------------------------------------------------+
; Estimated Delay Added for Hold Timing                      ;
+-----------------+----------------------+-------------------+
; Source Clock(s) ; Destination Clock(s) ; Delay Added in ns ;
+-----------------+----------------------+-------------------+


+-----------------+
; Fitter Messages ;
+-----------------+
Info: *******************************************************************
Info: Running Quartus II Fitter
    Info: Version 8.1 Build 163 10/28/2008 SJ Full Version
    Info: Processing started: Mon Nov 14 18:24:12 2016
Info: Command: quartus_fit --read_settings_files=off --write_settings_files=off sss_com_rxtx -c sss_com_rxtx
Info: Only one processor detected - disabling parallel compilation
Info: Automatically selected device EPM240T100C3 for design sss_com_rxtx
Info: Fitter is performing an Auto Fit compilation, which may decrease Fitter effort to reduce compilation time
Info: Device migration not selected. If you intend to use device migration later, you may need to change the pin assignments as they may be incompatible with other devices
    Info: Device EPM570T100C3 is compatible
Warning: No exact pin location assignment(s) for 23 pins of 23 total pins
    Info: Pin rx_byte[0] not assigned to an exact location on the device
    Info: Pin rx_byte[1] not assigned to an exact location on the device
    Info: Pin rx_byte[2] not assigned to an exact location on the device
    Info: Pin rx_byte[3] not assigned to an exact location on the device
    Info: Pin rx_byte[4] not assigned to an exact location on the device
    Info: Pin rx_byte[5] not assigned to an exact location on the device
    Info: Pin rx_byte[6] not assigned to an exact location on the device
    Info: Pin rx_byte[7] not assigned to an exact location on the device
    Info: Pin rbyte_ready not assigned to an exact location on the device
    Info: Pin tx not assigned to an exact location on the device
    Info: Pin busy not assigned to an exact location on the device
    Info: Pin clk5 not assigned to an exact location on the device
    Info: Pin reset not assigned to an exact location on the device
    Info: Pin send not assigned to an exact location on the device
    Info: Pin rx not assigned to an exact location on the device
    Info: Pin sbyte[0] not assigned to an exact location on the device
    Info: Pin sbyte[1] not assigned to an exact location on the device
    Info: Pin sbyte[2] not assigned to an exact location on the device
    Info: Pin sbyte[3] not assigned to an exact location on the device
    Info: Pin sbyte[4] not assigned to an exact location on the device
    Info: Pin sbyte[5] not assigned to an exact location on the device
    Info: Pin sbyte[6] not assigned to an exact location on the device
    Info: Pin sbyte[7] not assigned to an exact location on the device
Info: Fitter is using the Classic Timing Analyzer
Info: Timing requirements not specified -- optimizing circuit to achieve the following default global requirements
    Info: Assuming a global fmax requirement of 1000 MHz
    Info: Assuming a global tsu requirement of 2.0 ns
    Info: Assuming a global tco requirement of 1.0 ns
    Info: Assuming a global tpd requirement of 1.0 ns
Info: Completed User Assigned Global Signals Promotion Operation
Info: Automatically promoted signal "clk5" to use Global clock in PIN 14
Info: Automatically promoted signal "reset" to use Global clock in PIN 12
Info: Completed Auto Global Promotion Operation
Info: Starting register packing
Info: Fitter is using Normal packing mode for logic elements with Auto setting for Auto Packed Registers logic option
Info: Started processing fast register assignments
Info: Finished processing fast register assignments
Info: Finished register packing
Info: Statistics of I/O pins that need to be placed that use the same VCCIO and VREF, before I/O pin placement
    Info: Number of I/O pins in group: 21 (unused VREF, 3.3V VCCIO, 10 input, 11 output, 0 bidirectional)
        Info: I/O standards used: 3.3-V LVTTL.
Info: I/O bank details before I/O pin placement
    Info: Statistics of I/O banks
        Info: I/O bank number 1 does not use VREF pins and has undetermined VCCIO pins. 2 total pin(s) used --  36 pins available
        Info: I/O bank number 2 does not use VREF pins and has undetermined VCCIO pins. 0 total pin(s) used --  42 pins available
Info: Fitter preparation operations ending: elapsed time is 00:00:00
Info: Fitter placement preparation operations beginning
Info: Fitter placement preparation operations ending: elapsed time is 00:00:00
Info: Fitter placement operations beginning
Info: Fitter placement was successful
Info: Fitter placement operations ending: elapsed time is 00:00:00
Info: Estimated most critical path is register to pin delay of 4.036 ns
    Info: 1: + IC(0.000 ns) + CELL(0.000 ns) = 0.000 ns; Loc. = LAB_X4_Y1; Fanout = 2; REG Node = 'flag[0]'
    Info: 2: + IC(0.574 ns) + CELL(0.571 ns) = 1.145 ns; Loc. = LAB_X5_Y1; Fanout = 1; COMB Node = 'Equal3~13'
    Info: 3: + IC(1.437 ns) + CELL(1.454 ns) = 4.036 ns; Loc. = PIN_4; Fanout = 0; PIN Node = 'rbyte_ready'
    Info: Total cell delay = 2.025 ns ( 50.17 % )
    Info: Total interconnect delay = 2.011 ns ( 49.83 % )
Info: Fitter routing operations beginning
Info: Average interconnect usage is 4% of the available device resources
    Info: Peak interconnect usage is 4% of the available device resources in the region that extends from location X0_Y0 to location X8_Y5
Info: Fitter routing operations ending: elapsed time is 00:00:00
Info: The Fitter performed an Auto Fit compilation.  Optimizations were skipped to reduce compilation time.
    Info: Optimizations that may affect the design's routability were skipped
    Info: Optimizations that may affect the design's timing were skipped
Warning: The Reserve All Unused Pins setting has not been specified, and will default to 'As output driving ground'.
Info: Generated suppressed messages file D:/SSSWorkHome/Altera/sssBlock/sss_com_rxtx/sss_com_rxtx.fit.smsg
Info: Quartus II Fitter was successful. 0 errors, 2 warnings
    Info: Peak virtual memory: 181 megabytes
    Info: Processing ended: Mon Nov 14 18:24:14 2016
    Info: Elapsed time: 00:00:02
    Info: Total CPU time (on all processors): 00:00:01


+----------------------------+
; Fitter Suppressed Messages ;
+----------------------------+
The suppressed messages can be found in D:/SSSWorkHome/Altera/sssBlock/sss_com_rxtx/sss_com_rxtx.fit.smsg.


