Assembler report for BRDepf10k10l
Fri Feb 14 14:37:02 2020
Quartus II Version 8.1 Build 163 10/28/2008 SJ Full Version


---------------------
; Table of Contents ;
---------------------
  1. Legal Notice
  2. Assembler Summary
  3. Assembler Settings
  4. Assembler Generated Files
  5. Assembler Device Options: D:/GitHub/Quartus/BRDepf10k10l/BRDepf10k10l.sof
  6. Assembler Device Options: D:/GitHub/Quartus/BRDepf10k10l/BRDepf10k10l.pof
  7. Assembler Messages



----------------
; Legal Notice ;
----------------
Copyright (C) 1991-2008 Altera Corporation
Your use of Altera Corporation's design tools, logic functions 
and other software and tools, and its AMPP partner logic 
functions, and any output files from any of the foregoing 
(including device programming or simulation files), and any 
associated documentation or information are expressly subject 
to the terms and conditions of the Altera Program License 
Subscription Agreement, Altera MegaCore Function License 
Agreement, or other applicable license agreement, including, 
without limitation, that your use is for the sole purpose of 
programming logic devices manufactured by Altera and sold by 
Altera or its authorized distributors.  Please refer to the 
applicable agreement for further details.



+---------------------------------------------------------------+
; Assembler Summary                                             ;
+-----------------------+---------------------------------------+
; Assembler Status      ; Successful - Fri Feb 14 14:37:02 2020 ;
; Revision Name         ; BRDepf10k10l                          ;
; Top-level Entity Name ; BRDepf10k10l                          ;
; Family                ; FLEX10K                               ;
; Device                ; EPF10K10LC84-4                        ;
+-----------------------+---------------------------------------+


+--------------------------------------------------------------------------------------------------------+
; Assembler Settings                                                                                     ;
+-----------------------------------------------------------------------------+----------+---------------+
; Option                                                                      ; Setting  ; Default Value ;
+-----------------------------------------------------------------------------+----------+---------------+
; Low-voltage mode                                                            ; Off      ; On            ;
; Configuration device                                                        ; Epc2     ; Auto          ;
; Use smart compilation                                                       ; Off      ; Off           ;
; Compression mode                                                            ; Off      ; Off           ;
; Clock source for configuration device                                       ; Internal ; Internal      ;
; Clock frequency of the configuration device                                 ; 10 MHZ   ; 10 MHz        ;
; Divide clock frequency by                                                   ; 1        ; 1             ;
; Use configuration device                                                    ; On       ; On            ;
; Configuration device auto user code                                         ; Off      ; Off           ;
; Generate Tabular Text File (.ttf) For Target Device                         ; Off      ; Off           ;
; Generate Raw Binary File (.rbf) For Target Device                           ; Off      ; Off           ;
; Generate Hexadecimal (Intel-Format) Output File (.hexout) for Target Device ; Off      ; Off           ;
; Hexadecimal Output File start address                                       ; 0        ; 0             ;
; Hexadecimal Output File count direction                                     ; Up       ; Up            ;
; Release clears before tri-states                                            ; Off      ; Off           ;
; Auto-restart configuration after error                                      ; On       ; On            ;
; Generate Serial Vector Format File (.svf) for Target Device                 ; Off      ; Off           ;
; Generate a JEDEC STAPL Format File (.jam) for Target Device                 ; Off      ; Off           ;
; Generate a compressed Jam STAPL Byte Code 2.0 File (.jbc) for Target Device ; Off      ; Off           ;
; Generate a compressed Jam STAPL Byte Code 2.0 File (.jbc) for Target Device ; On       ; On            ;
+-----------------------------------------------------------------------------+----------+---------------+


+-------------------------------------------------+
; Assembler Generated Files                       ;
+-------------------------------------------------+
; File Name                                       ;
+-------------------------------------------------+
; D:/GitHub/Quartus/BRDepf10k10l/BRDepf10k10l.sof ;
; D:/GitHub/Quartus/BRDepf10k10l/BRDepf10k10l.pof ;
+-------------------------------------------------+


+---------------------------------------------------------------------------+
; Assembler Device Options: D:/GitHub/Quartus/BRDepf10k10l/BRDepf10k10l.sof ;
+----------------+----------------------------------------------------------+
; Option         ; Setting                                                  ;
+----------------+----------------------------------------------------------+
; Device         ; EPF10K10LC84-4                                           ;
; JTAG usercode  ; 0x0000007F                                               ;
; Checksum       ; 0x0002826C                                               ;
+----------------+----------------------------------------------------------+


+---------------------------------------------------------------------------+
; Assembler Device Options: D:/GitHub/Quartus/BRDepf10k10l/BRDepf10k10l.pof ;
+--------------------+------------------------------------------------------+
; Option             ; Setting                                              ;
+--------------------+------------------------------------------------------+
; Device             ; EPC2                                                 ;
; JTAG usercode      ; 0x00000000                                           ;
; Checksum           ; 0x030381A2                                           ;
; Compression Ratio  ; 1                                                    ;
+--------------------+------------------------------------------------------+


+--------------------+
; Assembler Messages ;
+--------------------+
Info: *******************************************************************
Info: Running Quartus II Assembler
    Info: Version 8.1 Build 163 10/28/2008 SJ Full Version
    Info: Processing started: Fri Feb 14 14:37:02 2020
Info: Command: quartus_asm --read_settings_files=off --write_settings_files=off BRDepf10k10l -c BRDepf10k10l
Info: Assembler is generating device programming files
Info: Quartus II Assembler was successful. 0 errors, 0 warnings
    Info: Peak virtual memory: 212 megabytes
    Info: Processing ended: Fri Feb 14 14:37:02 2020
    Info: Elapsed time: 00:00:00
    Info: Total CPU time (on all processors): 00:00:00


