Flow report for BRDepf10k10l
Fri Feb 14 14:37:04 2020
Quartus II Version 8.1 Build 163 10/28/2008 SJ Full Version


---------------------
; Table of Contents ;
---------------------
  1. Legal Notice
  2. Flow Summary
  3. Flow Settings
  4. Flow Non-Default Global Settings
  5. Flow Elapsed Time
  6. Flow OS Summary
  7. Flow Log



----------------
; Legal Notice ;
----------------
Copyright (C) 1991-2008 Altera Corporation
Your use of Altera Corporation's design tools, logic functions 
and other software and tools, and its AMPP partner logic 
functions, and any output files from any of the foregoing 
(including device programming or simulation files), and any 
associated documentation or information are expressly subject 
to the terms and conditions of the Altera Program License 
Subscription Agreement, Altera MegaCore Function License 
Agreement, or other applicable license agreement, including, 
without limitation, that your use is for the sole purpose of 
programming logic devices manufactured by Altera and sold by 
Altera or its authorized distributors.  Please refer to the 
applicable agreement for further details.



+--------------------------------------------------------------------+
; Flow Summary                                                       ;
+-------------------------+------------------------------------------+
; Flow Status             ; Successful - Fri Feb 14 14:37:04 2020    ;
; Quartus II Version      ; 8.1 Build 163 10/28/2008 SJ Full Version ;
; Revision Name           ; BRDepf10k10l                             ;
; Top-level Entity Name   ; BRDepf10k10l                             ;
; Family                  ; FLEX10K                                  ;
; Device                  ; EPF10K10LC84-4                           ;
; Timing Models           ; Final                                    ;
; Met timing requirements ; No                                       ;
; Total logic elements    ; 279 / 576 ( 48 % )                       ;
; Total pins              ; 59 / 59 ( 100 % )                        ;
; Total memory bits       ; 0 / 6,144 ( 0 % )                        ;
+-------------------------+------------------------------------------+


+-----------------------------------------+
; Flow Settings                           ;
+-------------------+---------------------+
; Option            ; Setting             ;
+-------------------+---------------------+
; Start date & time ; 02/14/2020 14:36:51 ;
; Main task         ; Compilation         ;
; Revision Name     ; BRDepf10k10l        ;
+-------------------+---------------------+


+------------------------------------------------------------------------------------------------------------------------------------------------------+
; Flow Non-Default Global Settings                                                                                                                     ;
+------------------------------------+------------------------------------------------------------------+---------------+-------------+----------------+
; Assignment Name                    ; Value                                                            ; Default Value ; Entity Name ; Section Id     ;
+------------------------------------+------------------------------------------------------------------+---------------+-------------+----------------+
; COMPILER_SIGNATURE_ID              ; 159090360422177.158168381119960                                  ; --            ; --          ; --             ;
; FITTER_EFFORT                      ; Fast Fit                                                         ; Auto Fit      ; --          ; --             ;
; IP_TOOL_NAME                       ; LPM_ROM                                                          ; --            ; --          ; --             ;
; IP_TOOL_NAME                       ; LPM_SHIFTREG                                                     ; --            ; --          ; --             ;
; IP_TOOL_NAME                       ; LPM_MUX                                                          ; --            ; --          ; --             ;
; IP_TOOL_VERSION                    ; 8.1                                                              ; --            ; --          ; --             ;
; IP_TOOL_VERSION                    ; 8.1                                                              ; --            ; --          ; --             ;
; IP_TOOL_VERSION                    ; 8.1                                                              ; --            ; --          ; --             ;
; MAX_CORE_JUNCTION_TEMP             ; 85                                                               ; --            ; --          ; --             ;
; MIN_CORE_JUNCTION_TEMP             ; 0                                                                ; --            ; --          ; --             ;
; MISC_FILE                          ; D:/Speian_Worcs/YandexDisk/Altera/BRDepf10k10l/BRDepf10k10l.dpf  ; --            ; --          ; --             ;
; MISC_FILE                          ; lpm_rom0.tdf                                                     ; --            ; --          ; --             ;
; MISC_FILE                          ; lpm_rom0.bsf                                                     ; --            ; --          ; --             ;
; MISC_FILE                          ; lpm_rom0_inst.tdf                                                ; --            ; --          ; --             ;
; MISC_FILE                          ; lpm_rom0.inc                                                     ; --            ; --          ; --             ;
; MISC_FILE                          ; lpm_rom0.cmp                                                     ; --            ; --          ; --             ;
; MISC_FILE                          ; d:/Speian_Worcs/YandexDisk/Altera/BRDepf10k10l/BRDepf10k10l.dpf  ; --            ; --          ; --             ;
; MISC_FILE                          ; lpm_shiftreg0.tdf                                                ; --            ; --          ; --             ;
; MISC_FILE                          ; lpm_shiftreg0.bsf                                                ; --            ; --          ; --             ;
; MISC_FILE                          ; lpm_shiftreg0_inst.tdf                                           ; --            ; --          ; --             ;
; MISC_FILE                          ; lpm_shiftreg0.inc                                                ; --            ; --          ; --             ;
; MISC_FILE                          ; lpm_shiftreg0.cmp                                                ; --            ; --          ; --             ;
; MISC_FILE                          ; D:/sssHomWork/Altera/BRDepf10k10l/BRDepf10k10l.dpf               ; --            ; --          ; --             ;
; MISC_FILE                          ; lpm_mux0.bsf                                                     ; --            ; --          ; --             ;
; MISC_FILE                          ; lpm_mux0_bb.v                                                    ; --            ; --          ; --             ;
; MISC_FILE                          ; D:/Speian_Worcs/SSSWorkHome/Altera/BRDepf10k10l/BRDepf10k10l.dpf ; --            ; --          ; --             ;
; OPTIMIZE_HOLD_TIMING               ; Off                                                              ; --            ; --          ; --             ;
; USE_GENERATED_PHYSICAL_CONSTRAINTS ; Off                                                              ; --            ; --          ; eda_blast_fpga ;
+------------------------------------+------------------------------------------------------------------+---------------+-------------+----------------+


+-----------------------------------------------------------------------------------------------------------------------------+
; Flow Elapsed Time                                                                                                           ;
+-------------------------+--------------+-------------------------+---------------------+------------------------------------+
; Module Name             ; Elapsed Time ; Average Processors Used ; Peak Virtual Memory ; Total CPU Time (on all processors) ;
+-------------------------+--------------+-------------------------+---------------------+------------------------------------+
; Analysis & Synthesis    ; 00:00:07     ; 1.0                     ; 245 MB              ; 00:00:07                           ;
; Fitter                  ; 00:00:02     ; 1.0                     ; 236 MB              ; 00:00:02                           ;
; Assembler               ; 00:00:00     ; 1.0                     ; 212 MB              ; 00:00:00                           ;
; Classic Timing Analyzer ; 00:00:01     ; 1.0                     ; 184 MB              ; 00:00:01                           ;
; Total                   ; 00:00:10     ; --                      ; --                  ; 00:00:10                           ;
+-------------------------+--------------+-------------------------+---------------------+------------------------------------+


+------------------------------------------------------------------------------------------+
; Flow OS Summary                                                                          ;
+-------------------------+------------------+---------------+------------+----------------+
; Module Name             ; Machine Hostname ; OS Name       ; OS Version ; Processor type ;
+-------------------------+------------------+---------------+------------+----------------+
; Analysis & Synthesis    ; DESKTOP-LGQIDR1  ; Windows Vista ; 6.2        ; x86_64         ;
; Fitter                  ; DESKTOP-LGQIDR1  ; Windows Vista ; 6.2        ; x86_64         ;
; Assembler               ; DESKTOP-LGQIDR1  ; Windows Vista ; 6.2        ; x86_64         ;
; Classic Timing Analyzer ; DESKTOP-LGQIDR1  ; Windows Vista ; 6.2        ; x86_64         ;
+-------------------------+------------------+---------------+------------+----------------+


------------
; Flow Log ;
------------
quartus_map --read_settings_files=on --write_settings_files=off BRDepf10k10l -c BRDepf10k10l
quartus_fit --read_settings_files=off --write_settings_files=off BRDepf10k10l -c BRDepf10k10l
quartus_asm --read_settings_files=off --write_settings_files=off BRDepf10k10l -c BRDepf10k10l
quartus_tan --read_settings_files=off --write_settings_files=off BRDepf10k10l -c BRDepf10k10l



