EDA Netlist Writer report for BRDepf10k10l
Wed Jun 24 23:41:47 2015
Quartus II Version 8.1 Build 163 10/28/2008 SJ Full Version


---------------------
; Table of Contents ;
---------------------
  1. Legal Notice
  2. EDA Netlist Writer Summary
  3. EDA Netlist Writer Messages



----------------
; Legal Notice ;
----------------
Copyright (C) 1991-2008 Altera Corporation
Your use of Altera Corporation's design tools, logic functions 
and other software and tools, and its AMPP partner logic 
functions, and any output files from any of the foregoing 
(including device programming or simulation files), and any 
associated documentation or information are expressly subject 
to the terms and conditions of the Altera Program License 
Subscription Agreement, Altera MegaCore Function License 
Agreement, or other applicable license agreement, including, 
without limitation, that your use is for the sole purpose of 
programming logic devices manufactured by Altera and sold by 
Altera or its authorized distributors.  Please refer to the 
applicable agreement for further details.



+----------------------------------------------------------------------------------+
; EDA Netlist Writer Summary                                                       ;
+---------------------------+------------------------------------------------------+
; EDA Netlist Writer Status ; No Output Files Generated - Wed Jun 24 23:41:47 2015 ;
; Revision Name             ; BRDepf10k10l                                         ;
; Top-level Entity Name     ; BRDepf10k10l                                         ;
; Family                    ; FLEX10K                                              ;
+---------------------------+------------------------------------------------------+


+-----------------------------+
; EDA Netlist Writer Messages ;
+-----------------------------+
Info: *******************************************************************
Info: Running Quartus II EDA Netlist Writer
    Info: Version 8.1 Build 163 10/28/2008 SJ Full Version
    Info: Processing started: Wed Jun 24 23:41:46 2015
Info: Command: quartus_eda --read_settings_files=on --write_settings_files=off BRDepf10k10l -c BRDepf10k10l
Warning: Can't generate output files. Specify command-line options to generate output files, or update EDA tool settings using GUI or Tcl script.
Info: Quartus II EDA Netlist Writer was successful. 0 errors, 1 warning
    Info: Peak virtual memory: 162 megabytes
    Info: Processing ended: Wed Jun 24 23:41:47 2015
    Info: Elapsed time: 00:00:01
    Info: Total CPU time (on all processors): 00:00:00


