Assembler report for Qua_BRD_EP1C6T144I7
Sun Aug 02 00:30:24 2020
Quartus II 64-Bit Version 11.0 Build 208 07/03/2011 Service Pack 1 SJ Full Version


---------------------
; Table of Contents ;
---------------------
  1. Legal Notice
  2. Assembler Summary
  3. Assembler Settings
  4. Assembler Generated Files
  5. Assembler Device Options: D:/GitHub/Quartus/Qua_BRD_EP1C6T144I7/Qua_BRD_EP1C6T144I7.sof
  6. Assembler Device Options: D:/GitHub/Quartus/Qua_BRD_EP1C6T144I7/Qua_BRD_EP1C6T144I7.pof
  7. Assembler Messages



----------------
; Legal Notice ;
----------------
Copyright (C) 1991-2011 Altera Corporation
Your use of Altera Corporation's design tools, logic functions 
and other software and tools, and its AMPP partner logic 
functions, and any output files from any of the foregoing 
(including device programming or simulation files), and any 
associated documentation or information are expressly subject 
to the terms and conditions of the Altera Program License 
Subscription Agreement, Altera MegaCore Function License 
Agreement, or other applicable license agreement, including, 
without limitation, that your use is for the sole purpose of 
programming logic devices manufactured by Altera and sold by 
Altera or its authorized distributors.  Please refer to the 
applicable agreement for further details.



+---------------------------------------------------------------+
; Assembler Summary                                             ;
+-----------------------+---------------------------------------+
; Assembler Status      ; Successful - Sun Aug 02 00:30:24 2020 ;
; Revision Name         ; Qua_BRD_EP1C6T144I7                   ;
; Top-level Entity Name ; Qua_BRD_EP1C6T144I7                   ;
; Family                ; Cyclone                               ;
; Device                ; EP1C6T144I7                           ;
+-----------------------+---------------------------------------+


+--------------------------------------------------------------------------------------------------------+
; Assembler Settings                                                                                     ;
+-----------------------------------------------------------------------------+----------+---------------+
; Option                                                                      ; Setting  ; Default Value ;
+-----------------------------------------------------------------------------+----------+---------------+
; Configuration device                                                        ; Epcs1    ; Auto          ;
; Use smart compilation                                                       ; Off      ; Off           ;
; Enable parallel Assembler and TimeQuest Timing Analyzer during compilation  ; On       ; On            ;
; Enable compact report table                                                 ; Off      ; Off           ;
; Generate compressed bitstreams                                              ; On       ; On            ;
; Compression mode                                                            ; Off      ; Off           ;
; Clock source for configuration device                                       ; Internal ; Internal      ;
; Clock frequency of the configuration device                                 ; 10 MHZ   ; 10 MHz        ;
; Divide clock frequency by                                                   ; 1        ; 1             ;
; Auto user code                                                              ; Off      ; Off           ;
; Use configuration device                                                    ; On       ; On            ;
; Configuration device auto user code                                         ; Off      ; Off           ;
; Auto-increment JTAG user code for multiple configuration devices            ; On       ; On            ;
; Generate Tabular Text File (.ttf) For Target Device                         ; Off      ; Off           ;
; Generate Raw Binary File (.rbf) For Target Device                           ; Off      ; Off           ;
; Generate Hexadecimal (Intel-Format) Output File (.hexout) for Target Device ; Off      ; Off           ;
; Hexadecimal Output File start address                                       ; 0        ; 0             ;
; Hexadecimal Output File count direction                                     ; Up       ; Up            ;
; Release clears before tri-states                                            ; Off      ; Off           ;
; Auto-restart configuration after error                                      ; On       ; On            ;
; Generate Serial Vector Format File (.svf) for Target Device                 ; Off      ; Off           ;
; Generate a JEDEC STAPL Format File (.jam) for Target Device                 ; Off      ; Off           ;
; Generate a compressed Jam STAPL Byte Code 2.0 File (.jbc) for Target Device ; Off      ; Off           ;
; Generate a compressed Jam STAPL Byte Code 2.0 File (.jbc) for Target Device ; On       ; On            ;
+-----------------------------------------------------------------------------+----------+---------------+


+---------------------------------------------------------------+
; Assembler Generated Files                                     ;
+---------------------------------------------------------------+
; File Name                                                     ;
+---------------------------------------------------------------+
; D:/GitHub/Quartus/Qua_BRD_EP1C6T144I7/Qua_BRD_EP1C6T144I7.sof ;
; D:/GitHub/Quartus/Qua_BRD_EP1C6T144I7/Qua_BRD_EP1C6T144I7.pof ;
+---------------------------------------------------------------+


+-----------------------------------------------------------------------------------------+
; Assembler Device Options: D:/GitHub/Quartus/Qua_BRD_EP1C6T144I7/Qua_BRD_EP1C6T144I7.sof ;
+----------------+------------------------------------------------------------------------+
; Option         ; Setting                                                                ;
+----------------+------------------------------------------------------------------------+
; Device         ; EP1C6T144I7                                                            ;
; JTAG usercode  ; 0xFFFFFFFF                                                             ;
; Checksum       ; 0x000A4B24                                                             ;
+----------------+------------------------------------------------------------------------+


+-----------------------------------------------------------------------------------------+
; Assembler Device Options: D:/GitHub/Quartus/Qua_BRD_EP1C6T144I7/Qua_BRD_EP1C6T144I7.pof ;
+--------------------+--------------------------------------------------------------------+
; Option             ; Setting                                                            ;
+--------------------+--------------------------------------------------------------------+
; Device             ; EPCS1                                                              ;
; JTAG usercode      ; 0x00000000                                                         ;
; Checksum           ; 0x0162CB43                                                         ;
; Compression Ratio  ; 3                                                                  ;
+--------------------+--------------------------------------------------------------------+


+--------------------+
; Assembler Messages ;
+--------------------+
Info: *******************************************************************
Info: Running Quartus II 64-Bit Assembler
    Info: Version 11.0 Build 208 07/03/2011 Service Pack 1 SJ Full Version
    Info: Processing started: Sun Aug 02 00:30:22 2020
Info: Command: quartus_asm --read_settings_files=off --write_settings_files=off Qua_BRD_EP1C6T144I7 -c Qua_BRD_EP1C6T144I7
Info: Assembler is generating device programming files
Info: Quartus II 64-Bit Assembler was successful. 0 errors, 0 warnings
    Info: Peak virtual memory: 287 megabytes
    Info: Processing ended: Sun Aug 02 00:30:24 2020
    Info: Elapsed time: 00:00:02
    Info: Total CPU time (on all processors): 00:00:01


