Analysis & Synthesis report for sss_FTDI_UM245R
Wed Apr 05 18:02:15 2017
Quartus II Version 8.1 Build 163 10/28/2008 SJ Full Version


---------------------
; Table of Contents ;
---------------------
  1. Legal Notice
  2. Analysis & Synthesis Summary
  3. Analysis & Synthesis Settings
  4. Analysis & Synthesis Source Files Read
  5. Analysis & Synthesis Resource Usage Summary
  6. Analysis & Synthesis Resource Utilization by Entity
  7. Registers Removed During Synthesis
  8. General Register Statistics
  9. Source assignments for LPM_COUNTER:inst
 10. Parameter Settings for User Entity Instance: LPM_COUNTER:inst
 11. Parameter Settings for User Entity Instance: LPM_BUSTRI:inst69
 12. Parameter Settings for User Entity Instance: LPM_DFF:inst77
 13. Analysis & Synthesis Messages



----------------
; Legal Notice ;
----------------
Copyright (C) 1991-2008 Altera Corporation
Your use of Altera Corporation's design tools, logic functions 
and other software and tools, and its AMPP partner logic 
functions, and any output files from any of the foregoing 
(including device programming or simulation files), and any 
associated documentation or information are expressly subject 
to the terms and conditions of the Altera Program License 
Subscription Agreement, Altera MegaCore Function License 
Agreement, or other applicable license agreement, including, 
without limitation, that your use is for the sole purpose of 
programming logic devices manufactured by Altera and sold by 
Altera or its authorized distributors.  Please refer to the 
applicable agreement for further details.



+------------------------------------------------------------------------+
; Analysis & Synthesis Summary                                           ;
+-----------------------------+------------------------------------------+
; Analysis & Synthesis Status ; Successful - Wed Apr 05 18:02:15 2017    ;
; Quartus II Version          ; 8.1 Build 163 10/28/2008 SJ Full Version ;
; Revision Name               ; sss_FTDI_UM245R                          ;
; Top-level Entity Name       ; sss_FTDI_UM245R                          ;
; Family                      ; Cyclone                                  ;
; Total logic elements        ; 26                                       ;
; Total pins                  ; 33                                       ;
; Total virtual pins          ; 0                                        ;
; Total memory bits           ; 0                                        ;
; Total PLLs                  ; 0                                        ;
+-----------------------------+------------------------------------------+


+----------------------------------------------------------------------------------------------------------+
; Analysis & Synthesis Settings                                                                            ;
+----------------------------------------------------------------+--------------------+--------------------+
; Option                                                         ; Setting            ; Default Value      ;
+----------------------------------------------------------------+--------------------+--------------------+
; Device                                                         ; EP1C6Q240C8        ;                    ;
; Top-level entity name                                          ; sss_FTDI_UM245R    ; sss_FTDI_UM245R    ;
; Family name                                                    ; Cyclone            ; Stratix II         ;
; Use Generated Physical Constraints File                        ; Off                ;                    ;
; Use smart compilation                                          ; Off                ; Off                ;
; Restructure Multiplexers                                       ; Auto               ; Auto               ;
; Create Debugging Nodes for IP Cores                            ; Off                ; Off                ;
; Preserve fewer node names                                      ; On                 ; On                 ;
; Disable OpenCore Plus hardware evaluation                      ; Off                ; Off                ;
; Verilog Version                                                ; Verilog_2001       ; Verilog_2001       ;
; VHDL Version                                                   ; VHDL93             ; VHDL93             ;
; State Machine Processing                                       ; Auto               ; Auto               ;
; Safe State Machine                                             ; Off                ; Off                ;
; Extract Verilog State Machines                                 ; On                 ; On                 ;
; Extract VHDL State Machines                                    ; On                 ; On                 ;
; Ignore Verilog initial constructs                              ; Off                ; Off                ;
; Iteration limit for constant Verilog loops                     ; 5000               ; 5000               ;
; Iteration limit for non-constant Verilog loops                 ; 250                ; 250                ;
; Add Pass-Through Logic to Inferred RAMs                        ; On                 ; On                 ;
; Parallel Synthesis                                             ; Off                ; Off                ;
; NOT Gate Push-Back                                             ; On                 ; On                 ;
; Power-Up Don't Care                                            ; On                 ; On                 ;
; Remove Redundant Logic Cells                                   ; Off                ; Off                ;
; Remove Duplicate Registers                                     ; On                 ; On                 ;
; Ignore CARRY Buffers                                           ; Off                ; Off                ;
; Ignore CASCADE Buffers                                         ; Off                ; Off                ;
; Ignore GLOBAL Buffers                                          ; Off                ; Off                ;
; Ignore ROW GLOBAL Buffers                                      ; Off                ; Off                ;
; Ignore LCELL Buffers                                           ; Off                ; Off                ;
; Ignore SOFT Buffers                                            ; On                 ; On                 ;
; Limit AHDL Integers to 32 Bits                                 ; Off                ; Off                ;
; Optimization Technique                                         ; Balanced           ; Balanced           ;
; Carry Chain Length                                             ; 70                 ; 70                 ;
; Auto Carry Chains                                              ; On                 ; On                 ;
; Auto Open-Drain Pins                                           ; On                 ; On                 ;
; Perform WYSIWYG Primitive Resynthesis                          ; Off                ; Off                ;
; Perform gate-level register retiming                           ; Off                ; Off                ;
; Allow register retiming to trade off Tsu/Tco with Fmax         ; On                 ; On                 ;
; Auto ROM Replacement                                           ; On                 ; On                 ;
; Auto RAM Replacement                                           ; On                 ; On                 ;
; Auto Shift Register Replacement                                ; Auto               ; Auto               ;
; Auto Clock Enable Replacement                                  ; On                 ; On                 ;
; Strict RAM Replacement                                         ; Off                ; Off                ;
; Allow Synchronous Control Signals                              ; On                 ; On                 ;
; Force Use of Synchronous Clear Signals                         ; Off                ; Off                ;
; Auto RAM Block Balancing                                       ; On                 ; On                 ;
; Auto RAM to Logic Cell Conversion                              ; Off                ; Off                ;
; Auto Resource Sharing                                          ; Off                ; Off                ;
; Allow Any RAM Size For Recognition                             ; Off                ; Off                ;
; Allow Any ROM Size For Recognition                             ; Off                ; Off                ;
; Allow Any Shift Register Size For Recognition                  ; Off                ; Off                ;
; Use LogicLock Constraints during Resource Balancing            ; On                 ; On                 ;
; Ignore translate_off and synthesis_off directives              ; Off                ; Off                ;
; Show Parameter Settings Tables in Synthesis Report             ; On                 ; On                 ;
; Ignore Maximum Fan-Out Assignments                             ; Off                ; Off                ;
; Synchronization Register Chain Length                          ; 2                  ; 2                  ;
; PowerPlay Power Optimization                                   ; Normal compilation ; Normal compilation ;
; HDL message level                                              ; Level2             ; Level2             ;
; Suppress Register Optimization Related Messages                ; Off                ; Off                ;
; Number of Removed Registers Reported in Synthesis Report       ; 100                ; 100                ;
; Number of Inverted Registers Reported in Synthesis Report      ; 100                ; 100                ;
; Clock MUX Protection                                           ; On                 ; On                 ;
; Block Design Naming                                            ; Auto               ; Auto               ;
; Synthesis Effort                                               ; Auto               ; Auto               ;
; Allows Asynchronous Clear Usage For Shift Register Replacement ; On                 ; On                 ;
; Analysis & Synthesis Message Level                             ; Medium             ; Medium             ;
+----------------------------------------------------------------+--------------------+--------------------+


+------------------------------------------------------------------------------------------------------------------------------------------------------------------------------+
; Analysis & Synthesis Source Files Read                                                                                                                                       ;
+----------------------------------+-----------------+------------------------------------+------------------------------------------------------------------------------------+
; File Name with User-Entered Path ; Used in Netlist ; File Type                          ; File Name with Absolute Path                                                       ;
+----------------------------------+-----------------+------------------------------------+------------------------------------------------------------------------------------+
; sss_FTDI_UM245R.bdf              ; yes             ; User Block Diagram/Schematic File  ; D:/SSSWorkHome/Altera/sssBlock/sss_FTDI_UM245R/sss_FTDI_UM245R.bdf                 ;
; LPM_COUNTER.tdf                  ; yes             ; Megafunction                       ; c:/program files/altera/81/quartus/libraries/megafunctions/LPM_COUNTER.tdf         ;
; lpm_constant.inc                 ; yes             ; Megafunction                       ; c:/program files/altera/81/quartus/libraries/megafunctions/lpm_constant.inc        ;
; lpm_decode.inc                   ; yes             ; Megafunction                       ; c:/program files/altera/81/quartus/libraries/megafunctions/lpm_decode.inc          ;
; lpm_add_sub.inc                  ; yes             ; Megafunction                       ; c:/program files/altera/81/quartus/libraries/megafunctions/lpm_add_sub.inc         ;
; cmpconst.inc                     ; yes             ; Megafunction                       ; c:/program files/altera/81/quartus/libraries/megafunctions/cmpconst.inc            ;
; lpm_compare.inc                  ; yes             ; Megafunction                       ; c:/program files/altera/81/quartus/libraries/megafunctions/lpm_compare.inc         ;
; lpm_counter.inc                  ; yes             ; Megafunction                       ; c:/program files/altera/81/quartus/libraries/megafunctions/lpm_counter.inc         ;
; dffeea.inc                       ; yes             ; Megafunction                       ; c:/program files/altera/81/quartus/libraries/megafunctions/dffeea.inc              ;
; alt_synch_counter.inc            ; yes             ; Megafunction                       ; c:/program files/altera/81/quartus/libraries/megafunctions/alt_synch_counter.inc   ;
; alt_synch_counter_f.inc          ; yes             ; Megafunction                       ; c:/program files/altera/81/quartus/libraries/megafunctions/alt_synch_counter_f.inc ;
; alt_counter_f10ke.inc            ; yes             ; Megafunction                       ; c:/program files/altera/81/quartus/libraries/megafunctions/alt_counter_f10ke.inc   ;
; alt_counter_stratix.inc          ; yes             ; Megafunction                       ; c:/program files/altera/81/quartus/libraries/megafunctions/alt_counter_stratix.inc ;
; aglobal81.inc                    ; yes             ; Megafunction                       ; c:/program files/altera/81/quartus/libraries/megafunctions/aglobal81.inc           ;
; db/cntr_anf.tdf                  ; yes             ; Auto-Generated Megafunction        ; D:/SSSWorkHome/Altera/sssBlock/sss_FTDI_UM245R/db/cntr_anf.tdf                     ;
; LPM_BUSTRI.tdf                   ; yes             ; Megafunction                       ; c:/program files/altera/81/quartus/libraries/megafunctions/LPM_BUSTRI.tdf          ;
; LPM_DFF.tdf                      ; yes             ; Megafunction                       ; c:/program files/altera/81/quartus/libraries/megafunctions/LPM_DFF.tdf             ;
+----------------------------------+-----------------+------------------------------------+------------------------------------------------------------------------------------+


+-----------------------------------------------------+
; Analysis & Synthesis Resource Usage Summary         ;
+---------------------------------------------+-------+
; Resource                                    ; Usage ;
+---------------------------------------------+-------+
; Total logic elements                        ; 26    ;
;     -- Combinational with no register       ; 3     ;
;     -- Register only                        ; 12    ;
;     -- Combinational with a register        ; 11    ;
;                                             ;       ;
; Logic element usage by number of LUT inputs ;       ;
;     -- 4 input functions                    ; 0     ;
;     -- 3 input functions                    ; 0     ;
;     -- 2 input functions                    ; 12    ;
;     -- 1 input functions                    ; 2     ;
;     -- 0 input functions                    ; 0     ;
;                                             ;       ;
; Logic elements by mode                      ;       ;
;     -- normal mode                          ; 17    ;
;     -- arithmetic mode                      ; 9     ;
;     -- qfbk mode                            ; 0     ;
;     -- register cascade mode                ; 0     ;
;     -- synchronous clear/load mode          ; 0     ;
;     -- asynchronous clear/load mode         ; 2     ;
;                                             ;       ;
; Total registers                             ; 23    ;
; Total logic cells in carry chains           ; 10    ;
; I/O pins                                    ; 33    ;
; Maximum fan-out node                        ; gclk  ;
; Maximum fan-out                             ; 10    ;
; Total fan-out                               ; 108   ;
; Average fan-out                             ; 1.83  ;
+---------------------------------------------+-------+


+------------------------------------------------------------------------------------------------------------------------------------------------------------------------------------------------------------------------------------------------------------------+
; Analysis & Synthesis Resource Utilization by Entity                                                                                                                                                                                                              ;
+---------------------------------+-------------+--------------+-------------+------+--------------+--------------+-------------------+------------------+-----------------+------------+-----------------------------------------------------------+--------------+
; Compilation Hierarchy Node      ; Logic Cells ; LC Registers ; Memory Bits ; Pins ; Virtual Pins ; LUT-Only LCs ; Register-Only LCs ; LUT/Register LCs ; Carry Chain LCs ; Packed LCs ; Full Hierarchy Name                                       ; Library Name ;
+---------------------------------+-------------+--------------+-------------+------+--------------+--------------+-------------------+------------------+-----------------+------------+-----------------------------------------------------------+--------------+
; |sss_FTDI_UM245R                ; 26 (8)      ; 23           ; 0           ; 33   ; 0            ; 3 (3)        ; 12 (4)            ; 11 (1)           ; 10 (0)          ; 0 (0)      ; |sss_FTDI_UM245R                                          ; work         ;
;    |lpm_counter:inst|           ; 10 (0)      ; 10           ; 0           ; 0    ; 0            ; 0 (0)        ; 0 (0)             ; 10 (0)           ; 10 (0)          ; 0 (0)      ; |sss_FTDI_UM245R|lpm_counter:inst                         ; work         ;
;       |cntr_anf:auto_generated| ; 10 (10)     ; 10           ; 0           ; 0    ; 0            ; 0 (0)        ; 0 (0)             ; 10 (10)          ; 10 (10)         ; 0 (0)      ; |sss_FTDI_UM245R|lpm_counter:inst|cntr_anf:auto_generated ; work         ;
;    |lpm_dff:inst77|             ; 8 (8)       ; 8            ; 0           ; 0    ; 0            ; 0 (0)        ; 8 (8)             ; 0 (0)            ; 0 (0)           ; 0 (0)      ; |sss_FTDI_UM245R|lpm_dff:inst77                           ; work         ;
+---------------------------------+-------------+--------------+-------------+------+--------------+--------------+-------------------+------------------+-----------------+------------+-----------------------------------------------------------+--------------+
Note: For table entries with two numbers listed, the numbers in parentheses indicate the number of resources of the given type used by the specific entity alone. The numbers listed outside of parentheses indicate the total resources of the given type used by the specific entity and all of its sub-entities in the hierarchy.


+------------------------------------------------------------------------------+
; Registers Removed During Synthesis                                           ;
+---------------------------------------------------------+--------------------+
; Register name                                           ; Reason for Removal ;
+---------------------------------------------------------+--------------------+
; lpm_counter:inst|cntr_anf:auto_generated|safe_q[10..15] ; Lost fanout        ;
; Total Number of Removed Registers = 6                   ;                    ;
+---------------------------------------------------------+--------------------+


+------------------------------------------------------+
; General Register Statistics                          ;
+----------------------------------------------+-------+
; Statistic                                    ; Value ;
+----------------------------------------------+-------+
; Total registers                              ; 23    ;
; Number of registers using Synchronous Clear  ; 0     ;
; Number of registers using Synchronous Load   ; 0     ;
; Number of registers using Asynchronous Clear ; 2     ;
; Number of registers using Asynchronous Load  ; 0     ;
; Number of registers using Clock Enable       ; 8     ;
; Number of registers using Preset             ; 0     ;
+----------------------------------------------+-------+


+-----------------------------------------------+
; Source assignments for LPM_COUNTER:inst       ;
+---------------------------+-------+------+----+
; Assignment                ; Value ; From ; To ;
+---------------------------+-------+------+----+
; SUPPRESS_DA_RULE_INTERNAL ; a101  ; -    ; -  ;
; SUPPRESS_DA_RULE_INTERNAL ; s102  ; -    ; -  ;
; SUPPRESS_DA_RULE_INTERNAL ; s103  ; -    ; -  ;
+---------------------------+-------+------+----+


+-----------------------------------------------------------------+
; Parameter Settings for User Entity Instance: LPM_COUNTER:inst   ;
+------------------------+-------------------+--------------------+
; Parameter Name         ; Value             ; Type               ;
+------------------------+-------------------+--------------------+
; AUTO_CARRY_CHAINS      ; ON                ; AUTO_CARRY         ;
; IGNORE_CARRY_BUFFERS   ; OFF               ; IGNORE_CARRY       ;
; AUTO_CASCADE_CHAINS    ; ON                ; AUTO_CASCADE       ;
; IGNORE_CASCADE_BUFFERS ; OFF               ; IGNORE_CASCADE     ;
; LPM_WIDTH              ; 16                ; Untyped            ;
; LPM_DIRECTION          ; DEFAULT           ; Untyped            ;
; LPM_MODULUS            ; 0                 ; Untyped            ;
; LPM_AVALUE             ; UNUSED            ; Untyped            ;
; LPM_SVALUE             ; UNUSED            ; Untyped            ;
; LPM_PORT_UPDOWN        ; PORT_CONNECTIVITY ; Untyped            ;
; DEVICE_FAMILY          ; Cyclone           ; Untyped            ;
; CARRY_CHAIN            ; MANUAL            ; Untyped            ;
; CARRY_CHAIN_LENGTH     ; 48                ; CARRY_CHAIN_LENGTH ;
; NOT_GATE_PUSH_BACK     ; ON                ; NOT_GATE_PUSH_BACK ;
; CARRY_CNT_EN           ; SMART             ; Untyped            ;
; LABWIDE_SCLR           ; ON                ; Untyped            ;
; USE_NEW_VERSION        ; TRUE              ; Untyped            ;
; CBXI_PARAMETER         ; cntr_anf          ; Untyped            ;
+------------------------+-------------------+--------------------+
Note: In order to hide this table in the UI and the text report file, please set the "Show Parameter Settings Tables in Synthesis Report" option in "Analysis and Synthesis Settings -> More Settings" to "Off".


+----------------------------------------------------------------+
; Parameter Settings for User Entity Instance: LPM_BUSTRI:inst69 ;
+----------------+-------+---------------------------------------+
; Parameter Name ; Value ; Type                                  ;
+----------------+-------+---------------------------------------+
; LPM_WIDTH      ; 8     ; Untyped                               ;
+----------------+-------+---------------------------------------+
Note: In order to hide this table in the UI and the text report file, please set the "Show Parameter Settings Tables in Synthesis Report" option in "Analysis and Synthesis Settings -> More Settings" to "Off".


+-------------------------------------------------------------+
; Parameter Settings for User Entity Instance: LPM_DFF:inst77 ;
+------------------------+---------+--------------------------+
; Parameter Name         ; Value   ; Type                     ;
+------------------------+---------+--------------------------+
; LPM_WIDTH              ; 8       ; Untyped                  ;
; LPM_AVALUE             ; 0       ; Untyped                  ;
; LPM_SVALUE             ; 0       ; Untyped                  ;
; DEVICE_FAMILY          ; Cyclone ; Untyped                  ;
; AUTO_CARRY_CHAINS      ; ON      ; AUTO_CARRY               ;
; IGNORE_CARRY_BUFFERS   ; OFF     ; IGNORE_CARRY             ;
; AUTO_CASCADE_CHAINS    ; ON      ; AUTO_CASCADE             ;
; IGNORE_CASCADE_BUFFERS ; OFF     ; IGNORE_CASCADE           ;
+------------------------+---------+--------------------------+
Note: In order to hide this table in the UI and the text report file, please set the "Show Parameter Settings Tables in Synthesis Report" option in "Analysis and Synthesis Settings -> More Settings" to "Off".


+-------------------------------+
; Analysis & Synthesis Messages ;
+-------------------------------+
Info: *******************************************************************
Info: Running Quartus II Analysis & Synthesis
    Info: Version 8.1 Build 163 10/28/2008 SJ Full Version
    Info: Processing started: Wed Apr 05 18:02:13 2017
Info: Command: quartus_map --read_settings_files=on --write_settings_files=off sss_FTDI_UM245R -c sss_FTDI_UM245R
Info: Found 1 design units, including 1 entities, in source file sss_FTDI_UM245R.bdf
    Info: Found entity 1: sss_FTDI_UM245R
Info: Elaborating entity "sss_FTDI_UM245R" for the top level hierarchy
Warning: Pin "usb_ntxe" not connected
Warning: Primitive "NOT" of instance "1163" not used
Info: Elaborating entity "LPM_COUNTER" for hierarchy "LPM_COUNTER:inst"
Info: Elaborated megafunction instantiation "LPM_COUNTER:inst"
Info: Instantiated megafunction "LPM_COUNTER:inst" with the following parameter:
    Info: Parameter "LPM_WIDTH" = "16"
Info: Found 1 design units, including 1 entities, in source file db/cntr_anf.tdf
    Info: Found entity 1: cntr_anf
Info: Elaborating entity "cntr_anf" for hierarchy "LPM_COUNTER:inst|cntr_anf:auto_generated"
Info: Elaborating entity "LPM_BUSTRI" for hierarchy "LPM_BUSTRI:inst69"
Info: Elaborated megafunction instantiation "LPM_BUSTRI:inst69"
Info: Instantiated megafunction "LPM_BUSTRI:inst69" with the following parameter:
    Info: Parameter "LPM_WIDTH" = "8"
Info: Elaborating entity "LPM_DFF" for hierarchy "LPM_DFF:inst77"
Info: Elaborated megafunction instantiation "LPM_DFF:inst77"
Info: Instantiated megafunction "LPM_DFF:inst77" with the following parameter:
    Info: Parameter "LPM_WIDTH" = "8"
Warning: Always-enabled tri-state buffer(s) removed
    Warning: Converted the fanout from the always-enabled tri-state buffer "lpm_bustri:inst69|din[7]" to the node "usb_245_in[7]" into a wire
    Warning: Converted the fanout from the always-enabled tri-state buffer "lpm_bustri:inst69|din[6]" to the node "usb_245_in[6]" into a wire
    Warning: Converted the fanout from the always-enabled tri-state buffer "lpm_bustri:inst69|din[5]" to the node "usb_245_in[5]" into a wire
    Warning: Converted the fanout from the always-enabled tri-state buffer "lpm_bustri:inst69|din[4]" to the node "usb_245_in[4]" into a wire
    Warning: Converted the fanout from the always-enabled tri-state buffer "lpm_bustri:inst69|din[3]" to the node "usb_245_in[3]" into a wire
    Warning: Converted the fanout from the always-enabled tri-state buffer "lpm_bustri:inst69|din[2]" to the node "usb_245_in[2]" into a wire
    Warning: Converted the fanout from the always-enabled tri-state buffer "lpm_bustri:inst69|din[1]" to the node "usb_245_in[1]" into a wire
    Warning: Converted the fanout from the always-enabled tri-state buffer "lpm_bustri:inst69|din[0]" to the node "usb_245_in[0]" into a wire
    Warning: Converted the fanout from the always-enabled tri-state buffer "lpm_bustri:inst69|din[7]" to the node "lpm_dff:inst77|dffs[7]" into a wire
    Warning: Converted the fanout from the always-enabled tri-state buffer "lpm_bustri:inst69|din[6]" to the node "lpm_dff:inst77|dffs[6]" into a wire
    Warning: Converted the fanout from the always-enabled tri-state buffer "lpm_bustri:inst69|din[5]" to the node "lpm_dff:inst77|dffs[5]" into a wire
    Warning: Converted the fanout from the always-enabled tri-state buffer "lpm_bustri:inst69|din[4]" to the node "lpm_dff:inst77|dffs[4]" into a wire
    Warning: Converted the fanout from the always-enabled tri-state buffer "lpm_bustri:inst69|din[3]" to the node "lpm_dff:inst77|dffs[3]" into a wire
    Warning: Converted the fanout from the always-enabled tri-state buffer "lpm_bustri:inst69|din[2]" to the node "lpm_dff:inst77|dffs[2]" into a wire
    Warning: Converted the fanout from the always-enabled tri-state buffer "lpm_bustri:inst69|din[1]" to the node "lpm_dff:inst77|dffs[1]" into a wire
    Warning: Converted the fanout from the always-enabled tri-state buffer "lpm_bustri:inst69|din[0]" to the node "lpm_dff:inst77|dffs[0]" into a wire
Warning: Output pin "usb_245_in[7]" driven by bidirectional pin "usb_245_in_out[7]" cannot be tri-stated
Warning: Output pin "usb_245_in[6]" driven by bidirectional pin "usb_245_in_out[6]" cannot be tri-stated
Warning: Output pin "usb_245_in[5]" driven by bidirectional pin "usb_245_in_out[5]" cannot be tri-stated
Warning: Output pin "usb_245_in[4]" driven by bidirectional pin "usb_245_in_out[4]" cannot be tri-stated
Warning: Output pin "usb_245_in[3]" driven by bidirectional pin "usb_245_in_out[3]" cannot be tri-stated
Warning: Output pin "usb_245_in[2]" driven by bidirectional pin "usb_245_in_out[2]" cannot be tri-stated
Warning: Output pin "usb_245_in[1]" driven by bidirectional pin "usb_245_in_out[1]" cannot be tri-stated
Warning: Output pin "usb_245_in[0]" driven by bidirectional pin "usb_245_in_out[0]" cannot be tri-stated
Info: 6 registers lost all their fanouts during netlist optimizations. The first 6 are displayed below.
    Info: Register "lpm_counter:inst|cntr_anf:auto_generated|safe_q[10]" lost all its fanouts during netlist optimizations.
    Info: Register "lpm_counter:inst|cntr_anf:auto_generated|safe_q[11]" lost all its fanouts during netlist optimizations.
    Info: Register "lpm_counter:inst|cntr_anf:auto_generated|safe_q[12]" lost all its fanouts during netlist optimizations.
    Info: Register "lpm_counter:inst|cntr_anf:auto_generated|safe_q[13]" lost all its fanouts during netlist optimizations.
    Info: Register "lpm_counter:inst|cntr_anf:auto_generated|safe_q[14]" lost all its fanouts during netlist optimizations.
    Info: Register "lpm_counter:inst|cntr_anf:auto_generated|safe_q[15]" lost all its fanouts during netlist optimizations.
Warning: Design contains 1 input pin(s) that do not drive logic
    Warning (15610): No output dependent on input pin "usb_ntxe"
Info: Implemented 59 device resources after synthesis - the final resource count might be different
    Info: Implemented 3 input pins
    Info: Implemented 21 output pins
    Info: Implemented 9 bidirectional pins
    Info: Implemented 26 logic cells
Info: Quartus II Analysis & Synthesis was successful. 0 errors, 29 warnings
    Info: Peak virtual memory: 159 megabytes
    Info: Processing ended: Wed Apr 05 18:02:15 2017
    Info: Elapsed time: 00:00:02
    Info: Total CPU time (on all processors): 00:00:01


