Fitter report for sss_ir_receiver
Thu Jul 28 22:00:33 2016
Quartus II Version 8.1 Build 163 10/28/2008 SJ Full Version


---------------------
; Table of Contents ;
---------------------
  1. Legal Notice
  2. Fitter Summary
  3. Fitter Settings
  4. Fitter Device Options
  5. Input Pins
  6. Output Pins
  7. All Package Pins
  8. Control Signals
  9. Global & Other Fast Signals
 10. Carry Chains
 11. Non-Global High Fan-Out Signals
 12. Peripheral Signals
 13. LAB
 14. Local Routing Interconnect
 15. LAB External Interconnect
 16. Row Interconnect
 17. LAB Column Interconnect
 18. LAB Column Interconnect
 19. Fitter Resource Usage Summary
 20. Fitter Resource Utilization by Entity
 21. Delay Chain Summary
 22. Pin-Out File
 23. Fitter Messages



----------------
; Legal Notice ;
----------------
Copyright (C) 1991-2008 Altera Corporation
Your use of Altera Corporation's design tools, logic functions 
and other software and tools, and its AMPP partner logic 
functions, and any output files from any of the foregoing 
(including device programming or simulation files), and any 
associated documentation or information are expressly subject 
to the terms and conditions of the Altera Program License 
Subscription Agreement, Altera MegaCore Function License 
Agreement, or other applicable license agreement, including, 
without limitation, that your use is for the sole purpose of 
programming logic devices manufactured by Altera and sold by 
Altera or its authorized distributors.  Please refer to the 
applicable agreement for further details.



+------------------------------------------------------------------+
; Fitter Summary                                                   ;
+-----------------------+------------------------------------------+
; Fitter Status         ; Successful - Thu Jul 28 22:00:33 2016    ;
; Quartus II Version    ; 8.1 Build 163 10/28/2008 SJ Full Version ;
; Revision Name         ; sss_ir_receiver                          ;
; Top-level Entity Name ; sss_ir_receiver                          ;
; Family                ; FLEX10K                                  ;
; Device                ; EPF10K10LC84-4                           ;
; Timing Models         ; Final                                    ;
; Total logic elements  ; 129 / 576 ( 22 % )                       ;
; Total pins            ; 37 / 59 ( 63 % )                         ;
; Total memory bits     ; 0 / 6,144 ( 0 % )                        ;
+-----------------------+------------------------------------------+


+------------------------------------------------------------------------------------------------------+
; Fitter Settings                                                                                      ;
+------------------------------------------------------------+--------------------+--------------------+
; Option                                                     ; Setting            ; Default Value      ;
+------------------------------------------------------------+--------------------+--------------------+
; Device                                                     ; EPF10K10LC84-4     ;                    ;
; Use smart compilation                                      ; Off                ; Off                ;
; Use TimeQuest Timing Analyzer                              ; Off                ; Off                ;
; Router Timing Optimization Level                           ; Normal             ; Normal             ;
; Placement Effort Multiplier                                ; 1.0                ; 1.0                ;
; Router Effort Multiplier                                   ; 1.0                ; 1.0                ;
; Optimize Timing                                            ; Normal compilation ; Normal compilation ;
; Optimize Timing for ECOs                                   ; Off                ; Off                ;
; Regenerate full fit report during ECO compiles             ; Off                ; Off                ;
; Optimize IOC Register Placement for Timing                 ; On                 ; On                 ;
; Limit to One Fitting Attempt                               ; Off                ; Off                ;
; Final Placement Optimizations                              ; Automatically      ; Automatically      ;
; Fitter Aggressive Routability Optimizations                ; Automatically      ; Automatically      ;
; Fitter Initial Placement Seed                              ; 1                  ; 1                  ;
; Slow Slew Rate                                             ; Off                ; Off                ;
; Auto Global Memory Control Signals                         ; Off                ; Off                ;
; Logic Cell Insertion - Individual Logic Cells              ; On                 ; On                 ;
; Logic Cell Insertion - I/Os Fed By Carry or Cascade Chains ; On                 ; On                 ;
; Fitter Effort                                              ; Auto Fit           ; Auto Fit           ;
; Auto Global Clock                                          ; On                 ; On                 ;
; Auto Global Output Enable                                  ; On                 ; On                 ;
; Auto Global Register Control Signals                       ; On                 ; On                 ;
+------------------------------------------------------------+--------------------+--------------------+


+-------------------------------------------------------------------------+
; Fitter Device Options                                                   ;
+----------------------------------------------+--------------------------+
; Option                                       ; Setting                  ;
+----------------------------------------------+--------------------------+
; Enable user-supplied start-up clock (CLKUSR) ; Off                      ;
; Enable device-wide reset (DEV_CLRn)          ; Off                      ;
; Enable device-wide output enable (DEV_OE)    ; Off                      ;
; Enable INIT_DONE output                      ; Off                      ;
; Configuration scheme                         ; Passive Serial           ;
; nWS, nRS, nCS, CS                            ; Unreserved               ;
; RDYnBUSY                                     ; Unreserved               ;
; Data[7..1]                                   ; Unreserved               ;
; Reserve all unused pins                      ; As output driving ground ;
; Base pin-out file on sameframe device        ; Off                      ;
+----------------------------------------------+--------------------------+


+------------------------------------------------------------------------------------------------------------------------------------------+
; Input Pins                                                                                                                               ;
+----------+-------+-----+------+---------+--------+--------------+-------------------------+---------------+---------------+--------------+
; Name     ; Pin # ; Row ; Col. ; Fan-Out ; Global ; I/O Register ; Use Local Routing Input ; Power Up High ; Single-Pin CE ; I/O Standard ;
+----------+-------+-----+------+---------+--------+--------------+-------------------------+---------------+---------------+--------------+
; ir_clk   ; 43    ; --  ; --   ; 76      ; yes    ; no           ; no                      ; no            ; no            ; TTL          ;
; ir_input ; 2     ; --  ; --   ; 1       ; no     ; no           ; no                      ; no            ; no            ; TTL          ;
+----------+-------+-----+------+---------+--------+--------------+-------------------------+---------------+---------------+--------------+


+-----------------------------------------------------------------------------------------------------------------------------------------------------------------------------------------------+
; Output Pins                                                                                                                                                                                   ;
+-------------------+-------+-----+------+--------------+--------------------------+---------------+----------------+---------------+---------------+------------+---------------+--------------+
; Name              ; Pin # ; Row ; Col. ; I/O Register ; Use Local Routing Output ; Power Up High ; Slow Slew Rate ; Single-Pin OE ; Single-Pin CE ; Open Drain ; TRI Primitive ; I/O Standard ;
+-------------------+-------+-----+------+--------------+--------------------------+---------------+----------------+---------------+---------------+------------+---------------+--------------+
; ir_but_start/stop ; 19    ;  A  ; --   ; no           ; no                       ; no            ; no             ; no            ; no            ; no         ; no            ; TTL          ;
; ir_save_data[31]  ; 21    ;  B  ; --   ; no           ; no                       ; no            ; no             ; no            ; no            ; no         ; no            ; TTL          ;
; ir_save_data[30]  ; 64    ;  B  ; --   ; no           ; no                       ; no            ; no             ; no            ; no            ; no         ; no            ; TTL          ;
; ir_save_data[29]  ; 52    ; --  ; 19   ; no           ; no                       ; no            ; no             ; no            ; no            ; no         ; no            ; TTL          ;
; ir_save_data[28]  ; 51    ; --  ; 18   ; no           ; no                       ; no            ; no             ; no            ; no            ; no         ; no            ; TTL          ;
; ir_save_data[27]  ; 62    ;  C  ; --   ; no           ; no                       ; no            ; no             ; no            ; no            ; no         ; no            ; TTL          ;
; ir_save_data[26]  ; 65    ;  B  ; --   ; no           ; no                       ; no            ; no             ; no            ; no            ; no         ; no            ; TTL          ;
; ir_save_data[25]  ; 54    ; --  ; 21   ; no           ; no                       ; no            ; no             ; no            ; no            ; no         ; no            ; TTL          ;
; ir_save_data[24]  ; 71    ;  A  ; --   ; no           ; no                       ; no            ; no             ; no            ; no            ; no         ; no            ; TTL          ;
; ir_save_data[23]  ; 3     ; --  ; 12   ; no           ; no                       ; no            ; no             ; no            ; no            ; no         ; no            ; TTL          ;
; ir_save_data[22]  ; 28    ;  C  ; --   ; no           ; no                       ; no            ; no             ; no            ; no            ; no         ; no            ; TTL          ;
; ir_save_data[21]  ; 39    ; --  ; 11   ; no           ; no                       ; no            ; no             ; no            ; no            ; no         ; no            ; TTL          ;
; ir_save_data[20]  ; 23    ;  B  ; --   ; no           ; no                       ; no            ; no             ; no            ; no            ; no         ; no            ; TTL          ;
; ir_save_data[19]  ; 81    ; --  ; 22   ; no           ; no                       ; no            ; no             ; no            ; no            ; no         ; no            ; TTL          ;
; ir_save_data[18]  ; 61    ;  C  ; --   ; no           ; no                       ; no            ; no             ; no            ; no            ; no         ; no            ; TTL          ;
; ir_save_data[17]  ; 22    ;  B  ; --   ; no           ; no                       ; no            ; no             ; no            ; no            ; no         ; no            ; TTL          ;
; ir_save_data[16]  ; 70    ;  A  ; --   ; no           ; no                       ; no            ; no             ; no            ; no            ; no         ; no            ; TTL          ;
; ir_save_data[15]  ; 27    ;  C  ; --   ; no           ; no                       ; no            ; no             ; no            ; no            ; no         ; no            ; TTL          ;
; ir_save_data[14]  ; 6     ; --  ; 4    ; no           ; no                       ; no            ; no             ; no            ; no            ; no         ; no            ; TTL          ;
; ir_save_data[13]  ; 7     ; --  ; 3    ; no           ; no                       ; no            ; no             ; no            ; no            ; no         ; no            ; TTL          ;
; ir_save_data[12]  ; 8     ; --  ; 3    ; no           ; no                       ; no            ; no             ; no            ; no            ; no         ; no            ; TTL          ;
; ir_save_data[11]  ; 78    ; --  ; 24   ; no           ; no                       ; no            ; no             ; no            ; no            ; no         ; no            ; TTL          ;
; ir_save_data[10]  ; 58    ;  C  ; --   ; no           ; no                       ; no            ; no             ; no            ; no            ; no         ; no            ; TTL          ;
; ir_save_data[9]   ; 66    ;  B  ; --   ; no           ; no                       ; no            ; no             ; no            ; no            ; no         ; no            ; TTL          ;
; ir_save_data[8]   ; 79    ; --  ; 24   ; no           ; no                       ; no            ; no             ; no            ; no            ; no         ; no            ; TTL          ;
; ir_save_data[7]   ; 29    ;  C  ; --   ; no           ; no                       ; no            ; no             ; no            ; no            ; no         ; no            ; TTL          ;
; ir_save_data[6]   ; 30    ;  C  ; --   ; no           ; no                       ; no            ; no             ; no            ; no            ; no         ; no            ; TTL          ;
; ir_save_data[5]   ; 37    ; --  ; 9    ; no           ; no                       ; no            ; no             ; no            ; no            ; no         ; no            ; TTL          ;
; ir_save_data[4]   ; 38    ; --  ; 10   ; no           ; no                       ; no            ; no             ; no            ; no            ; no         ; no            ; TTL          ;
; ir_save_data[3]   ; 24    ;  B  ; --   ; no           ; no                       ; no            ; no             ; no            ; no            ; no         ; no            ; TTL          ;
; ir_save_data[2]   ; 60    ;  C  ; --   ; no           ; no                       ; no            ; no             ; no            ; no            ; no         ; no            ; TTL          ;
; ir_save_data[1]   ; 72    ;  A  ; --   ; no           ; no                       ; no            ; no             ; no            ; no            ; no         ; no            ; TTL          ;
; ir_save_data[0]   ; 80    ; --  ; 23   ; no           ; no                       ; no            ; no             ; no            ; no            ; no         ; no            ; TTL          ;
; ir_but_mute       ; 59    ;  C  ; --   ; no           ; no                       ; no            ; no             ; no            ; no            ; no         ; no            ; TTL          ;
; ir_but_1          ; 53    ; --  ; 20   ; no           ; no                       ; no            ; no             ; no            ; no            ; no         ; no            ; TTL          ;
+-------------------+-------+-----+------+--------------+--------------------------+---------------+----------------+---------------+---------------+------------+---------------+--------------+


+------------------------------------------+
; All Package Pins                         ;
+-------+-------------------+--------------+
; Pin # ; Usage             ; I/O Standard ;
+-------+-------------------+--------------+
; 1     ; GND+              ;              ;
; 2     ; ir_input          ; TTL          ;
; 3     ; ir_save_data[23]  ; TTL          ;
; 4     ; VCC_INT           ;              ;
; 5     ; GND*              ;              ;
; 6     ; ir_save_data[14]  ; TTL          ;
; 7     ; ir_save_data[13]  ; TTL          ;
; 8     ; ir_save_data[12]  ; TTL          ;
; 9     ; GND*              ;              ;
; 10    ; GND*              ;              ;
; 11    ; GND*              ;              ;
; 12    ; ^DATA0            ;              ;
; 13    ; ^DCLK             ;              ;
; 14    ; ^nCE              ;              ;
; 15    ; #TDI              ;              ;
; 16    ; GND*              ;              ;
; 17    ; GND*              ;              ;
; 18    ; GND*              ;              ;
; 19    ; ir_but_start/stop ; TTL          ;
; 20    ; VCC_INT           ;              ;
; 21    ; ir_save_data[31]  ; TTL          ;
; 22    ; ir_save_data[17]  ; TTL          ;
; 23    ; ir_save_data[20]  ; TTL          ;
; 24    ; ir_save_data[3]   ; TTL          ;
; 25    ; GND*              ;              ;
; 26    ; GND_INT           ;              ;
; 27    ; ir_save_data[15]  ; TTL          ;
; 28    ; ir_save_data[22]  ; TTL          ;
; 29    ; ir_save_data[7]   ; TTL          ;
; 30    ; ir_save_data[6]   ; TTL          ;
; 31    ; ^MSEL0            ;              ;
; 32    ; ^MSEL1            ;              ;
; 33    ; VCC_INT           ;              ;
; 34    ; ^nCONFIG          ;              ;
; 35    ; GND*              ;              ;
; 36    ; GND*              ;              ;
; 37    ; ir_save_data[5]   ; TTL          ;
; 38    ; ir_save_data[4]   ; TTL          ;
; 39    ; ir_save_data[21]  ; TTL          ;
; 40    ; VCC_INT           ;              ;
; 41    ; GND_INT           ;              ;
; 42    ; GND+              ;              ;
; 43    ; ir_clk            ; TTL          ;
; 44    ; GND+              ;              ;
; 45    ; VCC_INT           ;              ;
; 46    ; GND_INT           ;              ;
; 47    ; GND*              ;              ;
; 48    ; GND*              ;              ;
; 49    ; GND*              ;              ;
; 50    ; GND*              ;              ;
; 51    ; ir_save_data[28]  ; TTL          ;
; 52    ; ir_save_data[29]  ; TTL          ;
; 53    ; ir_but_1          ; TTL          ;
; 54    ; ir_save_data[25]  ; TTL          ;
; 55    ; ^nSTATUS          ;              ;
; 56    ; #TRST             ;              ;
; 57    ; #TMS              ;              ;
; 58    ; ir_save_data[10]  ; TTL          ;
; 59    ; ir_but_mute       ; TTL          ;
; 60    ; ir_save_data[2]   ; TTL          ;
; 61    ; ir_save_data[18]  ; TTL          ;
; 62    ; ir_save_data[27]  ; TTL          ;
; 63    ; VCC_INT           ;              ;
; 64    ; ir_save_data[30]  ; TTL          ;
; 65    ; ir_save_data[26]  ; TTL          ;
; 66    ; ir_save_data[9]   ; TTL          ;
; 67    ; GND*              ;              ;
; 68    ; GND_INT           ;              ;
; 69    ; GND*              ;              ;
; 70    ; ir_save_data[16]  ; TTL          ;
; 71    ; ir_save_data[24]  ; TTL          ;
; 72    ; ir_save_data[1]   ; TTL          ;
; 73    ; GND*              ;              ;
; 74    ; #TDO              ;              ;
; 75    ; ^nCEO             ;              ;
; 76    ; ^CONF_DONE        ;              ;
; 77    ; #TCK              ;              ;
; 78    ; ir_save_data[11]  ; TTL          ;
; 79    ; ir_save_data[8]   ; TTL          ;
; 80    ; ir_save_data[0]   ; TTL          ;
; 81    ; ir_save_data[19]  ; TTL          ;
; 82    ; GND_INT           ;              ;
; 83    ; GND*              ;              ;
; 84    ; GND+              ;              ;
+-------+-------------------+--------------+


+-----------------------------------------------------------+
; Control Signals                                           ;
+---------+---------+---------+--------------+--------------+
; Name    ; Pin #   ; Fan-Out ; Usage        ; Global Usage ;
+---------+---------+---------+--------------+--------------+
; ir_clk  ; 43      ; 76      ; Clock        ; Pin          ;
; inst92  ; LC1_C9  ; 1       ; Clock        ; Internal     ;
; inst151 ; LC1_C13 ; 32      ; Clock enable ; Non-global   ;
+---------+---------+---------+--------------+--------------+


+--------------------------------------+
; Global & Other Fast Signals          ;
+----------+--------+---------+--------+
; Name     ; Pin #  ; Fan-Out ; Global ;
+----------+--------+---------+--------+
; ir_clk   ; 43     ; 76      ; yes    ;
; ir_input ; 2      ; 1       ; no     ;
; inst92   ; LC1_C9 ; 1       ; yes    ;
+----------+--------+---------+--------+


+---------------------------------------------+
; Carry Chains                                ;
+--------------------+------------------------+
; Carry Chain Length ; Number of Carry Chains ;
+--------------------+------------------------+
; 0                  ; 0                      ;
; 1                  ; 0                      ;
; 2                  ; 0                      ;
; 3                  ; 0                      ;
; 4                  ; 1                      ;
; 5                  ; 0                      ;
; 6                  ; 0                      ;
; 7                  ; 0                      ;
; 8                  ; 0                      ;
; 9                  ; 1                      ;
+--------------------+------------------------+


+---------------------------------------------------------------------+
; Non-Global High Fan-Out Signals                                     ;
+-----------------------------------------------------------+---------+
; Name                                                      ; Fan-Out ;
+-----------------------------------------------------------+---------+
; lpm_counter:inst155|alt_counter_f10ke:wysi_counter|cout~0 ; 41      ;
; inst149~7                                                 ; 40      ;
; inst151~12                                                ; 32      ;
; lpm_shiftreg:inst27|dffs[30]~65                           ; 5       ;
; lpm_shiftreg:inst27|dffs[23]~72                           ; 5       ;
; lpm_shiftreg:inst27|dffs[22]~73                           ; 5       ;
; lpm_shiftreg:inst27|dffs[6]~89                            ; 5       ;
; lpm_shiftreg:inst27|dffs[7]~88                            ; 5       ;
; lpm_shiftreg:inst27|dffs[9]~86                            ; 5       ;
; lpm_shiftreg:inst27|dffs[8]~87                            ; 5       ;
; lpm_shiftreg:inst27|dffs[25]~70                           ; 5       ;
; lpm_shiftreg:inst27|dffs[24]~71                           ; 5       ;
; lpm_shiftreg:inst27|dffs[10]~85                           ; 5       ;
; lpm_shiftreg:inst27|dffs[11]~84                           ; 5       ;
; lpm_shiftreg:inst27|dffs[13]~82                           ; 5       ;
; lpm_shiftreg:inst27|dffs[12]~83                           ; 5       ;
; lpm_shiftreg:inst27|dffs[31]~64                           ; 5       ;
; lpm_shiftreg:inst27|dffs[29]~66                           ; 5       ;
; lpm_shiftreg:inst27|dffs[28]~67                           ; 5       ;
; lpm_shiftreg:inst27|dffs[14]~81                           ; 5       ;
; lpm_shiftreg:inst27|dffs[26]~69                           ; 5       ;
; lpm_shiftreg:inst27|dffs[15]~80                           ; 5       ;
; lpm_shiftreg:inst27|dffs[27]~68                           ; 5       ;
; lpm_shiftreg:inst27|dffs[16]~79                           ; 5       ;
; lpm_shiftreg:inst27|dffs[17]~78                           ; 5       ;
; lpm_shiftreg:inst27|dffs[21]~74                           ; 5       ;
; lpm_shiftreg:inst27|dffs[19]~76                           ; 5       ;
; lpm_shiftreg:inst27|dffs[18]~77                           ; 5       ;
; lpm_shiftreg:inst27|dffs[1]~94                            ; 5       ;
; lpm_shiftreg:inst27|dffs[0]~95                            ; 5       ;
; lpm_shiftreg:inst27|dffs[20]~75                           ; 5       ;
; lpm_shiftreg:inst27|dffs[3]~92                            ; 5       ;
; lpm_shiftreg:inst27|dffs[2]~93                            ; 5       ;
; lpm_shiftreg:inst27|dffs[5]~90                            ; 5       ;
; lpm_shiftreg:inst27|dffs[4]~91                            ; 5       ;
; inst158~1                                                 ; 3       ;
; lpm_shiftreg:inst162|dffs[15]~944                         ; 2       ;
; lpm_shiftreg:inst162|dffs[16]~943                         ; 2       ;
; lpm_shiftreg:inst162|dffs[17]~942                         ; 2       ;
; lpm_shiftreg:inst162|dffs[3]~956                          ; 2       ;
; lpm_shiftreg:inst162|dffs[5]~954                          ; 2       ;
; lpm_shiftreg:inst162|dffs[6]~953                          ; 2       ;
; lpm_shiftreg:inst162|dffs[8]~951                          ; 2       ;
; lpm_shiftreg:inst162|dffs[7]~952                          ; 2       ;
; lpm_shiftreg:inst162|dffs[9]~950                          ; 2       ;
; lpm_shiftreg:inst162|dffs[22]~937                         ; 2       ;
; lpm_shiftreg:inst162|dffs[18]~941                         ; 2       ;
; lpm_shiftreg:inst162|dffs[19]~940                         ; 2       ;
; lpm_shiftreg:inst162|dffs[20]~939                         ; 2       ;
; lpm_shiftreg:inst162|dffs[21]~938                         ; 2       ;
+-----------------------------------------------------------+---------+


+---------------------------------------------------------------------------------------------+
; Peripheral Signals                                                                          ;
+-------------------+--------+-------+-----------------+---------------------------+----------+
; Peripheral Signal ; Source ; Usage ; Dedicated Clock ; Peripheral Control Signal ; Polarity ;
+-------------------+--------+-------+-----------------+---------------------------+----------+
; inst92            ; LC1_C9 ; Clock ; no              ; yes                       ; +ve      ;
+-------------------+--------+-------+-----------------+---------------------------+----------+


+-------------------------------------------+
; LAB                                       ;
+--------------------------+----------------+
; Number of Logic Elements ; Number of LABs ;
+--------------------------+----------------+
; 0                        ; 54             ;
; 1                        ; 1              ;
; 2                        ; 0              ;
; 3                        ; 1              ;
; 4                        ; 0              ;
; 5                        ; 0              ;
; 6                        ; 1              ;
; 7                        ; 1              ;
; 8                        ; 14             ;
+--------------------------+----------------+


+----------------------------------------------+
; Local Routing Interconnect                   ;
+-----------------------------+----------------+
; Local Routing Interconnects ; Number of LABs ;
+-----------------------------+----------------+
; 0                           ; 54             ;
; 1                           ; 1              ;
; 2                           ; 1              ;
; 3                           ; 1              ;
; 4                           ; 11             ;
; 5                           ; 2              ;
; 6                           ; 1              ;
; 7                           ; 1              ;
+-----------------------------+----------------+


+---------------------------------------------+
; LAB External Interconnect                   ;
+----------------------------+----------------+
; LAB External Interconnects ; Number of LABs ;
+----------------------------+----------------+
; 0                          ; 55             ;
; 1                          ; 1              ;
; 2                          ; 0              ;
; 3                          ; 1              ;
; 4                          ; 8              ;
; 5                          ; 0              ;
; 6                          ; 3              ;
; 7                          ; 2              ;
; 8                          ; 0              ;
; 9                          ; 0              ;
; 10                         ; 0              ;
; 11                         ; 0              ;
; 12                         ; 0              ;
; 13                         ; 1              ;
; 14                         ; 0              ;
; 15                         ; 0              ;
; 16                         ; 1              ;
+----------------------------+----------------+


+-----------------------------------------------------------------------------------------+
; Row Interconnect                                                                        ;
+-------+--------------------+-----------------------------+------------------------------+
; Row   ; Interconnect Used  ; Left Half Interconnect Used ; Right Half Interconnect Used ;
+-------+--------------------+-----------------------------+------------------------------+
;  A    ;  0 / 96 ( 0 % )    ;  1 / 48 ( 2 % )             ;  3 / 48 ( 6 % )              ;
;  B    ;  3 / 96 ( 3 % )    ;  1 / 48 ( 2 % )             ;  3 / 48 ( 6 % )              ;
;  C    ;  44 / 96 ( 46 % )  ;  8 / 48 ( 17 % )            ;  32 / 48 ( 67 % )            ;
; Total ;  47 / 288 ( 16 % ) ;  10 / 144 ( 7 % )           ;  38 / 144 ( 26 % )           ;
+-------+--------------------+-----------------------------+------------------------------+


+---------------------------+
; LAB Column Interconnect   ;
+-------+-------------------+
; Col.  ; Interconnect Used ;
+-------+-------------------+
; 1     ;  0 / 24 ( 0 % )   ;
; 2     ;  0 / 24 ( 0 % )   ;
; 3     ;  2 / 24 ( 8 % )   ;
; 4     ;  1 / 24 ( 4 % )   ;
; 5     ;  0 / 24 ( 0 % )   ;
; 6     ;  0 / 24 ( 0 % )   ;
; 7     ;  0 / 24 ( 0 % )   ;
; 8     ;  0 / 24 ( 0 % )   ;
; 9     ;  1 / 24 ( 4 % )   ;
; 10    ;  1 / 24 ( 4 % )   ;
; 11    ;  2 / 24 ( 8 % )   ;
; 12    ;  1 / 24 ( 4 % )   ;
; 13    ;  0 / 24 ( 0 % )   ;
; 14    ;  0 / 24 ( 0 % )   ;
; 15    ;  0 / 24 ( 0 % )   ;
; 16    ;  0 / 24 ( 0 % )   ;
; 17    ;  0 / 24 ( 0 % )   ;
; 18    ;  1 / 24 ( 4 % )   ;
; 19    ;  3 / 24 ( 13 % )  ;
; 20    ;  1 / 24 ( 4 % )   ;
; 21    ;  3 / 24 ( 13 % )  ;
; 22    ;  3 / 24 ( 13 % )  ;
; 23    ;  3 / 24 ( 13 % )  ;
; 24    ;  3 / 24 ( 13 % )  ;
; Total ;  25 / 576 ( 4 % ) ;
+-------+-------------------+


+---------------------------+
; LAB Column Interconnect   ;
+-------+-------------------+
; Col.  ; Interconnect Used ;
+-------+-------------------+
; 1     ;  0 / 24 ( 0 % )   ;
; Total ;  0 / 24 ( 0 % )   ;
+-------+-------------------+


+---------------------------------------------------------------------------------------------+
; Fitter Resource Usage Summary                                                               ;
+-----------------------------------+---------------------------------------------------------+
; Resource                          ; Usage                                                   ;
+-----------------------------------+---------------------------------------------------------+
; Total logic elements              ; 129 / 576 ( 22 % )                                      ;
; Registers                         ; 77 / 576 ( 13 % )                                       ;
; Logic elements in carry chains    ; 13                                                      ;
; User inserted logic elements      ; 0                                                       ;
; I/O pins                          ; 37 / 59 ( 63 % )                                        ;
;     -- Clock pins                 ; 2                                                       ;
;     -- Dedicated input pins       ; 3 / 4 ( 75 % )                                          ;
; Global signals                    ; 2                                                       ;
; EABs                              ; 0 / 3 ( 0 % )                                           ;
; Total memory bits                 ; 0 / 6,144 ( 0 % )                                       ;
; Total RAM block bits              ; 0 / 6,144 ( 0 % )                                       ;
; Maximum fan-out node              ; ir_clk                                                  ;
; Maximum fan-out                   ; 76                                                      ;
; Highest non-global fan-out signal ; lpm_counter:inst155|alt_counter_f10ke:wysi_counter|cout ;
; Highest non-global fan-out        ; 41                                                      ;
; Total fan-out                     ; 487                                                     ;
; Average fan-out                   ; 2.93                                                    ;
+-----------------------------------+---------------------------------------------------------+


+--------------------------------------------------------------------------------------------------------------------------------------------------------------------------------------------------------------------------------------------------------------------------------------------------------------------------------------------------------+
; Fitter Resource Utilization by Entity                                                                                                                                                                                                                                                                                                                  ;
+-------------------------------------------+-------------+--------------+-------------+------+--------------+-------------------+------------------+-----------------+------------+------------------------------------------------------------------------------------------------------------------------------------------------------+--------------+
; Compilation Hierarchy Node                ; Logic Cells ; LC Registers ; Memory Bits ; Pins ; LUT-Only LCs ; Register-Only LCs ; LUT/Register LCs ; Carry Chain LCs ; Packed LCs ; Full Hierarchy Name                                                                                                                                  ; Library Name ;
+-------------------------------------------+-------------+--------------+-------------+------+--------------+-------------------+------------------+-----------------+------------+------------------------------------------------------------------------------------------------------------------------------------------------------+--------------+
; |sss_ir_receiver                          ; 129 (8)     ; 77           ; 0           ; 37   ; 52 (3)       ; 36 (4)            ; 41 (1)           ; 13 (0)          ; 0 (0)      ; |sss_ir_receiver                                                                                                                                     ; work         ;
;    |lpm_compare:inst156|                  ; 4 (0)       ; 0            ; 0           ; 0    ; 4 (0)        ; 0 (0)             ; 0 (0)            ; 4 (0)           ; 0 (0)      ; |sss_ir_receiver|lpm_compare:inst156                                                                                                                 ; work         ;
;       |comptree:comparator|               ; 4 (0)       ; 0            ; 0           ; 0    ; 4 (0)        ; 0 (0)             ; 0 (0)            ; 4 (0)           ; 0 (0)      ; |sss_ir_receiver|lpm_compare:inst156|comptree:comparator                                                                                             ; work         ;
;          |cmpchain:cmp_end|               ; 4 (4)       ; 0            ; 0           ; 0    ; 4 (4)        ; 0 (0)             ; 0 (0)            ; 4 (4)           ; 0 (0)      ; |sss_ir_receiver|lpm_compare:inst156|comptree:comparator|cmpchain:cmp_end                                                                            ; work         ;
;    |lpm_compare:inst209|                  ; 11 (0)      ; 0            ; 0           ; 0    ; 11 (0)       ; 0 (0)             ; 0 (0)            ; 0 (0)           ; 0 (0)      ; |sss_ir_receiver|lpm_compare:inst209                                                                                                                 ; work         ;
;       |comptree:comparator|               ; 11 (0)      ; 0            ; 0           ; 0    ; 11 (0)       ; 0 (0)             ; 0 (0)            ; 0 (0)           ; 0 (0)      ; |sss_ir_receiver|lpm_compare:inst209|comptree:comparator                                                                                             ; work         ;
;          |cmpchain:cmp_end|               ; 11 (0)      ; 0            ; 0           ; 0    ; 11 (0)       ; 0 (0)             ; 0 (0)            ; 0 (0)           ; 0 (0)      ; |sss_ir_receiver|lpm_compare:inst209|comptree:comparator|cmpchain:cmp_end                                                                            ; work         ;
;             |comptree:comp|               ; 11 (0)      ; 0            ; 0           ; 0    ; 11 (0)       ; 0 (0)             ; 0 (0)            ; 0 (0)           ; 0 (0)      ; |sss_ir_receiver|lpm_compare:inst209|comptree:comparator|cmpchain:cmp_end|comptree:comp                                                              ; work         ;
;                |cmpchain:cmp[0]|          ; 1 (1)       ; 0            ; 0           ; 0    ; 1 (1)        ; 0 (0)             ; 0 (0)            ; 0 (0)           ; 0 (0)      ; |sss_ir_receiver|lpm_compare:inst209|comptree:comparator|cmpchain:cmp_end|comptree:comp|cmpchain:cmp[0]                                              ; work         ;
;                |cmpchain:cmp[1]|          ; 1 (1)       ; 0            ; 0           ; 0    ; 1 (1)        ; 0 (0)             ; 0 (0)            ; 0 (0)           ; 0 (0)      ; |sss_ir_receiver|lpm_compare:inst209|comptree:comparator|cmpchain:cmp_end|comptree:comp|cmpchain:cmp[1]                                              ; work         ;
;                |cmpchain:cmp[2]|          ; 1 (1)       ; 0            ; 0           ; 0    ; 1 (1)        ; 0 (0)             ; 0 (0)            ; 0 (0)           ; 0 (0)      ; |sss_ir_receiver|lpm_compare:inst209|comptree:comparator|cmpchain:cmp_end|comptree:comp|cmpchain:cmp[2]                                              ; work         ;
;                |cmpchain:cmp[3]|          ; 1 (1)       ; 0            ; 0           ; 0    ; 1 (1)        ; 0 (0)             ; 0 (0)            ; 0 (0)           ; 0 (0)      ; |sss_ir_receiver|lpm_compare:inst209|comptree:comparator|cmpchain:cmp_end|comptree:comp|cmpchain:cmp[3]                                              ; work         ;
;                |cmpchain:cmp[4]|          ; 1 (1)       ; 0            ; 0           ; 0    ; 1 (1)        ; 0 (0)             ; 0 (0)            ; 0 (0)           ; 0 (0)      ; |sss_ir_receiver|lpm_compare:inst209|comptree:comparator|cmpchain:cmp_end|comptree:comp|cmpchain:cmp[4]                                              ; work         ;
;                |cmpchain:cmp[5]|          ; 1 (1)       ; 0            ; 0           ; 0    ; 1 (1)        ; 0 (0)             ; 0 (0)            ; 0 (0)           ; 0 (0)      ; |sss_ir_receiver|lpm_compare:inst209|comptree:comparator|cmpchain:cmp_end|comptree:comp|cmpchain:cmp[5]                                              ; work         ;
;                |cmpchain:cmp[6]|          ; 1 (1)       ; 0            ; 0           ; 0    ; 1 (1)        ; 0 (0)             ; 0 (0)            ; 0 (0)           ; 0 (0)      ; |sss_ir_receiver|lpm_compare:inst209|comptree:comparator|cmpchain:cmp_end|comptree:comp|cmpchain:cmp[6]                                              ; work         ;
;                |cmpchain:cmp[7]|          ; 1 (1)       ; 0            ; 0           ; 0    ; 1 (1)        ; 0 (0)             ; 0 (0)            ; 0 (0)           ; 0 (0)      ; |sss_ir_receiver|lpm_compare:inst209|comptree:comparator|cmpchain:cmp_end|comptree:comp|cmpchain:cmp[7]                                              ; work         ;
;                |comptree:sub_comptree|    ; 3 (0)       ; 0            ; 0           ; 0    ; 3 (0)        ; 0 (0)             ; 0 (0)            ; 0 (0)           ; 0 (0)      ; |sss_ir_receiver|lpm_compare:inst209|comptree:comparator|cmpchain:cmp_end|comptree:comp|comptree:sub_comptree                                        ; work         ;
;                   |cmpchain:cmp[0]|       ; 1 (1)       ; 0            ; 0           ; 0    ; 1 (1)        ; 0 (0)             ; 0 (0)            ; 0 (0)           ; 0 (0)      ; |sss_ir_receiver|lpm_compare:inst209|comptree:comparator|cmpchain:cmp_end|comptree:comp|comptree:sub_comptree|cmpchain:cmp[0]                        ; work         ;
;                   |cmpchain:cmp[1]|       ; 1 (1)       ; 0            ; 0           ; 0    ; 1 (1)        ; 0 (0)             ; 0 (0)            ; 0 (0)           ; 0 (0)      ; |sss_ir_receiver|lpm_compare:inst209|comptree:comparator|cmpchain:cmp_end|comptree:comp|comptree:sub_comptree|cmpchain:cmp[1]                        ; work         ;
;                   |comptree:sub_comptree| ; 1 (0)       ; 0            ; 0           ; 0    ; 1 (0)        ; 0 (0)             ; 0 (0)            ; 0 (0)           ; 0 (0)      ; |sss_ir_receiver|lpm_compare:inst209|comptree:comparator|cmpchain:cmp_end|comptree:comp|comptree:sub_comptree|comptree:sub_comptree                  ; work         ;
;                      |cmpchain:cmp_end|   ; 1 (1)       ; 0            ; 0           ; 0    ; 1 (1)        ; 0 (0)             ; 0 (0)            ; 0 (0)           ; 0 (0)      ; |sss_ir_receiver|lpm_compare:inst209|comptree:comparator|cmpchain:cmp_end|comptree:comp|comptree:sub_comptree|comptree:sub_comptree|cmpchain:cmp_end ; work         ;
;    |lpm_compare:inst211|                  ; 11 (0)      ; 0            ; 0           ; 0    ; 11 (0)       ; 0 (0)             ; 0 (0)            ; 0 (0)           ; 0 (0)      ; |sss_ir_receiver|lpm_compare:inst211                                                                                                                 ; work         ;
;       |comptree:comparator|               ; 11 (0)      ; 0            ; 0           ; 0    ; 11 (0)       ; 0 (0)             ; 0 (0)            ; 0 (0)           ; 0 (0)      ; |sss_ir_receiver|lpm_compare:inst211|comptree:comparator                                                                                             ; work         ;
;          |cmpchain:cmp_end|               ; 11 (0)      ; 0            ; 0           ; 0    ; 11 (0)       ; 0 (0)             ; 0 (0)            ; 0 (0)           ; 0 (0)      ; |sss_ir_receiver|lpm_compare:inst211|comptree:comparator|cmpchain:cmp_end                                                                            ; work         ;
;             |comptree:comp|               ; 11 (0)      ; 0            ; 0           ; 0    ; 11 (0)       ; 0 (0)             ; 0 (0)            ; 0 (0)           ; 0 (0)      ; |sss_ir_receiver|lpm_compare:inst211|comptree:comparator|cmpchain:cmp_end|comptree:comp                                                              ; work         ;
;                |cmpchain:cmp[0]|          ; 1 (1)       ; 0            ; 0           ; 0    ; 1 (1)        ; 0 (0)             ; 0 (0)            ; 0 (0)           ; 0 (0)      ; |sss_ir_receiver|lpm_compare:inst211|comptree:comparator|cmpchain:cmp_end|comptree:comp|cmpchain:cmp[0]                                              ; work         ;
;                |cmpchain:cmp[1]|          ; 1 (1)       ; 0            ; 0           ; 0    ; 1 (1)        ; 0 (0)             ; 0 (0)            ; 0 (0)           ; 0 (0)      ; |sss_ir_receiver|lpm_compare:inst211|comptree:comparator|cmpchain:cmp_end|comptree:comp|cmpchain:cmp[1]                                              ; work         ;
;                |cmpchain:cmp[2]|          ; 1 (1)       ; 0            ; 0           ; 0    ; 1 (1)        ; 0 (0)             ; 0 (0)            ; 0 (0)           ; 0 (0)      ; |sss_ir_receiver|lpm_compare:inst211|comptree:comparator|cmpchain:cmp_end|comptree:comp|cmpchain:cmp[2]                                              ; work         ;
;                |cmpchain:cmp[3]|          ; 1 (1)       ; 0            ; 0           ; 0    ; 1 (1)        ; 0 (0)             ; 0 (0)            ; 0 (0)           ; 0 (0)      ; |sss_ir_receiver|lpm_compare:inst211|comptree:comparator|cmpchain:cmp_end|comptree:comp|cmpchain:cmp[3]                                              ; work         ;
;                |cmpchain:cmp[4]|          ; 1 (1)       ; 0            ; 0           ; 0    ; 1 (1)        ; 0 (0)             ; 0 (0)            ; 0 (0)           ; 0 (0)      ; |sss_ir_receiver|lpm_compare:inst211|comptree:comparator|cmpchain:cmp_end|comptree:comp|cmpchain:cmp[4]                                              ; work         ;
;                |cmpchain:cmp[5]|          ; 1 (1)       ; 0            ; 0           ; 0    ; 1 (1)        ; 0 (0)             ; 0 (0)            ; 0 (0)           ; 0 (0)      ; |sss_ir_receiver|lpm_compare:inst211|comptree:comparator|cmpchain:cmp_end|comptree:comp|cmpchain:cmp[5]                                              ; work         ;
;                |cmpchain:cmp[6]|          ; 1 (1)       ; 0            ; 0           ; 0    ; 1 (1)        ; 0 (0)             ; 0 (0)            ; 0 (0)           ; 0 (0)      ; |sss_ir_receiver|lpm_compare:inst211|comptree:comparator|cmpchain:cmp_end|comptree:comp|cmpchain:cmp[6]                                              ; work         ;
;                |cmpchain:cmp[7]|          ; 1 (1)       ; 0            ; 0           ; 0    ; 1 (1)        ; 0 (0)             ; 0 (0)            ; 0 (0)           ; 0 (0)      ; |sss_ir_receiver|lpm_compare:inst211|comptree:comparator|cmpchain:cmp_end|comptree:comp|cmpchain:cmp[7]                                              ; work         ;
;                |comptree:sub_comptree|    ; 3 (0)       ; 0            ; 0           ; 0    ; 3 (0)        ; 0 (0)             ; 0 (0)            ; 0 (0)           ; 0 (0)      ; |sss_ir_receiver|lpm_compare:inst211|comptree:comparator|cmpchain:cmp_end|comptree:comp|comptree:sub_comptree                                        ; work         ;
;                   |cmpchain:cmp[0]|       ; 1 (1)       ; 0            ; 0           ; 0    ; 1 (1)        ; 0 (0)             ; 0 (0)            ; 0 (0)           ; 0 (0)      ; |sss_ir_receiver|lpm_compare:inst211|comptree:comparator|cmpchain:cmp_end|comptree:comp|comptree:sub_comptree|cmpchain:cmp[0]                        ; work         ;
;                   |cmpchain:cmp[1]|       ; 1 (1)       ; 0            ; 0           ; 0    ; 1 (1)        ; 0 (0)             ; 0 (0)            ; 0 (0)           ; 0 (0)      ; |sss_ir_receiver|lpm_compare:inst211|comptree:comparator|cmpchain:cmp_end|comptree:comp|comptree:sub_comptree|cmpchain:cmp[1]                        ; work         ;
;                   |comptree:sub_comptree| ; 1 (0)       ; 0            ; 0           ; 0    ; 1 (0)        ; 0 (0)             ; 0 (0)            ; 0 (0)           ; 0 (0)      ; |sss_ir_receiver|lpm_compare:inst211|comptree:comparator|cmpchain:cmp_end|comptree:comp|comptree:sub_comptree|comptree:sub_comptree                  ; work         ;
;                      |cmpchain:cmp_end|   ; 1 (1)       ; 0            ; 0           ; 0    ; 1 (1)        ; 0 (0)             ; 0 (0)            ; 0 (0)           ; 0 (0)      ; |sss_ir_receiver|lpm_compare:inst211|comptree:comparator|cmpchain:cmp_end|comptree:comp|comptree:sub_comptree|comptree:sub_comptree|cmpchain:cmp_end ; work         ;
;    |lpm_compare:inst227|                  ; 11 (0)      ; 0            ; 0           ; 0    ; 11 (0)       ; 0 (0)             ; 0 (0)            ; 0 (0)           ; 0 (0)      ; |sss_ir_receiver|lpm_compare:inst227                                                                                                                 ; work         ;
;       |comptree:comparator|               ; 11 (0)      ; 0            ; 0           ; 0    ; 11 (0)       ; 0 (0)             ; 0 (0)            ; 0 (0)           ; 0 (0)      ; |sss_ir_receiver|lpm_compare:inst227|comptree:comparator                                                                                             ; work         ;
;          |cmpchain:cmp_end|               ; 11 (0)      ; 0            ; 0           ; 0    ; 11 (0)       ; 0 (0)             ; 0 (0)            ; 0 (0)           ; 0 (0)      ; |sss_ir_receiver|lpm_compare:inst227|comptree:comparator|cmpchain:cmp_end                                                                            ; work         ;
;             |comptree:comp|               ; 11 (0)      ; 0            ; 0           ; 0    ; 11 (0)       ; 0 (0)             ; 0 (0)            ; 0 (0)           ; 0 (0)      ; |sss_ir_receiver|lpm_compare:inst227|comptree:comparator|cmpchain:cmp_end|comptree:comp                                                              ; work         ;
;                |cmpchain:cmp[0]|          ; 1 (1)       ; 0            ; 0           ; 0    ; 1 (1)        ; 0 (0)             ; 0 (0)            ; 0 (0)           ; 0 (0)      ; |sss_ir_receiver|lpm_compare:inst227|comptree:comparator|cmpchain:cmp_end|comptree:comp|cmpchain:cmp[0]                                              ; work         ;
;                |cmpchain:cmp[1]|          ; 1 (1)       ; 0            ; 0           ; 0    ; 1 (1)        ; 0 (0)             ; 0 (0)            ; 0 (0)           ; 0 (0)      ; |sss_ir_receiver|lpm_compare:inst227|comptree:comparator|cmpchain:cmp_end|comptree:comp|cmpchain:cmp[1]                                              ; work         ;
;                |cmpchain:cmp[2]|          ; 1 (1)       ; 0            ; 0           ; 0    ; 1 (1)        ; 0 (0)             ; 0 (0)            ; 0 (0)           ; 0 (0)      ; |sss_ir_receiver|lpm_compare:inst227|comptree:comparator|cmpchain:cmp_end|comptree:comp|cmpchain:cmp[2]                                              ; work         ;
;                |cmpchain:cmp[3]|          ; 1 (1)       ; 0            ; 0           ; 0    ; 1 (1)        ; 0 (0)             ; 0 (0)            ; 0 (0)           ; 0 (0)      ; |sss_ir_receiver|lpm_compare:inst227|comptree:comparator|cmpchain:cmp_end|comptree:comp|cmpchain:cmp[3]                                              ; work         ;
;                |cmpchain:cmp[4]|          ; 1 (1)       ; 0            ; 0           ; 0    ; 1 (1)        ; 0 (0)             ; 0 (0)            ; 0 (0)           ; 0 (0)      ; |sss_ir_receiver|lpm_compare:inst227|comptree:comparator|cmpchain:cmp_end|comptree:comp|cmpchain:cmp[4]                                              ; work         ;
;                |cmpchain:cmp[5]|          ; 1 (1)       ; 0            ; 0           ; 0    ; 1 (1)        ; 0 (0)             ; 0 (0)            ; 0 (0)           ; 0 (0)      ; |sss_ir_receiver|lpm_compare:inst227|comptree:comparator|cmpchain:cmp_end|comptree:comp|cmpchain:cmp[5]                                              ; work         ;
;                |cmpchain:cmp[6]|          ; 1 (1)       ; 0            ; 0           ; 0    ; 1 (1)        ; 0 (0)             ; 0 (0)            ; 0 (0)           ; 0 (0)      ; |sss_ir_receiver|lpm_compare:inst227|comptree:comparator|cmpchain:cmp_end|comptree:comp|cmpchain:cmp[6]                                              ; work         ;
;                |cmpchain:cmp[7]|          ; 1 (1)       ; 0            ; 0           ; 0    ; 1 (1)        ; 0 (0)             ; 0 (0)            ; 0 (0)           ; 0 (0)      ; |sss_ir_receiver|lpm_compare:inst227|comptree:comparator|cmpchain:cmp_end|comptree:comp|cmpchain:cmp[7]                                              ; work         ;
;                |comptree:sub_comptree|    ; 3 (0)       ; 0            ; 0           ; 0    ; 3 (0)        ; 0 (0)             ; 0 (0)            ; 0 (0)           ; 0 (0)      ; |sss_ir_receiver|lpm_compare:inst227|comptree:comparator|cmpchain:cmp_end|comptree:comp|comptree:sub_comptree                                        ; work         ;
;                   |cmpchain:cmp[0]|       ; 1 (1)       ; 0            ; 0           ; 0    ; 1 (1)        ; 0 (0)             ; 0 (0)            ; 0 (0)           ; 0 (0)      ; |sss_ir_receiver|lpm_compare:inst227|comptree:comparator|cmpchain:cmp_end|comptree:comp|comptree:sub_comptree|cmpchain:cmp[0]                        ; work         ;
;                   |cmpchain:cmp[1]|       ; 1 (1)       ; 0            ; 0           ; 0    ; 1 (1)        ; 0 (0)             ; 0 (0)            ; 0 (0)           ; 0 (0)      ; |sss_ir_receiver|lpm_compare:inst227|comptree:comparator|cmpchain:cmp_end|comptree:comp|comptree:sub_comptree|cmpchain:cmp[1]                        ; work         ;
;                   |comptree:sub_comptree| ; 1 (0)       ; 0            ; 0           ; 0    ; 1 (0)        ; 0 (0)             ; 0 (0)            ; 0 (0)           ; 0 (0)      ; |sss_ir_receiver|lpm_compare:inst227|comptree:comparator|cmpchain:cmp_end|comptree:comp|comptree:sub_comptree|comptree:sub_comptree                  ; work         ;
;                      |cmpchain:cmp_end|   ; 1 (1)       ; 0            ; 0           ; 0    ; 1 (1)        ; 0 (0)             ; 0 (0)            ; 0 (0)           ; 0 (0)      ; |sss_ir_receiver|lpm_compare:inst227|comptree:comparator|cmpchain:cmp_end|comptree:comp|comptree:sub_comptree|comptree:sub_comptree|cmpchain:cmp_end ; work         ;
;    |lpm_compare:inst235|                  ; 11 (0)      ; 0            ; 0           ; 0    ; 11 (0)       ; 0 (0)             ; 0 (0)            ; 0 (0)           ; 0 (0)      ; |sss_ir_receiver|lpm_compare:inst235                                                                                                                 ; work         ;
;       |comptree:comparator|               ; 11 (0)      ; 0            ; 0           ; 0    ; 11 (0)       ; 0 (0)             ; 0 (0)            ; 0 (0)           ; 0 (0)      ; |sss_ir_receiver|lpm_compare:inst235|comptree:comparator                                                                                             ; work         ;
;          |cmpchain:cmp_end|               ; 11 (0)      ; 0            ; 0           ; 0    ; 11 (0)       ; 0 (0)             ; 0 (0)            ; 0 (0)           ; 0 (0)      ; |sss_ir_receiver|lpm_compare:inst235|comptree:comparator|cmpchain:cmp_end                                                                            ; work         ;
;             |comptree:comp|               ; 11 (0)      ; 0            ; 0           ; 0    ; 11 (0)       ; 0 (0)             ; 0 (0)            ; 0 (0)           ; 0 (0)      ; |sss_ir_receiver|lpm_compare:inst235|comptree:comparator|cmpchain:cmp_end|comptree:comp                                                              ; work         ;
;                |cmpchain:cmp[0]|          ; 1 (1)       ; 0            ; 0           ; 0    ; 1 (1)        ; 0 (0)             ; 0 (0)            ; 0 (0)           ; 0 (0)      ; |sss_ir_receiver|lpm_compare:inst235|comptree:comparator|cmpchain:cmp_end|comptree:comp|cmpchain:cmp[0]                                              ; work         ;
;                |cmpchain:cmp[1]|          ; 1 (1)       ; 0            ; 0           ; 0    ; 1 (1)        ; 0 (0)             ; 0 (0)            ; 0 (0)           ; 0 (0)      ; |sss_ir_receiver|lpm_compare:inst235|comptree:comparator|cmpchain:cmp_end|comptree:comp|cmpchain:cmp[1]                                              ; work         ;
;                |cmpchain:cmp[2]|          ; 1 (1)       ; 0            ; 0           ; 0    ; 1 (1)        ; 0 (0)             ; 0 (0)            ; 0 (0)           ; 0 (0)      ; |sss_ir_receiver|lpm_compare:inst235|comptree:comparator|cmpchain:cmp_end|comptree:comp|cmpchain:cmp[2]                                              ; work         ;
;                |cmpchain:cmp[3]|          ; 1 (1)       ; 0            ; 0           ; 0    ; 1 (1)        ; 0 (0)             ; 0 (0)            ; 0 (0)           ; 0 (0)      ; |sss_ir_receiver|lpm_compare:inst235|comptree:comparator|cmpchain:cmp_end|comptree:comp|cmpchain:cmp[3]                                              ; work         ;
;                |cmpchain:cmp[4]|          ; 1 (1)       ; 0            ; 0           ; 0    ; 1 (1)        ; 0 (0)             ; 0 (0)            ; 0 (0)           ; 0 (0)      ; |sss_ir_receiver|lpm_compare:inst235|comptree:comparator|cmpchain:cmp_end|comptree:comp|cmpchain:cmp[4]                                              ; work         ;
;                |cmpchain:cmp[5]|          ; 1 (1)       ; 0            ; 0           ; 0    ; 1 (1)        ; 0 (0)             ; 0 (0)            ; 0 (0)           ; 0 (0)      ; |sss_ir_receiver|lpm_compare:inst235|comptree:comparator|cmpchain:cmp_end|comptree:comp|cmpchain:cmp[5]                                              ; work         ;
;                |cmpchain:cmp[6]|          ; 1 (1)       ; 0            ; 0           ; 0    ; 1 (1)        ; 0 (0)             ; 0 (0)            ; 0 (0)           ; 0 (0)      ; |sss_ir_receiver|lpm_compare:inst235|comptree:comparator|cmpchain:cmp_end|comptree:comp|cmpchain:cmp[6]                                              ; work         ;
;                |cmpchain:cmp[7]|          ; 1 (1)       ; 0            ; 0           ; 0    ; 1 (1)        ; 0 (0)             ; 0 (0)            ; 0 (0)           ; 0 (0)      ; |sss_ir_receiver|lpm_compare:inst235|comptree:comparator|cmpchain:cmp_end|comptree:comp|cmpchain:cmp[7]                                              ; work         ;
;                |comptree:sub_comptree|    ; 3 (0)       ; 0            ; 0           ; 0    ; 3 (0)        ; 0 (0)             ; 0 (0)            ; 0 (0)           ; 0 (0)      ; |sss_ir_receiver|lpm_compare:inst235|comptree:comparator|cmpchain:cmp_end|comptree:comp|comptree:sub_comptree                                        ; work         ;
;                   |cmpchain:cmp[0]|       ; 1 (1)       ; 0            ; 0           ; 0    ; 1 (1)        ; 0 (0)             ; 0 (0)            ; 0 (0)           ; 0 (0)      ; |sss_ir_receiver|lpm_compare:inst235|comptree:comparator|cmpchain:cmp_end|comptree:comp|comptree:sub_comptree|cmpchain:cmp[0]                        ; work         ;
;                   |cmpchain:cmp[1]|       ; 1 (1)       ; 0            ; 0           ; 0    ; 1 (1)        ; 0 (0)             ; 0 (0)            ; 0 (0)           ; 0 (0)      ; |sss_ir_receiver|lpm_compare:inst235|comptree:comparator|cmpchain:cmp_end|comptree:comp|comptree:sub_comptree|cmpchain:cmp[1]                        ; work         ;
;                   |comptree:sub_comptree| ; 1 (0)       ; 0            ; 0           ; 0    ; 1 (0)        ; 0 (0)             ; 0 (0)            ; 0 (0)           ; 0 (0)      ; |sss_ir_receiver|lpm_compare:inst235|comptree:comparator|cmpchain:cmp_end|comptree:comp|comptree:sub_comptree|comptree:sub_comptree                  ; work         ;
;                      |cmpchain:cmp_end|   ; 1 (1)       ; 0            ; 0           ; 0    ; 1 (1)        ; 0 (0)             ; 0 (0)            ; 0 (0)           ; 0 (0)      ; |sss_ir_receiver|lpm_compare:inst235|comptree:comparator|cmpchain:cmp_end|comptree:comp|comptree:sub_comptree|comptree:sub_comptree|cmpchain:cmp_end ; work         ;
;    |lpm_counter:inst155|                  ; 9 (0)       ; 8            ; 0           ; 0    ; 1 (0)        ; 0 (0)             ; 8 (0)            ; 9 (0)           ; 0 (0)      ; |sss_ir_receiver|lpm_counter:inst155                                                                                                                 ; work         ;
;       |alt_counter_f10ke:wysi_counter|    ; 9 (9)       ; 8            ; 0           ; 0    ; 1 (1)        ; 0 (0)             ; 8 (8)            ; 9 (9)           ; 0 (0)      ; |sss_ir_receiver|lpm_counter:inst155|alt_counter_f10ke:wysi_counter                                                                                  ; work         ;
;    |lpm_shiftreg:inst162|                 ; 32 (32)     ; 32           ; 0           ; 0    ; 0 (0)        ; 0 (0)             ; 32 (32)          ; 0 (0)           ; 0 (0)      ; |sss_ir_receiver|lpm_shiftreg:inst162                                                                                                                ; work         ;
;    |lpm_shiftreg:inst27|                  ; 32 (32)     ; 32           ; 0           ; 0    ; 0 (0)        ; 32 (32)           ; 0 (0)            ; 0 (0)           ; 0 (0)      ; |sss_ir_receiver|lpm_shiftreg:inst27                                                                                                                 ; work         ;
+-------------------------------------------+-------------+--------------+-------------+------+--------------+-------------------+------------------+-----------------+------------+------------------------------------------------------------------------------------------------------------------------------------------------------+--------------+
Note: For table entries with two numbers listed, the numbers in parentheses indicate the number of resources of the given type used by the specific entity alone. The numbers listed outside of parentheses indicate the total resources of the given type used by the specific entity and all of its sub-entities in the hierarchy.


+--------------------------------------------+
; Delay Chain Summary                        ;
+-------------------+----------+-------------+
; Name              ; Pin Type ; Pad to Core ;
+-------------------+----------+-------------+
; ir_clk            ; Input    ; OFF         ;
; ir_input          ; Input    ; OFF         ;
; ir_but_start/stop ; Output   ; OFF         ;
; ir_save_data[31]  ; Output   ; OFF         ;
; ir_save_data[30]  ; Output   ; OFF         ;
; ir_save_data[29]  ; Output   ; OFF         ;
; ir_save_data[28]  ; Output   ; OFF         ;
; ir_save_data[27]  ; Output   ; OFF         ;
; ir_save_data[26]  ; Output   ; OFF         ;
; ir_save_data[25]  ; Output   ; OFF         ;
; ir_save_data[24]  ; Output   ; OFF         ;
; ir_save_data[23]  ; Output   ; OFF         ;
; ir_save_data[22]  ; Output   ; OFF         ;
; ir_save_data[21]  ; Output   ; OFF         ;
; ir_save_data[20]  ; Output   ; OFF         ;
; ir_save_data[19]  ; Output   ; OFF         ;
; ir_save_data[18]  ; Output   ; OFF         ;
; ir_save_data[17]  ; Output   ; OFF         ;
; ir_save_data[16]  ; Output   ; OFF         ;
; ir_save_data[15]  ; Output   ; OFF         ;
; ir_save_data[14]  ; Output   ; OFF         ;
; ir_save_data[13]  ; Output   ; OFF         ;
; ir_save_data[12]  ; Output   ; OFF         ;
; ir_save_data[11]  ; Output   ; OFF         ;
; ir_save_data[10]  ; Output   ; OFF         ;
; ir_save_data[9]   ; Output   ; OFF         ;
; ir_save_data[8]   ; Output   ; OFF         ;
; ir_save_data[7]   ; Output   ; OFF         ;
; ir_save_data[6]   ; Output   ; OFF         ;
; ir_save_data[5]   ; Output   ; OFF         ;
; ir_save_data[4]   ; Output   ; OFF         ;
; ir_save_data[3]   ; Output   ; OFF         ;
; ir_save_data[2]   ; Output   ; OFF         ;
; ir_save_data[1]   ; Output   ; OFF         ;
; ir_save_data[0]   ; Output   ; OFF         ;
; ir_but_mute       ; Output   ; OFF         ;
; ir_but_1          ; Output   ; OFF         ;
+-------------------+----------+-------------+


+--------------+
; Pin-Out File ;
+--------------+
The pin-out file can be found in D:/SSSWorkHome/Altera/sssBlock/sss_ir_receiver/sss_ir_receiver.pin.


+-----------------+
; Fitter Messages ;
+-----------------+
Info: *******************************************************************
Info: Running Quartus II Fitter
    Info: Version 8.1 Build 163 10/28/2008 SJ Full Version
    Info: Processing started: Thu Jul 28 22:00:31 2016
Info: Command: quartus_fit --read_settings_files=off --write_settings_files=off sss_ir_receiver -c sss_ir_receiver
Info: Parallel compilation is enabled and will use 2 of the 2 processors detected
Info: Selected device EPF10K10LC84-4 for design "sss_ir_receiver"
Info: Fitter is using the Classic Timing Analyzer
Info: Timing requirements not specified -- optimizing circuit to achieve the following default global requirements
    Info: Assuming a global fmax requirement of 1000 MHz
    Info: Not setting a global tsu requirement
    Info: Not setting a global tco requirement
    Info: Not setting a global tpd requirement
Info: Inserted 0 logic cells in first fitting attempt
Info: Started fitting attempt 1 on Thu Jul 28 2016 at 22:00:31
Info: Fitter placement preparation operations beginning
Info: Fitter placement preparation operations ending: elapsed time is 00:00:00
Info: Fitter placement operations beginning
Info: Fitter placement operations ending: elapsed time is 00:00:00
Info: Fitter routing operations beginning
Info: Fitter routing operations ending: elapsed time is 00:00:00
Info: Parallel compilation was enabled but no parallel operations were performed
Info: Quartus II Fitter was successful. 0 errors, 0 warnings
    Info: Peak virtual memory: 210 megabytes
    Info: Processing ended: Thu Jul 28 22:00:34 2016
    Info: Elapsed time: 00:00:03
    Info: Total CPU time (on all processors): 00:00:03


