Flow report for sss_com_receiver
Sun Jul 24 22:51:04 2016
Quartus II Version 8.1 Build 163 10/28/2008 SJ Full Version


---------------------
; Table of Contents ;
---------------------
  1. Legal Notice
  2. Flow Summary
  3. Flow Settings
  4. Flow Non-Default Global Settings
  5. Flow Elapsed Time
  6. Flow OS Summary
  7. Flow Log



----------------
; Legal Notice ;
----------------
Copyright (C) 1991-2008 Altera Corporation
Your use of Altera Corporation's design tools, logic functions 
and other software and tools, and its AMPP partner logic 
functions, and any output files from any of the foregoing 
(including device programming or simulation files), and any 
associated documentation or information are expressly subject 
to the terms and conditions of the Altera Program License 
Subscription Agreement, Altera MegaCore Function License 
Agreement, or other applicable license agreement, including, 
without limitation, that your use is for the sole purpose of 
programming logic devices manufactured by Altera and sold by 
Altera or its authorized distributors.  Please refer to the 
applicable agreement for further details.



+--------------------------------------------------------------------+
; Flow Summary                                                       ;
+-------------------------+------------------------------------------+
; Flow Status             ; Successful - Sun Jul 24 22:51:04 2016    ;
; Quartus II Version      ; 8.1 Build 163 10/28/2008 SJ Full Version ;
; Revision Name           ; sss_com_receiver                         ;
; Top-level Entity Name   ; sss_com_receiver                         ;
; Family                  ; FLEX10K                                  ;
; Device                  ; EPF10K10LC84-4                           ;
; Timing Models           ; Final                                    ;
; Met timing requirements ; Yes                                      ;
; Total logic elements    ; 41 / 576 ( 7 % )                         ;
; Total pins              ; 11 / 59 ( 19 % )                         ;
; Total memory bits       ; 0 / 6,144 ( 0 % )                        ;
+-------------------------+------------------------------------------+


+-----------------------------------------+
; Flow Settings                           ;
+-------------------+---------------------+
; Option            ; Setting             ;
+-------------------+---------------------+
; Start date & time ; 07/24/2016 22:50:51 ;
; Main task         ; Compilation         ;
; Revision Name     ; sss_com_receiver    ;
+-------------------+---------------------+


+-------------------------------------------------------------------------------------------------------------------+
; Flow Non-Default Global Settings                                                                                  ;
+------------------------------------+-------------------------------+---------------+-------------+----------------+
; Assignment Name                    ; Value                         ; Default Value ; Entity Name ; Section Id     ;
+------------------------------------+-------------------------------+---------------+-------------+----------------+
; COMPILER_SIGNATURE_ID              ; 1096662031775.146938985107420 ; --            ; --          ; --             ;
; MAX_CORE_JUNCTION_TEMP             ; 85                            ; --            ; --          ; --             ;
; MIN_CORE_JUNCTION_TEMP             ; 0                             ; --            ; --          ; --             ;
; USE_GENERATED_PHYSICAL_CONSTRAINTS ; Off                           ; --            ; --          ; eda_blast_fpga ;
+------------------------------------+-------------------------------+---------------+-------------+----------------+


+-----------------------------------------------------------------------------------------------------------------------------+
; Flow Elapsed Time                                                                                                           ;
+-------------------------+--------------+-------------------------+---------------------+------------------------------------+
; Module Name             ; Elapsed Time ; Average Processors Used ; Peak Virtual Memory ; Total CPU Time (on all processors) ;
+-------------------------+--------------+-------------------------+---------------------+------------------------------------+
; Analysis & Synthesis    ; 00:00:02     ; 1.0                     ; 201 MB              ; 00:00:02                           ;
; Fitter                  ; 00:00:02     ; 1.0                     ; 183 MB              ; 00:00:02                           ;
; Assembler               ; 00:00:01     ; 1.0                     ; 176 MB              ; 00:00:01                           ;
; Classic Timing Analyzer ; 00:00:01     ; 1.0                     ; 146 MB              ; 00:00:01                           ;
; Total                   ; 00:00:06     ; --                      ; --                  ; 00:00:06                           ;
+-------------------------+--------------+-------------------------+---------------------+------------------------------------+


+------------------------------------------------------------------------------------------+
; Flow OS Summary                                                                          ;
+-------------------------+------------------+---------------+------------+----------------+
; Module Name             ; Machine Hostname ; OS Name       ; OS Version ; Processor type ;
+-------------------------+------------------+---------------+------------+----------------+
; Analysis & Synthesis    ; Serghei_PC       ; Windows Vista ; 6.1        ; i686           ;
; Fitter                  ; Serghei_PC       ; Windows Vista ; 6.1        ; i686           ;
; Assembler               ; Serghei_PC       ; Windows Vista ; 6.1        ; i686           ;
; Classic Timing Analyzer ; Serghei_PC       ; Windows Vista ; 6.1        ; i686           ;
+-------------------------+------------------+---------------+------------+----------------+


------------
; Flow Log ;
------------
quartus_map --read_settings_files=on --write_settings_files=off sss_com_receiver -c sss_com_receiver
quartus_fit --read_settings_files=off --write_settings_files=off sss_com_receiver -c sss_com_receiver
quartus_asm --read_settings_files=off --write_settings_files=off sss_com_receiver -c sss_com_receiver
quartus_tan --read_settings_files=off --write_settings_files=off sss_com_receiver -c sss_com_receiver



