Classic Timing Analyzer report for sss_7seg
Tue Mar 03 19:33:42 2020
Quartus II Version 8.1 Build 163 10/28/2008 SJ Full Version


---------------------
; Table of Contents ;
---------------------
  1. Legal Notice
  2. Timing Analyzer Summary
  3. Timing Analyzer Settings
  4. Clock Settings Summary
  5. Clock Setup: '7seg_data_runspeed'
  6. Clock Setup: '7seg_dinam_clk'
  7. tco
  8. Timing Analyzer Messages



----------------
; Legal Notice ;
----------------
Copyright (C) 1991-2008 Altera Corporation
Your use of Altera Corporation's design tools, logic functions 
and other software and tools, and its AMPP partner logic 
functions, and any output files from any of the foregoing 
(including device programming or simulation files), and any 
associated documentation or information are expressly subject 
to the terms and conditions of the Altera Program License 
Subscription Agreement, Altera MegaCore Function License 
Agreement, or other applicable license agreement, including, 
without limitation, that your use is for the sole purpose of 
programming logic devices manufactured by Altera and sold by 
Altera or its authorized distributors.  Please refer to the 
applicable agreement for further details.



+-------------------------------------------------------------------------------------------------------------------------------------------------------------------------------------------------------------------------------------------------------------------------------------------------+
; Timing Analyzer Summary                                                                                                                                                                                                                                                                         ;
+-----------------------------------+-------+---------------+----------------------------------+------------------------------------------------------------------------+----------------------------------------------------------------+--------------------+--------------------+--------------+
; Type                              ; Slack ; Required Time ; Actual Time                      ; From                                                                   ; To                                                             ; From Clock         ; To Clock           ; Failed Paths ;
+-----------------------------------+-------+---------------+----------------------------------+------------------------------------------------------------------------+----------------------------------------------------------------+--------------------+--------------------+--------------+
; Worst-case tco                    ; N/A   ; None          ; 19.000 ns                        ; lpm_counter:inst28|alt_counter_f10ke:wysi_counter|q[2]                 ; 7seg_sel_dig[0]                                                ; 7seg_dinam_clk     ; --                 ; 0            ;
; Clock Setup: '7seg_data_runspeed' ; N/A   ; None          ; 76.34 MHz ( period = 13.100 ns ) ; lpm_rom0:inst1|altsyncram:altsyncram_component|altrom:rom|q[6]~reg_ra4 ; lpm_rom0:inst1|altsyncram:altsyncram_component|altrom:rom|q[6] ; 7seg_data_runspeed ; 7seg_data_runspeed ; 0            ;
; Clock Setup: '7seg_dinam_clk'     ; N/A   ; None          ; 120.48 MHz ( period = 8.300 ns ) ; lpm_counter:inst28|alt_counter_f10ke:wysi_counter|q[1]                 ; lpm_counter:inst28|alt_counter_f10ke:wysi_counter|q[1]         ; 7seg_dinam_clk     ; 7seg_dinam_clk     ; 0            ;
; Total number of failed paths      ;       ;               ;                                  ;                                                                        ;                                                                ;                    ;                    ; 0            ;
+-----------------------------------+-------+---------------+----------------------------------+------------------------------------------------------------------------+----------------------------------------------------------------+--------------------+--------------------+--------------+


+--------------------------------------------------------------------------------------------------------------------+
; Timing Analyzer Settings                                                                                           ;
+---------------------------------------------------------------------+--------------------+------+----+-------------+
; Option                                                              ; Setting            ; From ; To ; Entity Name ;
+---------------------------------------------------------------------+--------------------+------+----+-------------+
; Device Name                                                         ; EPF10K10LC84-4     ;      ;    ;             ;
; Timing Models                                                       ; Final              ;      ;    ;             ;
; Default hold multicycle                                             ; Same as Multicycle ;      ;    ;             ;
; Cut paths between unrelated clock domains                           ; On                 ;      ;    ;             ;
; Cut off read during write signal paths                              ; On                 ;      ;    ;             ;
; Cut off feedback from I/O pins                                      ; On                 ;      ;    ;             ;
; Report Combined Fast/Slow Timing                                    ; Off                ;      ;    ;             ;
; Ignore Clock Settings                                               ; Off                ;      ;    ;             ;
; Analyze latches as synchronous elements                             ; On                 ;      ;    ;             ;
; Enable Recovery/Removal analysis                                    ; Off                ;      ;    ;             ;
; Enable Clock Latency                                                ; Off                ;      ;    ;             ;
; Use TimeQuest Timing Analyzer                                       ; Off                ;      ;    ;             ;
; Minimum Core Junction Temperature                                   ; 0                  ;      ;    ;             ;
; Maximum Core Junction Temperature                                   ; 85                 ;      ;    ;             ;
; Number of source nodes to report per destination node               ; 10                 ;      ;    ;             ;
; Number of destination nodes to report                               ; 10                 ;      ;    ;             ;
; Number of paths to report                                           ; 200                ;      ;    ;             ;
; Report Minimum Timing Checks                                        ; Off                ;      ;    ;             ;
; Use Fast Timing Models                                              ; Off                ;      ;    ;             ;
; Report IO Paths Separately                                          ; Off                ;      ;    ;             ;
; Perform Multicorner Analysis                                        ; Off                ;      ;    ;             ;
; Reports the worst-case path for each clock domain and analysis      ; Off                ;      ;    ;             ;
; Removes common clock path pessimism (CCPP) during slack computation ; Off                ;      ;    ;             ;
; Output I/O Timing Endpoint                                          ; Near End           ;      ;    ;             ;
+---------------------------------------------------------------------+--------------------+------+----+-------------+


+---------------------------------------------------------------------------------------------------------------------------------------------------------------------------------------+
; Clock Settings Summary                                                                                                                                                                ;
+--------------------+--------------------+----------+------------------+---------------+--------------+----------+-----------------------+---------------------+--------+--------------+
; Clock Node Name    ; Clock Setting Name ; Type     ; Fmax Requirement ; Early Latency ; Late Latency ; Based on ; Multiply Base Fmax by ; Divide Base Fmax by ; Offset ; Phase offset ;
+--------------------+--------------------+----------+------------------+---------------+--------------+----------+-----------------------+---------------------+--------+--------------+
; 7seg_data_runspeed ;                    ; User Pin ; None             ; 0.000 ns      ; 0.000 ns     ; --       ; N/A                   ; N/A                 ; N/A    ;              ;
; 7seg_dinam_clk     ;                    ; User Pin ; None             ; 0.000 ns      ; 0.000 ns     ; --       ; N/A                   ; N/A                 ; N/A    ;              ;
+--------------------+--------------------+----------+------------------+---------------+--------------+----------+-----------------------+---------------------+--------+--------------+


+------------------------------------------------------------------------------------------------------------------------------------------------------------------------------------------------------------------------------------------------------------------------------------------------------------------+
; Clock Setup: '7seg_data_runspeed'                                                                                                                                                                                                                                                                                ;
+-------+----------------------------------+------------------------------------------------------------------------+----------------------------------------------------------------+--------------------+--------------------+-----------------------------+---------------------------+-------------------------+
; Slack ; Actual fmax (period)             ; From                                                                   ; To                                                             ; From Clock         ; To Clock           ; Required Setup Relationship ; Required Longest P2P Time ; Actual Longest P2P Time ;
+-------+----------------------------------+------------------------------------------------------------------------+----------------------------------------------------------------+--------------------+--------------------+-----------------------------+---------------------------+-------------------------+
; N/A   ; 76.34 MHz ( period = 13.100 ns ) ; lpm_rom0:inst1|altsyncram:altsyncram_component|altrom:rom|q[0]~reg_ra0 ; lpm_rom0:inst1|altsyncram:altsyncram_component|altrom:rom|q[0] ; 7seg_data_runspeed ; 7seg_data_runspeed ; None                        ; None                      ; 10.700 ns               ;
; N/A   ; 76.34 MHz ( period = 13.100 ns ) ; lpm_rom0:inst1|altsyncram:altsyncram_component|altrom:rom|q[0]~reg_ra1 ; lpm_rom0:inst1|altsyncram:altsyncram_component|altrom:rom|q[0] ; 7seg_data_runspeed ; 7seg_data_runspeed ; None                        ; None                      ; 10.700 ns               ;
; N/A   ; 76.34 MHz ( period = 13.100 ns ) ; lpm_rom0:inst1|altsyncram:altsyncram_component|altrom:rom|q[0]~reg_ra2 ; lpm_rom0:inst1|altsyncram:altsyncram_component|altrom:rom|q[0] ; 7seg_data_runspeed ; 7seg_data_runspeed ; None                        ; None                      ; 10.700 ns               ;
; N/A   ; 76.34 MHz ( period = 13.100 ns ) ; lpm_rom0:inst1|altsyncram:altsyncram_component|altrom:rom|q[0]~reg_ra3 ; lpm_rom0:inst1|altsyncram:altsyncram_component|altrom:rom|q[0] ; 7seg_data_runspeed ; 7seg_data_runspeed ; None                        ; None                      ; 10.700 ns               ;
; N/A   ; 76.34 MHz ( period = 13.100 ns ) ; lpm_rom0:inst1|altsyncram:altsyncram_component|altrom:rom|q[0]~reg_ra4 ; lpm_rom0:inst1|altsyncram:altsyncram_component|altrom:rom|q[0] ; 7seg_data_runspeed ; 7seg_data_runspeed ; None                        ; None                      ; 10.700 ns               ;
; N/A   ; 76.34 MHz ( period = 13.100 ns ) ; lpm_rom0:inst1|altsyncram:altsyncram_component|altrom:rom|q[1]~reg_ra0 ; lpm_rom0:inst1|altsyncram:altsyncram_component|altrom:rom|q[1] ; 7seg_data_runspeed ; 7seg_data_runspeed ; None                        ; None                      ; 10.700 ns               ;
; N/A   ; 76.34 MHz ( period = 13.100 ns ) ; lpm_rom0:inst1|altsyncram:altsyncram_component|altrom:rom|q[1]~reg_ra1 ; lpm_rom0:inst1|altsyncram:altsyncram_component|altrom:rom|q[1] ; 7seg_data_runspeed ; 7seg_data_runspeed ; None                        ; None                      ; 10.700 ns               ;
; N/A   ; 76.34 MHz ( period = 13.100 ns ) ; lpm_rom0:inst1|altsyncram:altsyncram_component|altrom:rom|q[1]~reg_ra2 ; lpm_rom0:inst1|altsyncram:altsyncram_component|altrom:rom|q[1] ; 7seg_data_runspeed ; 7seg_data_runspeed ; None                        ; None                      ; 10.700 ns               ;
; N/A   ; 76.34 MHz ( period = 13.100 ns ) ; lpm_rom0:inst1|altsyncram:altsyncram_component|altrom:rom|q[1]~reg_ra3 ; lpm_rom0:inst1|altsyncram:altsyncram_component|altrom:rom|q[1] ; 7seg_data_runspeed ; 7seg_data_runspeed ; None                        ; None                      ; 10.700 ns               ;
; N/A   ; 76.34 MHz ( period = 13.100 ns ) ; lpm_rom0:inst1|altsyncram:altsyncram_component|altrom:rom|q[1]~reg_ra4 ; lpm_rom0:inst1|altsyncram:altsyncram_component|altrom:rom|q[1] ; 7seg_data_runspeed ; 7seg_data_runspeed ; None                        ; None                      ; 10.700 ns               ;
; N/A   ; 76.34 MHz ( period = 13.100 ns ) ; lpm_rom0:inst1|altsyncram:altsyncram_component|altrom:rom|q[2]~reg_ra0 ; lpm_rom0:inst1|altsyncram:altsyncram_component|altrom:rom|q[2] ; 7seg_data_runspeed ; 7seg_data_runspeed ; None                        ; None                      ; 10.700 ns               ;
; N/A   ; 76.34 MHz ( period = 13.100 ns ) ; lpm_rom0:inst1|altsyncram:altsyncram_component|altrom:rom|q[2]~reg_ra1 ; lpm_rom0:inst1|altsyncram:altsyncram_component|altrom:rom|q[2] ; 7seg_data_runspeed ; 7seg_data_runspeed ; None                        ; None                      ; 10.700 ns               ;
; N/A   ; 76.34 MHz ( period = 13.100 ns ) ; lpm_rom0:inst1|altsyncram:altsyncram_component|altrom:rom|q[2]~reg_ra2 ; lpm_rom0:inst1|altsyncram:altsyncram_component|altrom:rom|q[2] ; 7seg_data_runspeed ; 7seg_data_runspeed ; None                        ; None                      ; 10.700 ns               ;
; N/A   ; 76.34 MHz ( period = 13.100 ns ) ; lpm_rom0:inst1|altsyncram:altsyncram_component|altrom:rom|q[2]~reg_ra3 ; lpm_rom0:inst1|altsyncram:altsyncram_component|altrom:rom|q[2] ; 7seg_data_runspeed ; 7seg_data_runspeed ; None                        ; None                      ; 10.700 ns               ;
; N/A   ; 76.34 MHz ( period = 13.100 ns ) ; lpm_rom0:inst1|altsyncram:altsyncram_component|altrom:rom|q[2]~reg_ra4 ; lpm_rom0:inst1|altsyncram:altsyncram_component|altrom:rom|q[2] ; 7seg_data_runspeed ; 7seg_data_runspeed ; None                        ; None                      ; 10.700 ns               ;
; N/A   ; 76.34 MHz ( period = 13.100 ns ) ; lpm_rom0:inst1|altsyncram:altsyncram_component|altrom:rom|q[3]~reg_ra0 ; lpm_rom0:inst1|altsyncram:altsyncram_component|altrom:rom|q[3] ; 7seg_data_runspeed ; 7seg_data_runspeed ; None                        ; None                      ; 10.700 ns               ;
; N/A   ; 76.34 MHz ( period = 13.100 ns ) ; lpm_rom0:inst1|altsyncram:altsyncram_component|altrom:rom|q[3]~reg_ra1 ; lpm_rom0:inst1|altsyncram:altsyncram_component|altrom:rom|q[3] ; 7seg_data_runspeed ; 7seg_data_runspeed ; None                        ; None                      ; 10.700 ns               ;
; N/A   ; 76.34 MHz ( period = 13.100 ns ) ; lpm_rom0:inst1|altsyncram:altsyncram_component|altrom:rom|q[3]~reg_ra2 ; lpm_rom0:inst1|altsyncram:altsyncram_component|altrom:rom|q[3] ; 7seg_data_runspeed ; 7seg_data_runspeed ; None                        ; None                      ; 10.700 ns               ;
; N/A   ; 76.34 MHz ( period = 13.100 ns ) ; lpm_rom0:inst1|altsyncram:altsyncram_component|altrom:rom|q[3]~reg_ra3 ; lpm_rom0:inst1|altsyncram:altsyncram_component|altrom:rom|q[3] ; 7seg_data_runspeed ; 7seg_data_runspeed ; None                        ; None                      ; 10.700 ns               ;
; N/A   ; 76.34 MHz ( period = 13.100 ns ) ; lpm_rom0:inst1|altsyncram:altsyncram_component|altrom:rom|q[3]~reg_ra4 ; lpm_rom0:inst1|altsyncram:altsyncram_component|altrom:rom|q[3] ; 7seg_data_runspeed ; 7seg_data_runspeed ; None                        ; None                      ; 10.700 ns               ;
; N/A   ; 76.34 MHz ( period = 13.100 ns ) ; lpm_rom0:inst1|altsyncram:altsyncram_component|altrom:rom|q[4]~reg_ra0 ; lpm_rom0:inst1|altsyncram:altsyncram_component|altrom:rom|q[4] ; 7seg_data_runspeed ; 7seg_data_runspeed ; None                        ; None                      ; 10.700 ns               ;
; N/A   ; 76.34 MHz ( period = 13.100 ns ) ; lpm_rom0:inst1|altsyncram:altsyncram_component|altrom:rom|q[4]~reg_ra1 ; lpm_rom0:inst1|altsyncram:altsyncram_component|altrom:rom|q[4] ; 7seg_data_runspeed ; 7seg_data_runspeed ; None                        ; None                      ; 10.700 ns               ;
; N/A   ; 76.34 MHz ( period = 13.100 ns ) ; lpm_rom0:inst1|altsyncram:altsyncram_component|altrom:rom|q[4]~reg_ra2 ; lpm_rom0:inst1|altsyncram:altsyncram_component|altrom:rom|q[4] ; 7seg_data_runspeed ; 7seg_data_runspeed ; None                        ; None                      ; 10.700 ns               ;
; N/A   ; 76.34 MHz ( period = 13.100 ns ) ; lpm_rom0:inst1|altsyncram:altsyncram_component|altrom:rom|q[4]~reg_ra3 ; lpm_rom0:inst1|altsyncram:altsyncram_component|altrom:rom|q[4] ; 7seg_data_runspeed ; 7seg_data_runspeed ; None                        ; None                      ; 10.700 ns               ;
; N/A   ; 76.34 MHz ( period = 13.100 ns ) ; lpm_rom0:inst1|altsyncram:altsyncram_component|altrom:rom|q[4]~reg_ra4 ; lpm_rom0:inst1|altsyncram:altsyncram_component|altrom:rom|q[4] ; 7seg_data_runspeed ; 7seg_data_runspeed ; None                        ; None                      ; 10.700 ns               ;
; N/A   ; 76.34 MHz ( period = 13.100 ns ) ; lpm_rom0:inst1|altsyncram:altsyncram_component|altrom:rom|q[5]~reg_ra0 ; lpm_rom0:inst1|altsyncram:altsyncram_component|altrom:rom|q[5] ; 7seg_data_runspeed ; 7seg_data_runspeed ; None                        ; None                      ; 10.700 ns               ;
; N/A   ; 76.34 MHz ( period = 13.100 ns ) ; lpm_rom0:inst1|altsyncram:altsyncram_component|altrom:rom|q[5]~reg_ra1 ; lpm_rom0:inst1|altsyncram:altsyncram_component|altrom:rom|q[5] ; 7seg_data_runspeed ; 7seg_data_runspeed ; None                        ; None                      ; 10.700 ns               ;
; N/A   ; 76.34 MHz ( period = 13.100 ns ) ; lpm_rom0:inst1|altsyncram:altsyncram_component|altrom:rom|q[5]~reg_ra2 ; lpm_rom0:inst1|altsyncram:altsyncram_component|altrom:rom|q[5] ; 7seg_data_runspeed ; 7seg_data_runspeed ; None                        ; None                      ; 10.700 ns               ;
; N/A   ; 76.34 MHz ( period = 13.100 ns ) ; lpm_rom0:inst1|altsyncram:altsyncram_component|altrom:rom|q[5]~reg_ra3 ; lpm_rom0:inst1|altsyncram:altsyncram_component|altrom:rom|q[5] ; 7seg_data_runspeed ; 7seg_data_runspeed ; None                        ; None                      ; 10.700 ns               ;
; N/A   ; 76.34 MHz ( period = 13.100 ns ) ; lpm_rom0:inst1|altsyncram:altsyncram_component|altrom:rom|q[5]~reg_ra4 ; lpm_rom0:inst1|altsyncram:altsyncram_component|altrom:rom|q[5] ; 7seg_data_runspeed ; 7seg_data_runspeed ; None                        ; None                      ; 10.700 ns               ;
; N/A   ; 76.34 MHz ( period = 13.100 ns ) ; lpm_rom0:inst1|altsyncram:altsyncram_component|altrom:rom|q[6]~reg_ra0 ; lpm_rom0:inst1|altsyncram:altsyncram_component|altrom:rom|q[6] ; 7seg_data_runspeed ; 7seg_data_runspeed ; None                        ; None                      ; 10.700 ns               ;
; N/A   ; 76.34 MHz ( period = 13.100 ns ) ; lpm_rom0:inst1|altsyncram:altsyncram_component|altrom:rom|q[6]~reg_ra1 ; lpm_rom0:inst1|altsyncram:altsyncram_component|altrom:rom|q[6] ; 7seg_data_runspeed ; 7seg_data_runspeed ; None                        ; None                      ; 10.700 ns               ;
; N/A   ; 76.34 MHz ( period = 13.100 ns ) ; lpm_rom0:inst1|altsyncram:altsyncram_component|altrom:rom|q[6]~reg_ra2 ; lpm_rom0:inst1|altsyncram:altsyncram_component|altrom:rom|q[6] ; 7seg_data_runspeed ; 7seg_data_runspeed ; None                        ; None                      ; 10.700 ns               ;
; N/A   ; 76.34 MHz ( period = 13.100 ns ) ; lpm_rom0:inst1|altsyncram:altsyncram_component|altrom:rom|q[6]~reg_ra3 ; lpm_rom0:inst1|altsyncram:altsyncram_component|altrom:rom|q[6] ; 7seg_data_runspeed ; 7seg_data_runspeed ; None                        ; None                      ; 10.700 ns               ;
; N/A   ; 76.34 MHz ( period = 13.100 ns ) ; lpm_rom0:inst1|altsyncram:altsyncram_component|altrom:rom|q[6]~reg_ra4 ; lpm_rom0:inst1|altsyncram:altsyncram_component|altrom:rom|q[6] ; 7seg_data_runspeed ; 7seg_data_runspeed ; None                        ; None                      ; 10.700 ns               ;
+-------+----------------------------------+------------------------------------------------------------------------+----------------------------------------------------------------+--------------------+--------------------+-----------------------------+---------------------------+-------------------------+


+------------------------------------------------------------------------------------------------------------------------------------------------------------------------------------------------------------------------------------------------------------------------------------------------+
; Clock Setup: '7seg_dinam_clk'                                                                                                                                                                                                                                                                  ;
+-------+------------------------------------------------+--------------------------------------------------------+--------------------------------------------------------+----------------+----------------+-----------------------------+---------------------------+-------------------------+
; Slack ; Actual fmax (period)                           ; From                                                   ; To                                                     ; From Clock     ; To Clock       ; Required Setup Relationship ; Required Longest P2P Time ; Actual Longest P2P Time ;
+-------+------------------------------------------------+--------------------------------------------------------+--------------------------------------------------------+----------------+----------------+-----------------------------+---------------------------+-------------------------+
; N/A   ; 120.48 MHz ( period = 8.300 ns )               ; lpm_counter:inst28|alt_counter_f10ke:wysi_counter|q[2] ; lpm_counter:inst28|alt_counter_f10ke:wysi_counter|q[0] ; 7seg_dinam_clk ; 7seg_dinam_clk ; None                        ; None                      ; 4.700 ns                ;
; N/A   ; 120.48 MHz ( period = 8.300 ns )               ; lpm_counter:inst28|alt_counter_f10ke:wysi_counter|q[1] ; lpm_counter:inst28|alt_counter_f10ke:wysi_counter|q[0] ; 7seg_dinam_clk ; 7seg_dinam_clk ; None                        ; None                      ; 4.700 ns                ;
; N/A   ; 120.48 MHz ( period = 8.300 ns )               ; lpm_counter:inst28|alt_counter_f10ke:wysi_counter|q[2] ; lpm_counter:inst28|alt_counter_f10ke:wysi_counter|q[2] ; 7seg_dinam_clk ; 7seg_dinam_clk ; None                        ; None                      ; 4.700 ns                ;
; N/A   ; 120.48 MHz ( period = 8.300 ns )               ; lpm_counter:inst28|alt_counter_f10ke:wysi_counter|q[1] ; lpm_counter:inst28|alt_counter_f10ke:wysi_counter|q[2] ; 7seg_dinam_clk ; 7seg_dinam_clk ; None                        ; None                      ; 4.700 ns                ;
; N/A   ; 120.48 MHz ( period = 8.300 ns )               ; lpm_counter:inst28|alt_counter_f10ke:wysi_counter|q[2] ; lpm_counter:inst28|alt_counter_f10ke:wysi_counter|q[1] ; 7seg_dinam_clk ; 7seg_dinam_clk ; None                        ; None                      ; 4.700 ns                ;
; N/A   ; 120.48 MHz ( period = 8.300 ns )               ; lpm_counter:inst28|alt_counter_f10ke:wysi_counter|q[1] ; lpm_counter:inst28|alt_counter_f10ke:wysi_counter|q[1] ; 7seg_dinam_clk ; 7seg_dinam_clk ; None                        ; None                      ; 4.700 ns                ;
; N/A   ; Restricted to 125.00 MHz ( period = 8.000 ns ) ; lpm_counter:inst28|alt_counter_f10ke:wysi_counter|q[0] ; lpm_counter:inst28|alt_counter_f10ke:wysi_counter|q[0] ; 7seg_dinam_clk ; 7seg_dinam_clk ; None                        ; None                      ; 4.200 ns                ;
; N/A   ; Restricted to 125.00 MHz ( period = 8.000 ns ) ; lpm_counter:inst28|alt_counter_f10ke:wysi_counter|q[0] ; lpm_counter:inst28|alt_counter_f10ke:wysi_counter|q[2] ; 7seg_dinam_clk ; 7seg_dinam_clk ; None                        ; None                      ; 4.200 ns                ;
; N/A   ; Restricted to 125.00 MHz ( period = 8.000 ns ) ; lpm_counter:inst28|alt_counter_f10ke:wysi_counter|q[0] ; lpm_counter:inst28|alt_counter_f10ke:wysi_counter|q[1] ; 7seg_dinam_clk ; 7seg_dinam_clk ; None                        ; None                      ; 4.200 ns                ;
+-------+------------------------------------------------+--------------------------------------------------------+--------------------------------------------------------+----------------+----------------+-----------------------------+---------------------------+-------------------------+


+-------------------------------------------------------------------------------------------------------------------------------------------+
; tco                                                                                                                                       ;
+-------+--------------+------------+----------------------------------------------------------------+-----------------+--------------------+
; Slack ; Required tco ; Actual tco ; From                                                           ; To              ; From Clock         ;
+-------+--------------+------------+----------------------------------------------------------------+-----------------+--------------------+
; N/A   ; None         ; 19.000 ns  ; lpm_counter:inst28|alt_counter_f10ke:wysi_counter|q[2]         ; 7seg_sel_dig[0] ; 7seg_dinam_clk     ;
; N/A   ; None         ; 18.800 ns  ; lpm_counter:inst28|alt_counter_f10ke:wysi_counter|q[2]         ; 7seg_sel_dig[6] ; 7seg_dinam_clk     ;
; N/A   ; None         ; 18.700 ns  ; lpm_counter:inst28|alt_counter_f10ke:wysi_counter|q[0]         ; 7seg_sel_dig[0] ; 7seg_dinam_clk     ;
; N/A   ; None         ; 18.500 ns  ; lpm_counter:inst28|alt_counter_f10ke:wysi_counter|q[0]         ; 7seg_sel_dig[4] ; 7seg_dinam_clk     ;
; N/A   ; None         ; 18.500 ns  ; lpm_counter:inst28|alt_counter_f10ke:wysi_counter|q[1]         ; 7seg_sel_dig[4] ; 7seg_dinam_clk     ;
; N/A   ; None         ; 18.500 ns  ; lpm_counter:inst28|alt_counter_f10ke:wysi_counter|q[0]         ; 7seg_sel_dig[6] ; 7seg_dinam_clk     ;
; N/A   ; None         ; 18.300 ns  ; lpm_counter:inst28|alt_counter_f10ke:wysi_counter|q[2]         ; 7seg_sel_dig[4] ; 7seg_dinam_clk     ;
; N/A   ; None         ; 18.200 ns  ; lpm_counter:inst28|alt_counter_f10ke:wysi_counter|q[1]         ; 7seg_sel_dig[0] ; 7seg_dinam_clk     ;
; N/A   ; None         ; 18.100 ns  ; lpm_counter:inst28|alt_counter_f10ke:wysi_counter|q[2]         ; 7seg_sel_dig[3] ; 7seg_dinam_clk     ;
; N/A   ; None         ; 18.100 ns  ; lpm_counter:inst28|alt_counter_f10ke:wysi_counter|q[2]         ; 7seg_sel_dig[7] ; 7seg_dinam_clk     ;
; N/A   ; None         ; 18.000 ns  ; lpm_counter:inst28|alt_counter_f10ke:wysi_counter|q[1]         ; 7seg_sel_dig[6] ; 7seg_dinam_clk     ;
; N/A   ; None         ; 17.800 ns  ; lpm_counter:inst28|alt_counter_f10ke:wysi_counter|q[0]         ; 7seg_sel_dig[3] ; 7seg_dinam_clk     ;
; N/A   ; None         ; 17.800 ns  ; lpm_counter:inst28|alt_counter_f10ke:wysi_counter|q[0]         ; 7seg_sel_dig[7] ; 7seg_dinam_clk     ;
; N/A   ; None         ; 17.500 ns  ; lpm_counter:inst28|alt_counter_f10ke:wysi_counter|q[2]         ; 7seg_sel_dig[1] ; 7seg_dinam_clk     ;
; N/A   ; None         ; 17.300 ns  ; lpm_counter:inst28|alt_counter_f10ke:wysi_counter|q[2]         ; 7seg_sel_dig[2] ; 7seg_dinam_clk     ;
; N/A   ; None         ; 17.300 ns  ; lpm_counter:inst28|alt_counter_f10ke:wysi_counter|q[1]         ; 7seg_sel_dig[3] ; 7seg_dinam_clk     ;
; N/A   ; None         ; 17.300 ns  ; lpm_counter:inst28|alt_counter_f10ke:wysi_counter|q[1]         ; 7seg_sel_dig[7] ; 7seg_dinam_clk     ;
; N/A   ; None         ; 17.200 ns  ; lpm_counter:inst28|alt_counter_f10ke:wysi_counter|q[1]         ; 7seg_sel_dig[1] ; 7seg_dinam_clk     ;
; N/A   ; None         ; 17.000 ns  ; lpm_counter:inst28|alt_counter_f10ke:wysi_counter|q[0]         ; 7seg_sel_dig[2] ; 7seg_dinam_clk     ;
; N/A   ; None         ; 16.700 ns  ; lpm_counter:inst28|alt_counter_f10ke:wysi_counter|q[0]         ; 7seg_sel_dig[1] ; 7seg_dinam_clk     ;
; N/A   ; None         ; 16.500 ns  ; lpm_counter:inst28|alt_counter_f10ke:wysi_counter|q[1]         ; 7seg_sel_dig[2] ; 7seg_dinam_clk     ;
; N/A   ; None         ; 15.300 ns  ; lpm_counter:inst28|alt_counter_f10ke:wysi_counter|q[2]         ; 7seg_sel_dig[5] ; 7seg_dinam_clk     ;
; N/A   ; None         ; 15.300 ns  ; lpm_counter:inst28|alt_counter_f10ke:wysi_counter|q[1]         ; 7seg_sel_dig[5] ; 7seg_dinam_clk     ;
; N/A   ; None         ; 15.100 ns  ; lpm_rom0:inst1|altsyncram:altsyncram_component|altrom:rom|q[6] ; 7seg_g          ; 7seg_data_runspeed ;
; N/A   ; None         ; 14.900 ns  ; lpm_rom0:inst1|altsyncram:altsyncram_component|altrom:rom|q[5] ; 7seg_f          ; 7seg_data_runspeed ;
; N/A   ; None         ; 14.800 ns  ; lpm_counter:inst28|alt_counter_f10ke:wysi_counter|q[0]         ; 7seg_sel_dig[5] ; 7seg_dinam_clk     ;
; N/A   ; None         ; 14.000 ns  ; lpm_rom0:inst1|altsyncram:altsyncram_component|altrom:rom|q[4] ; 7seg_e          ; 7seg_data_runspeed ;
; N/A   ; None         ; 14.000 ns  ; lpm_rom0:inst1|altsyncram:altsyncram_component|altrom:rom|q[3] ; 7seg_d          ; 7seg_data_runspeed ;
; N/A   ; None         ; 14.000 ns  ; lpm_rom0:inst1|altsyncram:altsyncram_component|altrom:rom|q[2] ; 7seg_c          ; 7seg_data_runspeed ;
; N/A   ; None         ; 14.000 ns  ; lpm_rom0:inst1|altsyncram:altsyncram_component|altrom:rom|q[1] ; 7seg_b          ; 7seg_data_runspeed ;
; N/A   ; None         ; 14.000 ns  ; lpm_rom0:inst1|altsyncram:altsyncram_component|altrom:rom|q[0] ; 7seg_a          ; 7seg_data_runspeed ;
+-------+--------------+------------+----------------------------------------------------------------+-----------------+--------------------+


+--------------------------+
; Timing Analyzer Messages ;
+--------------------------+
Info: *******************************************************************
Info: Running Quartus II Classic Timing Analyzer
    Info: Version 8.1 Build 163 10/28/2008 SJ Full Version
    Info: Processing started: Tue Mar 03 19:33:42 2020
Info: Command: quartus_tan --read_settings_files=off --write_settings_files=off sss_7seg -c sss_7seg
Info: Parallel compilation is enabled and will use 4 of the 6 processors detected
Info: Started post-fitting delay annotation
Info: Delay annotation completed successfully
Warning: Found pins functioning as undefined clocks and/or memory enables
    Info: Assuming node "7seg_data_runspeed" is an undefined clock
    Info: Assuming node "7seg_dinam_clk" is an undefined clock
Info: Clock "7seg_data_runspeed" has Internal fmax of 76.34 MHz between source memory "lpm_rom0:inst1|altsyncram:altsyncram_component|altrom:rom|q[0]~reg_ra0" and destination memory "lpm_rom0:inst1|altsyncram:altsyncram_component|altrom:rom|q[0]" (period= 13.1 ns)
    Info: + Longest memory to memory delay is 10.700 ns
        Info: 1: + IC(0.000 ns) + CELL(0.000 ns) = 0.000 ns; Loc. = EC4_A; Fanout = 1; MEM Node = 'lpm_rom0:inst1|altsyncram:altsyncram_component|altrom:rom|q[0]~reg_ra0'
        Info: 2: + IC(0.000 ns) + CELL(10.700 ns) = 10.700 ns; Loc. = EC4_A; Fanout = 1; MEM Node = 'lpm_rom0:inst1|altsyncram:altsyncram_component|altrom:rom|q[0]~mem_cell_ra0'
        Info: 3: + IC(0.000 ns) + CELL(0.000 ns) = 10.700 ns; Loc. = EC4_A; Fanout = 1; MEM Node = 'lpm_rom0:inst1|altsyncram:altsyncram_component|altrom:rom|q[0]'
        Info: Total cell delay = 10.700 ns ( 100.00 % )
    Info: - Smallest clock skew is 0.000 ns
        Info: + Shortest clock path from clock "7seg_data_runspeed" to destination memory is 5.300 ns
            Info: 1: + IC(0.000 ns) + CELL(2.800 ns) = 2.800 ns; Loc. = PIN_43; Fanout = 42; CLK Node = '7seg_data_runspeed'
            Info: 2: + IC(2.500 ns) + CELL(0.000 ns) = 5.300 ns; Loc. = EC4_A; Fanout = 1; MEM Node = 'lpm_rom0:inst1|altsyncram:altsyncram_component|altrom:rom|q[0]'
            Info: Total cell delay = 2.800 ns ( 52.83 % )
            Info: Total interconnect delay = 2.500 ns ( 47.17 % )
        Info: - Longest clock path from clock "7seg_data_runspeed" to source memory is 5.300 ns
            Info: 1: + IC(0.000 ns) + CELL(2.800 ns) = 2.800 ns; Loc. = PIN_43; Fanout = 42; CLK Node = '7seg_data_runspeed'
            Info: 2: + IC(2.500 ns) + CELL(0.000 ns) = 5.300 ns; Loc. = EC4_A; Fanout = 1; MEM Node = 'lpm_rom0:inst1|altsyncram:altsyncram_component|altrom:rom|q[0]~reg_ra0'
            Info: Total cell delay = 2.800 ns ( 52.83 % )
            Info: Total interconnect delay = 2.500 ns ( 47.17 % )
    Info: + Micro clock to output delay of source is 0.600 ns
    Info: + Micro setup delay of destination is 1.800 ns
Info: Clock "7seg_dinam_clk" has Internal fmax of 120.48 MHz between source register "lpm_counter:inst28|alt_counter_f10ke:wysi_counter|q[2]" and destination register "lpm_counter:inst28|alt_counter_f10ke:wysi_counter|q[0]" (period= 8.3 ns)
    Info: + Longest register to register delay is 4.700 ns
        Info: 1: + IC(0.000 ns) + CELL(0.000 ns) = 0.000 ns; Loc. = LC7_C5; Fanout = 9; REG Node = 'lpm_counter:inst28|alt_counter_f10ke:wysi_counter|q[2]'
        Info: 2: + IC(0.600 ns) + CELL(2.300 ns) = 2.900 ns; Loc. = LC1_C5; Fanout = 4; COMB Node = 'lpm_counter:inst28|alt_counter_f10ke:wysi_counter|lpm_compare:$00010|comptree:comparator|cmpchain:cmp_end|aeb_out'
        Info: 3: + IC(0.600 ns) + CELL(1.200 ns) = 4.700 ns; Loc. = LC5_C5; Fanout = 11; REG Node = 'lpm_counter:inst28|alt_counter_f10ke:wysi_counter|q[0]'
        Info: Total cell delay = 3.500 ns ( 74.47 % )
        Info: Total interconnect delay = 1.200 ns ( 25.53 % )
    Info: - Smallest clock skew is 0.000 ns
        Info: + Shortest clock path from clock "7seg_dinam_clk" to destination register is 5.300 ns
            Info: 1: + IC(0.000 ns) + CELL(2.800 ns) = 2.800 ns; Loc. = PIN_1; Fanout = 3; CLK Node = '7seg_dinam_clk'
            Info: 2: + IC(2.500 ns) + CELL(0.000 ns) = 5.300 ns; Loc. = LC5_C5; Fanout = 11; REG Node = 'lpm_counter:inst28|alt_counter_f10ke:wysi_counter|q[0]'
            Info: Total cell delay = 2.800 ns ( 52.83 % )
            Info: Total interconnect delay = 2.500 ns ( 47.17 % )
        Info: - Longest clock path from clock "7seg_dinam_clk" to source register is 5.300 ns
            Info: 1: + IC(0.000 ns) + CELL(2.800 ns) = 2.800 ns; Loc. = PIN_1; Fanout = 3; CLK Node = '7seg_dinam_clk'
            Info: 2: + IC(2.500 ns) + CELL(0.000 ns) = 5.300 ns; Loc. = LC7_C5; Fanout = 9; REG Node = 'lpm_counter:inst28|alt_counter_f10ke:wysi_counter|q[2]'
            Info: Total cell delay = 2.800 ns ( 52.83 % )
            Info: Total interconnect delay = 2.500 ns ( 47.17 % )
    Info: + Micro clock to output delay of source is 1.100 ns
    Info: + Micro setup delay of destination is 2.500 ns
Info: tco from clock "7seg_dinam_clk" to destination pin "7seg_sel_dig[0]" through register "lpm_counter:inst28|alt_counter_f10ke:wysi_counter|q[2]" is 19.000 ns
    Info: + Longest clock path from clock "7seg_dinam_clk" to source register is 5.300 ns
        Info: 1: + IC(0.000 ns) + CELL(2.800 ns) = 2.800 ns; Loc. = PIN_1; Fanout = 3; CLK Node = '7seg_dinam_clk'
        Info: 2: + IC(2.500 ns) + CELL(0.000 ns) = 5.300 ns; Loc. = LC7_C5; Fanout = 9; REG Node = 'lpm_counter:inst28|alt_counter_f10ke:wysi_counter|q[2]'
        Info: Total cell delay = 2.800 ns ( 52.83 % )
        Info: Total interconnect delay = 2.500 ns ( 47.17 % )
    Info: + Micro clock to output delay of source is 1.100 ns
    Info: + Longest register to pin delay is 12.600 ns
        Info: 1: + IC(0.000 ns) + CELL(0.000 ns) = 0.000 ns; Loc. = LC7_C5; Fanout = 9; REG Node = 'lpm_counter:inst28|alt_counter_f10ke:wysi_counter|q[2]'
        Info: 2: + IC(2.600 ns) + CELL(2.300 ns) = 4.900 ns; Loc. = LC5_C12; Fanout = 1; COMB Node = 'lpm_decode:inst73|decode_hre:auto_generated|cmpr_ulc:cmpr1|result_wire[0]'
        Info: 3: + IC(2.600 ns) + CELL(5.100 ns) = 12.600 ns; Loc. = PIN_24; Fanout = 0; PIN Node = '7seg_sel_dig[0]'
        Info: Total cell delay = 7.400 ns ( 58.73 % )
        Info: Total interconnect delay = 5.200 ns ( 41.27 % )
Info: Parallel compilation was enabled but no parallel operations were performed
Info: Quartus II Classic Timing Analyzer was successful. 0 errors, 1 warning
    Info: Peak virtual memory: 195 megabytes
    Info: Processing ended: Tue Mar 03 19:33:42 2020
    Info: Elapsed time: 00:00:00
    Info: Total CPU time (on all processors): 00:00:00


