Classic Timing Analyzer report for max2
Mon Aug 01 21:08:48 2016
Quartus II Version 8.1 Build 163 10/28/2008 SJ Full Version


---------------------
; Table of Contents ;
---------------------
  1. Legal Notice
  2. Timing Analyzer Summary
  3. Timing Analyzer Settings
  4. Clock Settings Summary
  5. Clock Setup: '5_56MHz'
  6. tsu
  7. tco
  8. th
  9. Timing Analyzer Messages



----------------
; Legal Notice ;
----------------
Copyright (C) 1991-2008 Altera Corporation
Your use of Altera Corporation's design tools, logic functions 
and other software and tools, and its AMPP partner logic 
functions, and any output files from any of the foregoing 
(including device programming or simulation files), and any 
associated documentation or information are expressly subject 
to the terms and conditions of the Altera Program License 
Subscription Agreement, Altera MegaCore Function License 
Agreement, or other applicable license agreement, including, 
without limitation, that your use is for the sole purpose of 
programming logic devices manufactured by Altera and sold by 
Altera or its authorized distributors.  Please refer to the 
applicable agreement for further details.



+----------------------------------------------------------------------------------------------------------------------------------------------------------------------------------------------------------------+
; Timing Analyzer Summary                                                                                                                                                                                        ;
+------------------------------+-------+---------------+----------------------------------+------------------------------------------------------+------------------------+------------+----------+--------------+
; Type                         ; Slack ; Required Time ; Actual Time                      ; From                                                 ; To                     ; From Clock ; To Clock ; Failed Paths ;
+------------------------------+-------+---------------+----------------------------------+------------------------------------------------------+------------------------+------------+----------+--------------+
; Worst-case tsu               ; N/A   ; None          ; 2.194 ns                         ; dn                                                   ; inst3                  ; --         ; 5_56MHz  ; 0            ;
; Worst-case tco               ; N/A   ; None          ; 28.032 ns                        ; lpm_dff:inst83|dffs[3]                               ; f3[0]                  ; 5_56MHz    ; --       ; 0            ;
; Worst-case th                ; N/A   ; None          ; -1.640 ns                        ; dn                                                   ; inst3                  ; --         ; 5_56MHz  ; 0            ;
; Clock Setup: '5_56MHz'       ; N/A   ; None          ; 86.04 MHz ( period = 11.623 ns ) ; lpm_counter:inst23|cntr_upg:auto_generated|safe_q[0] ; lpm_dff:inst75|dffs[3] ; 5_56MHz    ; 5_56MHz  ; 0            ;
; Total number of failed paths ;       ;               ;                                  ;                                                      ;                        ;            ;          ; 0            ;
+------------------------------+-------+---------------+----------------------------------+------------------------------------------------------+------------------------+------------+----------+--------------+


+--------------------------------------------------------------------------------------------------------------------+
; Timing Analyzer Settings                                                                                           ;
+---------------------------------------------------------------------+--------------------+------+----+-------------+
; Option                                                              ; Setting            ; From ; To ; Entity Name ;
+---------------------------------------------------------------------+--------------------+------+----+-------------+
; Device Name                                                         ; EPM240T100C5       ;      ;    ;             ;
; Timing Models                                                       ; Final              ;      ;    ;             ;
; Default hold multicycle                                             ; Same as Multicycle ;      ;    ;             ;
; Cut paths between unrelated clock domains                           ; On                 ;      ;    ;             ;
; Cut off read during write signal paths                              ; On                 ;      ;    ;             ;
; Cut off feedback from I/O pins                                      ; On                 ;      ;    ;             ;
; Report Combined Fast/Slow Timing                                    ; Off                ;      ;    ;             ;
; Ignore Clock Settings                                               ; Off                ;      ;    ;             ;
; Analyze latches as synchronous elements                             ; On                 ;      ;    ;             ;
; Enable Recovery/Removal analysis                                    ; Off                ;      ;    ;             ;
; Enable Clock Latency                                                ; Off                ;      ;    ;             ;
; Use TimeQuest Timing Analyzer                                       ; Off                ;      ;    ;             ;
; Number of source nodes to report per destination node               ; 10                 ;      ;    ;             ;
; Number of destination nodes to report                               ; 10                 ;      ;    ;             ;
; Number of paths to report                                           ; 200                ;      ;    ;             ;
; Report Minimum Timing Checks                                        ; Off                ;      ;    ;             ;
; Use Fast Timing Models                                              ; Off                ;      ;    ;             ;
; Report IO Paths Separately                                          ; Off                ;      ;    ;             ;
; Perform Multicorner Analysis                                        ; Off                ;      ;    ;             ;
; Reports the worst-case path for each clock domain and analysis      ; Off                ;      ;    ;             ;
; Removes common clock path pessimism (CCPP) during slack computation ; Off                ;      ;    ;             ;
; Output I/O Timing Endpoint                                          ; Near End           ;      ;    ;             ;
+---------------------------------------------------------------------+--------------------+------+----+-------------+


+------------------------------------------------------------------------------------------------------------------------------------------------------------------------------------+
; Clock Settings Summary                                                                                                                                                             ;
+-----------------+--------------------+----------+------------------+---------------+--------------+----------+-----------------------+---------------------+--------+--------------+
; Clock Node Name ; Clock Setting Name ; Type     ; Fmax Requirement ; Early Latency ; Late Latency ; Based on ; Multiply Base Fmax by ; Divide Base Fmax by ; Offset ; Phase offset ;
+-----------------+--------------------+----------+------------------+---------------+--------------+----------+-----------------------+---------------------+--------+--------------+
; 5_56MHz         ;                    ; User Pin ; None             ; 0.000 ns      ; 0.000 ns     ; --       ; N/A                   ; N/A                 ; N/A    ;              ;
+-----------------+--------------------+----------+------------------+---------------+--------------+----------+-----------------------+---------------------+--------+--------------+


+-------------------------------------------------------------------------------------------------------------------------------------------------------------------------------------------------------------------------------------------------------------------------------------------------------------------------+
; Clock Setup: '5_56MHz'                                                                                                                                                                                                                                                                                                  ;
+-----------------------------------------+-----------------------------------------------------+------------------------------------------------------+------------------------------------------------------+------------+----------+-----------------------------+---------------------------+-------------------------+
; Slack                                   ; Actual fmax (period)                                ; From                                                 ; To                                                   ; From Clock ; To Clock ; Required Setup Relationship ; Required Longest P2P Time ; Actual Longest P2P Time ;
+-----------------------------------------+-----------------------------------------------------+------------------------------------------------------+------------------------------------------------------+------------+----------+-----------------------------+---------------------------+-------------------------+
; N/A                                     ; 86.04 MHz ( period = 11.623 ns )                    ; lpm_counter:inst23|cntr_upg:auto_generated|safe_q[0] ; lpm_dff:inst75|dffs[2]                               ; 5_56MHz    ; 5_56MHz  ; None                        ; None                      ; 10.914 ns               ;
; N/A                                     ; 86.04 MHz ( period = 11.623 ns )                    ; lpm_counter:inst23|cntr_upg:auto_generated|safe_q[0] ; lpm_dff:inst75|dffs[3]                               ; 5_56MHz    ; 5_56MHz  ; None                        ; None                      ; 10.914 ns               ;
; N/A                                     ; 86.35 MHz ( period = 11.581 ns )                    ; lpm_counter:inst48|cntr_ndi:auto_generated|safe_q[0] ; lpm_dff:inst82|dffs[1]                               ; 5_56MHz    ; 5_56MHz  ; None                        ; None                      ; 10.872 ns               ;
; N/A                                     ; 86.35 MHz ( period = 11.581 ns )                    ; lpm_counter:inst48|cntr_ndi:auto_generated|safe_q[0] ; lpm_dff:inst82|dffs[0]                               ; 5_56MHz    ; 5_56MHz  ; None                        ; None                      ; 10.872 ns               ;
; N/A                                     ; 86.65 MHz ( period = 11.541 ns )                    ; lpm_counter:inst48|cntr_ndi:auto_generated|safe_q[0] ; lpm_dff:inst75|dffs[2]                               ; 5_56MHz    ; 5_56MHz  ; None                        ; None                      ; 10.832 ns               ;
; N/A                                     ; 86.65 MHz ( period = 11.541 ns )                    ; lpm_counter:inst48|cntr_ndi:auto_generated|safe_q[0] ; lpm_dff:inst75|dffs[3]                               ; 5_56MHz    ; 5_56MHz  ; None                        ; None                      ; 10.832 ns               ;
; N/A                                     ; 86.95 MHz ( period = 11.501 ns )                    ; lpm_counter:inst23|cntr_upg:auto_generated|safe_q[1] ; lpm_dff:inst75|dffs[2]                               ; 5_56MHz    ; 5_56MHz  ; None                        ; None                      ; 10.792 ns               ;
; N/A                                     ; 86.95 MHz ( period = 11.501 ns )                    ; lpm_counter:inst23|cntr_upg:auto_generated|safe_q[1] ; lpm_dff:inst75|dffs[3]                               ; 5_56MHz    ; 5_56MHz  ; None                        ; None                      ; 10.792 ns               ;
; N/A                                     ; 87.20 MHz ( period = 11.468 ns )                    ; lpm_counter:inst23|cntr_upg:auto_generated|safe_q[3] ; lpm_dff:inst75|dffs[2]                               ; 5_56MHz    ; 5_56MHz  ; None                        ; None                      ; 10.759 ns               ;
; N/A                                     ; 87.20 MHz ( period = 11.468 ns )                    ; lpm_counter:inst23|cntr_upg:auto_generated|safe_q[3] ; lpm_dff:inst75|dffs[3]                               ; 5_56MHz    ; 5_56MHz  ; None                        ; None                      ; 10.759 ns               ;
; N/A                                     ; 87.29 MHz ( period = 11.456 ns )                    ; lpm_counter:inst48|cntr_ndi:auto_generated|safe_q[1] ; lpm_dff:inst82|dffs[1]                               ; 5_56MHz    ; 5_56MHz  ; None                        ; None                      ; 10.747 ns               ;
; N/A                                     ; 87.29 MHz ( period = 11.456 ns )                    ; lpm_counter:inst48|cntr_ndi:auto_generated|safe_q[1] ; lpm_dff:inst82|dffs[0]                               ; 5_56MHz    ; 5_56MHz  ; None                        ; None                      ; 10.747 ns               ;
; N/A                                     ; 87.53 MHz ( period = 11.425 ns )                    ; lpm_counter:inst23|cntr_upg:auto_generated|safe_q[5] ; lpm_dff:inst75|dffs[2]                               ; 5_56MHz    ; 5_56MHz  ; None                        ; None                      ; 10.716 ns               ;
; N/A                                     ; 87.53 MHz ( period = 11.425 ns )                    ; lpm_counter:inst23|cntr_upg:auto_generated|safe_q[5] ; lpm_dff:inst75|dffs[3]                               ; 5_56MHz    ; 5_56MHz  ; None                        ; None                      ; 10.716 ns               ;
; N/A                                     ; 87.60 MHz ( period = 11.416 ns )                    ; lpm_counter:inst48|cntr_ndi:auto_generated|safe_q[1] ; lpm_dff:inst75|dffs[2]                               ; 5_56MHz    ; 5_56MHz  ; None                        ; None                      ; 10.707 ns               ;
; N/A                                     ; 87.60 MHz ( period = 11.416 ns )                    ; lpm_counter:inst48|cntr_ndi:auto_generated|safe_q[1] ; lpm_dff:inst75|dffs[3]                               ; 5_56MHz    ; 5_56MHz  ; None                        ; None                      ; 10.707 ns               ;
; N/A                                     ; 87.73 MHz ( period = 11.399 ns )                    ; lpm_counter:inst48|cntr_ndi:auto_generated|safe_q[3] ; lpm_dff:inst82|dffs[1]                               ; 5_56MHz    ; 5_56MHz  ; None                        ; None                      ; 10.690 ns               ;
; N/A                                     ; 87.73 MHz ( period = 11.399 ns )                    ; lpm_counter:inst48|cntr_ndi:auto_generated|safe_q[3] ; lpm_dff:inst82|dffs[0]                               ; 5_56MHz    ; 5_56MHz  ; None                        ; None                      ; 10.690 ns               ;
; N/A                                     ; 87.89 MHz ( period = 11.378 ns )                    ; lpm_counter:inst23|cntr_upg:auto_generated|safe_q[2] ; lpm_dff:inst75|dffs[2]                               ; 5_56MHz    ; 5_56MHz  ; None                        ; None                      ; 10.669 ns               ;
; N/A                                     ; 87.89 MHz ( period = 11.378 ns )                    ; lpm_counter:inst23|cntr_upg:auto_generated|safe_q[2] ; lpm_dff:inst75|dffs[3]                               ; 5_56MHz    ; 5_56MHz  ; None                        ; None                      ; 10.669 ns               ;
; N/A                                     ; 88.04 MHz ( period = 11.359 ns )                    ; lpm_counter:inst48|cntr_ndi:auto_generated|safe_q[3] ; lpm_dff:inst75|dffs[2]                               ; 5_56MHz    ; 5_56MHz  ; None                        ; None                      ; 10.650 ns               ;
; N/A                                     ; 88.04 MHz ( period = 11.359 ns )                    ; lpm_counter:inst48|cntr_ndi:auto_generated|safe_q[3] ; lpm_dff:inst75|dffs[3]                               ; 5_56MHz    ; 5_56MHz  ; None                        ; None                      ; 10.650 ns               ;
; N/A                                     ; 88.24 MHz ( period = 11.333 ns )                    ; lpm_counter:inst23|cntr_upg:auto_generated|safe_q[0] ; lpm_dff:inst75|dffs[0]                               ; 5_56MHz    ; 5_56MHz  ; None                        ; None                      ; 10.624 ns               ;
; N/A                                     ; 88.37 MHz ( period = 11.316 ns )                    ; lpm_counter:inst23|cntr_upg:auto_generated|safe_q[4] ; lpm_dff:inst75|dffs[2]                               ; 5_56MHz    ; 5_56MHz  ; None                        ; None                      ; 10.607 ns               ;
; N/A                                     ; 88.37 MHz ( period = 11.316 ns )                    ; lpm_counter:inst23|cntr_upg:auto_generated|safe_q[4] ; lpm_dff:inst75|dffs[3]                               ; 5_56MHz    ; 5_56MHz  ; None                        ; None                      ; 10.607 ns               ;
; N/A                                     ; 88.47 MHz ( period = 11.303 ns )                    ; lpm_counter:inst23|cntr_upg:auto_generated|safe_q[6] ; lpm_dff:inst75|dffs[2]                               ; 5_56MHz    ; 5_56MHz  ; None                        ; None                      ; 10.594 ns               ;
; N/A                                     ; 88.47 MHz ( period = 11.303 ns )                    ; lpm_counter:inst23|cntr_upg:auto_generated|safe_q[6] ; lpm_dff:inst75|dffs[3]                               ; 5_56MHz    ; 5_56MHz  ; None                        ; None                      ; 10.594 ns               ;
; N/A                                     ; 88.54 MHz ( period = 11.294 ns )                    ; lpm_counter:inst23|cntr_upg:auto_generated|safe_q[0] ; lpm_dff:inst82|dffs[1]                               ; 5_56MHz    ; 5_56MHz  ; None                        ; None                      ; 10.585 ns               ;
; N/A                                     ; 88.54 MHz ( period = 11.294 ns )                    ; lpm_counter:inst23|cntr_upg:auto_generated|safe_q[0] ; lpm_dff:inst82|dffs[0]                               ; 5_56MHz    ; 5_56MHz  ; None                        ; None                      ; 10.585 ns               ;
; N/A                                     ; 88.88 MHz ( period = 11.251 ns )                    ; lpm_counter:inst48|cntr_ndi:auto_generated|safe_q[0] ; lpm_dff:inst75|dffs[0]                               ; 5_56MHz    ; 5_56MHz  ; None                        ; None                      ; 10.542 ns               ;
; N/A                                     ; 88.90 MHz ( period = 11.249 ns )                    ; lpm_counter:inst23|cntr_upg:auto_generated|safe_q[0] ; lpm_dff:inst76|dffs[0]                               ; 5_56MHz    ; 5_56MHz  ; None                        ; None                      ; 10.540 ns               ;
; N/A                                     ; 88.90 MHz ( period = 11.249 ns )                    ; lpm_counter:inst23|cntr_upg:auto_generated|safe_q[0] ; lpm_dff:inst76|dffs[2]                               ; 5_56MHz    ; 5_56MHz  ; None                        ; None                      ; 10.540 ns               ;
; N/A                                     ; 88.90 MHz ( period = 11.249 ns )                    ; lpm_counter:inst23|cntr_upg:auto_generated|safe_q[0] ; lpm_dff:inst76|dffs[3]                               ; 5_56MHz    ; 5_56MHz  ; None                        ; None                      ; 10.540 ns               ;
; N/A                                     ; 89.20 MHz ( period = 11.211 ns )                    ; lpm_counter:inst23|cntr_upg:auto_generated|safe_q[1] ; lpm_dff:inst75|dffs[0]                               ; 5_56MHz    ; 5_56MHz  ; None                        ; None                      ; 10.502 ns               ;
; N/A                                     ; 89.46 MHz ( period = 11.178 ns )                    ; lpm_counter:inst23|cntr_upg:auto_generated|safe_q[3] ; lpm_dff:inst75|dffs[0]                               ; 5_56MHz    ; 5_56MHz  ; None                        ; None                      ; 10.469 ns               ;
; N/A                                     ; 89.51 MHz ( period = 11.172 ns )                    ; lpm_counter:inst23|cntr_upg:auto_generated|safe_q[1] ; lpm_dff:inst82|dffs[1]                               ; 5_56MHz    ; 5_56MHz  ; None                        ; None                      ; 10.463 ns               ;
; N/A                                     ; 89.51 MHz ( period = 11.172 ns )                    ; lpm_counter:inst23|cntr_upg:auto_generated|safe_q[1] ; lpm_dff:inst82|dffs[0]                               ; 5_56MHz    ; 5_56MHz  ; None                        ; None                      ; 10.463 ns               ;
; N/A                                     ; 89.55 MHz ( period = 11.167 ns )                    ; lpm_counter:inst48|cntr_ndi:auto_generated|safe_q[0] ; lpm_dff:inst76|dffs[0]                               ; 5_56MHz    ; 5_56MHz  ; None                        ; None                      ; 10.458 ns               ;
; N/A                                     ; 89.55 MHz ( period = 11.167 ns )                    ; lpm_counter:inst48|cntr_ndi:auto_generated|safe_q[0] ; lpm_dff:inst76|dffs[2]                               ; 5_56MHz    ; 5_56MHz  ; None                        ; None                      ; 10.458 ns               ;
; N/A                                     ; 89.55 MHz ( period = 11.167 ns )                    ; lpm_counter:inst48|cntr_ndi:auto_generated|safe_q[0] ; lpm_dff:inst76|dffs[3]                               ; 5_56MHz    ; 5_56MHz  ; None                        ; None                      ; 10.458 ns               ;
; N/A                                     ; 89.71 MHz ( period = 11.147 ns )                    ; lpm_counter:inst48|cntr_ndi:auto_generated|safe_q[2] ; lpm_dff:inst82|dffs[1]                               ; 5_56MHz    ; 5_56MHz  ; None                        ; None                      ; 10.438 ns               ;
; N/A                                     ; 89.71 MHz ( period = 11.147 ns )                    ; lpm_counter:inst48|cntr_ndi:auto_generated|safe_q[2] ; lpm_dff:inst82|dffs[0]                               ; 5_56MHz    ; 5_56MHz  ; None                        ; None                      ; 10.438 ns               ;
; N/A                                     ; 89.77 MHz ( period = 11.139 ns )                    ; lpm_counter:inst23|cntr_upg:auto_generated|safe_q[3] ; lpm_dff:inst82|dffs[1]                               ; 5_56MHz    ; 5_56MHz  ; None                        ; None                      ; 10.430 ns               ;
; N/A                                     ; 89.77 MHz ( period = 11.139 ns )                    ; lpm_counter:inst23|cntr_upg:auto_generated|safe_q[3] ; lpm_dff:inst82|dffs[0]                               ; 5_56MHz    ; 5_56MHz  ; None                        ; None                      ; 10.430 ns               ;
; N/A                                     ; 89.81 MHz ( period = 11.135 ns )                    ; lpm_counter:inst23|cntr_upg:auto_generated|safe_q[5] ; lpm_dff:inst75|dffs[0]                               ; 5_56MHz    ; 5_56MHz  ; None                        ; None                      ; 10.426 ns               ;
; N/A                                     ; 89.87 MHz ( period = 11.127 ns )                    ; lpm_counter:inst23|cntr_upg:auto_generated|safe_q[1] ; lpm_dff:inst76|dffs[0]                               ; 5_56MHz    ; 5_56MHz  ; None                        ; None                      ; 10.418 ns               ;
; N/A                                     ; 89.87 MHz ( period = 11.127 ns )                    ; lpm_counter:inst23|cntr_upg:auto_generated|safe_q[1] ; lpm_dff:inst76|dffs[2]                               ; 5_56MHz    ; 5_56MHz  ; None                        ; None                      ; 10.418 ns               ;
; N/A                                     ; 89.87 MHz ( period = 11.127 ns )                    ; lpm_counter:inst23|cntr_upg:auto_generated|safe_q[1] ; lpm_dff:inst76|dffs[3]                               ; 5_56MHz    ; 5_56MHz  ; None                        ; None                      ; 10.418 ns               ;
; N/A                                     ; 89.88 MHz ( period = 11.126 ns )                    ; lpm_counter:inst48|cntr_ndi:auto_generated|safe_q[1] ; lpm_dff:inst75|dffs[0]                               ; 5_56MHz    ; 5_56MHz  ; None                        ; None                      ; 10.417 ns               ;
; N/A                                     ; 90.03 MHz ( period = 11.107 ns )                    ; lpm_counter:inst48|cntr_ndi:auto_generated|safe_q[2] ; lpm_dff:inst75|dffs[2]                               ; 5_56MHz    ; 5_56MHz  ; None                        ; None                      ; 10.398 ns               ;
; N/A                                     ; 90.03 MHz ( period = 11.107 ns )                    ; lpm_counter:inst48|cntr_ndi:auto_generated|safe_q[2] ; lpm_dff:inst75|dffs[3]                               ; 5_56MHz    ; 5_56MHz  ; None                        ; None                      ; 10.398 ns               ;
; N/A                                     ; 90.12 MHz ( period = 11.096 ns )                    ; lpm_counter:inst23|cntr_upg:auto_generated|safe_q[5] ; lpm_dff:inst82|dffs[1]                               ; 5_56MHz    ; 5_56MHz  ; None                        ; None                      ; 10.387 ns               ;
; N/A                                     ; 90.12 MHz ( period = 11.096 ns )                    ; lpm_counter:inst23|cntr_upg:auto_generated|safe_q[5] ; lpm_dff:inst82|dffs[0]                               ; 5_56MHz    ; 5_56MHz  ; None                        ; None                      ; 10.387 ns               ;
; N/A                                     ; 90.14 MHz ( period = 11.094 ns )                    ; lpm_counter:inst23|cntr_upg:auto_generated|safe_q[3] ; lpm_dff:inst76|dffs[0]                               ; 5_56MHz    ; 5_56MHz  ; None                        ; None                      ; 10.385 ns               ;
; N/A                                     ; 90.14 MHz ( period = 11.094 ns )                    ; lpm_counter:inst23|cntr_upg:auto_generated|safe_q[3] ; lpm_dff:inst76|dffs[2]                               ; 5_56MHz    ; 5_56MHz  ; None                        ; None                      ; 10.385 ns               ;
; N/A                                     ; 90.14 MHz ( period = 11.094 ns )                    ; lpm_counter:inst23|cntr_upg:auto_generated|safe_q[3] ; lpm_dff:inst76|dffs[3]                               ; 5_56MHz    ; 5_56MHz  ; None                        ; None                      ; 10.385 ns               ;
; N/A                                     ; 90.19 MHz ( period = 11.088 ns )                    ; lpm_counter:inst23|cntr_upg:auto_generated|safe_q[2] ; lpm_dff:inst75|dffs[0]                               ; 5_56MHz    ; 5_56MHz  ; None                        ; None                      ; 10.379 ns               ;
; N/A                                     ; 90.34 MHz ( period = 11.069 ns )                    ; lpm_counter:inst48|cntr_ndi:auto_generated|safe_q[3] ; lpm_dff:inst75|dffs[0]                               ; 5_56MHz    ; 5_56MHz  ; None                        ; None                      ; 10.360 ns               ;
; N/A                                     ; 90.49 MHz ( period = 11.051 ns )                    ; lpm_counter:inst23|cntr_upg:auto_generated|safe_q[5] ; lpm_dff:inst76|dffs[0]                               ; 5_56MHz    ; 5_56MHz  ; None                        ; None                      ; 10.342 ns               ;
; N/A                                     ; 90.49 MHz ( period = 11.051 ns )                    ; lpm_counter:inst23|cntr_upg:auto_generated|safe_q[5] ; lpm_dff:inst76|dffs[2]                               ; 5_56MHz    ; 5_56MHz  ; None                        ; None                      ; 10.342 ns               ;
; N/A                                     ; 90.49 MHz ( period = 11.051 ns )                    ; lpm_counter:inst23|cntr_upg:auto_generated|safe_q[5] ; lpm_dff:inst76|dffs[3]                               ; 5_56MHz    ; 5_56MHz  ; None                        ; None                      ; 10.342 ns               ;
; N/A                                     ; 90.51 MHz ( period = 11.049 ns )                    ; lpm_counter:inst23|cntr_upg:auto_generated|safe_q[2] ; lpm_dff:inst82|dffs[1]                               ; 5_56MHz    ; 5_56MHz  ; None                        ; None                      ; 10.340 ns               ;
; N/A                                     ; 90.51 MHz ( period = 11.049 ns )                    ; lpm_counter:inst23|cntr_upg:auto_generated|safe_q[2] ; lpm_dff:inst82|dffs[0]                               ; 5_56MHz    ; 5_56MHz  ; None                        ; None                      ; 10.340 ns               ;
; N/A                                     ; 90.52 MHz ( period = 11.047 ns )                    ; lpm_counter:inst23|cntr_upg:auto_generated|safe_q[8] ; lpm_dff:inst75|dffs[2]                               ; 5_56MHz    ; 5_56MHz  ; None                        ; None                      ; 10.338 ns               ;
; N/A                                     ; 90.52 MHz ( period = 11.047 ns )                    ; lpm_counter:inst23|cntr_upg:auto_generated|safe_q[8] ; lpm_dff:inst75|dffs[3]                               ; 5_56MHz    ; 5_56MHz  ; None                        ; None                      ; 10.338 ns               ;
; N/A                                     ; 90.56 MHz ( period = 11.042 ns )                    ; lpm_counter:inst48|cntr_ndi:auto_generated|safe_q[1] ; lpm_dff:inst76|dffs[0]                               ; 5_56MHz    ; 5_56MHz  ; None                        ; None                      ; 10.333 ns               ;
; N/A                                     ; 90.56 MHz ( period = 11.042 ns )                    ; lpm_counter:inst48|cntr_ndi:auto_generated|safe_q[1] ; lpm_dff:inst76|dffs[2]                               ; 5_56MHz    ; 5_56MHz  ; None                        ; None                      ; 10.333 ns               ;
; N/A                                     ; 90.56 MHz ( period = 11.042 ns )                    ; lpm_counter:inst48|cntr_ndi:auto_generated|safe_q[1] ; lpm_dff:inst76|dffs[3]                               ; 5_56MHz    ; 5_56MHz  ; None                        ; None                      ; 10.333 ns               ;
; N/A                                     ; 90.69 MHz ( period = 11.026 ns )                    ; lpm_counter:inst23|cntr_upg:auto_generated|safe_q[4] ; lpm_dff:inst75|dffs[0]                               ; 5_56MHz    ; 5_56MHz  ; None                        ; None                      ; 10.317 ns               ;
; N/A                                     ; 90.80 MHz ( period = 11.013 ns )                    ; lpm_counter:inst23|cntr_upg:auto_generated|safe_q[6] ; lpm_dff:inst75|dffs[0]                               ; 5_56MHz    ; 5_56MHz  ; None                        ; None                      ; 10.304 ns               ;
; N/A                                     ; 90.88 MHz ( period = 11.004 ns )                    ; lpm_counter:inst23|cntr_upg:auto_generated|safe_q[2] ; lpm_dff:inst76|dffs[0]                               ; 5_56MHz    ; 5_56MHz  ; None                        ; None                      ; 10.295 ns               ;
; N/A                                     ; 90.88 MHz ( period = 11.004 ns )                    ; lpm_counter:inst23|cntr_upg:auto_generated|safe_q[2] ; lpm_dff:inst76|dffs[2]                               ; 5_56MHz    ; 5_56MHz  ; None                        ; None                      ; 10.295 ns               ;
; N/A                                     ; 90.88 MHz ( period = 11.004 ns )                    ; lpm_counter:inst23|cntr_upg:auto_generated|safe_q[2] ; lpm_dff:inst76|dffs[3]                               ; 5_56MHz    ; 5_56MHz  ; None                        ; None                      ; 10.295 ns               ;
; N/A                                     ; 91.02 MHz ( period = 10.987 ns )                    ; lpm_counter:inst23|cntr_upg:auto_generated|safe_q[4] ; lpm_dff:inst82|dffs[1]                               ; 5_56MHz    ; 5_56MHz  ; None                        ; None                      ; 10.278 ns               ;
; N/A                                     ; 91.02 MHz ( period = 10.987 ns )                    ; lpm_counter:inst23|cntr_upg:auto_generated|safe_q[4] ; lpm_dff:inst82|dffs[0]                               ; 5_56MHz    ; 5_56MHz  ; None                        ; None                      ; 10.278 ns               ;
; N/A                                     ; 91.03 MHz ( period = 10.985 ns )                    ; lpm_counter:inst48|cntr_ndi:auto_generated|safe_q[3] ; lpm_dff:inst76|dffs[0]                               ; 5_56MHz    ; 5_56MHz  ; None                        ; None                      ; 10.276 ns               ;
; N/A                                     ; 91.03 MHz ( period = 10.985 ns )                    ; lpm_counter:inst48|cntr_ndi:auto_generated|safe_q[3] ; lpm_dff:inst76|dffs[2]                               ; 5_56MHz    ; 5_56MHz  ; None                        ; None                      ; 10.276 ns               ;
; N/A                                     ; 91.03 MHz ( period = 10.985 ns )                    ; lpm_counter:inst48|cntr_ndi:auto_generated|safe_q[3] ; lpm_dff:inst76|dffs[3]                               ; 5_56MHz    ; 5_56MHz  ; None                        ; None                      ; 10.276 ns               ;
; N/A                                     ; 91.12 MHz ( period = 10.975 ns )                    ; lpm_counter:inst23|cntr_upg:auto_generated|safe_q[0] ; lpm_counter:inst16|cntr_a2h:auto_generated|safe_q[0] ; 5_56MHz    ; 5_56MHz  ; None                        ; None                      ; 10.266 ns               ;
; N/A                                     ; 91.12 MHz ( period = 10.975 ns )                    ; lpm_counter:inst23|cntr_upg:auto_generated|safe_q[0] ; lpm_counter:inst16|cntr_a2h:auto_generated|safe_q[1] ; 5_56MHz    ; 5_56MHz  ; None                        ; None                      ; 10.266 ns               ;
; N/A                                     ; 91.12 MHz ( period = 10.975 ns )                    ; lpm_counter:inst23|cntr_upg:auto_generated|safe_q[0] ; lpm_counter:inst16|cntr_a2h:auto_generated|safe_q[2] ; 5_56MHz    ; 5_56MHz  ; None                        ; None                      ; 10.266 ns               ;
; N/A                                     ; 91.12 MHz ( period = 10.975 ns )                    ; lpm_counter:inst23|cntr_upg:auto_generated|safe_q[0] ; lpm_counter:inst16|cntr_a2h:auto_generated|safe_q[5] ; 5_56MHz    ; 5_56MHz  ; None                        ; None                      ; 10.266 ns               ;
; N/A                                     ; 91.12 MHz ( period = 10.975 ns )                    ; lpm_counter:inst23|cntr_upg:auto_generated|safe_q[0] ; lpm_counter:inst16|cntr_a2h:auto_generated|safe_q[4] ; 5_56MHz    ; 5_56MHz  ; None                        ; None                      ; 10.266 ns               ;
; N/A                                     ; 91.12 MHz ( period = 10.975 ns )                    ; lpm_counter:inst23|cntr_upg:auto_generated|safe_q[0] ; lpm_counter:inst16|cntr_a2h:auto_generated|safe_q[3] ; 5_56MHz    ; 5_56MHz  ; None                        ; None                      ; 10.266 ns               ;
; N/A                                     ; 91.12 MHz ( period = 10.974 ns )                    ; lpm_counter:inst23|cntr_upg:auto_generated|safe_q[6] ; lpm_dff:inst82|dffs[1]                               ; 5_56MHz    ; 5_56MHz  ; None                        ; None                      ; 10.265 ns               ;
; N/A                                     ; 91.12 MHz ( period = 10.974 ns )                    ; lpm_counter:inst23|cntr_upg:auto_generated|safe_q[6] ; lpm_dff:inst82|dffs[0]                               ; 5_56MHz    ; 5_56MHz  ; None                        ; None                      ; 10.265 ns               ;
; N/A                                     ; 91.27 MHz ( period = 10.957 ns )                    ; lpm_counter:inst23|cntr_upg:auto_generated|safe_q[7] ; lpm_dff:inst75|dffs[2]                               ; 5_56MHz    ; 5_56MHz  ; None                        ; None                      ; 10.248 ns               ;
; N/A                                     ; 91.27 MHz ( period = 10.957 ns )                    ; lpm_counter:inst23|cntr_upg:auto_generated|safe_q[7] ; lpm_dff:inst75|dffs[3]                               ; 5_56MHz    ; 5_56MHz  ; None                        ; None                      ; 10.248 ns               ;
; N/A                                     ; 91.39 MHz ( period = 10.942 ns )                    ; lpm_counter:inst23|cntr_upg:auto_generated|safe_q[4] ; lpm_dff:inst76|dffs[0]                               ; 5_56MHz    ; 5_56MHz  ; None                        ; None                      ; 10.233 ns               ;
; N/A                                     ; 91.39 MHz ( period = 10.942 ns )                    ; lpm_counter:inst23|cntr_upg:auto_generated|safe_q[4] ; lpm_dff:inst76|dffs[2]                               ; 5_56MHz    ; 5_56MHz  ; None                        ; None                      ; 10.233 ns               ;
; N/A                                     ; 91.39 MHz ( period = 10.942 ns )                    ; lpm_counter:inst23|cntr_upg:auto_generated|safe_q[4] ; lpm_dff:inst76|dffs[3]                               ; 5_56MHz    ; 5_56MHz  ; None                        ; None                      ; 10.233 ns               ;
; N/A                                     ; 91.50 MHz ( period = 10.929 ns )                    ; lpm_counter:inst23|cntr_upg:auto_generated|safe_q[6] ; lpm_dff:inst76|dffs[0]                               ; 5_56MHz    ; 5_56MHz  ; None                        ; None                      ; 10.220 ns               ;
; N/A                                     ; 91.50 MHz ( period = 10.929 ns )                    ; lpm_counter:inst23|cntr_upg:auto_generated|safe_q[6] ; lpm_dff:inst76|dffs[2]                               ; 5_56MHz    ; 5_56MHz  ; None                        ; None                      ; 10.220 ns               ;
; N/A                                     ; 91.50 MHz ( period = 10.929 ns )                    ; lpm_counter:inst23|cntr_upg:auto_generated|safe_q[6] ; lpm_dff:inst76|dffs[3]                               ; 5_56MHz    ; 5_56MHz  ; None                        ; None                      ; 10.220 ns               ;
; N/A                                     ; 92.14 MHz ( period = 10.853 ns )                    ; lpm_counter:inst23|cntr_upg:auto_generated|safe_q[1] ; lpm_counter:inst16|cntr_a2h:auto_generated|safe_q[0] ; 5_56MHz    ; 5_56MHz  ; None                        ; None                      ; 10.144 ns               ;
; N/A                                     ; 92.14 MHz ( period = 10.853 ns )                    ; lpm_counter:inst23|cntr_upg:auto_generated|safe_q[1] ; lpm_counter:inst16|cntr_a2h:auto_generated|safe_q[1] ; 5_56MHz    ; 5_56MHz  ; None                        ; None                      ; 10.144 ns               ;
; N/A                                     ; 92.14 MHz ( period = 10.853 ns )                    ; lpm_counter:inst23|cntr_upg:auto_generated|safe_q[1] ; lpm_counter:inst16|cntr_a2h:auto_generated|safe_q[2] ; 5_56MHz    ; 5_56MHz  ; None                        ; None                      ; 10.144 ns               ;
; N/A                                     ; 92.14 MHz ( period = 10.853 ns )                    ; lpm_counter:inst23|cntr_upg:auto_generated|safe_q[1] ; lpm_counter:inst16|cntr_a2h:auto_generated|safe_q[5] ; 5_56MHz    ; 5_56MHz  ; None                        ; None                      ; 10.144 ns               ;
; N/A                                     ; 92.14 MHz ( period = 10.853 ns )                    ; lpm_counter:inst23|cntr_upg:auto_generated|safe_q[1] ; lpm_counter:inst16|cntr_a2h:auto_generated|safe_q[4] ; 5_56MHz    ; 5_56MHz  ; None                        ; None                      ; 10.144 ns               ;
; N/A                                     ; 92.14 MHz ( period = 10.853 ns )                    ; lpm_counter:inst23|cntr_upg:auto_generated|safe_q[1] ; lpm_counter:inst16|cntr_a2h:auto_generated|safe_q[3] ; 5_56MHz    ; 5_56MHz  ; None                        ; None                      ; 10.144 ns               ;
; N/A                                     ; 92.35 MHz ( period = 10.828 ns )                    ; lpm_counter:inst23|cntr_upg:auto_generated|safe_q[0] ; inst18                                               ; 5_56MHz    ; 5_56MHz  ; None                        ; None                      ; 10.119 ns               ;
; N/A                                     ; 92.42 MHz ( period = 10.820 ns )                    ; lpm_counter:inst23|cntr_upg:auto_generated|safe_q[3] ; lpm_counter:inst16|cntr_a2h:auto_generated|safe_q[0] ; 5_56MHz    ; 5_56MHz  ; None                        ; None                      ; 10.111 ns               ;
; N/A                                     ; 92.42 MHz ( period = 10.820 ns )                    ; lpm_counter:inst23|cntr_upg:auto_generated|safe_q[3] ; lpm_counter:inst16|cntr_a2h:auto_generated|safe_q[1] ; 5_56MHz    ; 5_56MHz  ; None                        ; None                      ; 10.111 ns               ;
; N/A                                     ; 92.42 MHz ( period = 10.820 ns )                    ; lpm_counter:inst23|cntr_upg:auto_generated|safe_q[3] ; lpm_counter:inst16|cntr_a2h:auto_generated|safe_q[2] ; 5_56MHz    ; 5_56MHz  ; None                        ; None                      ; 10.111 ns               ;
; N/A                                     ; 92.42 MHz ( period = 10.820 ns )                    ; lpm_counter:inst23|cntr_upg:auto_generated|safe_q[3] ; lpm_counter:inst16|cntr_a2h:auto_generated|safe_q[5] ; 5_56MHz    ; 5_56MHz  ; None                        ; None                      ; 10.111 ns               ;
; N/A                                     ; 92.42 MHz ( period = 10.820 ns )                    ; lpm_counter:inst23|cntr_upg:auto_generated|safe_q[3] ; lpm_counter:inst16|cntr_a2h:auto_generated|safe_q[4] ; 5_56MHz    ; 5_56MHz  ; None                        ; None                      ; 10.111 ns               ;
; N/A                                     ; 92.42 MHz ( period = 10.820 ns )                    ; lpm_counter:inst23|cntr_upg:auto_generated|safe_q[3] ; lpm_counter:inst16|cntr_a2h:auto_generated|safe_q[3] ; 5_56MHz    ; 5_56MHz  ; None                        ; None                      ; 10.111 ns               ;
; N/A                                     ; 92.45 MHz ( period = 10.817 ns )                    ; lpm_counter:inst48|cntr_ndi:auto_generated|safe_q[2] ; lpm_dff:inst75|dffs[0]                               ; 5_56MHz    ; 5_56MHz  ; None                        ; None                      ; 10.108 ns               ;
; N/A                                     ; 92.56 MHz ( period = 10.804 ns )                    ; lpm_counter:inst48|cntr_ndi:auto_generated|safe_q[0] ; lpm_dff:inst83|dffs[2]                               ; 5_56MHz    ; 5_56MHz  ; None                        ; None                      ; 10.095 ns               ;
; N/A                                     ; 92.56 MHz ( period = 10.804 ns )                    ; lpm_counter:inst48|cntr_ndi:auto_generated|safe_q[0] ; lpm_dff:inst83|dffs[3]                               ; 5_56MHz    ; 5_56MHz  ; None                        ; None                      ; 10.095 ns               ;
; N/A                                     ; 92.79 MHz ( period = 10.777 ns )                    ; lpm_counter:inst23|cntr_upg:auto_generated|safe_q[5] ; lpm_counter:inst16|cntr_a2h:auto_generated|safe_q[0] ; 5_56MHz    ; 5_56MHz  ; None                        ; None                      ; 10.068 ns               ;
; N/A                                     ; 92.79 MHz ( period = 10.777 ns )                    ; lpm_counter:inst23|cntr_upg:auto_generated|safe_q[5] ; lpm_counter:inst16|cntr_a2h:auto_generated|safe_q[1] ; 5_56MHz    ; 5_56MHz  ; None                        ; None                      ; 10.068 ns               ;
; N/A                                     ; 92.79 MHz ( period = 10.777 ns )                    ; lpm_counter:inst23|cntr_upg:auto_generated|safe_q[5] ; lpm_counter:inst16|cntr_a2h:auto_generated|safe_q[2] ; 5_56MHz    ; 5_56MHz  ; None                        ; None                      ; 10.068 ns               ;
; N/A                                     ; 92.79 MHz ( period = 10.777 ns )                    ; lpm_counter:inst23|cntr_upg:auto_generated|safe_q[5] ; lpm_counter:inst16|cntr_a2h:auto_generated|safe_q[5] ; 5_56MHz    ; 5_56MHz  ; None                        ; None                      ; 10.068 ns               ;
; N/A                                     ; 92.79 MHz ( period = 10.777 ns )                    ; lpm_counter:inst23|cntr_upg:auto_generated|safe_q[5] ; lpm_counter:inst16|cntr_a2h:auto_generated|safe_q[4] ; 5_56MHz    ; 5_56MHz  ; None                        ; None                      ; 10.068 ns               ;
; N/A                                     ; 92.79 MHz ( period = 10.777 ns )                    ; lpm_counter:inst23|cntr_upg:auto_generated|safe_q[5] ; lpm_counter:inst16|cntr_a2h:auto_generated|safe_q[3] ; 5_56MHz    ; 5_56MHz  ; None                        ; None                      ; 10.068 ns               ;
; N/A                                     ; 92.96 MHz ( period = 10.757 ns )                    ; lpm_counter:inst23|cntr_upg:auto_generated|safe_q[8] ; lpm_dff:inst75|dffs[0]                               ; 5_56MHz    ; 5_56MHz  ; None                        ; None                      ; 10.048 ns               ;
; N/A                                     ; 93.17 MHz ( period = 10.733 ns )                    ; lpm_counter:inst48|cntr_ndi:auto_generated|safe_q[2] ; lpm_dff:inst76|dffs[0]                               ; 5_56MHz    ; 5_56MHz  ; None                        ; None                      ; 10.024 ns               ;
; N/A                                     ; 93.17 MHz ( period = 10.733 ns )                    ; lpm_counter:inst48|cntr_ndi:auto_generated|safe_q[2] ; lpm_dff:inst76|dffs[2]                               ; 5_56MHz    ; 5_56MHz  ; None                        ; None                      ; 10.024 ns               ;
; N/A                                     ; 93.17 MHz ( period = 10.733 ns )                    ; lpm_counter:inst48|cntr_ndi:auto_generated|safe_q[2] ; lpm_dff:inst76|dffs[3]                               ; 5_56MHz    ; 5_56MHz  ; None                        ; None                      ; 10.024 ns               ;
; N/A                                     ; 93.20 MHz ( period = 10.730 ns )                    ; lpm_counter:inst23|cntr_upg:auto_generated|safe_q[2] ; lpm_counter:inst16|cntr_a2h:auto_generated|safe_q[0] ; 5_56MHz    ; 5_56MHz  ; None                        ; None                      ; 10.021 ns               ;
; N/A                                     ; 93.20 MHz ( period = 10.730 ns )                    ; lpm_counter:inst23|cntr_upg:auto_generated|safe_q[2] ; lpm_counter:inst16|cntr_a2h:auto_generated|safe_q[1] ; 5_56MHz    ; 5_56MHz  ; None                        ; None                      ; 10.021 ns               ;
; N/A                                     ; 93.20 MHz ( period = 10.730 ns )                    ; lpm_counter:inst23|cntr_upg:auto_generated|safe_q[2] ; lpm_counter:inst16|cntr_a2h:auto_generated|safe_q[2] ; 5_56MHz    ; 5_56MHz  ; None                        ; None                      ; 10.021 ns               ;
; N/A                                     ; 93.20 MHz ( period = 10.730 ns )                    ; lpm_counter:inst23|cntr_upg:auto_generated|safe_q[2] ; lpm_counter:inst16|cntr_a2h:auto_generated|safe_q[5] ; 5_56MHz    ; 5_56MHz  ; None                        ; None                      ; 10.021 ns               ;
; N/A                                     ; 93.20 MHz ( period = 10.730 ns )                    ; lpm_counter:inst23|cntr_upg:auto_generated|safe_q[2] ; lpm_counter:inst16|cntr_a2h:auto_generated|safe_q[4] ; 5_56MHz    ; 5_56MHz  ; None                        ; None                      ; 10.021 ns               ;
; N/A                                     ; 93.20 MHz ( period = 10.730 ns )                    ; lpm_counter:inst23|cntr_upg:auto_generated|safe_q[2] ; lpm_counter:inst16|cntr_a2h:auto_generated|safe_q[3] ; 5_56MHz    ; 5_56MHz  ; None                        ; None                      ; 10.021 ns               ;
; N/A                                     ; 93.30 MHz ( period = 10.718 ns )                    ; lpm_counter:inst23|cntr_upg:auto_generated|safe_q[8] ; lpm_dff:inst82|dffs[1]                               ; 5_56MHz    ; 5_56MHz  ; None                        ; None                      ; 10.009 ns               ;
; N/A                                     ; 93.30 MHz ( period = 10.718 ns )                    ; lpm_counter:inst23|cntr_upg:auto_generated|safe_q[8] ; lpm_dff:inst82|dffs[0]                               ; 5_56MHz    ; 5_56MHz  ; None                        ; None                      ; 10.009 ns               ;
; N/A                                     ; 93.41 MHz ( period = 10.706 ns )                    ; lpm_counter:inst23|cntr_upg:auto_generated|safe_q[1] ; inst18                                               ; 5_56MHz    ; 5_56MHz  ; None                        ; None                      ; 9.997 ns                ;
; N/A                                     ; 93.64 MHz ( period = 10.679 ns )                    ; lpm_counter:inst48|cntr_ndi:auto_generated|safe_q[1] ; lpm_dff:inst83|dffs[2]                               ; 5_56MHz    ; 5_56MHz  ; None                        ; None                      ; 9.970 ns                ;
; N/A                                     ; 93.64 MHz ( period = 10.679 ns )                    ; lpm_counter:inst48|cntr_ndi:auto_generated|safe_q[1] ; lpm_dff:inst83|dffs[3]                               ; 5_56MHz    ; 5_56MHz  ; None                        ; None                      ; 9.970 ns                ;
; N/A                                     ; 93.69 MHz ( period = 10.673 ns )                    ; lpm_counter:inst23|cntr_upg:auto_generated|safe_q[8] ; lpm_dff:inst76|dffs[0]                               ; 5_56MHz    ; 5_56MHz  ; None                        ; None                      ; 9.964 ns                ;
; N/A                                     ; 93.69 MHz ( period = 10.673 ns )                    ; lpm_counter:inst23|cntr_upg:auto_generated|safe_q[3] ; inst18                                               ; 5_56MHz    ; 5_56MHz  ; None                        ; None                      ; 9.964 ns                ;
; N/A                                     ; 93.69 MHz ( period = 10.673 ns )                    ; lpm_counter:inst23|cntr_upg:auto_generated|safe_q[8] ; lpm_dff:inst76|dffs[2]                               ; 5_56MHz    ; 5_56MHz  ; None                        ; None                      ; 9.964 ns                ;
; N/A                                     ; 93.69 MHz ( period = 10.673 ns )                    ; lpm_counter:inst23|cntr_upg:auto_generated|safe_q[8] ; lpm_dff:inst76|dffs[3]                               ; 5_56MHz    ; 5_56MHz  ; None                        ; None                      ; 9.964 ns                ;
; N/A                                     ; 93.74 MHz ( period = 10.668 ns )                    ; lpm_counter:inst23|cntr_upg:auto_generated|safe_q[4] ; lpm_counter:inst16|cntr_a2h:auto_generated|safe_q[0] ; 5_56MHz    ; 5_56MHz  ; None                        ; None                      ; 9.959 ns                ;
; N/A                                     ; 93.74 MHz ( period = 10.668 ns )                    ; lpm_counter:inst23|cntr_upg:auto_generated|safe_q[4] ; lpm_counter:inst16|cntr_a2h:auto_generated|safe_q[1] ; 5_56MHz    ; 5_56MHz  ; None                        ; None                      ; 9.959 ns                ;
; N/A                                     ; 93.74 MHz ( period = 10.668 ns )                    ; lpm_counter:inst23|cntr_upg:auto_generated|safe_q[4] ; lpm_counter:inst16|cntr_a2h:auto_generated|safe_q[2] ; 5_56MHz    ; 5_56MHz  ; None                        ; None                      ; 9.959 ns                ;
; N/A                                     ; 93.74 MHz ( period = 10.668 ns )                    ; lpm_counter:inst23|cntr_upg:auto_generated|safe_q[4] ; lpm_counter:inst16|cntr_a2h:auto_generated|safe_q[5] ; 5_56MHz    ; 5_56MHz  ; None                        ; None                      ; 9.959 ns                ;
; N/A                                     ; 93.74 MHz ( period = 10.668 ns )                    ; lpm_counter:inst23|cntr_upg:auto_generated|safe_q[4] ; lpm_counter:inst16|cntr_a2h:auto_generated|safe_q[4] ; 5_56MHz    ; 5_56MHz  ; None                        ; None                      ; 9.959 ns                ;
; N/A                                     ; 93.74 MHz ( period = 10.668 ns )                    ; lpm_counter:inst23|cntr_upg:auto_generated|safe_q[4] ; lpm_counter:inst16|cntr_a2h:auto_generated|safe_q[3] ; 5_56MHz    ; 5_56MHz  ; None                        ; None                      ; 9.959 ns                ;
; N/A                                     ; 93.75 MHz ( period = 10.667 ns )                    ; lpm_counter:inst23|cntr_upg:auto_generated|safe_q[7] ; lpm_dff:inst75|dffs[0]                               ; 5_56MHz    ; 5_56MHz  ; None                        ; None                      ; 9.958 ns                ;
; N/A                                     ; 93.85 MHz ( period = 10.655 ns )                    ; lpm_counter:inst23|cntr_upg:auto_generated|safe_q[6] ; lpm_counter:inst16|cntr_a2h:auto_generated|safe_q[0] ; 5_56MHz    ; 5_56MHz  ; None                        ; None                      ; 9.946 ns                ;
; N/A                                     ; 93.85 MHz ( period = 10.655 ns )                    ; lpm_counter:inst23|cntr_upg:auto_generated|safe_q[6] ; lpm_counter:inst16|cntr_a2h:auto_generated|safe_q[1] ; 5_56MHz    ; 5_56MHz  ; None                        ; None                      ; 9.946 ns                ;
; N/A                                     ; 93.85 MHz ( period = 10.655 ns )                    ; lpm_counter:inst23|cntr_upg:auto_generated|safe_q[6] ; lpm_counter:inst16|cntr_a2h:auto_generated|safe_q[2] ; 5_56MHz    ; 5_56MHz  ; None                        ; None                      ; 9.946 ns                ;
; N/A                                     ; 93.85 MHz ( period = 10.655 ns )                    ; lpm_counter:inst23|cntr_upg:auto_generated|safe_q[6] ; lpm_counter:inst16|cntr_a2h:auto_generated|safe_q[5] ; 5_56MHz    ; 5_56MHz  ; None                        ; None                      ; 9.946 ns                ;
; N/A                                     ; 93.85 MHz ( period = 10.655 ns )                    ; lpm_counter:inst23|cntr_upg:auto_generated|safe_q[6] ; lpm_counter:inst16|cntr_a2h:auto_generated|safe_q[4] ; 5_56MHz    ; 5_56MHz  ; None                        ; None                      ; 9.946 ns                ;
; N/A                                     ; 93.85 MHz ( period = 10.655 ns )                    ; lpm_counter:inst23|cntr_upg:auto_generated|safe_q[6] ; lpm_counter:inst16|cntr_a2h:auto_generated|safe_q[3] ; 5_56MHz    ; 5_56MHz  ; None                        ; None                      ; 9.946 ns                ;
; N/A                                     ; 93.86 MHz ( period = 10.654 ns )                    ; lpm_counter:inst48|cntr_ndi:auto_generated|safe_q[0] ; lpm_counter:inst16|cntr_a2h:auto_generated|safe_q[0] ; 5_56MHz    ; 5_56MHz  ; None                        ; None                      ; 9.945 ns                ;
; N/A                                     ; 93.86 MHz ( period = 10.654 ns )                    ; lpm_counter:inst48|cntr_ndi:auto_generated|safe_q[0] ; lpm_counter:inst16|cntr_a2h:auto_generated|safe_q[1] ; 5_56MHz    ; 5_56MHz  ; None                        ; None                      ; 9.945 ns                ;
; N/A                                     ; 93.86 MHz ( period = 10.654 ns )                    ; lpm_counter:inst48|cntr_ndi:auto_generated|safe_q[0] ; lpm_counter:inst16|cntr_a2h:auto_generated|safe_q[2] ; 5_56MHz    ; 5_56MHz  ; None                        ; None                      ; 9.945 ns                ;
; N/A                                     ; 93.86 MHz ( period = 10.654 ns )                    ; lpm_counter:inst48|cntr_ndi:auto_generated|safe_q[0] ; lpm_counter:inst16|cntr_a2h:auto_generated|safe_q[5] ; 5_56MHz    ; 5_56MHz  ; None                        ; None                      ; 9.945 ns                ;
; N/A                                     ; 93.86 MHz ( period = 10.654 ns )                    ; lpm_counter:inst48|cntr_ndi:auto_generated|safe_q[0] ; lpm_counter:inst16|cntr_a2h:auto_generated|safe_q[4] ; 5_56MHz    ; 5_56MHz  ; None                        ; None                      ; 9.945 ns                ;
; N/A                                     ; 93.86 MHz ( period = 10.654 ns )                    ; lpm_counter:inst48|cntr_ndi:auto_generated|safe_q[0] ; lpm_counter:inst16|cntr_a2h:auto_generated|safe_q[3] ; 5_56MHz    ; 5_56MHz  ; None                        ; None                      ; 9.945 ns                ;
; N/A                                     ; 94.07 MHz ( period = 10.630 ns )                    ; lpm_counter:inst23|cntr_upg:auto_generated|safe_q[5] ; inst18                                               ; 5_56MHz    ; 5_56MHz  ; None                        ; None                      ; 9.921 ns                ;
; N/A                                     ; 94.09 MHz ( period = 10.628 ns )                    ; lpm_counter:inst23|cntr_upg:auto_generated|safe_q[7] ; lpm_dff:inst82|dffs[1]                               ; 5_56MHz    ; 5_56MHz  ; None                        ; None                      ; 9.919 ns                ;
; N/A                                     ; 94.09 MHz ( period = 10.628 ns )                    ; lpm_counter:inst23|cntr_upg:auto_generated|safe_q[7] ; lpm_dff:inst82|dffs[0]                               ; 5_56MHz    ; 5_56MHz  ; None                        ; None                      ; 9.919 ns                ;
; N/A                                     ; 94.14 MHz ( period = 10.622 ns )                    ; lpm_counter:inst48|cntr_ndi:auto_generated|safe_q[3] ; lpm_dff:inst83|dffs[2]                               ; 5_56MHz    ; 5_56MHz  ; None                        ; None                      ; 9.913 ns                ;
; N/A                                     ; 94.14 MHz ( period = 10.622 ns )                    ; lpm_counter:inst48|cntr_ndi:auto_generated|safe_q[3] ; lpm_dff:inst83|dffs[3]                               ; 5_56MHz    ; 5_56MHz  ; None                        ; None                      ; 9.913 ns                ;
; N/A                                     ; 94.46 MHz ( period = 10.587 ns )                    ; lpm_counter:inst23|cntr_upg:auto_generated|safe_q[0] ; lpm_dff:inst76|dffs[1]                               ; 5_56MHz    ; 5_56MHz  ; None                        ; None                      ; 9.878 ns                ;
; N/A                                     ; 94.49 MHz ( period = 10.583 ns )                    ; lpm_counter:inst23|cntr_upg:auto_generated|safe_q[7] ; lpm_dff:inst76|dffs[0]                               ; 5_56MHz    ; 5_56MHz  ; None                        ; None                      ; 9.874 ns                ;
; N/A                                     ; 94.49 MHz ( period = 10.583 ns )                    ; lpm_counter:inst23|cntr_upg:auto_generated|safe_q[2] ; inst18                                               ; 5_56MHz    ; 5_56MHz  ; None                        ; None                      ; 9.874 ns                ;
; N/A                                     ; 94.49 MHz ( period = 10.583 ns )                    ; lpm_counter:inst23|cntr_upg:auto_generated|safe_q[7] ; lpm_dff:inst76|dffs[2]                               ; 5_56MHz    ; 5_56MHz  ; None                        ; None                      ; 9.874 ns                ;
; N/A                                     ; 94.49 MHz ( period = 10.583 ns )                    ; lpm_counter:inst23|cntr_upg:auto_generated|safe_q[7] ; lpm_dff:inst76|dffs[3]                               ; 5_56MHz    ; 5_56MHz  ; None                        ; None                      ; 9.874 ns                ;
; N/A                                     ; 94.64 MHz ( period = 10.566 ns )                    ; lpm_counter:inst23|cntr_upg:auto_generated|safe_q[0] ; lpm_dff:inst75|dffs[1]                               ; 5_56MHz    ; 5_56MHz  ; None                        ; None                      ; 9.857 ns                ;
; N/A                                     ; 94.89 MHz ( period = 10.539 ns )                    ; lpm_counter:inst23|cntr_upg:auto_generated|safe_q[0] ; lpm_dff:inst80|dffs[2]                               ; 5_56MHz    ; 5_56MHz  ; None                        ; None                      ; 9.830 ns                ;
; N/A                                     ; 94.89 MHz ( period = 10.539 ns )                    ; lpm_counter:inst23|cntr_upg:auto_generated|safe_q[0] ; lpm_dff:inst80|dffs[3]                               ; 5_56MHz    ; 5_56MHz  ; None                        ; None                      ; 9.830 ns                ;
; N/A                                     ; 94.98 MHz ( period = 10.529 ns )                    ; lpm_counter:inst48|cntr_ndi:auto_generated|safe_q[1] ; lpm_counter:inst16|cntr_a2h:auto_generated|safe_q[0] ; 5_56MHz    ; 5_56MHz  ; None                        ; None                      ; 9.820 ns                ;
; N/A                                     ; 94.98 MHz ( period = 10.529 ns )                    ; lpm_counter:inst48|cntr_ndi:auto_generated|safe_q[1] ; lpm_counter:inst16|cntr_a2h:auto_generated|safe_q[1] ; 5_56MHz    ; 5_56MHz  ; None                        ; None                      ; 9.820 ns                ;
; N/A                                     ; 94.98 MHz ( period = 10.529 ns )                    ; lpm_counter:inst48|cntr_ndi:auto_generated|safe_q[1] ; lpm_counter:inst16|cntr_a2h:auto_generated|safe_q[2] ; 5_56MHz    ; 5_56MHz  ; None                        ; None                      ; 9.820 ns                ;
; N/A                                     ; 94.98 MHz ( period = 10.529 ns )                    ; lpm_counter:inst48|cntr_ndi:auto_generated|safe_q[1] ; lpm_counter:inst16|cntr_a2h:auto_generated|safe_q[5] ; 5_56MHz    ; 5_56MHz  ; None                        ; None                      ; 9.820 ns                ;
; N/A                                     ; 94.98 MHz ( period = 10.529 ns )                    ; lpm_counter:inst48|cntr_ndi:auto_generated|safe_q[1] ; lpm_counter:inst16|cntr_a2h:auto_generated|safe_q[4] ; 5_56MHz    ; 5_56MHz  ; None                        ; None                      ; 9.820 ns                ;
; N/A                                     ; 94.98 MHz ( period = 10.529 ns )                    ; lpm_counter:inst48|cntr_ndi:auto_generated|safe_q[1] ; lpm_counter:inst16|cntr_a2h:auto_generated|safe_q[3] ; 5_56MHz    ; 5_56MHz  ; None                        ; None                      ; 9.820 ns                ;
; N/A                                     ; 95.05 MHz ( period = 10.521 ns )                    ; lpm_counter:inst23|cntr_upg:auto_generated|safe_q[4] ; inst18                                               ; 5_56MHz    ; 5_56MHz  ; None                        ; None                      ; 9.812 ns                ;
; N/A                                     ; 95.08 MHz ( period = 10.517 ns )                    ; lpm_counter:inst23|cntr_upg:auto_generated|safe_q[0] ; lpm_dff:inst83|dffs[2]                               ; 5_56MHz    ; 5_56MHz  ; None                        ; None                      ; 9.808 ns                ;
; N/A                                     ; 95.08 MHz ( period = 10.517 ns )                    ; lpm_counter:inst23|cntr_upg:auto_generated|safe_q[0] ; lpm_dff:inst83|dffs[3]                               ; 5_56MHz    ; 5_56MHz  ; None                        ; None                      ; 9.808 ns                ;
; N/A                                     ; 95.11 MHz ( period = 10.514 ns )                    ; lpm_counter:inst23|cntr_upg:auto_generated|safe_q[0] ; lpm_dff:inst78|dffs[2]                               ; 5_56MHz    ; 5_56MHz  ; None                        ; None                      ; 9.805 ns                ;
; N/A                                     ; 95.11 MHz ( period = 10.514 ns )                    ; lpm_counter:inst23|cntr_upg:auto_generated|safe_q[0] ; lpm_dff:inst78|dffs[3]                               ; 5_56MHz    ; 5_56MHz  ; None                        ; None                      ; 9.805 ns                ;
; N/A                                     ; 95.17 MHz ( period = 10.508 ns )                    ; lpm_counter:inst23|cntr_upg:auto_generated|safe_q[6] ; inst18                                               ; 5_56MHz    ; 5_56MHz  ; None                        ; None                      ; 9.799 ns                ;
; N/A                                     ; 95.17 MHz ( period = 10.507 ns )                    ; lpm_counter:inst48|cntr_ndi:auto_generated|safe_q[0] ; inst18                                               ; 5_56MHz    ; 5_56MHz  ; None                        ; None                      ; 9.798 ns                ;
; N/A                                     ; 95.19 MHz ( period = 10.505 ns )                    ; lpm_counter:inst48|cntr_ndi:auto_generated|safe_q[0] ; lpm_dff:inst76|dffs[1]                               ; 5_56MHz    ; 5_56MHz  ; None                        ; None                      ; 9.796 ns                ;
; N/A                                     ; 95.23 MHz ( period = 10.501 ns )                    ; lpm_counter:inst23|cntr_upg:auto_generated|safe_q[0] ; lpm_counter:inst58|cntr_82h:auto_generated|safe_q[0] ; 5_56MHz    ; 5_56MHz  ; None                        ; None                      ; 9.792 ns                ;
; N/A                                     ; 95.23 MHz ( period = 10.501 ns )                    ; lpm_counter:inst23|cntr_upg:auto_generated|safe_q[0] ; lpm_counter:inst58|cntr_82h:auto_generated|safe_q[1] ; 5_56MHz    ; 5_56MHz  ; None                        ; None                      ; 9.792 ns                ;
; N/A                                     ; 95.23 MHz ( period = 10.501 ns )                    ; lpm_counter:inst23|cntr_upg:auto_generated|safe_q[0] ; lpm_counter:inst58|cntr_82h:auto_generated|safe_q[2] ; 5_56MHz    ; 5_56MHz  ; None                        ; None                      ; 9.792 ns                ;
; N/A                                     ; 95.23 MHz ( period = 10.501 ns )                    ; lpm_counter:inst23|cntr_upg:auto_generated|safe_q[0] ; lpm_counter:inst58|cntr_82h:auto_generated|safe_q[3] ; 5_56MHz    ; 5_56MHz  ; None                        ; None                      ; 9.792 ns                ;
; N/A                                     ; 95.38 MHz ( period = 10.484 ns )                    ; lpm_counter:inst48|cntr_ndi:auto_generated|safe_q[0] ; lpm_dff:inst75|dffs[1]                               ; 5_56MHz    ; 5_56MHz  ; None                        ; None                      ; 9.775 ns                ;
; N/A                                     ; 95.49 MHz ( period = 10.472 ns )                    ; lpm_counter:inst48|cntr_ndi:auto_generated|safe_q[3] ; lpm_counter:inst16|cntr_a2h:auto_generated|safe_q[0] ; 5_56MHz    ; 5_56MHz  ; None                        ; None                      ; 9.763 ns                ;
; N/A                                     ; 95.49 MHz ( period = 10.472 ns )                    ; lpm_counter:inst48|cntr_ndi:auto_generated|safe_q[3] ; lpm_counter:inst16|cntr_a2h:auto_generated|safe_q[1] ; 5_56MHz    ; 5_56MHz  ; None                        ; None                      ; 9.763 ns                ;
; N/A                                     ; 95.49 MHz ( period = 10.472 ns )                    ; lpm_counter:inst48|cntr_ndi:auto_generated|safe_q[3] ; lpm_counter:inst16|cntr_a2h:auto_generated|safe_q[2] ; 5_56MHz    ; 5_56MHz  ; None                        ; None                      ; 9.763 ns                ;
; N/A                                     ; 95.49 MHz ( period = 10.472 ns )                    ; lpm_counter:inst48|cntr_ndi:auto_generated|safe_q[3] ; lpm_counter:inst16|cntr_a2h:auto_generated|safe_q[5] ; 5_56MHz    ; 5_56MHz  ; None                        ; None                      ; 9.763 ns                ;
; N/A                                     ; 95.49 MHz ( period = 10.472 ns )                    ; lpm_counter:inst48|cntr_ndi:auto_generated|safe_q[3] ; lpm_counter:inst16|cntr_a2h:auto_generated|safe_q[4] ; 5_56MHz    ; 5_56MHz  ; None                        ; None                      ; 9.763 ns                ;
; N/A                                     ; 95.49 MHz ( period = 10.472 ns )                    ; lpm_counter:inst48|cntr_ndi:auto_generated|safe_q[3] ; lpm_counter:inst16|cntr_a2h:auto_generated|safe_q[3] ; 5_56MHz    ; 5_56MHz  ; None                        ; None                      ; 9.763 ns                ;
; N/A                                     ; 95.56 MHz ( period = 10.465 ns )                    ; lpm_counter:inst23|cntr_upg:auto_generated|safe_q[1] ; lpm_dff:inst76|dffs[1]                               ; 5_56MHz    ; 5_56MHz  ; None                        ; None                      ; 9.756 ns                ;
; N/A                                     ; 95.63 MHz ( period = 10.457 ns )                    ; lpm_counter:inst48|cntr_ndi:auto_generated|safe_q[0] ; lpm_dff:inst80|dffs[2]                               ; 5_56MHz    ; 5_56MHz  ; None                        ; None                      ; 9.748 ns                ;
; N/A                                     ; 95.63 MHz ( period = 10.457 ns )                    ; lpm_counter:inst48|cntr_ndi:auto_generated|safe_q[0] ; lpm_dff:inst80|dffs[3]                               ; 5_56MHz    ; 5_56MHz  ; None                        ; None                      ; 9.748 ns                ;
; N/A                                     ; 95.75 MHz ( period = 10.444 ns )                    ; lpm_counter:inst23|cntr_upg:auto_generated|safe_q[1] ; lpm_dff:inst75|dffs[1]                               ; 5_56MHz    ; 5_56MHz  ; None                        ; None                      ; 9.735 ns                ;
; N/A                                     ; 95.86 MHz ( period = 10.432 ns )                    ; lpm_counter:inst23|cntr_upg:auto_generated|safe_q[3] ; lpm_dff:inst76|dffs[1]                               ; 5_56MHz    ; 5_56MHz  ; None                        ; None                      ; 9.723 ns                ;
; N/A                                     ; 95.86 MHz ( period = 10.432 ns )                    ; lpm_counter:inst48|cntr_ndi:auto_generated|safe_q[0] ; lpm_dff:inst78|dffs[2]                               ; 5_56MHz    ; 5_56MHz  ; None                        ; None                      ; 9.723 ns                ;
; N/A                                     ; 95.86 MHz ( period = 10.432 ns )                    ; lpm_counter:inst48|cntr_ndi:auto_generated|safe_q[0] ; lpm_dff:inst78|dffs[3]                               ; 5_56MHz    ; 5_56MHz  ; None                        ; None                      ; 9.723 ns                ;
; N/A                                     ; 96.00 MHz ( period = 10.417 ns )                    ; lpm_counter:inst23|cntr_upg:auto_generated|safe_q[1] ; lpm_dff:inst80|dffs[2]                               ; 5_56MHz    ; 5_56MHz  ; None                        ; None                      ; 9.708 ns                ;
; Timing analysis restricted to 200 rows. ; To change the limit use Settings (Assignments menu) ;                                                      ;                                                      ;            ;          ;                             ;                           ;                         ;
+-----------------------------------------+-----------------------------------------------------+------------------------------------------------------+------------------------------------------------------+------------+----------+-----------------------------+---------------------------+-------------------------+


+-------------------------------------------------------------+
; tsu                                                         ;
+-------+--------------+------------+------+-------+----------+
; Slack ; Required tsu ; Actual tsu ; From ; To    ; To Clock ;
+-------+--------------+------------+------+-------+----------+
; N/A   ; None         ; 2.194 ns   ; dn   ; inst3 ; 5_56MHz  ;
+-------+--------------+------------+------+-------+----------+


+----------------------------------------------------------------------------------------------------------------+
; tco                                                                                                            ;
+-------+--------------+------------+------------------------------------------------------+--------+------------+
; Slack ; Required tco ; Actual tco ; From                                                 ; To     ; From Clock ;
+-------+--------------+------------+------------------------------------------------------+--------+------------+
; N/A   ; None         ; 28.032 ns  ; lpm_dff:inst83|dffs[3]                               ; f3[0]  ; 5_56MHz    ;
; N/A   ; None         ; 27.737 ns  ; lpm_dff:inst83|dffs[2]                               ; f3[0]  ; 5_56MHz    ;
; N/A   ; None         ; 27.576 ns  ; lpm_dff:inst83|dffs[3]                               ; f5[0]  ; 5_56MHz    ;
; N/A   ; None         ; 27.495 ns  ; lpm_dff:inst83|dffs[3]                               ; f4[0]  ; 5_56MHz    ;
; N/A   ; None         ; 27.398 ns  ; lpm_dff:inst83|dffs[1]                               ; f3[0]  ; 5_56MHz    ;
; N/A   ; None         ; 27.281 ns  ; lpm_dff:inst83|dffs[2]                               ; f5[0]  ; 5_56MHz    ;
; N/A   ; None         ; 27.222 ns  ; lpm_dff:inst82|dffs[1]                               ; f3[0]  ; 5_56MHz    ;
; N/A   ; None         ; 27.200 ns  ; lpm_dff:inst83|dffs[2]                               ; f4[0]  ; 5_56MHz    ;
; N/A   ; None         ; 26.942 ns  ; lpm_dff:inst83|dffs[1]                               ; f5[0]  ; 5_56MHz    ;
; N/A   ; None         ; 26.861 ns  ; lpm_dff:inst83|dffs[1]                               ; f4[0]  ; 5_56MHz    ;
; N/A   ; None         ; 26.766 ns  ; lpm_dff:inst82|dffs[1]                               ; f5[0]  ; 5_56MHz    ;
; N/A   ; None         ; 26.685 ns  ; lpm_dff:inst82|dffs[1]                               ; f4[0]  ; 5_56MHz    ;
; N/A   ; None         ; 26.680 ns  ; lpm_dff:inst83|dffs[3]                               ; f0[0]  ; 5_56MHz    ;
; N/A   ; None         ; 26.426 ns  ; lpm_dff:inst83|dffs[0]                               ; f3[0]  ; 5_56MHz    ;
; N/A   ; None         ; 26.385 ns  ; lpm_dff:inst83|dffs[2]                               ; f0[0]  ; 5_56MHz    ;
; N/A   ; None         ; 26.046 ns  ; lpm_dff:inst83|dffs[1]                               ; f0[0]  ; 5_56MHz    ;
; N/A   ; None         ; 25.970 ns  ; lpm_dff:inst83|dffs[0]                               ; f5[0]  ; 5_56MHz    ;
; N/A   ; None         ; 25.889 ns  ; lpm_dff:inst83|dffs[0]                               ; f4[0]  ; 5_56MHz    ;
; N/A   ; None         ; 25.870 ns  ; lpm_dff:inst82|dffs[1]                               ; f0[0]  ; 5_56MHz    ;
; N/A   ; None         ; 25.467 ns  ; lpm_dff:inst82|dffs[0]                               ; f3[0]  ; 5_56MHz    ;
; N/A   ; None         ; 25.074 ns  ; lpm_dff:inst83|dffs[0]                               ; f0[0]  ; 5_56MHz    ;
; N/A   ; None         ; 25.011 ns  ; lpm_dff:inst82|dffs[0]                               ; f5[0]  ; 5_56MHz    ;
; N/A   ; None         ; 24.930 ns  ; lpm_dff:inst82|dffs[0]                               ; f4[0]  ; 5_56MHz    ;
; N/A   ; None         ; 24.115 ns  ; lpm_dff:inst82|dffs[0]                               ; f0[0]  ; 5_56MHz    ;
; N/A   ; None         ; 18.736 ns  ; lpm_counter:inst16|cntr_a2h:auto_generated|safe_q[2] ; f3[0]  ; 5_56MHz    ;
; N/A   ; None         ; 18.610 ns  ; lpm_counter:inst16|cntr_a2h:auto_generated|safe_q[2] ; f5[0]  ; 5_56MHz    ;
; N/A   ; None         ; 18.401 ns  ; lpm_counter:inst16|cntr_a2h:auto_generated|safe_q[5] ; f3[0]  ; 5_56MHz    ;
; N/A   ; None         ; 18.351 ns  ; lpm_counter:inst16|cntr_a2h:auto_generated|safe_q[4] ; f3[0]  ; 5_56MHz    ;
; N/A   ; None         ; 18.243 ns  ; lpm_counter:inst16|cntr_a2h:auto_generated|safe_q[2] ; f0[0]  ; 5_56MHz    ;
; N/A   ; None         ; 18.229 ns  ; lpm_counter:inst16|cntr_a2h:auto_generated|safe_q[3] ; f3[0]  ; 5_56MHz    ;
; N/A   ; None         ; 18.158 ns  ; lpm_counter:inst16|cntr_a2h:auto_generated|safe_q[1] ; f0[0]  ; 5_56MHz    ;
; N/A   ; None         ; 17.594 ns  ; lpm_counter:inst16|cntr_a2h:auto_generated|safe_q[2] ; f4[0]  ; 5_56MHz    ;
; N/A   ; None         ; 17.558 ns  ; lpm_counter:inst16|cntr_a2h:auto_generated|safe_q[3] ; f5[0]  ; 5_56MHz    ;
; N/A   ; None         ; 17.530 ns  ; lpm_counter:inst16|cntr_a2h:auto_generated|safe_q[3] ; f4[0]  ; 5_56MHz    ;
; N/A   ; None         ; 17.410 ns  ; lpm_counter:inst16|cntr_a2h:auto_generated|safe_q[1] ; f5[0]  ; 5_56MHz    ;
; N/A   ; None         ; 17.172 ns  ; lpm_counter:inst16|cntr_a2h:auto_generated|safe_q[0] ; f4[0]  ; 5_56MHz    ;
; N/A   ; None         ; 17.073 ns  ; lpm_counter:inst16|cntr_a2h:auto_generated|safe_q[3] ; f0[0]  ; 5_56MHz    ;
; N/A   ; None         ; 16.999 ns  ; lpm_counter:inst16|cntr_a2h:auto_generated|safe_q[5] ; f0[0]  ; 5_56MHz    ;
; N/A   ; None         ; 16.843 ns  ; lpm_counter:inst16|cntr_a2h:auto_generated|safe_q[0] ; f0[0]  ; 5_56MHz    ;
; N/A   ; None         ; 16.762 ns  ; lpm_counter:inst16|cntr_a2h:auto_generated|safe_q[5] ; f5[0]  ; 5_56MHz    ;
; N/A   ; None         ; 16.747 ns  ; lpm_counter:inst16|cntr_a2h:auto_generated|safe_q[1] ; f4[0]  ; 5_56MHz    ;
; N/A   ; None         ; 16.482 ns  ; lpm_dff:inst78|dffs[0]                               ; f0[0]  ; 5_56MHz    ;
; N/A   ; None         ; 16.234 ns  ; lpm_counter:inst16|cntr_a2h:auto_generated|safe_q[4] ; f4[0]  ; 5_56MHz    ;
; N/A   ; None         ; 16.233 ns  ; lpm_counter:inst16|cntr_a2h:auto_generated|safe_q[4] ; f0[0]  ; 5_56MHz    ;
; N/A   ; None         ; 15.998 ns  ; lpm_counter:inst16|cntr_a2h:auto_generated|safe_q[0] ; f5[0]  ; 5_56MHz    ;
; N/A   ; None         ; 15.969 ns  ; lpm_dff:inst80|dffs[0]                               ; f0[0]  ; 5_56MHz    ;
; N/A   ; None         ; 15.883 ns  ; lpm_counter:inst16|cntr_a2h:auto_generated|safe_q[5] ; f4[0]  ; 5_56MHz    ;
; N/A   ; None         ; 15.761 ns  ; lpm_counter:inst16|cntr_a2h:auto_generated|safe_q[1] ; f3[0]  ; 5_56MHz    ;
; N/A   ; None         ; 15.699 ns  ; lpm_counter:inst16|cntr_a2h:auto_generated|safe_q[0] ; f3[0]  ; 5_56MHz    ;
; N/A   ; None         ; 15.686 ns  ; lpm_counter:inst16|cntr_a2h:auto_generated|safe_q[1] ; f2[0]  ; 5_56MHz    ;
; N/A   ; None         ; 15.603 ns  ; lpm_dff:inst78|dffs[3]                               ; f5[0]  ; 5_56MHz    ;
; N/A   ; None         ; 15.568 ns  ; lpm_counter:inst16|cntr_a2h:auto_generated|safe_q[2] ; f2[0]  ; 5_56MHz    ;
; N/A   ; None         ; 15.563 ns  ; lpm_counter:inst16|cntr_a2h:auto_generated|safe_q[3] ; f2[0]  ; 5_56MHz    ;
; N/A   ; None         ; 15.198 ns  ; lpm_counter:inst16|cntr_a2h:auto_generated|safe_q[4] ; f5[0]  ; 5_56MHz    ;
; N/A   ; None         ; 15.093 ns  ; lpm_dff:inst80|dffs[3]                               ; f5[0]  ; 5_56MHz    ;
; N/A   ; None         ; 15.090 ns  ; lpm_counter:inst16|cntr_a2h:auto_generated|safe_q[5] ; f2[0]  ; 5_56MHz    ;
; N/A   ; None         ; 14.806 ns  ; lpm_dff:inst80|dffs[1]                               ; f3[0]  ; 5_56MHz    ;
; N/A   ; None         ; 13.574 ns  ; lpm_dff:inst78|dffs[1]                               ; f3[0]  ; 5_56MHz    ;
; N/A   ; None         ; 13.517 ns  ; lpm_counter:inst16|cntr_a2h:auto_generated|safe_q[4] ; f2[0]  ; 5_56MHz    ;
; N/A   ; None         ; 13.281 ns  ; lpm_dff:inst76|dffs[0]                               ; f0[0]  ; 5_56MHz    ;
; N/A   ; None         ; 13.218 ns  ; lpm_dff:inst76|dffs[2]                               ; f4[0]  ; 5_56MHz    ;
; N/A   ; None         ; 13.109 ns  ; lpm_dff:inst75|dffs[0]                               ; f0[0]  ; 5_56MHz    ;
; N/A   ; None         ; 13.031 ns  ; lpm_dff:inst75|dffs[3]                               ; f5[0]  ; 5_56MHz    ;
; N/A   ; None         ; 12.979 ns  ; inst18                                               ; f0[0]  ; 5_56MHz    ;
; N/A   ; None         ; 12.513 ns  ; inst18                                               ; f2[0]  ; 5_56MHz    ;
; N/A   ; None         ; 12.121 ns  ; lpm_dff:inst78|dffs[2]                               ; f4[0]  ; 5_56MHz    ;
; N/A   ; None         ; 11.993 ns  ; inst18                                               ; f3[0]  ; 5_56MHz    ;
; N/A   ; None         ; 11.610 ns  ; lpm_dff:inst80|dffs[2]                               ; f4[0]  ; 5_56MHz    ;
; N/A   ; None         ; 11.540 ns  ; inst18                                               ; f5[0]  ; 5_56MHz    ;
; N/A   ; None         ; 11.123 ns  ; lpm_dff:inst75|dffs[1]                               ; f3[0]  ; 5_56MHz    ;
; N/A   ; None         ; 11.062 ns  ; lpm_dff:inst76|dffs[3]                               ; f5[0]  ; 5_56MHz    ;
; N/A   ; None         ; 10.657 ns  ; inst18                                               ; f4[0]  ; 5_56MHz    ;
; N/A   ; None         ; 10.438 ns  ; lpm_dff:inst76|dffs[1]                               ; f3[0]  ; 5_56MHz    ;
; N/A   ; None         ; 10.254 ns  ; lpm_dff:inst75|dffs[2]                               ; f4[0]  ; 5_56MHz    ;
; N/A   ; None         ; 8.587 ns   ; inst18                                               ; led[2] ; 5_56MHz    ;
; N/A   ; None         ; 8.158 ns   ; inst15                                               ; led[1] ; 5_56MHz    ;
; N/A   ; None         ; 8.070 ns   ; inst13                                               ; f1[0]  ; 5_56MHz    ;
; N/A   ; None         ; 6.841 ns   ; inst2                                                ; led[0] ; 5_56MHz    ;
; N/A   ; None         ; 6.820 ns   ; inst3                                                ; led[7] ; 5_56MHz    ;
+-------+--------------+------------+------------------------------------------------------+--------+------------+


+-------------------------------------------------------------------+
; th                                                                ;
+---------------+-------------+-----------+------+-------+----------+
; Minimum Slack ; Required th ; Actual th ; From ; To    ; To Clock ;
+---------------+-------------+-----------+------+-------+----------+
; N/A           ; None        ; -1.640 ns ; dn   ; inst3 ; 5_56MHz  ;
+---------------+-------------+-----------+------+-------+----------+


+--------------------------+
; Timing Analyzer Messages ;
+--------------------------+
Info: *******************************************************************
Info: Running Quartus II Classic Timing Analyzer
    Info: Version 8.1 Build 163 10/28/2008 SJ Full Version
    Info: Processing started: Mon Aug 01 21:08:47 2016
Info: Command: quartus_tan --read_settings_files=off --write_settings_files=off max2 -c max2
Info: Parallel compilation is enabled and will use 2 of the 2 processors detected
Info: Started post-fitting delay annotation
Info: Delay annotation completed successfully
Warning: Found pins functioning as undefined clocks and/or memory enables
    Info: Assuming node "5_56MHz" is an undefined clock
Info: Clock "5_56MHz" has Internal fmax of 86.04 MHz between source register "lpm_counter:inst23|cntr_upg:auto_generated|safe_q[0]" and destination register "lpm_dff:inst75|dffs[2]" (period= 11.623 ns)
    Info: + Longest register to register delay is 10.914 ns
        Info: 1: + IC(0.000 ns) + CELL(0.000 ns) = 0.000 ns; Loc. = LC_X6_Y4_N0; Fanout = 3; REG Node = 'lpm_counter:inst23|cntr_upg:auto_generated|safe_q[0]'
        Info: 2: + IC(0.900 ns) + CELL(0.747 ns) = 1.647 ns; Loc. = LC_X6_Y4_N0; Fanout = 2; COMB Node = 'lpm_counter:inst23|cntr_upg:auto_generated|counter_cella0~COUT'
        Info: 3: + IC(0.000 ns) + CELL(0.123 ns) = 1.770 ns; Loc. = LC_X6_Y4_N1; Fanout = 2; COMB Node = 'lpm_counter:inst23|cntr_upg:auto_generated|counter_cella1~COUT'
        Info: 4: + IC(0.000 ns) + CELL(0.123 ns) = 1.893 ns; Loc. = LC_X6_Y4_N2; Fanout = 2; COMB Node = 'lpm_counter:inst23|cntr_upg:auto_generated|counter_cella2~COUT'
        Info: 5: + IC(0.000 ns) + CELL(0.123 ns) = 2.016 ns; Loc. = LC_X6_Y4_N3; Fanout = 2; COMB Node = 'lpm_counter:inst23|cntr_upg:auto_generated|counter_cella3~COUT'
        Info: 6: + IC(0.000 ns) + CELL(0.261 ns) = 2.277 ns; Loc. = LC_X6_Y4_N4; Fanout = 5; COMB Node = 'lpm_counter:inst23|cntr_upg:auto_generated|counter_cella4~COUT'
        Info: 7: + IC(0.000 ns) + CELL(0.975 ns) = 3.252 ns; Loc. = LC_X6_Y4_N9; Fanout = 19; COMB Node = 'lpm_counter:inst23|cntr_upg:auto_generated|cout'
        Info: 8: + IC(1.956 ns) + CELL(0.200 ns) = 5.408 ns; Loc. = LC_X5_Y1_N4; Fanout = 7; COMB Node = 'inst52'
        Info: 9: + IC(0.534 ns) + CELL(0.200 ns) = 6.142 ns; Loc. = LC_X5_Y1_N5; Fanout = 4; COMB Node = 'lpm_decode:inst14|decode_cff:auto_generated|w_anode129w[3]~27'
        Info: 10: + IC(0.833 ns) + CELL(0.511 ns) = 7.486 ns; Loc. = LC_X5_Y1_N1; Fanout = 4; COMB Node = 'lpm_decode:inst14|decode_cff:auto_generated|w_anode129w[3]~28'
        Info: 11: + IC(2.185 ns) + CELL(1.243 ns) = 10.914 ns; Loc. = LC_X7_Y1_N5; Fanout = 1; REG Node = 'lpm_dff:inst75|dffs[2]'
        Info: Total cell delay = 4.506 ns ( 41.29 % )
        Info: Total interconnect delay = 6.408 ns ( 58.71 % )
    Info: - Smallest clock skew is 0.000 ns
        Info: + Shortest clock path from clock "5_56MHz" to destination register is 3.348 ns
            Info: 1: + IC(0.000 ns) + CELL(1.163 ns) = 1.163 ns; Loc. = PIN_14; Fanout = 60; CLK Node = '5_56MHz'
            Info: 2: + IC(1.267 ns) + CELL(0.918 ns) = 3.348 ns; Loc. = LC_X7_Y1_N5; Fanout = 1; REG Node = 'lpm_dff:inst75|dffs[2]'
            Info: Total cell delay = 2.081 ns ( 62.16 % )
            Info: Total interconnect delay = 1.267 ns ( 37.84 % )
        Info: - Longest clock path from clock "5_56MHz" to source register is 3.348 ns
            Info: 1: + IC(0.000 ns) + CELL(1.163 ns) = 1.163 ns; Loc. = PIN_14; Fanout = 60; CLK Node = '5_56MHz'
            Info: 2: + IC(1.267 ns) + CELL(0.918 ns) = 3.348 ns; Loc. = LC_X6_Y4_N0; Fanout = 3; REG Node = 'lpm_counter:inst23|cntr_upg:auto_generated|safe_q[0]'
            Info: Total cell delay = 2.081 ns ( 62.16 % )
            Info: Total interconnect delay = 1.267 ns ( 37.84 % )
    Info: + Micro clock to output delay of source is 0.376 ns
    Info: + Micro setup delay of destination is 0.333 ns
Info: tsu for register "inst3" (data pin = "dn", clock pin = "5_56MHz") is 2.194 ns
    Info: + Longest pin to register delay is 5.209 ns
        Info: 1: + IC(0.000 ns) + CELL(1.163 ns) = 1.163 ns; Loc. = PIN_12; Fanout = 1; PIN Node = 'dn'
        Info: 2: + IC(2.863 ns) + CELL(1.183 ns) = 5.209 ns; Loc. = LC_X7_Y2_N2; Fanout = 5; REG Node = 'inst3'
        Info: Total cell delay = 2.346 ns ( 45.04 % )
        Info: Total interconnect delay = 2.863 ns ( 54.96 % )
    Info: + Micro setup delay of destination is 0.333 ns
    Info: - Shortest clock path from clock "5_56MHz" to destination register is 3.348 ns
        Info: 1: + IC(0.000 ns) + CELL(1.163 ns) = 1.163 ns; Loc. = PIN_14; Fanout = 60; CLK Node = '5_56MHz'
        Info: 2: + IC(1.267 ns) + CELL(0.918 ns) = 3.348 ns; Loc. = LC_X7_Y2_N2; Fanout = 5; REG Node = 'inst3'
        Info: Total cell delay = 2.081 ns ( 62.16 % )
        Info: Total interconnect delay = 1.267 ns ( 37.84 % )
Info: tco from clock "5_56MHz" to destination pin "f3[0]" through register "lpm_dff:inst83|dffs[3]" is 28.032 ns
    Info: + Longest clock path from clock "5_56MHz" to source register is 3.348 ns
        Info: 1: + IC(0.000 ns) + CELL(1.163 ns) = 1.163 ns; Loc. = PIN_14; Fanout = 60; CLK Node = '5_56MHz'
        Info: 2: + IC(1.267 ns) + CELL(0.918 ns) = 3.348 ns; Loc. = LC_X4_Y4_N4; Fanout = 7; REG Node = 'lpm_dff:inst83|dffs[3]'
        Info: Total cell delay = 2.081 ns ( 62.16 % )
        Info: Total interconnect delay = 1.267 ns ( 37.84 % )
    Info: + Micro clock to output delay of source is 0.376 ns
    Info: + Longest register to pin delay is 24.308 ns
        Info: 1: + IC(0.000 ns) + CELL(0.000 ns) = 0.000 ns; Loc. = LC_X4_Y4_N4; Fanout = 7; REG Node = 'lpm_dff:inst83|dffs[3]'
        Info: 2: + IC(2.039 ns) + CELL(0.740 ns) = 2.779 ns; Loc. = LC_X4_Y4_N6; Fanout = 1; COMB Node = 'add3hours:inst12|lpm_add_sub:inst27|alt_stratix_add_sub:stratix_adder|result[3]'
        Info: 3: + IC(1.123 ns) + CELL(0.200 ns) = 4.102 ns; Loc. = LC_X4_Y4_N4; Fanout = 1; COMB Node = 'add3hours:inst12|lpm_mux:inst25|mux_l9c:auto_generated|result_node[3]~377'
        Info: 4: + IC(0.768 ns) + CELL(0.511 ns) = 5.381 ns; Loc. = LC_X4_Y4_N8; Fanout = 3; COMB Node = 'add3hours:inst12|lpm_mux:inst25|mux_l9c:auto_generated|result_node[3]~378'
        Info: 5: + IC(1.680 ns) + CELL(0.978 ns) = 8.039 ns; Loc. = LC_X2_Y4_N8; Fanout = 1; COMB Node = 'add3hours:inst12|lpm_add_sub:inst35|alt_stratix_add_sub:stratix_adder|add_sub_cell[3]~COUT'
        Info: 6: + IC(0.000 ns) + CELL(0.815 ns) = 8.854 ns; Loc. = LC_X2_Y4_N9; Fanout = 2; COMB Node = 'add3hours:inst12|lpm_add_sub:inst35|alt_stratix_add_sub:stratix_adder|result[4]'
        Info: 7: + IC(2.652 ns) + CELL(0.200 ns) = 11.706 ns; Loc. = LC_X3_Y2_N3; Fanout = 7; COMB Node = 'add3hours:inst12|inst24~9'
        Info: 8: + IC(1.178 ns) + CELL(0.747 ns) = 13.631 ns; Loc. = LC_X4_Y2_N6; Fanout = 1; COMB Node = 'add3hours:inst12|lpm_add_sub:inst11|alt_stratix_add_sub:stratix_adder|add_sub_cell[3]~COUT'
        Info: 9: + IC(0.000 ns) + CELL(0.123 ns) = 13.754 ns; Loc. = LC_X4_Y2_N7; Fanout = 1; COMB Node = 'add3hours:inst12|lpm_add_sub:inst11|alt_stratix_add_sub:stratix_adder|add_sub_cell[4]~COUT'
        Info: 10: + IC(0.000 ns) + CELL(0.815 ns) = 14.569 ns; Loc. = LC_X4_Y2_N8; Fanout = 7; COMB Node = 'add3hours:inst12|lpm_add_sub:inst11|alt_stratix_add_sub:stratix_adder|add_sub_cell[4]~1'
        Info: 11: + IC(1.192 ns) + CELL(0.740 ns) = 16.501 ns; Loc. = LC_X3_Y2_N1; Fanout = 1; COMB Node = 'lpm_mux:inst24|mux_i9c:auto_generated|result_node[1]~3484'
        Info: 12: + IC(1.770 ns) + CELL(0.200 ns) = 18.471 ns; Loc. = LC_X4_Y1_N1; Fanout = 1; COMB Node = 'lpm_mux:inst24|mux_i9c:auto_generated|result_node[1]~3485'
        Info: 13: + IC(0.305 ns) + CELL(0.200 ns) = 18.976 ns; Loc. = LC_X4_Y1_N2; Fanout = 1; COMB Node = 'lpm_mux:inst24|mux_i9c:auto_generated|result_node[1]~3487'
        Info: 14: + IC(0.305 ns) + CELL(0.200 ns) = 19.481 ns; Loc. = LC_X4_Y1_N3; Fanout = 1; COMB Node = 'lpm_mux:inst24|mux_i9c:auto_generated|result_node[1]~3489'
        Info: 15: + IC(2.505 ns) + CELL(2.322 ns) = 24.308 ns; Loc. = PIN_58; Fanout = 0; PIN Node = 'f3[0]'
        Info: Total cell delay = 8.791 ns ( 36.17 % )
        Info: Total interconnect delay = 15.517 ns ( 63.83 % )
Info: th for register "inst3" (data pin = "dn", clock pin = "5_56MHz") is -1.640 ns
    Info: + Longest clock path from clock "5_56MHz" to destination register is 3.348 ns
        Info: 1: + IC(0.000 ns) + CELL(1.163 ns) = 1.163 ns; Loc. = PIN_14; Fanout = 60; CLK Node = '5_56MHz'
        Info: 2: + IC(1.267 ns) + CELL(0.918 ns) = 3.348 ns; Loc. = LC_X7_Y2_N2; Fanout = 5; REG Node = 'inst3'
        Info: Total cell delay = 2.081 ns ( 62.16 % )
        Info: Total interconnect delay = 1.267 ns ( 37.84 % )
    Info: + Micro hold delay of destination is 0.221 ns
    Info: - Shortest pin to register delay is 5.209 ns
        Info: 1: + IC(0.000 ns) + CELL(1.163 ns) = 1.163 ns; Loc. = PIN_12; Fanout = 1; PIN Node = 'dn'
        Info: 2: + IC(2.863 ns) + CELL(1.183 ns) = 5.209 ns; Loc. = LC_X7_Y2_N2; Fanout = 5; REG Node = 'inst3'
        Info: Total cell delay = 2.346 ns ( 45.04 % )
        Info: Total interconnect delay = 2.863 ns ( 54.96 % )
Info: Parallel compilation was enabled but no parallel operations were performed
Info: Quartus II Classic Timing Analyzer was successful. 0 errors, 1 warning
    Info: Peak virtual memory: 163 megabytes
    Info: Processing ended: Mon Aug 01 21:08:49 2016
    Info: Elapsed time: 00:00:02
    Info: Total CPU time (on all processors): 00:00:02


