TimeQuest Timing Analyzer report for Qua_BRD_EPM240T100I5N
Sun Mar 22 12:33:26 2020
Quartus II 64-Bit Version 13.0.1 Build 232 06/12/2013 Service Pack 1 SJ Web Edition


---------------------
; Table of Contents ;
---------------------
  1. Legal Notice
  2. TimeQuest Timing Analyzer Summary
  3. Parallel Compilation
  4. Clocks
  5. Fmax Summary
  6. Setup Summary
  7. Hold Summary
  8. Recovery Summary
  9. Removal Summary
 10. Minimum Pulse Width Summary
 11. Setup: '12'
 12. Setup: 'lpm_counter:inst|cntr_jhf:auto_generated|safe_q[22]'
 13. Hold: '12'
 14. Hold: 'lpm_counter:inst|cntr_jhf:auto_generated|safe_q[22]'
 15. Minimum Pulse Width: '12'
 16. Minimum Pulse Width: 'lpm_counter:inst|cntr_jhf:auto_generated|safe_q[22]'
 17. Setup Times
 18. Hold Times
 19. Clock to Output Times
 20. Minimum Clock to Output Times
 21. Setup Transfers
 22. Hold Transfers
 23. Report TCCS
 24. Report RSKM
 25. Unconstrained Paths
 26. TimeQuest Timing Analyzer Messages



----------------
; Legal Notice ;
----------------
Copyright (C) 1991-2013 Altera Corporation
Your use of Altera Corporation's design tools, logic functions 
and other software and tools, and its AMPP partner logic 
functions, and any output files from any of the foregoing 
(including device programming or simulation files), and any 
associated documentation or information are expressly subject 
to the terms and conditions of the Altera Program License 
Subscription Agreement, Altera MegaCore Function License 
Agreement, or other applicable license agreement, including, 
without limitation, that your use is for the sole purpose of 
programming logic devices manufactured by Altera and sold by 
Altera or its authorized distributors.  Please refer to the 
applicable agreement for further details.



+----------------------------------------------------------------------------------------+
; TimeQuest Timing Analyzer Summary                                                      ;
+--------------------+-------------------------------------------------------------------+
; Quartus II Version ; Version 13.0.1 Build 232 06/12/2013 Service Pack 1 SJ Web Edition ;
; Revision Name      ; Qua_BRD_EPM240T100I5N                                             ;
; Device Family      ; MAX II                                                            ;
; Device Name        ; EPM240T100I5                                                      ;
; Timing Models      ; Final                                                             ;
; Delay Model        ; Slow Model                                                        ;
; Rise/Fall Delays   ; Unavailable                                                       ;
+--------------------+-------------------------------------------------------------------+


Parallel compilation was disabled, but you have multiple processors available. Enable parallel compilation to reduce compilation time.
+-------------------------------------+
; Parallel Compilation                ;
+----------------------------+--------+
; Processors                 ; Number ;
+----------------------------+--------+
; Number detected on machine ; 12     ;
; Maximum allowed            ; 1      ;
+----------------------------+--------+


+--------------------------------------------------------------------------------------------------------------------------------------------------------------------------------------------------------------------------------------------------------------------------+
; Clocks                                                                                                                                                                                                                                                                   ;
+-----------------------------------------------------+------+--------+------------+-------+-------+------------+-----------+-------------+-------+--------+-----------+------------+----------+--------+--------+---------------------------------------------------------+
; Clock Name                                          ; Type ; Period ; Frequency  ; Rise  ; Fall  ; Duty Cycle ; Divide by ; Multiply by ; Phase ; Offset ; Edge List ; Edge Shift ; Inverted ; Master ; Source ; Targets                                                 ;
+-----------------------------------------------------+------+--------+------------+-------+-------+------------+-----------+-------------+-------+--------+-----------+------------+----------+--------+--------+---------------------------------------------------------+
; 12                                                  ; Base ; 1.000  ; 1000.0 MHz ; 0.000 ; 0.500 ;            ;           ;             ;       ;        ;           ;            ;          ;        ;        ; { 12 }                                                  ;
; lpm_counter:inst|cntr_jhf:auto_generated|safe_q[22] ; Base ; 1.000  ; 1000.0 MHz ; 0.000 ; 0.500 ;            ;           ;             ;       ;        ;           ;            ;          ;        ;        ; { lpm_counter:inst|cntr_jhf:auto_generated|safe_q[22] } ;
+-----------------------------------------------------+------+--------+------------+-------+-------+------------+-----------+-------------+-------+--------+-----------+------------+----------+--------+--------+---------------------------------------------------------+


+------------------------------------------------------------------------------------------+
; Fmax Summary                                                                             ;
+-----------+-----------------+-----------------------------------------------------+------+
; Fmax      ; Restricted Fmax ; Clock Name                                          ; Note ;
+-----------+-----------------+-----------------------------------------------------+------+
; 128.5 MHz ; 128.5 MHz       ; lpm_counter:inst|cntr_jhf:auto_generated|safe_q[22] ;      ;
; 179.6 MHz ; 179.6 MHz       ; 12                                                  ;      ;
+-----------+-----------------+-----------------------------------------------------+------+
This panel reports FMAX for every clock in the design, regardless of the user-specified clock periods.  FMAX is only computed for paths where the source and destination registers or ports are driven by the same clock.  Paths of different clocks, including generated clocks, are ignored.  For paths between a clock and its inversion, FMAX is computed as if the rising and falling edges are scaled along with FMAX, such that the duty cycle (in terms of a percentage) is maintained. Altera recommends that you always use clock constraints and other slack reports for sign-off analysis.


+------------------------------------------------------------------------------+
; Setup Summary                                                                ;
+-----------------------------------------------------+--------+---------------+
; Clock                                               ; Slack  ; End Point TNS ;
+-----------------------------------------------------+--------+---------------+
; 12                                                  ; -4.568 ; -88.693       ;
; lpm_counter:inst|cntr_jhf:auto_generated|safe_q[22] ; -3.391 ; -10.755       ;
+-----------------------------------------------------+--------+---------------+


+------------------------------------------------------------------------------+
; Hold Summary                                                                 ;
+-----------------------------------------------------+--------+---------------+
; Clock                                               ; Slack  ; End Point TNS ;
+-----------------------------------------------------+--------+---------------+
; 12                                                  ; -1.676 ; -1.676        ;
; lpm_counter:inst|cntr_jhf:auto_generated|safe_q[22] ; 1.817  ; 0.000         ;
+-----------------------------------------------------+--------+---------------+


--------------------
; Recovery Summary ;
--------------------
No paths to report.


-------------------
; Removal Summary ;
-------------------
No paths to report.


+------------------------------------------------------------------------------+
; Minimum Pulse Width Summary                                                  ;
+-----------------------------------------------------+--------+---------------+
; Clock                                               ; Slack  ; End Point TNS ;
+-----------------------------------------------------+--------+---------------+
; 12                                                  ; -2.289 ; -2.289        ;
; lpm_counter:inst|cntr_jhf:auto_generated|safe_q[22] ; 0.234  ; 0.000         ;
+-----------------------------------------------------+--------+---------------+


+------------------------------------------------------------------------------------------------------------------------------------------------------------------------------------------+
; Setup: '12'                                                                                                                                                                              ;
+--------+-----------------------------------------------------+-----------------------------------------------------+--------------+-------------+--------------+------------+------------+
; Slack  ; From Node                                           ; To Node                                             ; Launch Clock ; Latch Clock ; Relationship ; Clock Skew ; Data Delay ;
+--------+-----------------------------------------------------+-----------------------------------------------------+--------------+-------------+--------------+------------+------------+
; -4.568 ; lpm_counter:inst|cntr_jhf:auto_generated|safe_q[1]  ; lpm_counter:inst|cntr_jhf:auto_generated|safe_q[20] ; 12           ; 12          ; 1.000        ; 0.000      ; 5.235      ;
; -4.568 ; lpm_counter:inst|cntr_jhf:auto_generated|safe_q[1]  ; lpm_counter:inst|cntr_jhf:auto_generated|safe_q[19] ; 12           ; 12          ; 1.000        ; 0.000      ; 5.235      ;
; -4.568 ; lpm_counter:inst|cntr_jhf:auto_generated|safe_q[1]  ; lpm_counter:inst|cntr_jhf:auto_generated|safe_q[18] ; 12           ; 12          ; 1.000        ; 0.000      ; 5.235      ;
; -4.568 ; lpm_counter:inst|cntr_jhf:auto_generated|safe_q[1]  ; lpm_counter:inst|cntr_jhf:auto_generated|safe_q[17] ; 12           ; 12          ; 1.000        ; 0.000      ; 5.235      ;
; -4.568 ; lpm_counter:inst|cntr_jhf:auto_generated|safe_q[1]  ; lpm_counter:inst|cntr_jhf:auto_generated|safe_q[16] ; 12           ; 12          ; 1.000        ; 0.000      ; 5.235      ;
; -4.555 ; lpm_counter:inst|cntr_jhf:auto_generated|safe_q[1]  ; lpm_counter:inst|cntr_jhf:auto_generated|safe_q[22] ; 12           ; 12          ; 1.000        ; 0.000      ; 5.222      ;
; -4.555 ; lpm_counter:inst|cntr_jhf:auto_generated|safe_q[1]  ; lpm_counter:inst|cntr_jhf:auto_generated|safe_q[21] ; 12           ; 12          ; 1.000        ; 0.000      ; 5.222      ;
; -4.446 ; lpm_counter:inst|cntr_jhf:auto_generated|safe_q[2]  ; lpm_counter:inst|cntr_jhf:auto_generated|safe_q[20] ; 12           ; 12          ; 1.000        ; 0.000      ; 5.113      ;
; -4.446 ; lpm_counter:inst|cntr_jhf:auto_generated|safe_q[2]  ; lpm_counter:inst|cntr_jhf:auto_generated|safe_q[19] ; 12           ; 12          ; 1.000        ; 0.000      ; 5.113      ;
; -4.446 ; lpm_counter:inst|cntr_jhf:auto_generated|safe_q[2]  ; lpm_counter:inst|cntr_jhf:auto_generated|safe_q[18] ; 12           ; 12          ; 1.000        ; 0.000      ; 5.113      ;
; -4.446 ; lpm_counter:inst|cntr_jhf:auto_generated|safe_q[2]  ; lpm_counter:inst|cntr_jhf:auto_generated|safe_q[17] ; 12           ; 12          ; 1.000        ; 0.000      ; 5.113      ;
; -4.446 ; lpm_counter:inst|cntr_jhf:auto_generated|safe_q[2]  ; lpm_counter:inst|cntr_jhf:auto_generated|safe_q[16] ; 12           ; 12          ; 1.000        ; 0.000      ; 5.113      ;
; -4.433 ; lpm_counter:inst|cntr_jhf:auto_generated|safe_q[2]  ; lpm_counter:inst|cntr_jhf:auto_generated|safe_q[22] ; 12           ; 12          ; 1.000        ; 0.000      ; 5.100      ;
; -4.433 ; lpm_counter:inst|cntr_jhf:auto_generated|safe_q[2]  ; lpm_counter:inst|cntr_jhf:auto_generated|safe_q[21] ; 12           ; 12          ; 1.000        ; 0.000      ; 5.100      ;
; -4.249 ; lpm_counter:inst|cntr_jhf:auto_generated|safe_q[0]  ; lpm_counter:inst|cntr_jhf:auto_generated|safe_q[20] ; 12           ; 12          ; 1.000        ; 0.000      ; 4.916      ;
; -4.249 ; lpm_counter:inst|cntr_jhf:auto_generated|safe_q[0]  ; lpm_counter:inst|cntr_jhf:auto_generated|safe_q[19] ; 12           ; 12          ; 1.000        ; 0.000      ; 4.916      ;
; -4.249 ; lpm_counter:inst|cntr_jhf:auto_generated|safe_q[0]  ; lpm_counter:inst|cntr_jhf:auto_generated|safe_q[18] ; 12           ; 12          ; 1.000        ; 0.000      ; 4.916      ;
; -4.249 ; lpm_counter:inst|cntr_jhf:auto_generated|safe_q[0]  ; lpm_counter:inst|cntr_jhf:auto_generated|safe_q[17] ; 12           ; 12          ; 1.000        ; 0.000      ; 4.916      ;
; -4.249 ; lpm_counter:inst|cntr_jhf:auto_generated|safe_q[0]  ; lpm_counter:inst|cntr_jhf:auto_generated|safe_q[16] ; 12           ; 12          ; 1.000        ; 0.000      ; 4.916      ;
; -4.236 ; lpm_counter:inst|cntr_jhf:auto_generated|safe_q[0]  ; lpm_counter:inst|cntr_jhf:auto_generated|safe_q[22] ; 12           ; 12          ; 1.000        ; 0.000      ; 4.903      ;
; -4.236 ; lpm_counter:inst|cntr_jhf:auto_generated|safe_q[0]  ; lpm_counter:inst|cntr_jhf:auto_generated|safe_q[21] ; 12           ; 12          ; 1.000        ; 0.000      ; 4.903      ;
; -4.181 ; lpm_counter:inst|cntr_jhf:auto_generated|safe_q[4]  ; lpm_counter:inst|cntr_jhf:auto_generated|safe_q[20] ; 12           ; 12          ; 1.000        ; 0.000      ; 4.848      ;
; -4.181 ; lpm_counter:inst|cntr_jhf:auto_generated|safe_q[4]  ; lpm_counter:inst|cntr_jhf:auto_generated|safe_q[19] ; 12           ; 12          ; 1.000        ; 0.000      ; 4.848      ;
; -4.181 ; lpm_counter:inst|cntr_jhf:auto_generated|safe_q[4]  ; lpm_counter:inst|cntr_jhf:auto_generated|safe_q[18] ; 12           ; 12          ; 1.000        ; 0.000      ; 4.848      ;
; -4.181 ; lpm_counter:inst|cntr_jhf:auto_generated|safe_q[4]  ; lpm_counter:inst|cntr_jhf:auto_generated|safe_q[17] ; 12           ; 12          ; 1.000        ; 0.000      ; 4.848      ;
; -4.181 ; lpm_counter:inst|cntr_jhf:auto_generated|safe_q[4]  ; lpm_counter:inst|cntr_jhf:auto_generated|safe_q[16] ; 12           ; 12          ; 1.000        ; 0.000      ; 4.848      ;
; -4.168 ; lpm_counter:inst|cntr_jhf:auto_generated|safe_q[4]  ; lpm_counter:inst|cntr_jhf:auto_generated|safe_q[22] ; 12           ; 12          ; 1.000        ; 0.000      ; 4.835      ;
; -4.168 ; lpm_counter:inst|cntr_jhf:auto_generated|safe_q[4]  ; lpm_counter:inst|cntr_jhf:auto_generated|safe_q[21] ; 12           ; 12          ; 1.000        ; 0.000      ; 4.835      ;
; -4.091 ; lpm_counter:inst|cntr_jhf:auto_generated|safe_q[3]  ; lpm_counter:inst|cntr_jhf:auto_generated|safe_q[20] ; 12           ; 12          ; 1.000        ; 0.000      ; 4.758      ;
; -4.091 ; lpm_counter:inst|cntr_jhf:auto_generated|safe_q[3]  ; lpm_counter:inst|cntr_jhf:auto_generated|safe_q[19] ; 12           ; 12          ; 1.000        ; 0.000      ; 4.758      ;
; -4.091 ; lpm_counter:inst|cntr_jhf:auto_generated|safe_q[3]  ; lpm_counter:inst|cntr_jhf:auto_generated|safe_q[18] ; 12           ; 12          ; 1.000        ; 0.000      ; 4.758      ;
; -4.091 ; lpm_counter:inst|cntr_jhf:auto_generated|safe_q[3]  ; lpm_counter:inst|cntr_jhf:auto_generated|safe_q[17] ; 12           ; 12          ; 1.000        ; 0.000      ; 4.758      ;
; -4.091 ; lpm_counter:inst|cntr_jhf:auto_generated|safe_q[3]  ; lpm_counter:inst|cntr_jhf:auto_generated|safe_q[16] ; 12           ; 12          ; 1.000        ; 0.000      ; 4.758      ;
; -4.078 ; lpm_counter:inst|cntr_jhf:auto_generated|safe_q[3]  ; lpm_counter:inst|cntr_jhf:auto_generated|safe_q[22] ; 12           ; 12          ; 1.000        ; 0.000      ; 4.745      ;
; -4.078 ; lpm_counter:inst|cntr_jhf:auto_generated|safe_q[3]  ; lpm_counter:inst|cntr_jhf:auto_generated|safe_q[21] ; 12           ; 12          ; 1.000        ; 0.000      ; 4.745      ;
; -3.973 ; lpm_counter:inst|cntr_jhf:auto_generated|safe_q[1]  ; lpm_counter:inst|cntr_jhf:auto_generated|safe_q[10] ; 12           ; 12          ; 1.000        ; 0.000      ; 4.640      ;
; -3.973 ; lpm_counter:inst|cntr_jhf:auto_generated|safe_q[1]  ; lpm_counter:inst|cntr_jhf:auto_generated|safe_q[9]  ; 12           ; 12          ; 1.000        ; 0.000      ; 4.640      ;
; -3.973 ; lpm_counter:inst|cntr_jhf:auto_generated|safe_q[1]  ; lpm_counter:inst|cntr_jhf:auto_generated|safe_q[8]  ; 12           ; 12          ; 1.000        ; 0.000      ; 4.640      ;
; -3.973 ; lpm_counter:inst|cntr_jhf:auto_generated|safe_q[1]  ; lpm_counter:inst|cntr_jhf:auto_generated|safe_q[7]  ; 12           ; 12          ; 1.000        ; 0.000      ; 4.640      ;
; -3.973 ; lpm_counter:inst|cntr_jhf:auto_generated|safe_q[1]  ; lpm_counter:inst|cntr_jhf:auto_generated|safe_q[6]  ; 12           ; 12          ; 1.000        ; 0.000      ; 4.640      ;
; -3.973 ; lpm_counter:inst|cntr_jhf:auto_generated|safe_q[11] ; lpm_counter:inst|cntr_jhf:auto_generated|safe_q[20] ; 12           ; 12          ; 1.000        ; 0.000      ; 4.640      ;
; -3.973 ; lpm_counter:inst|cntr_jhf:auto_generated|safe_q[11] ; lpm_counter:inst|cntr_jhf:auto_generated|safe_q[19] ; 12           ; 12          ; 1.000        ; 0.000      ; 4.640      ;
; -3.973 ; lpm_counter:inst|cntr_jhf:auto_generated|safe_q[11] ; lpm_counter:inst|cntr_jhf:auto_generated|safe_q[18] ; 12           ; 12          ; 1.000        ; 0.000      ; 4.640      ;
; -3.973 ; lpm_counter:inst|cntr_jhf:auto_generated|safe_q[11] ; lpm_counter:inst|cntr_jhf:auto_generated|safe_q[17] ; 12           ; 12          ; 1.000        ; 0.000      ; 4.640      ;
; -3.973 ; lpm_counter:inst|cntr_jhf:auto_generated|safe_q[11] ; lpm_counter:inst|cntr_jhf:auto_generated|safe_q[16] ; 12           ; 12          ; 1.000        ; 0.000      ; 4.640      ;
; -3.961 ; lpm_counter:inst|cntr_jhf:auto_generated|safe_q[6]  ; lpm_counter:inst|cntr_jhf:auto_generated|safe_q[20] ; 12           ; 12          ; 1.000        ; 0.000      ; 4.628      ;
; -3.961 ; lpm_counter:inst|cntr_jhf:auto_generated|safe_q[6]  ; lpm_counter:inst|cntr_jhf:auto_generated|safe_q[19] ; 12           ; 12          ; 1.000        ; 0.000      ; 4.628      ;
; -3.961 ; lpm_counter:inst|cntr_jhf:auto_generated|safe_q[6]  ; lpm_counter:inst|cntr_jhf:auto_generated|safe_q[18] ; 12           ; 12          ; 1.000        ; 0.000      ; 4.628      ;
; -3.961 ; lpm_counter:inst|cntr_jhf:auto_generated|safe_q[6]  ; lpm_counter:inst|cntr_jhf:auto_generated|safe_q[17] ; 12           ; 12          ; 1.000        ; 0.000      ; 4.628      ;
; -3.961 ; lpm_counter:inst|cntr_jhf:auto_generated|safe_q[6]  ; lpm_counter:inst|cntr_jhf:auto_generated|safe_q[16] ; 12           ; 12          ; 1.000        ; 0.000      ; 4.628      ;
; -3.960 ; lpm_counter:inst|cntr_jhf:auto_generated|safe_q[1]  ; lpm_counter:inst|cntr_jhf:auto_generated|safe_q[15] ; 12           ; 12          ; 1.000        ; 0.000      ; 4.627      ;
; -3.960 ; lpm_counter:inst|cntr_jhf:auto_generated|safe_q[1]  ; lpm_counter:inst|cntr_jhf:auto_generated|safe_q[14] ; 12           ; 12          ; 1.000        ; 0.000      ; 4.627      ;
; -3.960 ; lpm_counter:inst|cntr_jhf:auto_generated|safe_q[1]  ; lpm_counter:inst|cntr_jhf:auto_generated|safe_q[13] ; 12           ; 12          ; 1.000        ; 0.000      ; 4.627      ;
; -3.960 ; lpm_counter:inst|cntr_jhf:auto_generated|safe_q[1]  ; lpm_counter:inst|cntr_jhf:auto_generated|safe_q[12] ; 12           ; 12          ; 1.000        ; 0.000      ; 4.627      ;
; -3.960 ; lpm_counter:inst|cntr_jhf:auto_generated|safe_q[1]  ; lpm_counter:inst|cntr_jhf:auto_generated|safe_q[11] ; 12           ; 12          ; 1.000        ; 0.000      ; 4.627      ;
; -3.960 ; lpm_counter:inst|cntr_jhf:auto_generated|safe_q[11] ; lpm_counter:inst|cntr_jhf:auto_generated|safe_q[22] ; 12           ; 12          ; 1.000        ; 0.000      ; 4.627      ;
; -3.960 ; lpm_counter:inst|cntr_jhf:auto_generated|safe_q[11] ; lpm_counter:inst|cntr_jhf:auto_generated|safe_q[21] ; 12           ; 12          ; 1.000        ; 0.000      ; 4.627      ;
; -3.948 ; lpm_counter:inst|cntr_jhf:auto_generated|safe_q[6]  ; lpm_counter:inst|cntr_jhf:auto_generated|safe_q[22] ; 12           ; 12          ; 1.000        ; 0.000      ; 4.615      ;
; -3.948 ; lpm_counter:inst|cntr_jhf:auto_generated|safe_q[6]  ; lpm_counter:inst|cntr_jhf:auto_generated|safe_q[21] ; 12           ; 12          ; 1.000        ; 0.000      ; 4.615      ;
; -3.920 ; lpm_counter:inst|cntr_jhf:auto_generated|safe_q[5]  ; lpm_counter:inst|cntr_jhf:auto_generated|safe_q[20] ; 12           ; 12          ; 1.000        ; 0.000      ; 4.587      ;
; -3.920 ; lpm_counter:inst|cntr_jhf:auto_generated|safe_q[5]  ; lpm_counter:inst|cntr_jhf:auto_generated|safe_q[19] ; 12           ; 12          ; 1.000        ; 0.000      ; 4.587      ;
; -3.920 ; lpm_counter:inst|cntr_jhf:auto_generated|safe_q[5]  ; lpm_counter:inst|cntr_jhf:auto_generated|safe_q[18] ; 12           ; 12          ; 1.000        ; 0.000      ; 4.587      ;
; -3.920 ; lpm_counter:inst|cntr_jhf:auto_generated|safe_q[5]  ; lpm_counter:inst|cntr_jhf:auto_generated|safe_q[17] ; 12           ; 12          ; 1.000        ; 0.000      ; 4.587      ;
; -3.920 ; lpm_counter:inst|cntr_jhf:auto_generated|safe_q[5]  ; lpm_counter:inst|cntr_jhf:auto_generated|safe_q[16] ; 12           ; 12          ; 1.000        ; 0.000      ; 4.587      ;
; -3.907 ; lpm_counter:inst|cntr_jhf:auto_generated|safe_q[5]  ; lpm_counter:inst|cntr_jhf:auto_generated|safe_q[22] ; 12           ; 12          ; 1.000        ; 0.000      ; 4.574      ;
; -3.907 ; lpm_counter:inst|cntr_jhf:auto_generated|safe_q[5]  ; lpm_counter:inst|cntr_jhf:auto_generated|safe_q[21] ; 12           ; 12          ; 1.000        ; 0.000      ; 4.574      ;
; -3.851 ; lpm_counter:inst|cntr_jhf:auto_generated|safe_q[2]  ; lpm_counter:inst|cntr_jhf:auto_generated|safe_q[10] ; 12           ; 12          ; 1.000        ; 0.000      ; 4.518      ;
; -3.851 ; lpm_counter:inst|cntr_jhf:auto_generated|safe_q[2]  ; lpm_counter:inst|cntr_jhf:auto_generated|safe_q[9]  ; 12           ; 12          ; 1.000        ; 0.000      ; 4.518      ;
; -3.851 ; lpm_counter:inst|cntr_jhf:auto_generated|safe_q[2]  ; lpm_counter:inst|cntr_jhf:auto_generated|safe_q[8]  ; 12           ; 12          ; 1.000        ; 0.000      ; 4.518      ;
; -3.851 ; lpm_counter:inst|cntr_jhf:auto_generated|safe_q[2]  ; lpm_counter:inst|cntr_jhf:auto_generated|safe_q[7]  ; 12           ; 12          ; 1.000        ; 0.000      ; 4.518      ;
; -3.851 ; lpm_counter:inst|cntr_jhf:auto_generated|safe_q[2]  ; lpm_counter:inst|cntr_jhf:auto_generated|safe_q[6]  ; 12           ; 12          ; 1.000        ; 0.000      ; 4.518      ;
; -3.851 ; lpm_counter:inst|cntr_jhf:auto_generated|safe_q[12] ; lpm_counter:inst|cntr_jhf:auto_generated|safe_q[20] ; 12           ; 12          ; 1.000        ; 0.000      ; 4.518      ;
; -3.851 ; lpm_counter:inst|cntr_jhf:auto_generated|safe_q[12] ; lpm_counter:inst|cntr_jhf:auto_generated|safe_q[19] ; 12           ; 12          ; 1.000        ; 0.000      ; 4.518      ;
; -3.851 ; lpm_counter:inst|cntr_jhf:auto_generated|safe_q[12] ; lpm_counter:inst|cntr_jhf:auto_generated|safe_q[18] ; 12           ; 12          ; 1.000        ; 0.000      ; 4.518      ;
; -3.851 ; lpm_counter:inst|cntr_jhf:auto_generated|safe_q[12] ; lpm_counter:inst|cntr_jhf:auto_generated|safe_q[17] ; 12           ; 12          ; 1.000        ; 0.000      ; 4.518      ;
; -3.851 ; lpm_counter:inst|cntr_jhf:auto_generated|safe_q[12] ; lpm_counter:inst|cntr_jhf:auto_generated|safe_q[16] ; 12           ; 12          ; 1.000        ; 0.000      ; 4.518      ;
; -3.848 ; lpm_counter:inst|cntr_jhf:auto_generated|safe_q[7]  ; lpm_counter:inst|cntr_jhf:auto_generated|safe_q[20] ; 12           ; 12          ; 1.000        ; 0.000      ; 4.515      ;
; -3.848 ; lpm_counter:inst|cntr_jhf:auto_generated|safe_q[7]  ; lpm_counter:inst|cntr_jhf:auto_generated|safe_q[19] ; 12           ; 12          ; 1.000        ; 0.000      ; 4.515      ;
; -3.848 ; lpm_counter:inst|cntr_jhf:auto_generated|safe_q[7]  ; lpm_counter:inst|cntr_jhf:auto_generated|safe_q[18] ; 12           ; 12          ; 1.000        ; 0.000      ; 4.515      ;
; -3.848 ; lpm_counter:inst|cntr_jhf:auto_generated|safe_q[7]  ; lpm_counter:inst|cntr_jhf:auto_generated|safe_q[17] ; 12           ; 12          ; 1.000        ; 0.000      ; 4.515      ;
; -3.848 ; lpm_counter:inst|cntr_jhf:auto_generated|safe_q[7]  ; lpm_counter:inst|cntr_jhf:auto_generated|safe_q[16] ; 12           ; 12          ; 1.000        ; 0.000      ; 4.515      ;
; -3.838 ; lpm_counter:inst|cntr_jhf:auto_generated|safe_q[2]  ; lpm_counter:inst|cntr_jhf:auto_generated|safe_q[15] ; 12           ; 12          ; 1.000        ; 0.000      ; 4.505      ;
; -3.838 ; lpm_counter:inst|cntr_jhf:auto_generated|safe_q[2]  ; lpm_counter:inst|cntr_jhf:auto_generated|safe_q[14] ; 12           ; 12          ; 1.000        ; 0.000      ; 4.505      ;
; -3.838 ; lpm_counter:inst|cntr_jhf:auto_generated|safe_q[2]  ; lpm_counter:inst|cntr_jhf:auto_generated|safe_q[13] ; 12           ; 12          ; 1.000        ; 0.000      ; 4.505      ;
; -3.838 ; lpm_counter:inst|cntr_jhf:auto_generated|safe_q[2]  ; lpm_counter:inst|cntr_jhf:auto_generated|safe_q[12] ; 12           ; 12          ; 1.000        ; 0.000      ; 4.505      ;
; -3.838 ; lpm_counter:inst|cntr_jhf:auto_generated|safe_q[2]  ; lpm_counter:inst|cntr_jhf:auto_generated|safe_q[11] ; 12           ; 12          ; 1.000        ; 0.000      ; 4.505      ;
; -3.838 ; lpm_counter:inst|cntr_jhf:auto_generated|safe_q[12] ; lpm_counter:inst|cntr_jhf:auto_generated|safe_q[22] ; 12           ; 12          ; 1.000        ; 0.000      ; 4.505      ;
; -3.838 ; lpm_counter:inst|cntr_jhf:auto_generated|safe_q[12] ; lpm_counter:inst|cntr_jhf:auto_generated|safe_q[21] ; 12           ; 12          ; 1.000        ; 0.000      ; 4.505      ;
; -3.835 ; lpm_counter:inst|cntr_jhf:auto_generated|safe_q[7]  ; lpm_counter:inst|cntr_jhf:auto_generated|safe_q[22] ; 12           ; 12          ; 1.000        ; 0.000      ; 4.502      ;
; -3.835 ; lpm_counter:inst|cntr_jhf:auto_generated|safe_q[7]  ; lpm_counter:inst|cntr_jhf:auto_generated|safe_q[21] ; 12           ; 12          ; 1.000        ; 0.000      ; 4.502      ;
; -3.806 ; lpm_counter:inst|cntr_jhf:auto_generated|safe_q[9]  ; lpm_counter:inst|cntr_jhf:auto_generated|safe_q[20] ; 12           ; 12          ; 1.000        ; 0.000      ; 4.473      ;
; -3.806 ; lpm_counter:inst|cntr_jhf:auto_generated|safe_q[9]  ; lpm_counter:inst|cntr_jhf:auto_generated|safe_q[19] ; 12           ; 12          ; 1.000        ; 0.000      ; 4.473      ;
; -3.806 ; lpm_counter:inst|cntr_jhf:auto_generated|safe_q[9]  ; lpm_counter:inst|cntr_jhf:auto_generated|safe_q[18] ; 12           ; 12          ; 1.000        ; 0.000      ; 4.473      ;
; -3.806 ; lpm_counter:inst|cntr_jhf:auto_generated|safe_q[9]  ; lpm_counter:inst|cntr_jhf:auto_generated|safe_q[17] ; 12           ; 12          ; 1.000        ; 0.000      ; 4.473      ;
; -3.806 ; lpm_counter:inst|cntr_jhf:auto_generated|safe_q[9]  ; lpm_counter:inst|cntr_jhf:auto_generated|safe_q[16] ; 12           ; 12          ; 1.000        ; 0.000      ; 4.473      ;
; -3.793 ; lpm_counter:inst|cntr_jhf:auto_generated|safe_q[9]  ; lpm_counter:inst|cntr_jhf:auto_generated|safe_q[22] ; 12           ; 12          ; 1.000        ; 0.000      ; 4.460      ;
; -3.793 ; lpm_counter:inst|cntr_jhf:auto_generated|safe_q[9]  ; lpm_counter:inst|cntr_jhf:auto_generated|safe_q[21] ; 12           ; 12          ; 1.000        ; 0.000      ; 4.460      ;
; -3.725 ; lpm_counter:inst|cntr_jhf:auto_generated|safe_q[8]  ; lpm_counter:inst|cntr_jhf:auto_generated|safe_q[20] ; 12           ; 12          ; 1.000        ; 0.000      ; 4.392      ;
; -3.725 ; lpm_counter:inst|cntr_jhf:auto_generated|safe_q[8]  ; lpm_counter:inst|cntr_jhf:auto_generated|safe_q[19] ; 12           ; 12          ; 1.000        ; 0.000      ; 4.392      ;
; -3.725 ; lpm_counter:inst|cntr_jhf:auto_generated|safe_q[8]  ; lpm_counter:inst|cntr_jhf:auto_generated|safe_q[18] ; 12           ; 12          ; 1.000        ; 0.000      ; 4.392      ;
+--------+-----------------------------------------------------+-----------------------------------------------------+--------------+-------------+--------------+------------+------------+


+-------------------------------------------------------------------------------------------------------------------------------------------------------------------------------------------------------------------------------------------------------------------------+
; Setup: 'lpm_counter:inst|cntr_jhf:auto_generated|safe_q[22]'                                                                                                                                                                                                            ;
+--------+-----------------------------------------------------+-----------------------------------------------------+-----------------------------------------------------+-----------------------------------------------------+--------------+------------+------------+
; Slack  ; From Node                                           ; To Node                                             ; Launch Clock                                        ; Latch Clock                                         ; Relationship ; Clock Skew ; Data Delay ;
+--------+-----------------------------------------------------+-----------------------------------------------------+-----------------------------------------------------+-----------------------------------------------------+--------------+------------+------------+
; -3.391 ; inst3                                               ; lpm_counter:inst1|cntr_2ie:auto_generated|safe_q[2] ; lpm_counter:inst|cntr_jhf:auto_generated|safe_q[22] ; lpm_counter:inst|cntr_jhf:auto_generated|safe_q[22] ; 0.500        ; 0.000      ; 3.558      ;
; -3.268 ; inst3                                               ; lpm_counter:inst1|cntr_2ie:auto_generated|safe_q[1] ; lpm_counter:inst|cntr_jhf:auto_generated|safe_q[22] ; lpm_counter:inst|cntr_jhf:auto_generated|safe_q[22] ; 0.500        ; 0.000      ; 3.435      ;
; -2.730 ; lpm_counter:inst1|cntr_2ie:auto_generated|safe_q[0] ; lpm_counter:inst1|cntr_2ie:auto_generated|safe_q[2] ; lpm_counter:inst|cntr_jhf:auto_generated|safe_q[22] ; lpm_counter:inst|cntr_jhf:auto_generated|safe_q[22] ; 1.000        ; 0.000      ; 3.397      ;
; -2.677 ; lpm_counter:inst1|cntr_2ie:auto_generated|safe_q[1] ; lpm_counter:inst1|cntr_2ie:auto_generated|safe_q[2] ; lpm_counter:inst|cntr_jhf:auto_generated|safe_q[22] ; lpm_counter:inst|cntr_jhf:auto_generated|safe_q[22] ; 1.000        ; 0.000      ; 3.344      ;
; -2.607 ; lpm_counter:inst1|cntr_2ie:auto_generated|safe_q[0] ; lpm_counter:inst1|cntr_2ie:auto_generated|safe_q[1] ; lpm_counter:inst|cntr_jhf:auto_generated|safe_q[22] ; lpm_counter:inst|cntr_jhf:auto_generated|safe_q[22] ; 1.000        ; 0.000      ; 3.274      ;
; -2.336 ; lpm_counter:inst1|cntr_2ie:auto_generated|safe_q[2] ; inst3                                               ; lpm_counter:inst|cntr_jhf:auto_generated|safe_q[22] ; lpm_counter:inst|cntr_jhf:auto_generated|safe_q[22] ; 0.500        ; 0.000      ; 2.503      ;
; -2.068 ; lpm_counter:inst1|cntr_2ie:auto_generated|safe_q[0] ; inst3                                               ; lpm_counter:inst|cntr_jhf:auto_generated|safe_q[22] ; lpm_counter:inst|cntr_jhf:auto_generated|safe_q[22] ; 0.500        ; 0.000      ; 2.235      ;
; -1.883 ; lpm_counter:inst1|cntr_2ie:auto_generated|safe_q[1] ; inst3                                               ; lpm_counter:inst|cntr_jhf:auto_generated|safe_q[22] ; lpm_counter:inst|cntr_jhf:auto_generated|safe_q[22] ; 0.500        ; 0.000      ; 2.050      ;
; -1.830 ; lpm_counter:inst1|cntr_2ie:auto_generated|safe_q[1] ; lpm_counter:inst1|cntr_2ie:auto_generated|safe_q[1] ; lpm_counter:inst|cntr_jhf:auto_generated|safe_q[22] ; lpm_counter:inst|cntr_jhf:auto_generated|safe_q[22] ; 1.000        ; 0.000      ; 2.497      ;
; -1.808 ; inst3                                               ; inst3                                               ; lpm_counter:inst|cntr_jhf:auto_generated|safe_q[22] ; lpm_counter:inst|cntr_jhf:auto_generated|safe_q[22] ; 1.000        ; 0.000      ; 2.475      ;
; -1.760 ; lpm_counter:inst1|cntr_2ie:auto_generated|safe_q[0] ; lpm_counter:inst1|cntr_2ie:auto_generated|safe_q[0] ; lpm_counter:inst|cntr_jhf:auto_generated|safe_q[22] ; lpm_counter:inst|cntr_jhf:auto_generated|safe_q[22] ; 1.000        ; 0.000      ; 2.427      ;
; -1.371 ; lpm_counter:inst1|cntr_2ie:auto_generated|safe_q[2] ; lpm_counter:inst1|cntr_2ie:auto_generated|safe_q[2] ; lpm_counter:inst|cntr_jhf:auto_generated|safe_q[22] ; lpm_counter:inst|cntr_jhf:auto_generated|safe_q[22] ; 1.000        ; 0.000      ; 2.038      ;
+--------+-----------------------------------------------------+-----------------------------------------------------+-----------------------------------------------------+-----------------------------------------------------+--------------+------------+------------+


+---------------------------------------------------------------------------------------------------------------------------------------------------------------------------------------------------------------------------------+
; Hold: '12'                                                                                                                                                                                                                      ;
+--------+-----------------------------------------------------+-----------------------------------------------------+-----------------------------------------------------+-------------+--------------+------------+------------+
; Slack  ; From Node                                           ; To Node                                             ; Launch Clock                                        ; Latch Clock ; Relationship ; Clock Skew ; Data Delay ;
+--------+-----------------------------------------------------+-----------------------------------------------------+-----------------------------------------------------+-------------+--------------+------------+------------+
; -1.676 ; lpm_counter:inst|cntr_jhf:auto_generated|safe_q[22] ; lpm_counter:inst|cntr_jhf:auto_generated|safe_q[22] ; lpm_counter:inst|cntr_jhf:auto_generated|safe_q[22] ; 12          ; 0.000        ; 3.348      ; 2.269      ;
; -1.176 ; lpm_counter:inst|cntr_jhf:auto_generated|safe_q[22] ; lpm_counter:inst|cntr_jhf:auto_generated|safe_q[22] ; lpm_counter:inst|cntr_jhf:auto_generated|safe_q[22] ; 12          ; -0.500       ; 3.348      ; 2.269      ;
; 2.107  ; lpm_counter:inst|cntr_jhf:auto_generated|safe_q[16] ; lpm_counter:inst|cntr_jhf:auto_generated|safe_q[16] ; 12                                                  ; 12          ; 0.000        ; 0.000      ; 2.328      ;
; 2.107  ; lpm_counter:inst|cntr_jhf:auto_generated|safe_q[5]  ; lpm_counter:inst|cntr_jhf:auto_generated|safe_q[5]  ; 12                                                  ; 12          ; 0.000        ; 0.000      ; 2.328      ;
; 2.108  ; lpm_counter:inst|cntr_jhf:auto_generated|safe_q[3]  ; lpm_counter:inst|cntr_jhf:auto_generated|safe_q[3]  ; 12                                                  ; 12          ; 0.000        ; 0.000      ; 2.329      ;
; 2.116  ; lpm_counter:inst|cntr_jhf:auto_generated|safe_q[6]  ; lpm_counter:inst|cntr_jhf:auto_generated|safe_q[6]  ; 12                                                  ; 12          ; 0.000        ; 0.000      ; 2.337      ;
; 2.117  ; lpm_counter:inst|cntr_jhf:auto_generated|safe_q[18] ; lpm_counter:inst|cntr_jhf:auto_generated|safe_q[18] ; 12                                                  ; 12          ; 0.000        ; 0.000      ; 2.338      ;
; 2.117  ; lpm_counter:inst|cntr_jhf:auto_generated|safe_q[17] ; lpm_counter:inst|cntr_jhf:auto_generated|safe_q[17] ; 12                                                  ; 12          ; 0.000        ; 0.000      ; 2.338      ;
; 2.117  ; lpm_counter:inst|cntr_jhf:auto_generated|safe_q[13] ; lpm_counter:inst|cntr_jhf:auto_generated|safe_q[13] ; 12                                                  ; 12          ; 0.000        ; 0.000      ; 2.338      ;
; 2.126  ; lpm_counter:inst|cntr_jhf:auto_generated|safe_q[15] ; lpm_counter:inst|cntr_jhf:auto_generated|safe_q[15] ; 12                                                  ; 12          ; 0.000        ; 0.000      ; 2.347      ;
; 2.126  ; lpm_counter:inst|cntr_jhf:auto_generated|safe_q[8]  ; lpm_counter:inst|cntr_jhf:auto_generated|safe_q[8]  ; 12                                                  ; 12          ; 0.000        ; 0.000      ; 2.347      ;
; 2.126  ; lpm_counter:inst|cntr_jhf:auto_generated|safe_q[7]  ; lpm_counter:inst|cntr_jhf:auto_generated|safe_q[7]  ; 12                                                  ; 12          ; 0.000        ; 0.000      ; 2.347      ;
; 2.212  ; lpm_counter:inst|cntr_jhf:auto_generated|safe_q[19] ; lpm_counter:inst|cntr_jhf:auto_generated|safe_q[19] ; 12                                                  ; 12          ; 0.000        ; 0.000      ; 2.433      ;
; 2.212  ; lpm_counter:inst|cntr_jhf:auto_generated|safe_q[4]  ; lpm_counter:inst|cntr_jhf:auto_generated|safe_q[4]  ; 12                                                  ; 12          ; 0.000        ; 0.000      ; 2.433      ;
; 2.221  ; lpm_counter:inst|cntr_jhf:auto_generated|safe_q[21] ; lpm_counter:inst|cntr_jhf:auto_generated|safe_q[21] ; 12                                                  ; 12          ; 0.000        ; 0.000      ; 2.442      ;
; 2.221  ; lpm_counter:inst|cntr_jhf:auto_generated|safe_q[14] ; lpm_counter:inst|cntr_jhf:auto_generated|safe_q[14] ; 12                                                  ; 12          ; 0.000        ; 0.000      ; 2.442      ;
; 2.221  ; lpm_counter:inst|cntr_jhf:auto_generated|safe_q[9]  ; lpm_counter:inst|cntr_jhf:auto_generated|safe_q[9]  ; 12                                                  ; 12          ; 0.000        ; 0.000      ; 2.442      ;
; 2.222  ; lpm_counter:inst|cntr_jhf:auto_generated|safe_q[20] ; lpm_counter:inst|cntr_jhf:auto_generated|safe_q[20] ; 12                                                  ; 12          ; 0.000        ; 0.000      ; 2.443      ;
; 2.230  ; lpm_counter:inst|cntr_jhf:auto_generated|safe_q[11] ; lpm_counter:inst|cntr_jhf:auto_generated|safe_q[11] ; 12                                                  ; 12          ; 0.000        ; 0.000      ; 2.451      ;
; 2.230  ; lpm_counter:inst|cntr_jhf:auto_generated|safe_q[1]  ; lpm_counter:inst|cntr_jhf:auto_generated|safe_q[1]  ; 12                                                  ; 12          ; 0.000        ; 0.000      ; 2.451      ;
; 2.231  ; lpm_counter:inst|cntr_jhf:auto_generated|safe_q[12] ; lpm_counter:inst|cntr_jhf:auto_generated|safe_q[12] ; 12                                                  ; 12          ; 0.000        ; 0.000      ; 2.452      ;
; 2.231  ; lpm_counter:inst|cntr_jhf:auto_generated|safe_q[10] ; lpm_counter:inst|cntr_jhf:auto_generated|safe_q[10] ; 12                                                  ; 12          ; 0.000        ; 0.000      ; 2.452      ;
; 2.231  ; lpm_counter:inst|cntr_jhf:auto_generated|safe_q[2]  ; lpm_counter:inst|cntr_jhf:auto_generated|safe_q[2]  ; 12                                                  ; 12          ; 0.000        ; 0.000      ; 2.452      ;
; 2.231  ; lpm_counter:inst|cntr_jhf:auto_generated|safe_q[0]  ; lpm_counter:inst|cntr_jhf:auto_generated|safe_q[0]  ; 12                                                  ; 12          ; 0.000        ; 0.000      ; 2.452      ;
; 2.939  ; lpm_counter:inst|cntr_jhf:auto_generated|safe_q[16] ; lpm_counter:inst|cntr_jhf:auto_generated|safe_q[17] ; 12                                                  ; 12          ; 0.000        ; 0.000      ; 3.160      ;
; 2.940  ; lpm_counter:inst|cntr_jhf:auto_generated|safe_q[3]  ; lpm_counter:inst|cntr_jhf:auto_generated|safe_q[4]  ; 12                                                  ; 12          ; 0.000        ; 0.000      ; 3.161      ;
; 2.948  ; lpm_counter:inst|cntr_jhf:auto_generated|safe_q[6]  ; lpm_counter:inst|cntr_jhf:auto_generated|safe_q[7]  ; 12                                                  ; 12          ; 0.000        ; 0.000      ; 3.169      ;
; 2.949  ; lpm_counter:inst|cntr_jhf:auto_generated|safe_q[18] ; lpm_counter:inst|cntr_jhf:auto_generated|safe_q[19] ; 12                                                  ; 12          ; 0.000        ; 0.000      ; 3.170      ;
; 2.949  ; lpm_counter:inst|cntr_jhf:auto_generated|safe_q[17] ; lpm_counter:inst|cntr_jhf:auto_generated|safe_q[18] ; 12                                                  ; 12          ; 0.000        ; 0.000      ; 3.170      ;
; 2.949  ; lpm_counter:inst|cntr_jhf:auto_generated|safe_q[13] ; lpm_counter:inst|cntr_jhf:auto_generated|safe_q[14] ; 12                                                  ; 12          ; 0.000        ; 0.000      ; 3.170      ;
; 2.958  ; lpm_counter:inst|cntr_jhf:auto_generated|safe_q[8]  ; lpm_counter:inst|cntr_jhf:auto_generated|safe_q[9]  ; 12                                                  ; 12          ; 0.000        ; 0.000      ; 3.179      ;
; 2.958  ; lpm_counter:inst|cntr_jhf:auto_generated|safe_q[7]  ; lpm_counter:inst|cntr_jhf:auto_generated|safe_q[8]  ; 12                                                  ; 12          ; 0.000        ; 0.000      ; 3.179      ;
; 3.050  ; lpm_counter:inst|cntr_jhf:auto_generated|safe_q[16] ; lpm_counter:inst|cntr_jhf:auto_generated|safe_q[18] ; 12                                                  ; 12          ; 0.000        ; 0.000      ; 3.271      ;
; 3.051  ; lpm_counter:inst|cntr_jhf:auto_generated|safe_q[3]  ; lpm_counter:inst|cntr_jhf:auto_generated|safe_q[5]  ; 12                                                  ; 12          ; 0.000        ; 0.000      ; 3.272      ;
; 3.059  ; lpm_counter:inst|cntr_jhf:auto_generated|safe_q[6]  ; lpm_counter:inst|cntr_jhf:auto_generated|safe_q[8]  ; 12                                                  ; 12          ; 0.000        ; 0.000      ; 3.280      ;
; 3.060  ; lpm_counter:inst|cntr_jhf:auto_generated|safe_q[18] ; lpm_counter:inst|cntr_jhf:auto_generated|safe_q[20] ; 12                                                  ; 12          ; 0.000        ; 0.000      ; 3.281      ;
; 3.060  ; lpm_counter:inst|cntr_jhf:auto_generated|safe_q[13] ; lpm_counter:inst|cntr_jhf:auto_generated|safe_q[15] ; 12                                                  ; 12          ; 0.000        ; 0.000      ; 3.281      ;
; 3.060  ; lpm_counter:inst|cntr_jhf:auto_generated|safe_q[17] ; lpm_counter:inst|cntr_jhf:auto_generated|safe_q[19] ; 12                                                  ; 12          ; 0.000        ; 0.000      ; 3.281      ;
; 3.069  ; lpm_counter:inst|cntr_jhf:auto_generated|safe_q[8]  ; lpm_counter:inst|cntr_jhf:auto_generated|safe_q[10] ; 12                                                  ; 12          ; 0.000        ; 0.000      ; 3.290      ;
; 3.069  ; lpm_counter:inst|cntr_jhf:auto_generated|safe_q[7]  ; lpm_counter:inst|cntr_jhf:auto_generated|safe_q[9]  ; 12                                                  ; 12          ; 0.000        ; 0.000      ; 3.290      ;
; 3.152  ; lpm_counter:inst|cntr_jhf:auto_generated|safe_q[4]  ; lpm_counter:inst|cntr_jhf:auto_generated|safe_q[5]  ; 12                                                  ; 12          ; 0.000        ; 0.000      ; 3.373      ;
; 3.152  ; lpm_counter:inst|cntr_jhf:auto_generated|safe_q[19] ; lpm_counter:inst|cntr_jhf:auto_generated|safe_q[20] ; 12                                                  ; 12          ; 0.000        ; 0.000      ; 3.373      ;
; 3.161  ; lpm_counter:inst|cntr_jhf:auto_generated|safe_q[21] ; lpm_counter:inst|cntr_jhf:auto_generated|safe_q[22] ; 12                                                  ; 12          ; 0.000        ; 0.000      ; 3.382      ;
; 3.161  ; lpm_counter:inst|cntr_jhf:auto_generated|safe_q[14] ; lpm_counter:inst|cntr_jhf:auto_generated|safe_q[15] ; 12                                                  ; 12          ; 0.000        ; 0.000      ; 3.382      ;
; 3.161  ; lpm_counter:inst|cntr_jhf:auto_generated|safe_q[16] ; lpm_counter:inst|cntr_jhf:auto_generated|safe_q[19] ; 12                                                  ; 12          ; 0.000        ; 0.000      ; 3.382      ;
; 3.161  ; lpm_counter:inst|cntr_jhf:auto_generated|safe_q[9]  ; lpm_counter:inst|cntr_jhf:auto_generated|safe_q[10] ; 12                                                  ; 12          ; 0.000        ; 0.000      ; 3.382      ;
; 3.170  ; lpm_counter:inst|cntr_jhf:auto_generated|safe_q[11] ; lpm_counter:inst|cntr_jhf:auto_generated|safe_q[12] ; 12                                                  ; 12          ; 0.000        ; 0.000      ; 3.391      ;
; 3.170  ; lpm_counter:inst|cntr_jhf:auto_generated|safe_q[1]  ; lpm_counter:inst|cntr_jhf:auto_generated|safe_q[2]  ; 12                                                  ; 12          ; 0.000        ; 0.000      ; 3.391      ;
; 3.170  ; lpm_counter:inst|cntr_jhf:auto_generated|safe_q[6]  ; lpm_counter:inst|cntr_jhf:auto_generated|safe_q[9]  ; 12                                                  ; 12          ; 0.000        ; 0.000      ; 3.391      ;
; 3.171  ; lpm_counter:inst|cntr_jhf:auto_generated|safe_q[12] ; lpm_counter:inst|cntr_jhf:auto_generated|safe_q[13] ; 12                                                  ; 12          ; 0.000        ; 0.000      ; 3.392      ;
; 3.171  ; lpm_counter:inst|cntr_jhf:auto_generated|safe_q[2]  ; lpm_counter:inst|cntr_jhf:auto_generated|safe_q[3]  ; 12                                                  ; 12          ; 0.000        ; 0.000      ; 3.392      ;
; 3.171  ; lpm_counter:inst|cntr_jhf:auto_generated|safe_q[17] ; lpm_counter:inst|cntr_jhf:auto_generated|safe_q[20] ; 12                                                  ; 12          ; 0.000        ; 0.000      ; 3.392      ;
; 3.180  ; lpm_counter:inst|cntr_jhf:auto_generated|safe_q[7]  ; lpm_counter:inst|cntr_jhf:auto_generated|safe_q[10] ; 12                                                  ; 12          ; 0.000        ; 0.000      ; 3.401      ;
; 3.272  ; lpm_counter:inst|cntr_jhf:auto_generated|safe_q[16] ; lpm_counter:inst|cntr_jhf:auto_generated|safe_q[20] ; 12                                                  ; 12          ; 0.000        ; 0.000      ; 3.493      ;
; 3.281  ; lpm_counter:inst|cntr_jhf:auto_generated|safe_q[11] ; lpm_counter:inst|cntr_jhf:auto_generated|safe_q[13] ; 12                                                  ; 12          ; 0.000        ; 0.000      ; 3.502      ;
; 3.281  ; lpm_counter:inst|cntr_jhf:auto_generated|safe_q[1]  ; lpm_counter:inst|cntr_jhf:auto_generated|safe_q[3]  ; 12                                                  ; 12          ; 0.000        ; 0.000      ; 3.502      ;
; 3.281  ; lpm_counter:inst|cntr_jhf:auto_generated|safe_q[6]  ; lpm_counter:inst|cntr_jhf:auto_generated|safe_q[10] ; 12                                                  ; 12          ; 0.000        ; 0.000      ; 3.502      ;
; 3.282  ; lpm_counter:inst|cntr_jhf:auto_generated|safe_q[2]  ; lpm_counter:inst|cntr_jhf:auto_generated|safe_q[4]  ; 12                                                  ; 12          ; 0.000        ; 0.000      ; 3.503      ;
; 3.282  ; lpm_counter:inst|cntr_jhf:auto_generated|safe_q[12] ; lpm_counter:inst|cntr_jhf:auto_generated|safe_q[14] ; 12                                                  ; 12          ; 0.000        ; 0.000      ; 3.503      ;
; 3.392  ; lpm_counter:inst|cntr_jhf:auto_generated|safe_q[1]  ; lpm_counter:inst|cntr_jhf:auto_generated|safe_q[4]  ; 12                                                  ; 12          ; 0.000        ; 0.000      ; 3.613      ;
; 3.392  ; lpm_counter:inst|cntr_jhf:auto_generated|safe_q[11] ; lpm_counter:inst|cntr_jhf:auto_generated|safe_q[14] ; 12                                                  ; 12          ; 0.000        ; 0.000      ; 3.613      ;
; 3.393  ; lpm_counter:inst|cntr_jhf:auto_generated|safe_q[2]  ; lpm_counter:inst|cntr_jhf:auto_generated|safe_q[5]  ; 12                                                  ; 12          ; 0.000        ; 0.000      ; 3.614      ;
; 3.393  ; lpm_counter:inst|cntr_jhf:auto_generated|safe_q[12] ; lpm_counter:inst|cntr_jhf:auto_generated|safe_q[15] ; 12                                                  ; 12          ; 0.000        ; 0.000      ; 3.614      ;
; 3.483  ; lpm_counter:inst|cntr_jhf:auto_generated|safe_q[20] ; lpm_counter:inst|cntr_jhf:auto_generated|safe_q[22] ; 12                                                  ; 12          ; 0.000        ; 0.000      ; 3.704      ;
; 3.483  ; lpm_counter:inst|cntr_jhf:auto_generated|safe_q[20] ; lpm_counter:inst|cntr_jhf:auto_generated|safe_q[21] ; 12                                                  ; 12          ; 0.000        ; 0.000      ; 3.704      ;
; 3.492  ; lpm_counter:inst|cntr_jhf:auto_generated|safe_q[10] ; lpm_counter:inst|cntr_jhf:auto_generated|safe_q[15] ; 12                                                  ; 12          ; 0.000        ; 0.000      ; 3.713      ;
; 3.492  ; lpm_counter:inst|cntr_jhf:auto_generated|safe_q[10] ; lpm_counter:inst|cntr_jhf:auto_generated|safe_q[14] ; 12                                                  ; 12          ; 0.000        ; 0.000      ; 3.713      ;
; 3.492  ; lpm_counter:inst|cntr_jhf:auto_generated|safe_q[10] ; lpm_counter:inst|cntr_jhf:auto_generated|safe_q[13] ; 12                                                  ; 12          ; 0.000        ; 0.000      ; 3.713      ;
; 3.492  ; lpm_counter:inst|cntr_jhf:auto_generated|safe_q[10] ; lpm_counter:inst|cntr_jhf:auto_generated|safe_q[12] ; 12                                                  ; 12          ; 0.000        ; 0.000      ; 3.713      ;
; 3.492  ; lpm_counter:inst|cntr_jhf:auto_generated|safe_q[10] ; lpm_counter:inst|cntr_jhf:auto_generated|safe_q[11] ; 12                                                  ; 12          ; 0.000        ; 0.000      ; 3.713      ;
; 3.492  ; lpm_counter:inst|cntr_jhf:auto_generated|safe_q[0]  ; lpm_counter:inst|cntr_jhf:auto_generated|safe_q[5]  ; 12                                                  ; 12          ; 0.000        ; 0.000      ; 3.713      ;
; 3.492  ; lpm_counter:inst|cntr_jhf:auto_generated|safe_q[0]  ; lpm_counter:inst|cntr_jhf:auto_generated|safe_q[4]  ; 12                                                  ; 12          ; 0.000        ; 0.000      ; 3.713      ;
; 3.492  ; lpm_counter:inst|cntr_jhf:auto_generated|safe_q[0]  ; lpm_counter:inst|cntr_jhf:auto_generated|safe_q[3]  ; 12                                                  ; 12          ; 0.000        ; 0.000      ; 3.713      ;
; 3.492  ; lpm_counter:inst|cntr_jhf:auto_generated|safe_q[0]  ; lpm_counter:inst|cntr_jhf:auto_generated|safe_q[2]  ; 12                                                  ; 12          ; 0.000        ; 0.000      ; 3.713      ;
; 3.492  ; lpm_counter:inst|cntr_jhf:auto_generated|safe_q[0]  ; lpm_counter:inst|cntr_jhf:auto_generated|safe_q[1]  ; 12                                                  ; 12          ; 0.000        ; 0.000      ; 3.713      ;
; 3.503  ; lpm_counter:inst|cntr_jhf:auto_generated|safe_q[1]  ; lpm_counter:inst|cntr_jhf:auto_generated|safe_q[5]  ; 12                                                  ; 12          ; 0.000        ; 0.000      ; 3.724      ;
; 3.503  ; lpm_counter:inst|cntr_jhf:auto_generated|safe_q[11] ; lpm_counter:inst|cntr_jhf:auto_generated|safe_q[15] ; 12                                                  ; 12          ; 0.000        ; 0.000      ; 3.724      ;
; 3.529  ; lpm_counter:inst|cntr_jhf:auto_generated|safe_q[18] ; lpm_counter:inst|cntr_jhf:auto_generated|safe_q[22] ; 12                                                  ; 12          ; 0.000        ; 0.000      ; 3.750      ;
; 3.529  ; lpm_counter:inst|cntr_jhf:auto_generated|safe_q[18] ; lpm_counter:inst|cntr_jhf:auto_generated|safe_q[21] ; 12                                                  ; 12          ; 0.000        ; 0.000      ; 3.750      ;
; 3.538  ; lpm_counter:inst|cntr_jhf:auto_generated|safe_q[8]  ; lpm_counter:inst|cntr_jhf:auto_generated|safe_q[15] ; 12                                                  ; 12          ; 0.000        ; 0.000      ; 3.759      ;
; 3.538  ; lpm_counter:inst|cntr_jhf:auto_generated|safe_q[8]  ; lpm_counter:inst|cntr_jhf:auto_generated|safe_q[14] ; 12                                                  ; 12          ; 0.000        ; 0.000      ; 3.759      ;
; 3.538  ; lpm_counter:inst|cntr_jhf:auto_generated|safe_q[8]  ; lpm_counter:inst|cntr_jhf:auto_generated|safe_q[13] ; 12                                                  ; 12          ; 0.000        ; 0.000      ; 3.759      ;
; 3.538  ; lpm_counter:inst|cntr_jhf:auto_generated|safe_q[8]  ; lpm_counter:inst|cntr_jhf:auto_generated|safe_q[12] ; 12                                                  ; 12          ; 0.000        ; 0.000      ; 3.759      ;
; 3.538  ; lpm_counter:inst|cntr_jhf:auto_generated|safe_q[8]  ; lpm_counter:inst|cntr_jhf:auto_generated|safe_q[11] ; 12                                                  ; 12          ; 0.000        ; 0.000      ; 3.759      ;
; 3.621  ; lpm_counter:inst|cntr_jhf:auto_generated|safe_q[19] ; lpm_counter:inst|cntr_jhf:auto_generated|safe_q[22] ; 12                                                  ; 12          ; 0.000        ; 0.000      ; 3.842      ;
; 3.621  ; lpm_counter:inst|cntr_jhf:auto_generated|safe_q[19] ; lpm_counter:inst|cntr_jhf:auto_generated|safe_q[21] ; 12                                                  ; 12          ; 0.000        ; 0.000      ; 3.842      ;
; 3.630  ; lpm_counter:inst|cntr_jhf:auto_generated|safe_q[9]  ; lpm_counter:inst|cntr_jhf:auto_generated|safe_q[15] ; 12                                                  ; 12          ; 0.000        ; 0.000      ; 3.851      ;
; 3.630  ; lpm_counter:inst|cntr_jhf:auto_generated|safe_q[9]  ; lpm_counter:inst|cntr_jhf:auto_generated|safe_q[14] ; 12                                                  ; 12          ; 0.000        ; 0.000      ; 3.851      ;
; 3.630  ; lpm_counter:inst|cntr_jhf:auto_generated|safe_q[9]  ; lpm_counter:inst|cntr_jhf:auto_generated|safe_q[13] ; 12                                                  ; 12          ; 0.000        ; 0.000      ; 3.851      ;
; 3.630  ; lpm_counter:inst|cntr_jhf:auto_generated|safe_q[9]  ; lpm_counter:inst|cntr_jhf:auto_generated|safe_q[12] ; 12                                                  ; 12          ; 0.000        ; 0.000      ; 3.851      ;
; 3.630  ; lpm_counter:inst|cntr_jhf:auto_generated|safe_q[9]  ; lpm_counter:inst|cntr_jhf:auto_generated|safe_q[11] ; 12                                                  ; 12          ; 0.000        ; 0.000      ; 3.851      ;
; 3.640  ; lpm_counter:inst|cntr_jhf:auto_generated|safe_q[17] ; lpm_counter:inst|cntr_jhf:auto_generated|safe_q[22] ; 12                                                  ; 12          ; 0.000        ; 0.000      ; 3.861      ;
; 3.640  ; lpm_counter:inst|cntr_jhf:auto_generated|safe_q[17] ; lpm_counter:inst|cntr_jhf:auto_generated|safe_q[21] ; 12                                                  ; 12          ; 0.000        ; 0.000      ; 3.861      ;
; 3.649  ; lpm_counter:inst|cntr_jhf:auto_generated|safe_q[7]  ; lpm_counter:inst|cntr_jhf:auto_generated|safe_q[15] ; 12                                                  ; 12          ; 0.000        ; 0.000      ; 3.870      ;
; 3.649  ; lpm_counter:inst|cntr_jhf:auto_generated|safe_q[7]  ; lpm_counter:inst|cntr_jhf:auto_generated|safe_q[14] ; 12                                                  ; 12          ; 0.000        ; 0.000      ; 3.870      ;
; 3.649  ; lpm_counter:inst|cntr_jhf:auto_generated|safe_q[7]  ; lpm_counter:inst|cntr_jhf:auto_generated|safe_q[13] ; 12                                                  ; 12          ; 0.000        ; 0.000      ; 3.870      ;
; 3.649  ; lpm_counter:inst|cntr_jhf:auto_generated|safe_q[7]  ; lpm_counter:inst|cntr_jhf:auto_generated|safe_q[12] ; 12                                                  ; 12          ; 0.000        ; 0.000      ; 3.870      ;
; 3.649  ; lpm_counter:inst|cntr_jhf:auto_generated|safe_q[7]  ; lpm_counter:inst|cntr_jhf:auto_generated|safe_q[11] ; 12                                                  ; 12          ; 0.000        ; 0.000      ; 3.870      ;
; 3.741  ; lpm_counter:inst|cntr_jhf:auto_generated|safe_q[16] ; lpm_counter:inst|cntr_jhf:auto_generated|safe_q[22] ; 12                                                  ; 12          ; 0.000        ; 0.000      ; 3.962      ;
; 3.741  ; lpm_counter:inst|cntr_jhf:auto_generated|safe_q[16] ; lpm_counter:inst|cntr_jhf:auto_generated|safe_q[21] ; 12                                                  ; 12          ; 0.000        ; 0.000      ; 3.962      ;
+--------+-----------------------------------------------------+-----------------------------------------------------+-----------------------------------------------------+-------------+--------------+------------+------------+


+------------------------------------------------------------------------------------------------------------------------------------------------------------------------------------------------------------------------------------------------------------------------+
; Hold: 'lpm_counter:inst|cntr_jhf:auto_generated|safe_q[22]'                                                                                                                                                                                                            ;
+-------+-----------------------------------------------------+-----------------------------------------------------+-----------------------------------------------------+-----------------------------------------------------+--------------+------------+------------+
; Slack ; From Node                                           ; To Node                                             ; Launch Clock                                        ; Latch Clock                                         ; Relationship ; Clock Skew ; Data Delay ;
+-------+-----------------------------------------------------+-----------------------------------------------------+-----------------------------------------------------+-----------------------------------------------------+--------------+------------+------------+
; 1.817 ; lpm_counter:inst1|cntr_2ie:auto_generated|safe_q[2] ; lpm_counter:inst1|cntr_2ie:auto_generated|safe_q[2] ; lpm_counter:inst|cntr_jhf:auto_generated|safe_q[22] ; lpm_counter:inst|cntr_jhf:auto_generated|safe_q[22] ; 0.000        ; 0.000      ; 2.038      ;
; 2.206 ; lpm_counter:inst1|cntr_2ie:auto_generated|safe_q[0] ; lpm_counter:inst1|cntr_2ie:auto_generated|safe_q[0] ; lpm_counter:inst|cntr_jhf:auto_generated|safe_q[22] ; lpm_counter:inst|cntr_jhf:auto_generated|safe_q[22] ; 0.000        ; 0.000      ; 2.427      ;
; 2.254 ; inst3                                               ; inst3                                               ; lpm_counter:inst|cntr_jhf:auto_generated|safe_q[22] ; lpm_counter:inst|cntr_jhf:auto_generated|safe_q[22] ; 0.000        ; 0.000      ; 2.475      ;
; 2.276 ; lpm_counter:inst1|cntr_2ie:auto_generated|safe_q[1] ; lpm_counter:inst1|cntr_2ie:auto_generated|safe_q[1] ; lpm_counter:inst|cntr_jhf:auto_generated|safe_q[22] ; lpm_counter:inst|cntr_jhf:auto_generated|safe_q[22] ; 0.000        ; 0.000      ; 2.497      ;
; 2.329 ; lpm_counter:inst1|cntr_2ie:auto_generated|safe_q[1] ; inst3                                               ; lpm_counter:inst|cntr_jhf:auto_generated|safe_q[22] ; lpm_counter:inst|cntr_jhf:auto_generated|safe_q[22] ; -0.500       ; 0.000      ; 2.050      ;
; 2.514 ; lpm_counter:inst1|cntr_2ie:auto_generated|safe_q[0] ; inst3                                               ; lpm_counter:inst|cntr_jhf:auto_generated|safe_q[22] ; lpm_counter:inst|cntr_jhf:auto_generated|safe_q[22] ; -0.500       ; 0.000      ; 2.235      ;
; 2.782 ; lpm_counter:inst1|cntr_2ie:auto_generated|safe_q[2] ; inst3                                               ; lpm_counter:inst|cntr_jhf:auto_generated|safe_q[22] ; lpm_counter:inst|cntr_jhf:auto_generated|safe_q[22] ; -0.500       ; 0.000      ; 2.503      ;
; 3.038 ; lpm_counter:inst1|cntr_2ie:auto_generated|safe_q[0] ; lpm_counter:inst1|cntr_2ie:auto_generated|safe_q[1] ; lpm_counter:inst|cntr_jhf:auto_generated|safe_q[22] ; lpm_counter:inst|cntr_jhf:auto_generated|safe_q[22] ; 0.000        ; 0.000      ; 3.259      ;
; 3.108 ; lpm_counter:inst1|cntr_2ie:auto_generated|safe_q[1] ; lpm_counter:inst1|cntr_2ie:auto_generated|safe_q[2] ; lpm_counter:inst|cntr_jhf:auto_generated|safe_q[22] ; lpm_counter:inst|cntr_jhf:auto_generated|safe_q[22] ; 0.000        ; 0.000      ; 3.329      ;
; 3.149 ; lpm_counter:inst1|cntr_2ie:auto_generated|safe_q[0] ; lpm_counter:inst1|cntr_2ie:auto_generated|safe_q[2] ; lpm_counter:inst|cntr_jhf:auto_generated|safe_q[22] ; lpm_counter:inst|cntr_jhf:auto_generated|safe_q[22] ; 0.000        ; 0.000      ; 3.370      ;
; 3.697 ; inst3                                               ; lpm_counter:inst1|cntr_2ie:auto_generated|safe_q[2] ; lpm_counter:inst|cntr_jhf:auto_generated|safe_q[22] ; lpm_counter:inst|cntr_jhf:auto_generated|safe_q[22] ; -0.500       ; 0.000      ; 3.418      ;
; 3.698 ; inst3                                               ; lpm_counter:inst1|cntr_2ie:auto_generated|safe_q[1] ; lpm_counter:inst|cntr_jhf:auto_generated|safe_q[22] ; lpm_counter:inst|cntr_jhf:auto_generated|safe_q[22] ; -0.500       ; 0.000      ; 3.419      ;
+-------+-----------------------------------------------------+-----------------------------------------------------+-----------------------------------------------------+-----------------------------------------------------+--------------+------------+------------+


+--------------------------------------------------------------------------------------------------------------------------------------+
; Minimum Pulse Width: '12'                                                                                                            ;
+--------+--------------+----------------+------------------+-------+------------+-----------------------------------------------------+
; Slack  ; Actual Width ; Required Width ; Type             ; Clock ; Clock Edge ; Target                                              ;
+--------+--------------+----------------+------------------+-------+------------+-----------------------------------------------------+
; -2.289 ; 1.000        ; 3.289          ; Port Rate        ; 12    ; Rise       ; 12                                                  ;
; 0.234  ; 0.500        ; 0.266          ; High Pulse Width ; 12    ; Rise       ; lpm_counter:inst|cntr_jhf:auto_generated|safe_q[0]  ;
; 0.234  ; 0.500        ; 0.266          ; Low Pulse Width  ; 12    ; Rise       ; lpm_counter:inst|cntr_jhf:auto_generated|safe_q[0]  ;
; 0.234  ; 0.500        ; 0.266          ; High Pulse Width ; 12    ; Rise       ; lpm_counter:inst|cntr_jhf:auto_generated|safe_q[10] ;
; 0.234  ; 0.500        ; 0.266          ; Low Pulse Width  ; 12    ; Rise       ; lpm_counter:inst|cntr_jhf:auto_generated|safe_q[10] ;
; 0.234  ; 0.500        ; 0.266          ; High Pulse Width ; 12    ; Rise       ; lpm_counter:inst|cntr_jhf:auto_generated|safe_q[11] ;
; 0.234  ; 0.500        ; 0.266          ; Low Pulse Width  ; 12    ; Rise       ; lpm_counter:inst|cntr_jhf:auto_generated|safe_q[11] ;
; 0.234  ; 0.500        ; 0.266          ; High Pulse Width ; 12    ; Rise       ; lpm_counter:inst|cntr_jhf:auto_generated|safe_q[12] ;
; 0.234  ; 0.500        ; 0.266          ; Low Pulse Width  ; 12    ; Rise       ; lpm_counter:inst|cntr_jhf:auto_generated|safe_q[12] ;
; 0.234  ; 0.500        ; 0.266          ; High Pulse Width ; 12    ; Rise       ; lpm_counter:inst|cntr_jhf:auto_generated|safe_q[13] ;
; 0.234  ; 0.500        ; 0.266          ; Low Pulse Width  ; 12    ; Rise       ; lpm_counter:inst|cntr_jhf:auto_generated|safe_q[13] ;
; 0.234  ; 0.500        ; 0.266          ; High Pulse Width ; 12    ; Rise       ; lpm_counter:inst|cntr_jhf:auto_generated|safe_q[14] ;
; 0.234  ; 0.500        ; 0.266          ; Low Pulse Width  ; 12    ; Rise       ; lpm_counter:inst|cntr_jhf:auto_generated|safe_q[14] ;
; 0.234  ; 0.500        ; 0.266          ; High Pulse Width ; 12    ; Rise       ; lpm_counter:inst|cntr_jhf:auto_generated|safe_q[15] ;
; 0.234  ; 0.500        ; 0.266          ; Low Pulse Width  ; 12    ; Rise       ; lpm_counter:inst|cntr_jhf:auto_generated|safe_q[15] ;
; 0.234  ; 0.500        ; 0.266          ; High Pulse Width ; 12    ; Rise       ; lpm_counter:inst|cntr_jhf:auto_generated|safe_q[16] ;
; 0.234  ; 0.500        ; 0.266          ; Low Pulse Width  ; 12    ; Rise       ; lpm_counter:inst|cntr_jhf:auto_generated|safe_q[16] ;
; 0.234  ; 0.500        ; 0.266          ; High Pulse Width ; 12    ; Rise       ; lpm_counter:inst|cntr_jhf:auto_generated|safe_q[17] ;
; 0.234  ; 0.500        ; 0.266          ; Low Pulse Width  ; 12    ; Rise       ; lpm_counter:inst|cntr_jhf:auto_generated|safe_q[17] ;
; 0.234  ; 0.500        ; 0.266          ; High Pulse Width ; 12    ; Rise       ; lpm_counter:inst|cntr_jhf:auto_generated|safe_q[18] ;
; 0.234  ; 0.500        ; 0.266          ; Low Pulse Width  ; 12    ; Rise       ; lpm_counter:inst|cntr_jhf:auto_generated|safe_q[18] ;
; 0.234  ; 0.500        ; 0.266          ; High Pulse Width ; 12    ; Rise       ; lpm_counter:inst|cntr_jhf:auto_generated|safe_q[19] ;
; 0.234  ; 0.500        ; 0.266          ; Low Pulse Width  ; 12    ; Rise       ; lpm_counter:inst|cntr_jhf:auto_generated|safe_q[19] ;
; 0.234  ; 0.500        ; 0.266          ; High Pulse Width ; 12    ; Rise       ; lpm_counter:inst|cntr_jhf:auto_generated|safe_q[1]  ;
; 0.234  ; 0.500        ; 0.266          ; Low Pulse Width  ; 12    ; Rise       ; lpm_counter:inst|cntr_jhf:auto_generated|safe_q[1]  ;
; 0.234  ; 0.500        ; 0.266          ; High Pulse Width ; 12    ; Rise       ; lpm_counter:inst|cntr_jhf:auto_generated|safe_q[20] ;
; 0.234  ; 0.500        ; 0.266          ; Low Pulse Width  ; 12    ; Rise       ; lpm_counter:inst|cntr_jhf:auto_generated|safe_q[20] ;
; 0.234  ; 0.500        ; 0.266          ; High Pulse Width ; 12    ; Rise       ; lpm_counter:inst|cntr_jhf:auto_generated|safe_q[21] ;
; 0.234  ; 0.500        ; 0.266          ; Low Pulse Width  ; 12    ; Rise       ; lpm_counter:inst|cntr_jhf:auto_generated|safe_q[21] ;
; 0.234  ; 0.500        ; 0.266          ; High Pulse Width ; 12    ; Rise       ; lpm_counter:inst|cntr_jhf:auto_generated|safe_q[22] ;
; 0.234  ; 0.500        ; 0.266          ; Low Pulse Width  ; 12    ; Rise       ; lpm_counter:inst|cntr_jhf:auto_generated|safe_q[22] ;
; 0.234  ; 0.500        ; 0.266          ; High Pulse Width ; 12    ; Rise       ; lpm_counter:inst|cntr_jhf:auto_generated|safe_q[2]  ;
; 0.234  ; 0.500        ; 0.266          ; Low Pulse Width  ; 12    ; Rise       ; lpm_counter:inst|cntr_jhf:auto_generated|safe_q[2]  ;
; 0.234  ; 0.500        ; 0.266          ; High Pulse Width ; 12    ; Rise       ; lpm_counter:inst|cntr_jhf:auto_generated|safe_q[3]  ;
; 0.234  ; 0.500        ; 0.266          ; Low Pulse Width  ; 12    ; Rise       ; lpm_counter:inst|cntr_jhf:auto_generated|safe_q[3]  ;
; 0.234  ; 0.500        ; 0.266          ; High Pulse Width ; 12    ; Rise       ; lpm_counter:inst|cntr_jhf:auto_generated|safe_q[4]  ;
; 0.234  ; 0.500        ; 0.266          ; Low Pulse Width  ; 12    ; Rise       ; lpm_counter:inst|cntr_jhf:auto_generated|safe_q[4]  ;
; 0.234  ; 0.500        ; 0.266          ; High Pulse Width ; 12    ; Rise       ; lpm_counter:inst|cntr_jhf:auto_generated|safe_q[5]  ;
; 0.234  ; 0.500        ; 0.266          ; Low Pulse Width  ; 12    ; Rise       ; lpm_counter:inst|cntr_jhf:auto_generated|safe_q[5]  ;
; 0.234  ; 0.500        ; 0.266          ; High Pulse Width ; 12    ; Rise       ; lpm_counter:inst|cntr_jhf:auto_generated|safe_q[6]  ;
; 0.234  ; 0.500        ; 0.266          ; Low Pulse Width  ; 12    ; Rise       ; lpm_counter:inst|cntr_jhf:auto_generated|safe_q[6]  ;
; 0.234  ; 0.500        ; 0.266          ; High Pulse Width ; 12    ; Rise       ; lpm_counter:inst|cntr_jhf:auto_generated|safe_q[7]  ;
; 0.234  ; 0.500        ; 0.266          ; Low Pulse Width  ; 12    ; Rise       ; lpm_counter:inst|cntr_jhf:auto_generated|safe_q[7]  ;
; 0.234  ; 0.500        ; 0.266          ; High Pulse Width ; 12    ; Rise       ; lpm_counter:inst|cntr_jhf:auto_generated|safe_q[8]  ;
; 0.234  ; 0.500        ; 0.266          ; Low Pulse Width  ; 12    ; Rise       ; lpm_counter:inst|cntr_jhf:auto_generated|safe_q[8]  ;
; 0.234  ; 0.500        ; 0.266          ; High Pulse Width ; 12    ; Rise       ; lpm_counter:inst|cntr_jhf:auto_generated|safe_q[9]  ;
; 0.234  ; 0.500        ; 0.266          ; Low Pulse Width  ; 12    ; Rise       ; lpm_counter:inst|cntr_jhf:auto_generated|safe_q[9]  ;
; 0.500  ; 0.500        ; 0.000          ; High Pulse Width ; 12    ; Rise       ; 12|combout                                          ;
; 0.500  ; 0.500        ; 0.000          ; Low Pulse Width  ; 12    ; Rise       ; 12|combout                                          ;
; 0.500  ; 0.500        ; 0.000          ; High Pulse Width ; 12    ; Rise       ; inst|auto_generated|counter_cella0|clk              ;
; 0.500  ; 0.500        ; 0.000          ; Low Pulse Width  ; 12    ; Rise       ; inst|auto_generated|counter_cella0|clk              ;
; 0.500  ; 0.500        ; 0.000          ; High Pulse Width ; 12    ; Rise       ; inst|auto_generated|counter_cella10|clk             ;
; 0.500  ; 0.500        ; 0.000          ; Low Pulse Width  ; 12    ; Rise       ; inst|auto_generated|counter_cella10|clk             ;
; 0.500  ; 0.500        ; 0.000          ; High Pulse Width ; 12    ; Rise       ; inst|auto_generated|counter_cella11|clk             ;
; 0.500  ; 0.500        ; 0.000          ; Low Pulse Width  ; 12    ; Rise       ; inst|auto_generated|counter_cella11|clk             ;
; 0.500  ; 0.500        ; 0.000          ; High Pulse Width ; 12    ; Rise       ; inst|auto_generated|counter_cella12|clk             ;
; 0.500  ; 0.500        ; 0.000          ; Low Pulse Width  ; 12    ; Rise       ; inst|auto_generated|counter_cella12|clk             ;
; 0.500  ; 0.500        ; 0.000          ; High Pulse Width ; 12    ; Rise       ; inst|auto_generated|counter_cella13|clk             ;
; 0.500  ; 0.500        ; 0.000          ; Low Pulse Width  ; 12    ; Rise       ; inst|auto_generated|counter_cella13|clk             ;
; 0.500  ; 0.500        ; 0.000          ; High Pulse Width ; 12    ; Rise       ; inst|auto_generated|counter_cella14|clk             ;
; 0.500  ; 0.500        ; 0.000          ; Low Pulse Width  ; 12    ; Rise       ; inst|auto_generated|counter_cella14|clk             ;
; 0.500  ; 0.500        ; 0.000          ; High Pulse Width ; 12    ; Rise       ; inst|auto_generated|counter_cella15|clk             ;
; 0.500  ; 0.500        ; 0.000          ; Low Pulse Width  ; 12    ; Rise       ; inst|auto_generated|counter_cella15|clk             ;
; 0.500  ; 0.500        ; 0.000          ; High Pulse Width ; 12    ; Rise       ; inst|auto_generated|counter_cella16|clk             ;
; 0.500  ; 0.500        ; 0.000          ; Low Pulse Width  ; 12    ; Rise       ; inst|auto_generated|counter_cella16|clk             ;
; 0.500  ; 0.500        ; 0.000          ; High Pulse Width ; 12    ; Rise       ; inst|auto_generated|counter_cella17|clk             ;
; 0.500  ; 0.500        ; 0.000          ; Low Pulse Width  ; 12    ; Rise       ; inst|auto_generated|counter_cella17|clk             ;
; 0.500  ; 0.500        ; 0.000          ; High Pulse Width ; 12    ; Rise       ; inst|auto_generated|counter_cella18|clk             ;
; 0.500  ; 0.500        ; 0.000          ; Low Pulse Width  ; 12    ; Rise       ; inst|auto_generated|counter_cella18|clk             ;
; 0.500  ; 0.500        ; 0.000          ; High Pulse Width ; 12    ; Rise       ; inst|auto_generated|counter_cella19|clk             ;
; 0.500  ; 0.500        ; 0.000          ; Low Pulse Width  ; 12    ; Rise       ; inst|auto_generated|counter_cella19|clk             ;
; 0.500  ; 0.500        ; 0.000          ; High Pulse Width ; 12    ; Rise       ; inst|auto_generated|counter_cella1|clk              ;
; 0.500  ; 0.500        ; 0.000          ; Low Pulse Width  ; 12    ; Rise       ; inst|auto_generated|counter_cella1|clk              ;
; 0.500  ; 0.500        ; 0.000          ; High Pulse Width ; 12    ; Rise       ; inst|auto_generated|counter_cella20|clk             ;
; 0.500  ; 0.500        ; 0.000          ; Low Pulse Width  ; 12    ; Rise       ; inst|auto_generated|counter_cella20|clk             ;
; 0.500  ; 0.500        ; 0.000          ; High Pulse Width ; 12    ; Rise       ; inst|auto_generated|counter_cella21|clk             ;
; 0.500  ; 0.500        ; 0.000          ; Low Pulse Width  ; 12    ; Rise       ; inst|auto_generated|counter_cella21|clk             ;
; 0.500  ; 0.500        ; 0.000          ; High Pulse Width ; 12    ; Rise       ; inst|auto_generated|counter_cella22|clk             ;
; 0.500  ; 0.500        ; 0.000          ; Low Pulse Width  ; 12    ; Rise       ; inst|auto_generated|counter_cella22|clk             ;
; 0.500  ; 0.500        ; 0.000          ; High Pulse Width ; 12    ; Rise       ; inst|auto_generated|counter_cella2|clk              ;
; 0.500  ; 0.500        ; 0.000          ; Low Pulse Width  ; 12    ; Rise       ; inst|auto_generated|counter_cella2|clk              ;
; 0.500  ; 0.500        ; 0.000          ; High Pulse Width ; 12    ; Rise       ; inst|auto_generated|counter_cella3|clk              ;
; 0.500  ; 0.500        ; 0.000          ; Low Pulse Width  ; 12    ; Rise       ; inst|auto_generated|counter_cella3|clk              ;
; 0.500  ; 0.500        ; 0.000          ; High Pulse Width ; 12    ; Rise       ; inst|auto_generated|counter_cella4|clk              ;
; 0.500  ; 0.500        ; 0.000          ; Low Pulse Width  ; 12    ; Rise       ; inst|auto_generated|counter_cella4|clk              ;
; 0.500  ; 0.500        ; 0.000          ; High Pulse Width ; 12    ; Rise       ; inst|auto_generated|counter_cella5|clk              ;
; 0.500  ; 0.500        ; 0.000          ; Low Pulse Width  ; 12    ; Rise       ; inst|auto_generated|counter_cella5|clk              ;
; 0.500  ; 0.500        ; 0.000          ; High Pulse Width ; 12    ; Rise       ; inst|auto_generated|counter_cella6|clk              ;
; 0.500  ; 0.500        ; 0.000          ; Low Pulse Width  ; 12    ; Rise       ; inst|auto_generated|counter_cella6|clk              ;
; 0.500  ; 0.500        ; 0.000          ; High Pulse Width ; 12    ; Rise       ; inst|auto_generated|counter_cella7|clk              ;
; 0.500  ; 0.500        ; 0.000          ; Low Pulse Width  ; 12    ; Rise       ; inst|auto_generated|counter_cella7|clk              ;
; 0.500  ; 0.500        ; 0.000          ; High Pulse Width ; 12    ; Rise       ; inst|auto_generated|counter_cella8|clk              ;
; 0.500  ; 0.500        ; 0.000          ; Low Pulse Width  ; 12    ; Rise       ; inst|auto_generated|counter_cella8|clk              ;
; 0.500  ; 0.500        ; 0.000          ; High Pulse Width ; 12    ; Rise       ; inst|auto_generated|counter_cella9|clk              ;
; 0.500  ; 0.500        ; 0.000          ; Low Pulse Width  ; 12    ; Rise       ; inst|auto_generated|counter_cella9|clk              ;
+--------+--------------+----------------+------------------+-------+------------+-----------------------------------------------------+


+-----------------------------------------------------------------------------------------------------------------------------------------------------------------------------------+
; Minimum Pulse Width: 'lpm_counter:inst|cntr_jhf:auto_generated|safe_q[22]'                                                                                                        ;
+-------+--------------+----------------+------------------+-----------------------------------------------------+------------+-----------------------------------------------------+
; Slack ; Actual Width ; Required Width ; Type             ; Clock                                               ; Clock Edge ; Target                                              ;
+-------+--------------+----------------+------------------+-----------------------------------------------------+------------+-----------------------------------------------------+
; 0.234 ; 0.500        ; 0.266          ; High Pulse Width ; lpm_counter:inst|cntr_jhf:auto_generated|safe_q[22] ; Fall       ; inst3                                               ;
; 0.234 ; 0.500        ; 0.266          ; Low Pulse Width  ; lpm_counter:inst|cntr_jhf:auto_generated|safe_q[22] ; Fall       ; inst3                                               ;
; 0.234 ; 0.500        ; 0.266          ; High Pulse Width ; lpm_counter:inst|cntr_jhf:auto_generated|safe_q[22] ; Rise       ; inst50                                              ;
; 0.234 ; 0.500        ; 0.266          ; Low Pulse Width  ; lpm_counter:inst|cntr_jhf:auto_generated|safe_q[22] ; Rise       ; inst50                                              ;
; 0.234 ; 0.500        ; 0.266          ; High Pulse Width ; lpm_counter:inst|cntr_jhf:auto_generated|safe_q[22] ; Rise       ; inst67                                              ;
; 0.234 ; 0.500        ; 0.266          ; Low Pulse Width  ; lpm_counter:inst|cntr_jhf:auto_generated|safe_q[22] ; Rise       ; inst67                                              ;
; 0.234 ; 0.500        ; 0.266          ; High Pulse Width ; lpm_counter:inst|cntr_jhf:auto_generated|safe_q[22] ; Rise       ; lpm_counter:inst1|cntr_2ie:auto_generated|safe_q[0] ;
; 0.234 ; 0.500        ; 0.266          ; Low Pulse Width  ; lpm_counter:inst|cntr_jhf:auto_generated|safe_q[22] ; Rise       ; lpm_counter:inst1|cntr_2ie:auto_generated|safe_q[0] ;
; 0.234 ; 0.500        ; 0.266          ; High Pulse Width ; lpm_counter:inst|cntr_jhf:auto_generated|safe_q[22] ; Rise       ; lpm_counter:inst1|cntr_2ie:auto_generated|safe_q[1] ;
; 0.234 ; 0.500        ; 0.266          ; Low Pulse Width  ; lpm_counter:inst|cntr_jhf:auto_generated|safe_q[22] ; Rise       ; lpm_counter:inst1|cntr_2ie:auto_generated|safe_q[1] ;
; 0.234 ; 0.500        ; 0.266          ; High Pulse Width ; lpm_counter:inst|cntr_jhf:auto_generated|safe_q[22] ; Rise       ; lpm_counter:inst1|cntr_2ie:auto_generated|safe_q[2] ;
; 0.234 ; 0.500        ; 0.266          ; Low Pulse Width  ; lpm_counter:inst|cntr_jhf:auto_generated|safe_q[22] ; Rise       ; lpm_counter:inst1|cntr_2ie:auto_generated|safe_q[2] ;
; 0.500 ; 0.500        ; 0.000          ; High Pulse Width ; lpm_counter:inst|cntr_jhf:auto_generated|safe_q[22] ; Rise       ; inst1|auto_generated|counter_cella0|clk             ;
; 0.500 ; 0.500        ; 0.000          ; Low Pulse Width  ; lpm_counter:inst|cntr_jhf:auto_generated|safe_q[22] ; Rise       ; inst1|auto_generated|counter_cella0|clk             ;
; 0.500 ; 0.500        ; 0.000          ; High Pulse Width ; lpm_counter:inst|cntr_jhf:auto_generated|safe_q[22] ; Rise       ; inst1|auto_generated|counter_cella1|clk             ;
; 0.500 ; 0.500        ; 0.000          ; Low Pulse Width  ; lpm_counter:inst|cntr_jhf:auto_generated|safe_q[22] ; Rise       ; inst1|auto_generated|counter_cella1|clk             ;
; 0.500 ; 0.500        ; 0.000          ; High Pulse Width ; lpm_counter:inst|cntr_jhf:auto_generated|safe_q[22] ; Rise       ; inst1|auto_generated|counter_cella2|clk             ;
; 0.500 ; 0.500        ; 0.000          ; Low Pulse Width  ; lpm_counter:inst|cntr_jhf:auto_generated|safe_q[22] ; Rise       ; inst1|auto_generated|counter_cella2|clk             ;
; 0.500 ; 0.500        ; 0.000          ; High Pulse Width ; lpm_counter:inst|cntr_jhf:auto_generated|safe_q[22] ; Rise       ; inst3|clk                                           ;
; 0.500 ; 0.500        ; 0.000          ; Low Pulse Width  ; lpm_counter:inst|cntr_jhf:auto_generated|safe_q[22] ; Rise       ; inst3|clk                                           ;
; 0.500 ; 0.500        ; 0.000          ; High Pulse Width ; lpm_counter:inst|cntr_jhf:auto_generated|safe_q[22] ; Rise       ; inst50|clk                                          ;
; 0.500 ; 0.500        ; 0.000          ; Low Pulse Width  ; lpm_counter:inst|cntr_jhf:auto_generated|safe_q[22] ; Rise       ; inst50|clk                                          ;
; 0.500 ; 0.500        ; 0.000          ; High Pulse Width ; lpm_counter:inst|cntr_jhf:auto_generated|safe_q[22] ; Rise       ; inst67|clk                                          ;
; 0.500 ; 0.500        ; 0.000          ; Low Pulse Width  ; lpm_counter:inst|cntr_jhf:auto_generated|safe_q[22] ; Rise       ; inst67|clk                                          ;
; 0.500 ; 0.500        ; 0.000          ; High Pulse Width ; lpm_counter:inst|cntr_jhf:auto_generated|safe_q[22] ; Rise       ; inst|auto_generated|counter_cella22|regout          ;
; 0.500 ; 0.500        ; 0.000          ; Low Pulse Width  ; lpm_counter:inst|cntr_jhf:auto_generated|safe_q[22] ; Rise       ; inst|auto_generated|counter_cella22|regout          ;
+-------+--------------+----------------+------------------+-----------------------------------------------------+------------+-----------------------------------------------------+


+----------------------------------------------------------------------------------------------------------------------------------------------------+
; Setup Times                                                                                                                                        ;
+-----------+-----------------------------------------------------+-------+-------+------------+-----------------------------------------------------+
; Data Port ; Clock Port                                          ; Rise  ; Fall  ; Clock Edge ; Clock Reference                                     ;
+-----------+-----------------------------------------------------+-------+-------+------------+-----------------------------------------------------+
; 1         ; lpm_counter:inst|cntr_jhf:auto_generated|safe_q[22] ; 2.551 ; 2.551 ; Rise       ; lpm_counter:inst|cntr_jhf:auto_generated|safe_q[22] ;
; 50        ; lpm_counter:inst|cntr_jhf:auto_generated|safe_q[22] ; 2.209 ; 2.209 ; Rise       ; lpm_counter:inst|cntr_jhf:auto_generated|safe_q[22] ;
+-----------+-----------------------------------------------------+-------+-------+------------+-----------------------------------------------------+


+------------------------------------------------------------------------------------------------------------------------------------------------------+
; Hold Times                                                                                                                                           ;
+-----------+-----------------------------------------------------+--------+--------+------------+-----------------------------------------------------+
; Data Port ; Clock Port                                          ; Rise   ; Fall   ; Clock Edge ; Clock Reference                                     ;
+-----------+-----------------------------------------------------+--------+--------+------------+-----------------------------------------------------+
; 1         ; lpm_counter:inst|cntr_jhf:auto_generated|safe_q[22] ; -1.997 ; -1.997 ; Rise       ; lpm_counter:inst|cntr_jhf:auto_generated|safe_q[22] ;
; 50        ; lpm_counter:inst|cntr_jhf:auto_generated|safe_q[22] ; -1.655 ; -1.655 ; Rise       ; lpm_counter:inst|cntr_jhf:auto_generated|safe_q[22] ;
+-----------+-----------------------------------------------------+--------+--------+------------+-----------------------------------------------------+


+------------------------------------------------------------------------------------------------------------------------------------------------------+
; Clock to Output Times                                                                                                                                ;
+-----------+-----------------------------------------------------+--------+--------+------------+-----------------------------------------------------+
; Data Port ; Clock Port                                          ; Rise   ; Fall   ; Clock Edge ; Clock Reference                                     ;
+-----------+-----------------------------------------------------+--------+--------+------------+-----------------------------------------------------+
; 76        ; lpm_counter:inst|cntr_jhf:auto_generated|safe_q[22] ; 10.224 ; 10.224 ; Rise       ; lpm_counter:inst|cntr_jhf:auto_generated|safe_q[22] ;
; 77        ; lpm_counter:inst|cntr_jhf:auto_generated|safe_q[22] ; 10.204 ; 10.204 ; Rise       ; lpm_counter:inst|cntr_jhf:auto_generated|safe_q[22] ;
; 78        ; lpm_counter:inst|cntr_jhf:auto_generated|safe_q[22] ; 10.198 ; 10.198 ; Rise       ; lpm_counter:inst|cntr_jhf:auto_generated|safe_q[22] ;
; 81        ; lpm_counter:inst|cntr_jhf:auto_generated|safe_q[22] ; 9.302  ; 9.302  ; Rise       ; lpm_counter:inst|cntr_jhf:auto_generated|safe_q[22] ;
; 82        ; lpm_counter:inst|cntr_jhf:auto_generated|safe_q[22] ; 10.403 ; 10.403 ; Rise       ; lpm_counter:inst|cntr_jhf:auto_generated|safe_q[22] ;
; 83        ; lpm_counter:inst|cntr_jhf:auto_generated|safe_q[22] ; 10.518 ; 10.518 ; Rise       ; lpm_counter:inst|cntr_jhf:auto_generated|safe_q[22] ;
; 84        ; lpm_counter:inst|cntr_jhf:auto_generated|safe_q[22] ; 10.524 ; 10.524 ; Rise       ; lpm_counter:inst|cntr_jhf:auto_generated|safe_q[22] ;
; 85        ; lpm_counter:inst|cntr_jhf:auto_generated|safe_q[22] ; 10.404 ; 10.404 ; Rise       ; lpm_counter:inst|cntr_jhf:auto_generated|safe_q[22] ;
+-----------+-----------------------------------------------------+--------+--------+------------+-----------------------------------------------------+


+------------------------------------------------------------------------------------------------------------------------------------------------------+
; Minimum Clock to Output Times                                                                                                                        ;
+-----------+-----------------------------------------------------+--------+--------+------------+-----------------------------------------------------+
; Data Port ; Clock Port                                          ; Rise   ; Fall   ; Clock Edge ; Clock Reference                                     ;
+-----------+-----------------------------------------------------+--------+--------+------------+-----------------------------------------------------+
; 76        ; lpm_counter:inst|cntr_jhf:auto_generated|safe_q[22] ; 8.128  ; 8.128  ; Rise       ; lpm_counter:inst|cntr_jhf:auto_generated|safe_q[22] ;
; 77        ; lpm_counter:inst|cntr_jhf:auto_generated|safe_q[22] ; 8.107  ; 8.107  ; Rise       ; lpm_counter:inst|cntr_jhf:auto_generated|safe_q[22] ;
; 78        ; lpm_counter:inst|cntr_jhf:auto_generated|safe_q[22] ; 9.071  ; 9.071  ; Rise       ; lpm_counter:inst|cntr_jhf:auto_generated|safe_q[22] ;
; 81        ; lpm_counter:inst|cntr_jhf:auto_generated|safe_q[22] ; 8.779  ; 8.779  ; Rise       ; lpm_counter:inst|cntr_jhf:auto_generated|safe_q[22] ;
; 82        ; lpm_counter:inst|cntr_jhf:auto_generated|safe_q[22] ; 9.881  ; 9.881  ; Rise       ; lpm_counter:inst|cntr_jhf:auto_generated|safe_q[22] ;
; 83        ; lpm_counter:inst|cntr_jhf:auto_generated|safe_q[22] ; 9.996  ; 9.996  ; Rise       ; lpm_counter:inst|cntr_jhf:auto_generated|safe_q[22] ;
; 84        ; lpm_counter:inst|cntr_jhf:auto_generated|safe_q[22] ; 10.002 ; 10.002 ; Rise       ; lpm_counter:inst|cntr_jhf:auto_generated|safe_q[22] ;
; 85        ; lpm_counter:inst|cntr_jhf:auto_generated|safe_q[22] ; 9.883  ; 9.883  ; Rise       ; lpm_counter:inst|cntr_jhf:auto_generated|safe_q[22] ;
+-----------+-----------------------------------------------------+--------+--------+------------+-----------------------------------------------------+


+-------------------------------------------------------------------------------------------------------------------------------------------------------+
; Setup Transfers                                                                                                                                       ;
+-----------------------------------------------------+-----------------------------------------------------+----------+----------+----------+----------+
; From Clock                                          ; To Clock                                            ; RR Paths ; FR Paths ; RF Paths ; FF Paths ;
+-----------------------------------------------------+-----------------------------------------------------+----------+----------+----------+----------+
; 12                                                  ; 12                                                  ; 468      ; 0        ; 0        ; 0        ;
; lpm_counter:inst|cntr_jhf:auto_generated|safe_q[22] ; 12                                                  ; 1        ; 1        ; 0        ; 0        ;
; lpm_counter:inst|cntr_jhf:auto_generated|safe_q[22] ; lpm_counter:inst|cntr_jhf:auto_generated|safe_q[22] ; 9        ; 6        ; 3        ; 1        ;
+-----------------------------------------------------+-----------------------------------------------------+----------+----------+----------+----------+
Entries labeled "false path" only account for clock-to-clock false paths and not path-based false paths. As a result, actual path counts may be lower than reported.


+-------------------------------------------------------------------------------------------------------------------------------------------------------+
; Hold Transfers                                                                                                                                        ;
+-----------------------------------------------------+-----------------------------------------------------+----------+----------+----------+----------+
; From Clock                                          ; To Clock                                            ; RR Paths ; FR Paths ; RF Paths ; FF Paths ;
+-----------------------------------------------------+-----------------------------------------------------+----------+----------+----------+----------+
; 12                                                  ; 12                                                  ; 468      ; 0        ; 0        ; 0        ;
; lpm_counter:inst|cntr_jhf:auto_generated|safe_q[22] ; 12                                                  ; 1        ; 1        ; 0        ; 0        ;
; lpm_counter:inst|cntr_jhf:auto_generated|safe_q[22] ; lpm_counter:inst|cntr_jhf:auto_generated|safe_q[22] ; 9        ; 6        ; 3        ; 1        ;
+-----------------------------------------------------+-----------------------------------------------------+----------+----------+----------+----------+
Entries labeled "false path" only account for clock-to-clock false paths and not path-based false paths. As a result, actual path counts may be lower than reported.


---------------
; Report TCCS ;
---------------
No dedicated SERDES Transmitter circuitry present in device or used in design


---------------
; Report RSKM ;
---------------
No dedicated SERDES Receiver circuitry present in device or used in design


+------------------------------------------------+
; Unconstrained Paths                            ;
+---------------------------------+-------+------+
; Property                        ; Setup ; Hold ;
+---------------------------------+-------+------+
; Illegal Clocks                  ; 0     ; 0    ;
; Unconstrained Clocks            ; 0     ; 0    ;
; Unconstrained Input Ports       ; 2     ; 2    ;
; Unconstrained Input Port Paths  ; 2     ; 2    ;
; Unconstrained Output Ports      ; 8     ; 8    ;
; Unconstrained Output Port Paths ; 26    ; 26   ;
+---------------------------------+-------+------+


+------------------------------------+
; TimeQuest Timing Analyzer Messages ;
+------------------------------------+
Info: *******************************************************************
Info: Running Quartus II 64-Bit TimeQuest Timing Analyzer
    Info: Version 13.0.1 Build 232 06/12/2013 Service Pack 1 SJ Web Edition
    Info: Processing started: Sun Mar 22 12:33:25 2020
Info: Command: quartus_sta Qua_BRD_EPM240T100I5N -c Qua_BRD_EPM240T100I5N
Info: qsta_default_script.tcl version: #1
Warning (20028): Parallel compilation is not licensed and has been disabled
Info (21077): Low junction temperature is -40 degrees C
Info (21077): High junction temperature is 100 degrees C
Info (306004): Started post-fitting delay annotation
Info (306005): Delay annotation completed successfully
Critical Warning (332012): Synopsys Design Constraints File file not found: 'Qua_BRD_EPM240T100I5N.sdc'. A Synopsys Design Constraints File is required by the TimeQuest Timing Analyzer to get proper timing constraints. Without it, the Compiler will not properly optimize the design.
Info (332142): No user constrained base clocks found in the design. Calling "derive_clocks -period 1.0"
Info (332105): Deriving Clocks
    Info (332105): create_clock -period 1.000 -name lpm_counter:inst|cntr_jhf:auto_generated|safe_q[22] lpm_counter:inst|cntr_jhf:auto_generated|safe_q[22]
    Info (332105): create_clock -period 1.000 -name 12 12
Info: Found TIMEQUEST_REPORT_SCRIPT_INCLUDE_DEFAULT_ANALYSIS = ON
Critical Warning (332148): Timing requirements not met
Info (332146): Worst-case setup slack is -4.568
    Info (332119):     Slack End Point TNS Clock 
    Info (332119): ========= ============= =====================
    Info (332119):    -4.568       -88.693 12 
    Info (332119):    -3.391       -10.755 lpm_counter:inst|cntr_jhf:auto_generated|safe_q[22] 
Info (332146): Worst-case hold slack is -1.676
    Info (332119):     Slack End Point TNS Clock 
    Info (332119): ========= ============= =====================
    Info (332119):    -1.676        -1.676 12 
    Info (332119):     1.817         0.000 lpm_counter:inst|cntr_jhf:auto_generated|safe_q[22] 
Info (332140): No Recovery paths to report
Info (332140): No Removal paths to report
Info (332146): Worst-case minimum pulse width slack is -2.289
    Info (332119):     Slack End Point TNS Clock 
    Info (332119): ========= ============= =====================
    Info (332119):    -2.289        -2.289 12 
    Info (332119):     0.234         0.000 lpm_counter:inst|cntr_jhf:auto_generated|safe_q[22] 
Info (332001): The selected device family is not supported by the report_metastability command.
Info (332102): Design is not fully constrained for setup requirements
Info (332102): Design is not fully constrained for hold requirements
Info: Quartus II 64-Bit TimeQuest Timing Analyzer was successful. 0 errors, 3 warnings
    Info: Peak virtual memory: 4529 megabytes
    Info: Processing ended: Sun Mar 22 12:33:26 2020
    Info: Elapsed time: 00:00:01
    Info: Total CPU time (on all processors): 00:00:01


