Analysis & Synthesis report for Qua_BRD_EPM240T100I5N
Sun Mar 22 12:33:21 2020
Quartus II 64-Bit Version 13.0.1 Build 232 06/12/2013 Service Pack 1 SJ Web Edition


---------------------
; Table of Contents ;
---------------------
  1. Legal Notice
  2. Analysis & Synthesis Summary
  3. Analysis & Synthesis Settings
  4. Parallel Compilation
  5. Analysis & Synthesis Source Files Read
  6. Analysis & Synthesis Resource Usage Summary
  7. Analysis & Synthesis Resource Utilization by Entity
  8. Registers Removed During Synthesis
  9. General Register Statistics
 10. Parameter Settings for User Entity Instance: LPM_DECODE:inst2
 11. Parameter Settings for User Entity Instance: LPM_COUNTER:inst1
 12. Parameter Settings for User Entity Instance: LPM_COUNTER:inst
 13. Analysis & Synthesis Messages



----------------
; Legal Notice ;
----------------
Copyright (C) 1991-2013 Altera Corporation
Your use of Altera Corporation's design tools, logic functions 
and other software and tools, and its AMPP partner logic 
functions, and any output files from any of the foregoing 
(including device programming or simulation files), and any 
associated documentation or information are expressly subject 
to the terms and conditions of the Altera Program License 
Subscription Agreement, Altera MegaCore Function License 
Agreement, or other applicable license agreement, including, 
without limitation, that your use is for the sole purpose of 
programming logic devices manufactured by Altera and sold by 
Altera or its authorized distributors.  Please refer to the 
applicable agreement for further details.



+-------------------------------------------------------------------------------+
; Analysis & Synthesis Summary                                                  ;
+-----------------------------+-------------------------------------------------+
; Analysis & Synthesis Status ; Successful - Sun Mar 22 12:33:21 2020           ;
; Quartus II 64-Bit Version   ; 13.0.1 Build 232 06/12/2013 SP 1 SJ Web Edition ;
; Revision Name               ; Qua_BRD_EPM240T100I5N                           ;
; Top-level Entity Name       ; Qua_BRD_EPM240T100I5N                           ;
; Family                      ; MAX II                                          ;
; Total logic elements        ; 37                                              ;
; Total pins                  ; 26                                              ;
; Total virtual pins          ; 0                                               ;
; UFM blocks                  ; 0 / 1 ( 0 % )                                   ;
+-----------------------------+-------------------------------------------------+


+----------------------------------------------------------------------------------------------------------------------------+
; Analysis & Synthesis Settings                                                                                              ;
+----------------------------------------------------------------------------+-----------------------+-----------------------+
; Option                                                                     ; Setting               ; Default Value         ;
+----------------------------------------------------------------------------+-----------------------+-----------------------+
; Device                                                                     ; EPM240T100I5          ;                       ;
; Top-level entity name                                                      ; Qua_BRD_EPM240T100I5N ; Qua_BRD_EPM240T100I5N ;
; Family name                                                                ; MAX II                ; Cyclone IV GX         ;
; Use smart compilation                                                      ; Off                   ; Off                   ;
; Enable parallel Assembler and TimeQuest Timing Analyzer during compilation ; On                    ; On                    ;
; Enable compact report table                                                ; Off                   ; Off                   ;
; Restructure Multiplexers                                                   ; Auto                  ; Auto                  ;
; Create Debugging Nodes for IP Cores                                        ; Off                   ; Off                   ;
; Preserve fewer node names                                                  ; On                    ; On                    ;
; Disable OpenCore Plus hardware evaluation                                  ; Off                   ; Off                   ;
; Verilog Version                                                            ; Verilog_2001          ; Verilog_2001          ;
; VHDL Version                                                               ; VHDL_1993             ; VHDL_1993             ;
; State Machine Processing                                                   ; Auto                  ; Auto                  ;
; Safe State Machine                                                         ; Off                   ; Off                   ;
; Extract Verilog State Machines                                             ; On                    ; On                    ;
; Extract VHDL State Machines                                                ; On                    ; On                    ;
; Ignore Verilog initial constructs                                          ; Off                   ; Off                   ;
; Iteration limit for constant Verilog loops                                 ; 5000                  ; 5000                  ;
; Iteration limit for non-constant Verilog loops                             ; 250                   ; 250                   ;
; Add Pass-Through Logic to Inferred RAMs                                    ; On                    ; On                    ;
; Infer RAMs from Raw Logic                                                  ; On                    ; On                    ;
; Parallel Synthesis                                                         ; On                    ; On                    ;
; NOT Gate Push-Back                                                         ; On                    ; On                    ;
; Power-Up Don't Care                                                        ; On                    ; On                    ;
; Remove Redundant Logic Cells                                               ; Off                   ; Off                   ;
; Remove Duplicate Registers                                                 ; On                    ; On                    ;
; Ignore CARRY Buffers                                                       ; Off                   ; Off                   ;
; Ignore CASCADE Buffers                                                     ; Off                   ; Off                   ;
; Ignore GLOBAL Buffers                                                      ; Off                   ; Off                   ;
; Ignore ROW GLOBAL Buffers                                                  ; Off                   ; Off                   ;
; Ignore LCELL Buffers                                                       ; Off                   ; Off                   ;
; Ignore SOFT Buffers                                                        ; On                    ; On                    ;
; Limit AHDL Integers to 32 Bits                                             ; Off                   ; Off                   ;
; Optimization Technique                                                     ; Balanced              ; Balanced              ;
; Carry Chain Length                                                         ; 70                    ; 70                    ;
; Auto Carry Chains                                                          ; On                    ; On                    ;
; Auto Open-Drain Pins                                                       ; On                    ; On                    ;
; Perform WYSIWYG Primitive Resynthesis                                      ; Off                   ; Off                   ;
; Auto Shift Register Replacement                                            ; Auto                  ; Auto                  ;
; Allow Shift Register Merging across Hierarchies                            ; Auto                  ; Auto                  ;
; Auto Clock Enable Replacement                                              ; On                    ; On                    ;
; Allow Synchronous Control Signals                                          ; On                    ; On                    ;
; Force Use of Synchronous Clear Signals                                     ; Off                   ; Off                   ;
; Auto Resource Sharing                                                      ; Off                   ; Off                   ;
; Use LogicLock Constraints during Resource Balancing                        ; On                    ; On                    ;
; Ignore translate_off and synthesis_off directives                          ; Off                   ; Off                   ;
; Report Parameter Settings                                                  ; On                    ; On                    ;
; Report Source Assignments                                                  ; On                    ; On                    ;
; Report Connectivity Checks                                                 ; On                    ; On                    ;
; Ignore Maximum Fan-Out Assignments                                         ; Off                   ; Off                   ;
; Synchronization Register Chain Length                                      ; 2                     ; 2                     ;
; PowerPlay Power Optimization                                               ; Normal compilation    ; Normal compilation    ;
; HDL message level                                                          ; Level2                ; Level2                ;
; Suppress Register Optimization Related Messages                            ; Off                   ; Off                   ;
; Number of Removed Registers Reported in Synthesis Report                   ; 5000                  ; 5000                  ;
; Number of Swept Nodes Reported in Synthesis Report                         ; 5000                  ; 5000                  ;
; Number of Inverted Registers Reported in Synthesis Report                  ; 100                   ; 100                   ;
; Clock MUX Protection                                                       ; On                    ; On                    ;
; Block Design Naming                                                        ; Auto                  ; Auto                  ;
; Synthesis Effort                                                           ; Auto                  ; Auto                  ;
; Shift Register Replacement - Allow Asynchronous Clear Signal               ; On                    ; On                    ;
; Pre-Mapping Resynthesis Optimization                                       ; Off                   ; Off                   ;
; Analysis & Synthesis Message Level                                         ; Medium                ; Medium                ;
; Disable Register Merging Across Hierarchies                                ; Auto                  ; Auto                  ;
; Synthesis Seed                                                             ; 1                     ; 1                     ;
+----------------------------------------------------------------------------+-----------------------+-----------------------+


Parallel compilation was disabled, but you have multiple processors available. Enable parallel compilation to reduce compilation time.
+-------------------------------------+
; Parallel Compilation                ;
+----------------------------+--------+
; Processors                 ; Number ;
+----------------------------+--------+
; Number detected on machine ; 12     ;
; Maximum allowed            ; 1      ;
+----------------------------+--------+


+---------------------------------------------------------------------------------------------------------------------------------------------------------------------------------------+
; Analysis & Synthesis Source Files Read                                                                                                                                                ;
+----------------------------------+-----------------+------------------------------------+-----------------------------------------------------------------------------------+---------+
; File Name with User-Entered Path ; Used in Netlist ; File Type                          ; File Name with Absolute Path                                                      ; Library ;
+----------------------------------+-----------------+------------------------------------+-----------------------------------------------------------------------------------+---------+
; Qua_BRD_EPM240T100I5N.bdf        ; yes             ; User Block Diagram/Schematic File  ; D:/GitHub/Quartus/Qua_BRD_EPM240T100I5N/Qua_BRD_EPM240T100I5N.bdf                 ;         ;
; lpm_decode.tdf                   ; yes             ; Megafunction                       ; d:/altera_quartus/13.0sp1/quartus/libraries/megafunctions/lpm_decode.tdf          ;         ;
; declut.inc                       ; yes             ; Megafunction                       ; d:/altera_quartus/13.0sp1/quartus/libraries/megafunctions/declut.inc              ;         ;
; altshift.inc                     ; yes             ; Megafunction                       ; d:/altera_quartus/13.0sp1/quartus/libraries/megafunctions/altshift.inc            ;         ;
; lpm_compare.inc                  ; yes             ; Megafunction                       ; d:/altera_quartus/13.0sp1/quartus/libraries/megafunctions/lpm_compare.inc         ;         ;
; lpm_constant.inc                 ; yes             ; Megafunction                       ; d:/altera_quartus/13.0sp1/quartus/libraries/megafunctions/lpm_constant.inc        ;         ;
; aglobal130.inc                   ; yes             ; Megafunction                       ; d:/altera_quartus/13.0sp1/quartus/libraries/megafunctions/aglobal130.inc          ;         ;
; db/decode_lpe.tdf                ; yes             ; Auto-Generated Megafunction        ; D:/GitHub/Quartus/Qua_BRD_EPM240T100I5N/db/decode_lpe.tdf                         ;         ;
; lpm_counter.tdf                  ; yes             ; Megafunction                       ; d:/altera_quartus/13.0sp1/quartus/libraries/megafunctions/lpm_counter.tdf         ;         ;
; lpm_decode.inc                   ; yes             ; Megafunction                       ; d:/altera_quartus/13.0sp1/quartus/libraries/megafunctions/lpm_decode.inc          ;         ;
; lpm_add_sub.inc                  ; yes             ; Megafunction                       ; d:/altera_quartus/13.0sp1/quartus/libraries/megafunctions/lpm_add_sub.inc         ;         ;
; cmpconst.inc                     ; yes             ; Megafunction                       ; d:/altera_quartus/13.0sp1/quartus/libraries/megafunctions/cmpconst.inc            ;         ;
; lpm_counter.inc                  ; yes             ; Megafunction                       ; d:/altera_quartus/13.0sp1/quartus/libraries/megafunctions/lpm_counter.inc         ;         ;
; dffeea.inc                       ; yes             ; Megafunction                       ; d:/altera_quartus/13.0sp1/quartus/libraries/megafunctions/dffeea.inc              ;         ;
; alt_counter_stratix.inc          ; yes             ; Megafunction                       ; d:/altera_quartus/13.0sp1/quartus/libraries/megafunctions/alt_counter_stratix.inc ;         ;
; db/cntr_2ie.tdf                  ; yes             ; Auto-Generated Megafunction        ; D:/GitHub/Quartus/Qua_BRD_EPM240T100I5N/db/cntr_2ie.tdf                           ;         ;
; db/cntr_jhf.tdf                  ; yes             ; Auto-Generated Megafunction        ; D:/GitHub/Quartus/Qua_BRD_EPM240T100I5N/db/cntr_jhf.tdf                           ;         ;
+----------------------------------+-----------------+------------------------------------+-----------------------------------------------------------------------------------+---------+


+-----------------------------------------------------+
; Analysis & Synthesis Resource Usage Summary         ;
+---------------------------------------------+-------+
; Resource                                    ; Usage ;
+---------------------------------------------+-------+
; Total logic elements                        ; 37    ;
;     -- Combinational with no register       ; 8     ;
;     -- Register only                        ; 2     ;
;     -- Combinational with a register        ; 27    ;
;                                             ;       ;
; Logic element usage by number of LUT inputs ;       ;
;     -- 4 input functions                    ; 3     ;
;     -- 3 input functions                    ; 7     ;
;     -- 2 input functions                    ; 24    ;
;     -- 1 input functions                    ; 1     ;
;     -- 0 input functions                    ; 0     ;
;                                             ;       ;
; Logic elements by mode                      ;       ;
;     -- normal mode                          ; 13    ;
;     -- arithmetic mode                      ; 24    ;
;     -- qfbk mode                            ; 0     ;
;     -- register cascade mode                ; 0     ;
;     -- synchronous clear/load mode          ; 0     ;
;     -- asynchronous clear/load mode         ; 0     ;
;                                             ;       ;
; Total registers                             ; 29    ;
; Total logic cells in carry chains           ; 26    ;
; I/O pins                                    ; 26    ;
; Maximum fan-out node                        ; 12    ;
; Maximum fan-out                             ; 23    ;
; Total fan-out                               ; 121   ;
; Average fan-out                             ; 1.92  ;
+---------------------------------------------+-------+


+---------------------------------------------------------------------------------------------------------------------------------------------------------------------------------------------------------------------------------------------------------------------------+
; Analysis & Synthesis Resource Utilization by Entity                                                                                                                                                                                                                       ;
+-----------------------------------+-------------+--------------+------------+------+--------------+--------------+-------------------+------------------+-----------------+------------+-------------------------------------------------------------------+--------------+
; Compilation Hierarchy Node        ; Logic Cells ; LC Registers ; UFM Blocks ; Pins ; Virtual Pins ; LUT-Only LCs ; Register-Only LCs ; LUT/Register LCs ; Carry Chain LCs ; Packed LCs ; Full Hierarchy Name                                               ; Library Name ;
+-----------------------------------+-------------+--------------+------------+------+--------------+--------------+-------------------+------------------+-----------------+------------+-------------------------------------------------------------------+--------------+
; |Qua_BRD_EPM240T100I5N            ; 37 (5)      ; 29           ; 0          ; 26   ; 0            ; 8 (2)        ; 2 (2)             ; 27 (1)           ; 26 (0)          ; 0 (0)      ; |Qua_BRD_EPM240T100I5N                                            ; work         ;
;    |lpm_counter:inst1|            ; 3 (0)       ; 3            ; 0          ; 0    ; 0            ; 0 (0)        ; 0 (0)             ; 3 (0)            ; 3 (0)           ; 0 (0)      ; |Qua_BRD_EPM240T100I5N|lpm_counter:inst1                          ; work         ;
;       |cntr_2ie:auto_generated|   ; 3 (3)       ; 3            ; 0          ; 0    ; 0            ; 0 (0)        ; 0 (0)             ; 3 (3)            ; 3 (3)           ; 0 (0)      ; |Qua_BRD_EPM240T100I5N|lpm_counter:inst1|cntr_2ie:auto_generated  ; work         ;
;    |lpm_counter:inst|             ; 23 (0)      ; 23           ; 0          ; 0    ; 0            ; 0 (0)        ; 0 (0)             ; 23 (0)           ; 23 (0)          ; 0 (0)      ; |Qua_BRD_EPM240T100I5N|lpm_counter:inst                           ; work         ;
;       |cntr_jhf:auto_generated|   ; 23 (23)     ; 23           ; 0          ; 0    ; 0            ; 0 (0)        ; 0 (0)             ; 23 (23)          ; 23 (23)         ; 0 (0)      ; |Qua_BRD_EPM240T100I5N|lpm_counter:inst|cntr_jhf:auto_generated   ; work         ;
;    |lpm_decode:inst2|             ; 6 (0)       ; 0            ; 0          ; 0    ; 0            ; 6 (0)        ; 0 (0)             ; 0 (0)            ; 0 (0)           ; 0 (0)      ; |Qua_BRD_EPM240T100I5N|lpm_decode:inst2                           ; work         ;
;       |decode_lpe:auto_generated| ; 6 (6)       ; 0            ; 0          ; 0    ; 0            ; 6 (6)        ; 0 (0)             ; 0 (0)            ; 0 (0)           ; 0 (0)      ; |Qua_BRD_EPM240T100I5N|lpm_decode:inst2|decode_lpe:auto_generated ; work         ;
+-----------------------------------+-------------+--------------+------------+------+--------------+--------------+-------------------+------------------+-----------------+------------+-------------------------------------------------------------------+--------------+
Note: For table entries with two numbers listed, the numbers in parentheses indicate the number of resources of the given type used by the specific entity alone. The numbers listed outside of parentheses indicate the total resources of the given type used by the specific entity and all of its sub-entities in the hierarchy.


+------------------------------------------------------------------------------+
; Registers Removed During Synthesis                                           ;
+---------------------------------------------------------+--------------------+
; Register name                                           ; Reason for Removal ;
+---------------------------------------------------------+--------------------+
; lpm_counter:inst|cntr_jhf:auto_generated|safe_q[23..31] ; Lost fanout        ;
; Total Number of Removed Registers = 9                   ;                    ;
+---------------------------------------------------------+--------------------+


+------------------------------------------------------+
; General Register Statistics                          ;
+----------------------------------------------+-------+
; Statistic                                    ; Value ;
+----------------------------------------------+-------+
; Total registers                              ; 29    ;
; Number of registers using Synchronous Clear  ; 0     ;
; Number of registers using Synchronous Load   ; 0     ;
; Number of registers using Asynchronous Clear ; 0     ;
; Number of registers using Asynchronous Load  ; 0     ;
; Number of registers using Clock Enable       ; 0     ;
; Number of registers using Preset             ; 0     ;
+----------------------------------------------+-------+


+---------------------------------------------------------------+
; Parameter Settings for User Entity Instance: LPM_DECODE:inst2 ;
+------------------------+------------+-------------------------+
; Parameter Name         ; Value      ; Type                    ;
+------------------------+------------+-------------------------+
; LPM_WIDTH              ; 3          ; Untyped                 ;
; LPM_DECODES            ; 8          ; Untyped                 ;
; LPM_PIPELINE           ; 0          ; Untyped                 ;
; CASCADE_CHAIN          ; MANUAL     ; Untyped                 ;
; DEVICE_FAMILY          ; MAX II     ; Untyped                 ;
; CBXI_PARAMETER         ; decode_lpe ; Untyped                 ;
; AUTO_CARRY_CHAINS      ; ON         ; AUTO_CARRY              ;
; IGNORE_CARRY_BUFFERS   ; OFF        ; IGNORE_CARRY            ;
; AUTO_CASCADE_CHAINS    ; ON         ; AUTO_CASCADE            ;
; IGNORE_CASCADE_BUFFERS ; OFF        ; IGNORE_CASCADE          ;
+------------------------+------------+-------------------------+
Note: In order to hide this table in the UI and the text report file, please set the "Show Parameter Settings in Synthesis Report" option in "Analysis and Synthesis Settings -> More Settings" to "Off".


+-----------------------------------------------------------------+
; Parameter Settings for User Entity Instance: LPM_COUNTER:inst1  ;
+------------------------+-------------------+--------------------+
; Parameter Name         ; Value             ; Type               ;
+------------------------+-------------------+--------------------+
; AUTO_CARRY_CHAINS      ; ON                ; AUTO_CARRY         ;
; IGNORE_CARRY_BUFFERS   ; OFF               ; IGNORE_CARRY       ;
; AUTO_CASCADE_CHAINS    ; ON                ; AUTO_CASCADE       ;
; IGNORE_CASCADE_BUFFERS ; OFF               ; IGNORE_CASCADE     ;
; LPM_WIDTH              ; 3                 ; Untyped            ;
; LPM_DIRECTION          ; DEFAULT           ; Untyped            ;
; LPM_MODULUS            ; 8                 ; Untyped            ;
; LPM_AVALUE             ; UNUSED            ; Untyped            ;
; LPM_SVALUE             ; UNUSED            ; Untyped            ;
; LPM_PORT_UPDOWN        ; PORT_CONNECTIVITY ; Untyped            ;
; DEVICE_FAMILY          ; MAX II            ; Untyped            ;
; CARRY_CHAIN            ; MANUAL            ; Untyped            ;
; CARRY_CHAIN_LENGTH     ; 48                ; CARRY_CHAIN_LENGTH ;
; NOT_GATE_PUSH_BACK     ; ON                ; NOT_GATE_PUSH_BACK ;
; CARRY_CNT_EN           ; SMART             ; Untyped            ;
; LABWIDE_SCLR           ; ON                ; Untyped            ;
; USE_NEW_VERSION        ; TRUE              ; Untyped            ;
; CBXI_PARAMETER         ; cntr_2ie          ; Untyped            ;
+------------------------+-------------------+--------------------+
Note: In order to hide this table in the UI and the text report file, please set the "Show Parameter Settings in Synthesis Report" option in "Analysis and Synthesis Settings -> More Settings" to "Off".


+-----------------------------------------------------------------+
; Parameter Settings for User Entity Instance: LPM_COUNTER:inst   ;
+------------------------+-------------------+--------------------+
; Parameter Name         ; Value             ; Type               ;
+------------------------+-------------------+--------------------+
; AUTO_CARRY_CHAINS      ; ON                ; AUTO_CARRY         ;
; IGNORE_CARRY_BUFFERS   ; OFF               ; IGNORE_CARRY       ;
; AUTO_CASCADE_CHAINS    ; ON                ; AUTO_CASCADE       ;
; IGNORE_CASCADE_BUFFERS ; OFF               ; IGNORE_CASCADE     ;
; LPM_WIDTH              ; 32                ; Untyped            ;
; LPM_DIRECTION          ; DEFAULT           ; Untyped            ;
; LPM_MODULUS            ; 0                 ; Untyped            ;
; LPM_AVALUE             ; UNUSED            ; Untyped            ;
; LPM_SVALUE             ; UNUSED            ; Untyped            ;
; LPM_PORT_UPDOWN        ; PORT_CONNECTIVITY ; Untyped            ;
; DEVICE_FAMILY          ; MAX II            ; Untyped            ;
; CARRY_CHAIN            ; MANUAL            ; Untyped            ;
; CARRY_CHAIN_LENGTH     ; 48                ; CARRY_CHAIN_LENGTH ;
; NOT_GATE_PUSH_BACK     ; ON                ; NOT_GATE_PUSH_BACK ;
; CARRY_CNT_EN           ; SMART             ; Untyped            ;
; LABWIDE_SCLR           ; ON                ; Untyped            ;
; USE_NEW_VERSION        ; TRUE              ; Untyped            ;
; CBXI_PARAMETER         ; cntr_jhf          ; Untyped            ;
+------------------------+-------------------+--------------------+
Note: In order to hide this table in the UI and the text report file, please set the "Show Parameter Settings in Synthesis Report" option in "Analysis and Synthesis Settings -> More Settings" to "Off".


+-------------------------------+
; Analysis & Synthesis Messages ;
+-------------------------------+
Info: *******************************************************************
Info: Running Quartus II 64-Bit Analysis & Synthesis
    Info: Version 13.0.1 Build 232 06/12/2013 Service Pack 1 SJ Web Edition
    Info: Processing started: Sun Mar 22 12:33:20 2020
Info: Command: quartus_map --read_settings_files=on --write_settings_files=off Qua_BRD_EPM240T100I5N -c Qua_BRD_EPM240T100I5N
Warning (20028): Parallel compilation is not licensed and has been disabled
Info (12021): Found 1 design units, including 1 entities, in source file qua_brd_epm240t100i5n.bdf
    Info (12023): Found entity 1: Qua_BRD_EPM240T100I5N
Info (12127): Elaborating entity "Qua_BRD_EPM240T100I5N" for the top level hierarchy
Warning (275043): Pin "86" is missing source
Warning (275043): Pin "87" is missing source
Warning (275043): Pin "88" is missing source
Warning (275043): Pin "89" is missing source
Warning (275043): Pin "90" is missing source
Warning (275043): Pin "91" is missing source
Warning (275043): Pin "92" is missing source
Warning (275043): Pin "95" is missing source
Warning (275043): Pin "96" is missing source
Warning (275043): Pin "97" is missing source
Warning (275043): Pin "98" is missing source
Warning (275043): Pin "99" is missing source
Warning (275043): Pin "100" is missing source
Warning (275009): Pin "14" not connected
Info (12128): Elaborating entity "LPM_DECODE" for hierarchy "LPM_DECODE:inst2"
Info (12130): Elaborated megafunction instantiation "LPM_DECODE:inst2"
Info (12133): Instantiated megafunction "LPM_DECODE:inst2" with the following parameter:
    Info (12134): Parameter "LPM_DECODES" = "8"
    Info (12134): Parameter "LPM_WIDTH" = "3"
Info (12021): Found 1 design units, including 1 entities, in source file db/decode_lpe.tdf
    Info (12023): Found entity 1: decode_lpe
Info (12128): Elaborating entity "decode_lpe" for hierarchy "LPM_DECODE:inst2|decode_lpe:auto_generated"
Info (12128): Elaborating entity "LPM_COUNTER" for hierarchy "LPM_COUNTER:inst1"
Info (12130): Elaborated megafunction instantiation "LPM_COUNTER:inst1"
Info (12133): Instantiated megafunction "LPM_COUNTER:inst1" with the following parameter:
    Info (12134): Parameter "LPM_MODULUS" = "8"
    Info (12134): Parameter "LPM_WIDTH" = "3"
Info (12021): Found 1 design units, including 1 entities, in source file db/cntr_2ie.tdf
    Info (12023): Found entity 1: cntr_2ie
Info (12128): Elaborating entity "cntr_2ie" for hierarchy "LPM_COUNTER:inst1|cntr_2ie:auto_generated"
Info (12128): Elaborating entity "LPM_COUNTER" for hierarchy "LPM_COUNTER:inst"
Info (12130): Elaborated megafunction instantiation "LPM_COUNTER:inst"
Info (12133): Instantiated megafunction "LPM_COUNTER:inst" with the following parameter:
    Info (12134): Parameter "LPM_WIDTH" = "32"
Info (12021): Found 1 design units, including 1 entities, in source file db/cntr_jhf.tdf
    Info (12023): Found entity 1: cntr_jhf
Info (12128): Elaborating entity "cntr_jhf" for hierarchy "LPM_COUNTER:inst|cntr_jhf:auto_generated"
Warning (13039): The following bidir pins have no drivers
    Warning (13040): Bidir "pin_name" has no driver
Warning (13024): Output pins are stuck at VCC or GND
    Warning (13410): Pin "86" is stuck at GND
    Warning (13410): Pin "87" is stuck at GND
    Warning (13410): Pin "88" is stuck at GND
    Warning (13410): Pin "89" is stuck at GND
    Warning (13410): Pin "90" is stuck at GND
    Warning (13410): Pin "91" is stuck at GND
    Warning (13410): Pin "92" is stuck at GND
    Warning (13410): Pin "95" is stuck at GND
    Warning (13410): Pin "96" is stuck at GND
    Warning (13410): Pin "97" is stuck at GND
    Warning (13410): Pin "98" is stuck at GND
    Warning (13410): Pin "99" is stuck at GND
    Warning (13410): Pin "100" is stuck at GND
Info (17049): 9 registers lost all their fanouts during netlist optimizations.
Warning (21074): Design contains 1 input pin(s) that do not drive logic
    Warning (15610): No output dependent on input pin "14"
Info (21057): Implemented 63 device resources after synthesis - the final resource count might be different
    Info (21058): Implemented 4 input pins
    Info (21059): Implemented 21 output pins
    Info (21060): Implemented 1 bidirectional pins
    Info (21061): Implemented 37 logic cells
Info: Quartus II 64-Bit Analysis & Synthesis was successful. 0 errors, 33 warnings
    Info: Peak virtual memory: 4578 megabytes
    Info: Processing ended: Sun Mar 22 12:33:21 2020
    Info: Elapsed time: 00:00:01
    Info: Total CPU time (on all processors): 00:00:01


