Fitter report for sss_step_mot
Fri Jul 29 21:24:20 2016
Quartus II Version 8.1 Build 163 10/28/2008 SJ Full Version


---------------------
; Table of Contents ;
---------------------
  1. Legal Notice
  2. Fitter Summary
  3. Fitter Settings
  4. Fitter Device Options
  5. Input Pins
  6. Output Pins
  7. All Package Pins
  8. Control Signals
  9. Global & Other Fast Signals
 10. Carry Chains
 11. Non-Global High Fan-Out Signals
 12. Peripheral Signals
 13. LAB
 14. Local Routing Interconnect
 15. LAB External Interconnect
 16. Row Interconnect
 17. LAB Column Interconnect
 18. LAB Column Interconnect
 19. Fitter Resource Usage Summary
 20. Fitter Resource Utilization by Entity
 21. Delay Chain Summary
 22. Pin-Out File
 23. Fitter Messages



----------------
; Legal Notice ;
----------------
Copyright (C) 1991-2008 Altera Corporation
Your use of Altera Corporation's design tools, logic functions 
and other software and tools, and its AMPP partner logic 
functions, and any output files from any of the foregoing 
(including device programming or simulation files), and any 
associated documentation or information are expressly subject 
to the terms and conditions of the Altera Program License 
Subscription Agreement, Altera MegaCore Function License 
Agreement, or other applicable license agreement, including, 
without limitation, that your use is for the sole purpose of 
programming logic devices manufactured by Altera and sold by 
Altera or its authorized distributors.  Please refer to the 
applicable agreement for further details.



+------------------------------------------------------------------+
; Fitter Summary                                                   ;
+-----------------------+------------------------------------------+
; Fitter Status         ; Successful - Fri Jul 29 21:24:20 2016    ;
; Quartus II Version    ; 8.1 Build 163 10/28/2008 SJ Full Version ;
; Revision Name         ; sss_step_mot                             ;
; Top-level Entity Name ; sss_step_mot                             ;
; Family                ; FLEX10K                                  ;
; Device                ; EPF10K10LC84-4                           ;
; Timing Models         ; Final                                    ;
; Total logic elements  ; 23 / 576 ( 4 % )                         ;
; Total pins            ; 7 / 59 ( 12 % )                          ;
; Total memory bits     ; 0 / 6,144 ( 0 % )                        ;
+-----------------------+------------------------------------------+


+------------------------------------------------------------------------------------------------------+
; Fitter Settings                                                                                      ;
+------------------------------------------------------------+--------------------+--------------------+
; Option                                                     ; Setting            ; Default Value      ;
+------------------------------------------------------------+--------------------+--------------------+
; Device                                                     ; EPF10K10LC84-4     ;                    ;
; Use smart compilation                                      ; Off                ; Off                ;
; Use TimeQuest Timing Analyzer                              ; Off                ; Off                ;
; Router Timing Optimization Level                           ; Normal             ; Normal             ;
; Placement Effort Multiplier                                ; 1.0                ; 1.0                ;
; Router Effort Multiplier                                   ; 1.0                ; 1.0                ;
; Optimize Timing                                            ; Normal compilation ; Normal compilation ;
; Optimize Timing for ECOs                                   ; Off                ; Off                ;
; Regenerate full fit report during ECO compiles             ; Off                ; Off                ;
; Optimize IOC Register Placement for Timing                 ; On                 ; On                 ;
; Limit to One Fitting Attempt                               ; Off                ; Off                ;
; Final Placement Optimizations                              ; Automatically      ; Automatically      ;
; Fitter Aggressive Routability Optimizations                ; Automatically      ; Automatically      ;
; Fitter Initial Placement Seed                              ; 1                  ; 1                  ;
; Slow Slew Rate                                             ; Off                ; Off                ;
; Auto Global Memory Control Signals                         ; Off                ; Off                ;
; Logic Cell Insertion - Individual Logic Cells              ; On                 ; On                 ;
; Logic Cell Insertion - I/Os Fed By Carry or Cascade Chains ; On                 ; On                 ;
; Fitter Effort                                              ; Auto Fit           ; Auto Fit           ;
; Auto Global Clock                                          ; On                 ; On                 ;
; Auto Global Output Enable                                  ; On                 ; On                 ;
; Auto Global Register Control Signals                       ; On                 ; On                 ;
+------------------------------------------------------------+--------------------+--------------------+


+-------------------------------------------------------------------------+
; Fitter Device Options                                                   ;
+----------------------------------------------+--------------------------+
; Option                                       ; Setting                  ;
+----------------------------------------------+--------------------------+
; Enable user-supplied start-up clock (CLKUSR) ; Off                      ;
; Enable device-wide reset (DEV_CLRn)          ; Off                      ;
; Enable device-wide output enable (DEV_OE)    ; Off                      ;
; Enable INIT_DONE output                      ; Off                      ;
; Configuration scheme                         ; Passive Serial           ;
; nWS, nRS, nCS, CS                            ; Unreserved               ;
; RDYnBUSY                                     ; Unreserved               ;
; Data[7..1]                                   ; Unreserved               ;
; Reserve all unused pins                      ; As output driving ground ;
; Base pin-out file on sameframe device        ; Off                      ;
+----------------------------------------------+--------------------------+


+-----------------------------------------------------------------------------------------------------------------------------------------------------+
; Input Pins                                                                                                                                          ;
+---------------------+-------+-----+------+---------+--------+--------------+-------------------------+---------------+---------------+--------------+
; Name                ; Pin # ; Row ; Col. ; Fan-Out ; Global ; I/O Register ; Use Local Routing Input ; Power Up High ; Single-Pin CE ; I/O Standard ;
+---------------------+-------+-----+------+---------+--------+--------------+-------------------------+---------------+---------------+--------------+
; step_mot_right_left ; 44    ; --  ; --   ; 4       ; no     ; no           ; no                      ; no            ; no            ; TTL          ;
; step_mot_start_stop ; 84    ; --  ; --   ; 4       ; yes    ; no           ; no                      ; no            ; no            ; TTL          ;
; step_mot_clk        ; 43    ; --  ; --   ; 16      ; yes    ; no           ; no                      ; no            ; no            ; TTL          ;
+---------------------+-------+-----+------+---------+--------+--------------+-------------------------+---------------+---------------+--------------+


+----------------------------------------------------------------------------------------------------------------------------------------------------------------------------------------------+
; Output Pins                                                                                                                                                                                  ;
+------------------+-------+-----+------+--------------+--------------------------+---------------+----------------+---------------+---------------+------------+---------------+--------------+
; Name             ; Pin # ; Row ; Col. ; I/O Register ; Use Local Routing Output ; Power Up High ; Slow Slew Rate ; Single-Pin OE ; Single-Pin CE ; Open Drain ; TRI Primitive ; I/O Standard ;
+------------------+-------+-----+------+--------------+--------------------------+---------------+----------------+---------------+---------------+------------+---------------+--------------+
; step_mot_phase_a ; 22    ;  B  ; --   ; no           ; no                       ; no            ; no             ; no            ; no            ; no         ; no            ; TTL          ;
; step_mot_phase_b ; 25    ;  B  ; --   ; no           ; no                       ; no            ; no             ; no            ; no            ; no         ; no            ; TTL          ;
; step_mot_phase_c ; 23    ;  B  ; --   ; no           ; no                       ; no            ; no             ; no            ; no            ; no         ; no            ; TTL          ;
; step_mot_phase_d ; 24    ;  B  ; --   ; no           ; no                       ; no            ; no             ; no            ; no            ; no         ; no            ; TTL          ;
+------------------+-------+-----+------+--------------+--------------------------+---------------+----------------+---------------+---------------+------------+---------------+--------------+


+--------------------------------------------+
; All Package Pins                           ;
+-------+---------------------+--------------+
; Pin # ; Usage               ; I/O Standard ;
+-------+---------------------+--------------+
; 1     ; GND+                ;              ;
; 2     ; GND+                ;              ;
; 3     ; GND*                ;              ;
; 4     ; VCC_INT             ;              ;
; 5     ; GND*                ;              ;
; 6     ; GND*                ;              ;
; 7     ; GND*                ;              ;
; 8     ; GND*                ;              ;
; 9     ; GND*                ;              ;
; 10    ; GND*                ;              ;
; 11    ; GND*                ;              ;
; 12    ; ^DATA0              ;              ;
; 13    ; ^DCLK               ;              ;
; 14    ; ^nCE                ;              ;
; 15    ; #TDI                ;              ;
; 16    ; GND*                ;              ;
; 17    ; GND*                ;              ;
; 18    ; GND*                ;              ;
; 19    ; GND*                ;              ;
; 20    ; VCC_INT             ;              ;
; 21    ; GND*                ;              ;
; 22    ; step_mot_phase_a    ; TTL          ;
; 23    ; step_mot_phase_c    ; TTL          ;
; 24    ; step_mot_phase_d    ; TTL          ;
; 25    ; step_mot_phase_b    ; TTL          ;
; 26    ; GND_INT             ;              ;
; 27    ; GND*                ;              ;
; 28    ; GND*                ;              ;
; 29    ; GND*                ;              ;
; 30    ; GND*                ;              ;
; 31    ; ^MSEL0              ;              ;
; 32    ; ^MSEL1              ;              ;
; 33    ; VCC_INT             ;              ;
; 34    ; ^nCONFIG            ;              ;
; 35    ; GND*                ;              ;
; 36    ; GND*                ;              ;
; 37    ; GND*                ;              ;
; 38    ; GND*                ;              ;
; 39    ; GND*                ;              ;
; 40    ; VCC_INT             ;              ;
; 41    ; GND_INT             ;              ;
; 42    ; GND+                ;              ;
; 43    ; step_mot_clk        ; TTL          ;
; 44    ; step_mot_right_left ; TTL          ;
; 45    ; VCC_INT             ;              ;
; 46    ; GND_INT             ;              ;
; 47    ; GND*                ;              ;
; 48    ; GND*                ;              ;
; 49    ; GND*                ;              ;
; 50    ; GND*                ;              ;
; 51    ; GND*                ;              ;
; 52    ; GND*                ;              ;
; 53    ; GND*                ;              ;
; 54    ; GND*                ;              ;
; 55    ; ^nSTATUS            ;              ;
; 56    ; #TRST               ;              ;
; 57    ; #TMS                ;              ;
; 58    ; GND*                ;              ;
; 59    ; GND*                ;              ;
; 60    ; GND*                ;              ;
; 61    ; GND*                ;              ;
; 62    ; GND*                ;              ;
; 63    ; VCC_INT             ;              ;
; 64    ; GND*                ;              ;
; 65    ; GND*                ;              ;
; 66    ; GND*                ;              ;
; 67    ; GND*                ;              ;
; 68    ; GND_INT             ;              ;
; 69    ; GND*                ;              ;
; 70    ; GND*                ;              ;
; 71    ; GND*                ;              ;
; 72    ; GND*                ;              ;
; 73    ; GND*                ;              ;
; 74    ; #TDO                ;              ;
; 75    ; ^nCEO               ;              ;
; 76    ; ^CONF_DONE          ;              ;
; 77    ; #TCK                ;              ;
; 78    ; GND*                ;              ;
; 79    ; GND*                ;              ;
; 80    ; GND*                ;              ;
; 81    ; GND*                ;              ;
; 82    ; GND_INT             ;              ;
; 83    ; GND*                ;              ;
; 84    ; step_mot_start_stop ; TTL          ;
+-------+---------------------+--------------+


+---------------------------------------------------------------------------------------------------------------------+
; Control Signals                                                                                                     ;
+-------------------------------------------------------------------+---------+---------+--------------+--------------+
; Name                                                              ; Pin #   ; Fan-Out ; Usage        ; Global Usage ;
+-------------------------------------------------------------------+---------+---------+--------------+--------------+
; step_mot_start_stop                                               ; 84      ; 4       ; Async. clear ; Pin          ;
; step_mot_clk                                                      ; 43      ; 16      ; Clock        ; Pin          ;
; inst188                                                           ; LC1_C13 ; 4       ; Clock        ; Internal     ;
; lpm_counter:inst185|alt_counter_f10ke:wysi_counter|cout~_wirecell ; LC3_C13 ; 15      ; Sync. load   ; Non-global   ;
+-------------------------------------------------------------------+---------+---------+--------------+--------------+


+--------------------------------------------------+
; Global & Other Fast Signals                      ;
+---------------------+---------+---------+--------+
; Name                ; Pin #   ; Fan-Out ; Global ;
+---------------------+---------+---------+--------+
; step_mot_right_left ; 44      ; 4       ; no     ;
; step_mot_start_stop ; 84      ; 4       ; yes    ;
; step_mot_clk        ; 43      ; 16      ; yes    ;
; inst188             ; LC1_C13 ; 4       ; yes    ;
+---------------------+---------+---------+--------+


+---------------------------------------------+
; Carry Chains                                ;
+--------------------+------------------------+
; Carry Chain Length ; Number of Carry Chains ;
+--------------------+------------------------+
; 0                  ; 0                      ;
; 1                  ; 0                      ;
; 2                  ; 0                      ;
; 3                  ; 0                      ;
; 4                  ; 0                      ;
; 5                  ; 0                      ;
; 6                  ; 0                      ;
; 7                  ; 0                      ;
; 8                  ; 0                      ;
; 9                  ; 0                      ;
; 10                 ; 0                      ;
; 11                 ; 0                      ;
; 12                 ; 0                      ;
; 13                 ; 0                      ;
; 14                 ; 0                      ;
; 15                 ; 0                      ;
; 16                 ; 1                      ;
+--------------------+------------------------+


+------------------------------------------------------------------------------------+
; Non-Global High Fan-Out Signals                                                    ;
+--------------------------------------------------------------------------+---------+
; Name                                                                     ; Fan-Out ;
+--------------------------------------------------------------------------+---------+
; lpm_counter:inst185|alt_counter_f10ke:wysi_counter|cout~_wirecell        ; 15      ;
; ~GND~0                                                                   ; 15      ;
; step_mot_right_left                                                      ; 4       ;
; inst16~0                                                                 ; 3       ;
; inst15~0                                                                 ; 3       ;
; lpm_counter:inst185|alt_counter_f10ke:wysi_counter|cout~0                ; 2       ;
; lpm_counter:inst185|alt_counter_f10ke:wysi_counter|counter_cell[13]~COUT ; 1       ;
; lpm_counter:inst185|alt_counter_f10ke:wysi_counter|counter_cell[5]~COUT  ; 1       ;
; lpm_counter:inst185|alt_counter_f10ke:wysi_counter|counter_cell[10]~COUT ; 1       ;
; lpm_counter:inst185|alt_counter_f10ke:wysi_counter|counter_cell[2]~COUT  ; 1       ;
; lpm_counter:inst185|alt_counter_f10ke:wysi_counter|counter_cell[3]~COUT  ; 1       ;
; lpm_counter:inst185|alt_counter_f10ke:wysi_counter|counter_cell[6]~COUT  ; 1       ;
; lpm_counter:inst185|alt_counter_f10ke:wysi_counter|counter_cell[4]~COUT  ; 1       ;
; lpm_counter:inst185|alt_counter_f10ke:wysi_counter|counter_cell[7]~COUT  ; 1       ;
; lpm_counter:inst185|alt_counter_f10ke:wysi_counter|counter_cell[8]~COUT  ; 1       ;
; lpm_counter:inst185|alt_counter_f10ke:wysi_counter|counter_cell[1]~COUT  ; 1       ;
; inst15~1                                                                 ; 1       ;
; lpm_counter:inst185|alt_counter_f10ke:wysi_counter|counter_cell[11]~COUT ; 1       ;
; lpm_counter:inst185|alt_counter_f10ke:wysi_counter|counter_cell[14]~COUT ; 1       ;
; lpm_counter:inst185|alt_counter_f10ke:wysi_counter|counter_cell[12]~COUT ; 1       ;
; lpm_counter:inst185|alt_counter_f10ke:wysi_counter|counter_cell[0]~COUT  ; 1       ;
; lpm_counter:inst185|alt_counter_f10ke:wysi_counter|counter_cell[9]~COUT  ; 1       ;
; inst16~1                                                                 ; 1       ;
+--------------------------------------------------------------------------+---------+


+----------------------------------------------------------------------------------------------+
; Peripheral Signals                                                                           ;
+-------------------+---------+-------+-----------------+---------------------------+----------+
; Peripheral Signal ; Source  ; Usage ; Dedicated Clock ; Peripheral Control Signal ; Polarity ;
+-------------------+---------+-------+-----------------+---------------------------+----------+
; inst188           ; LC1_C13 ; Clock ; no              ; yes                       ; +ve      ;
+-------------------+---------+-------+-----------------+---------------------------+----------+


+-------------------------------------------+
; LAB                                       ;
+--------------------------+----------------+
; Number of Logic Elements ; Number of LABs ;
+--------------------------+----------------+
; 0                        ; 67             ;
; 1                        ; 1              ;
; 2                        ; 1              ;
; 3                        ; 0              ;
; 4                        ; 1              ;
; 5                        ; 0              ;
; 6                        ; 0              ;
; 7                        ; 0              ;
; 8                        ; 2              ;
+--------------------------+----------------+


+----------------------------------------------+
; Local Routing Interconnect                   ;
+-----------------------------+----------------+
; Local Routing Interconnects ; Number of LABs ;
+-----------------------------+----------------+
; 0                           ; 71             ;
; 1                           ; 0              ;
; 2                           ; 1              ;
+-----------------------------+----------------+


+---------------------------------------------+
; LAB External Interconnect                   ;
+----------------------------+----------------+
; LAB External Interconnects ; Number of LABs ;
+----------------------------+----------------+
; 0                          ; 68             ;
; 1                          ; 2              ;
; 2                          ; 2              ;
+----------------------------+----------------+


+-----------------------------------------------------------------------------------------+
; Row Interconnect                                                                        ;
+-------+--------------------+-----------------------------+------------------------------+
; Row   ; Interconnect Used  ; Left Half Interconnect Used ; Right Half Interconnect Used ;
+-------+--------------------+-----------------------------+------------------------------+
;  A    ;  0 / 96 ( 0 % )    ;  0 / 48 ( 0 % )             ;  0 / 48 ( 0 % )              ;
;  B    ;  0 / 96 ( 0 % )    ;  4 / 48 ( 8 % )             ;  0 / 48 ( 0 % )              ;
;  C    ;  1 / 96 ( 1 % )    ;  0 / 48 ( 0 % )             ;  3 / 48 ( 6 % )              ;
; Total ;  1 / 288 ( < 1 % ) ;  4 / 144 ( 3 % )            ;  3 / 144 ( 2 % )             ;
+-------+--------------------+-----------------------------+------------------------------+


+---------------------------+
; LAB Column Interconnect   ;
+-------+-------------------+
; Col.  ; Interconnect Used ;
+-------+-------------------+
; 1     ;  0 / 24 ( 0 % )   ;
; 2     ;  0 / 24 ( 0 % )   ;
; 3     ;  0 / 24 ( 0 % )   ;
; 4     ;  0 / 24 ( 0 % )   ;
; 5     ;  0 / 24 ( 0 % )   ;
; 6     ;  0 / 24 ( 0 % )   ;
; 7     ;  0 / 24 ( 0 % )   ;
; 8     ;  0 / 24 ( 0 % )   ;
; 9     ;  0 / 24 ( 0 % )   ;
; 10    ;  0 / 24 ( 0 % )   ;
; 11    ;  0 / 24 ( 0 % )   ;
; 12    ;  0 / 24 ( 0 % )   ;
; 13    ;  0 / 24 ( 0 % )   ;
; 14    ;  0 / 24 ( 0 % )   ;
; 15    ;  0 / 24 ( 0 % )   ;
; 16    ;  0 / 24 ( 0 % )   ;
; 17    ;  0 / 24 ( 0 % )   ;
; 18    ;  0 / 24 ( 0 % )   ;
; 19    ;  0 / 24 ( 0 % )   ;
; 20    ;  0 / 24 ( 0 % )   ;
; 21    ;  0 / 24 ( 0 % )   ;
; 22    ;  0 / 24 ( 0 % )   ;
; 23    ;  0 / 24 ( 0 % )   ;
; 24    ;  0 / 24 ( 0 % )   ;
; Total ;  0 / 576 ( 0 % )  ;
+-------+-------------------+


+---------------------------+
; LAB Column Interconnect   ;
+-------+-------------------+
; Col.  ; Interconnect Used ;
+-------+-------------------+
; 1     ;  0 / 24 ( 0 % )   ;
; Total ;  0 / 24 ( 0 % )   ;
+-------+-------------------+


+-------------------------------------------------------+
; Fitter Resource Usage Summary                         ;
+-----------------------------------+-------------------+
; Resource                          ; Usage             ;
+-----------------------------------+-------------------+
; Total logic elements              ; 23 / 576 ( 4 % )  ;
; Registers                         ; 20 / 576 ( 3 % )  ;
; Logic elements in carry chains    ; 16                ;
; User inserted logic elements      ; 0                 ;
; I/O pins                          ; 7 / 59 ( 12 % )   ;
;     -- Clock pins                 ; 1                 ;
;     -- Dedicated input pins       ; 2 / 4 ( 50 % )    ;
; Global signals                    ; 3                 ;
; EABs                              ; 0 / 3 ( 0 % )     ;
; Total memory bits                 ; 0 / 6,144 ( 0 % ) ;
; Total RAM block bits              ; 0 / 6,144 ( 0 % ) ;
; Maximum fan-out node              ; ~GND              ;
; Maximum fan-out                   ; 28                ;
; Highest non-global fan-out signal ; ~GND              ;
; Highest non-global fan-out        ; 28                ;
; Total fan-out                     ; 83                ;
; Average fan-out                   ; 2.77              ;
+-----------------------------------+-------------------+


+-----------------------------------------------------------------------------------------------------------------------------------------------------------------------------------------------------------------------------------------------------------------+
; Fitter Resource Utilization by Entity                                                                                                                                                                                                                           ;
+----------------------------------------+-------------+--------------+-------------+------+--------------+-------------------+------------------+-----------------+------------+------------------------------------------------------------------+--------------+
; Compilation Hierarchy Node             ; Logic Cells ; LC Registers ; Memory Bits ; Pins ; LUT-Only LCs ; Register-Only LCs ; LUT/Register LCs ; Carry Chain LCs ; Packed LCs ; Full Hierarchy Name                                              ; Library Name ;
+----------------------------------------+-------------+--------------+-------------+------+--------------+-------------------+------------------+-----------------+------------+------------------------------------------------------------------+--------------+
; |sss_step_mot                          ; 23 (6)      ; 20           ; 0           ; 7    ; 3 (1)        ; 1 (1)             ; 19 (4)           ; 16 (0)          ; 0 (0)      ; |sss_step_mot                                                    ; work         ;
;    |lpm_counter:inst185|               ; 17 (0)      ; 15           ; 0           ; 0    ; 2 (0)        ; 0 (0)             ; 15 (0)           ; 16 (0)          ; 0 (0)      ; |sss_step_mot|lpm_counter:inst185                                ; work         ;
;       |alt_counter_f10ke:wysi_counter| ; 17 (17)     ; 15           ; 0           ; 0    ; 2 (2)        ; 0 (0)             ; 15 (15)          ; 16 (16)         ; 0 (0)      ; |sss_step_mot|lpm_counter:inst185|alt_counter_f10ke:wysi_counter ; work         ;
+----------------------------------------+-------------+--------------+-------------+------+--------------+-------------------+------------------+-----------------+------------+------------------------------------------------------------------+--------------+
Note: For table entries with two numbers listed, the numbers in parentheses indicate the number of resources of the given type used by the specific entity alone. The numbers listed outside of parentheses indicate the total resources of the given type used by the specific entity and all of its sub-entities in the hierarchy.


+----------------------------------------------+
; Delay Chain Summary                          ;
+---------------------+----------+-------------+
; Name                ; Pin Type ; Pad to Core ;
+---------------------+----------+-------------+
; step_mot_right_left ; Input    ; OFF         ;
; step_mot_start_stop ; Input    ; OFF         ;
; step_mot_clk        ; Input    ; OFF         ;
; step_mot_phase_a    ; Output   ; OFF         ;
; step_mot_phase_b    ; Output   ; OFF         ;
; step_mot_phase_c    ; Output   ; OFF         ;
; step_mot_phase_d    ; Output   ; OFF         ;
+---------------------+----------+-------------+


+--------------+
; Pin-Out File ;
+--------------+
The pin-out file can be found in D:/SSSWorkHome/Altera/sssBlock/sss_step_mot/sss_step_mot.pin.


+-----------------+
; Fitter Messages ;
+-----------------+
Info: *******************************************************************
Info: Running Quartus II Fitter
    Info: Version 8.1 Build 163 10/28/2008 SJ Full Version
    Info: Processing started: Fri Jul 29 21:24:19 2016
Info: Command: quartus_fit --read_settings_files=off --write_settings_files=off sss_step_mot -c sss_step_mot
Info: Parallel compilation is enabled and will use 2 of the 2 processors detected
Info: Selected device EPF10K10LC84-4 for design "sss_step_mot"
Info: Fitter is using the Classic Timing Analyzer
Info: Timing requirements not specified -- optimizing circuit to achieve the following default global requirements
    Info: Assuming a global fmax requirement of 1000 MHz
    Info: Not setting a global tsu requirement
    Info: Not setting a global tco requirement
    Info: Not setting a global tpd requirement
Info: Inserted 2 logic cells in first fitting attempt
Info: Started fitting attempt 1 on Fri Jul 29 2016 at 21:24:19
Info: Fitter placement preparation operations beginning
Info: Fitter placement preparation operations ending: elapsed time is 00:00:00
Info: Fitter placement operations beginning
Info: Fitter placement operations ending: elapsed time is 00:00:00
Info: Fitter routing operations beginning
Info: Fitter routing operations ending: elapsed time is 00:00:00
Info: Parallel compilation was enabled but no parallel operations were performed
Info: Quartus II Fitter was successful. 0 errors, 0 warnings
    Info: Peak virtual memory: 208 megabytes
    Info: Processing ended: Fri Jul 29 21:24:21 2016
    Info: Elapsed time: 00:00:02
    Info: Total CPU time (on all processors): 00:00:02


