Classic Timing Analyzer report for sss_step_mot
Fri Jul 29 21:24:44 2016
Quartus II Version 8.1 Build 163 10/28/2008 SJ Full Version


---------------------
; Table of Contents ;
---------------------
  1. Legal Notice
  2. Timing Analyzer Summary
  3. Timing Analyzer Settings
  4. Clock Settings Summary
  5. Clock Setup: 'step_mot_clk'
  6. tsu
  7. tco
  8. th
  9. Timing Analyzer Messages



----------------
; Legal Notice ;
----------------
Copyright (C) 1991-2008 Altera Corporation
Your use of Altera Corporation's design tools, logic functions 
and other software and tools, and its AMPP partner logic 
functions, and any output files from any of the foregoing 
(including device programming or simulation files), and any 
associated documentation or information are expressly subject 
to the terms and conditions of the Altera Program License 
Subscription Agreement, Altera MegaCore Function License 
Agreement, or other applicable license agreement, including, 
without limitation, that your use is for the sole purpose of 
programming logic devices manufactured by Altera and sold by 
Altera or its authorized distributors.  Please refer to the 
applicable agreement for further details.



+----------------------------------------------------------------------------------------------------------------------------------------------------------------------------------------------------------------------------------------------------------+
; Timing Analyzer Summary                                                                                                                                                                                                                                  ;
+------------------------------+-------+---------------+----------------------------------+---------------------------------------------------------+---------------------------------------------------------+--------------+--------------+--------------+
; Type                         ; Slack ; Required Time ; Actual Time                      ; From                                                    ; To                                                      ; From Clock   ; To Clock     ; Failed Paths ;
+------------------------------+-------+---------------+----------------------------------+---------------------------------------------------------+---------------------------------------------------------+--------------+--------------+--------------+
; Worst-case tsu               ; N/A   ; None          ; -2.900 ns                        ; step_mot_right_left                                     ; inst16~1                                                ; --           ; step_mot_clk ; 0            ;
; Worst-case tco               ; N/A   ; None          ; 18.800 ns                        ; inst15                                                  ; step_mot_phase_a                                        ; step_mot_clk ; --           ; 0            ;
; Worst-case th                ; N/A   ; None          ; 7.000 ns                         ; step_mot_right_left                                     ; inst16~1                                                ; --           ; step_mot_clk ; 0            ;
; Clock Setup: 'step_mot_clk'  ; N/A   ; None          ; 53.48 MHz ( period = 18.700 ns ) ; lpm_counter:inst185|alt_counter_f10ke:wysi_counter|q[0] ; lpm_counter:inst185|alt_counter_f10ke:wysi_counter|q[8] ; step_mot_clk ; step_mot_clk ; 0            ;
; Total number of failed paths ;       ;               ;                                  ;                                                         ;                                                         ;              ;              ; 0            ;
+------------------------------+-------+---------------+----------------------------------+---------------------------------------------------------+---------------------------------------------------------+--------------+--------------+--------------+


+--------------------------------------------------------------------------------------------------------------------+
; Timing Analyzer Settings                                                                                           ;
+---------------------------------------------------------------------+--------------------+------+----+-------------+
; Option                                                              ; Setting            ; From ; To ; Entity Name ;
+---------------------------------------------------------------------+--------------------+------+----+-------------+
; Device Name                                                         ; EPF10K10LC84-4     ;      ;    ;             ;
; Timing Models                                                       ; Final              ;      ;    ;             ;
; Default hold multicycle                                             ; Same as Multicycle ;      ;    ;             ;
; Cut paths between unrelated clock domains                           ; On                 ;      ;    ;             ;
; Cut off read during write signal paths                              ; On                 ;      ;    ;             ;
; Cut off feedback from I/O pins                                      ; On                 ;      ;    ;             ;
; Report Combined Fast/Slow Timing                                    ; Off                ;      ;    ;             ;
; Ignore Clock Settings                                               ; Off                ;      ;    ;             ;
; Analyze latches as synchronous elements                             ; On                 ;      ;    ;             ;
; Enable Recovery/Removal analysis                                    ; Off                ;      ;    ;             ;
; Enable Clock Latency                                                ; Off                ;      ;    ;             ;
; Use TimeQuest Timing Analyzer                                       ; Off                ;      ;    ;             ;
; Minimum Core Junction Temperature                                   ; 0                  ;      ;    ;             ;
; Maximum Core Junction Temperature                                   ; 85                 ;      ;    ;             ;
; Number of source nodes to report per destination node               ; 10                 ;      ;    ;             ;
; Number of destination nodes to report                               ; 10                 ;      ;    ;             ;
; Number of paths to report                                           ; 200                ;      ;    ;             ;
; Report Minimum Timing Checks                                        ; Off                ;      ;    ;             ;
; Use Fast Timing Models                                              ; Off                ;      ;    ;             ;
; Report IO Paths Separately                                          ; Off                ;      ;    ;             ;
; Perform Multicorner Analysis                                        ; Off                ;      ;    ;             ;
; Reports the worst-case path for each clock domain and analysis      ; Off                ;      ;    ;             ;
; Removes common clock path pessimism (CCPP) during slack computation ; Off                ;      ;    ;             ;
; Output I/O Timing Endpoint                                          ; Near End           ;      ;    ;             ;
+---------------------------------------------------------------------+--------------------+------+----+-------------+


+------------------------------------------------------------------------------------------------------------------------------------------------------------------------------------+
; Clock Settings Summary                                                                                                                                                             ;
+-----------------+--------------------+----------+------------------+---------------+--------------+----------+-----------------------+---------------------+--------+--------------+
; Clock Node Name ; Clock Setting Name ; Type     ; Fmax Requirement ; Early Latency ; Late Latency ; Based on ; Multiply Base Fmax by ; Divide Base Fmax by ; Offset ; Phase offset ;
+-----------------+--------------------+----------+------------------+---------------+--------------+----------+-----------------------+---------------------+--------+--------------+
; step_mot_clk    ;                    ; User Pin ; None             ; 0.000 ns      ; 0.000 ns     ; --       ; N/A                   ; N/A                 ; N/A    ;              ;
+-----------------+--------------------+----------+------------------+---------------+--------------+----------+-----------------------+---------------------+--------+--------------+


+---------------------------------------------------------------------------------------------------------------------------------------------------------------------------------------------------------------------------------------------------------------------------------------------------------------------------------------+
; Clock Setup: 'step_mot_clk'                                                                                                                                                                                                                                                                                                           ;
+-----------------------------------------+-----------------------------------------------------+----------------------------------------------------------+----------------------------------------------------------+--------------+--------------+-----------------------------+---------------------------+-------------------------+
; Slack                                   ; Actual fmax (period)                                ; From                                                     ; To                                                       ; From Clock   ; To Clock     ; Required Setup Relationship ; Required Longest P2P Time ; Actual Longest P2P Time ;
+-----------------------------------------+-----------------------------------------------------+----------------------------------------------------------+----------------------------------------------------------+--------------+--------------+-----------------------------+---------------------------+-------------------------+
; N/A                                     ; 53.48 MHz ( period = 18.700 ns )                    ; lpm_counter:inst185|alt_counter_f10ke:wysi_counter|q[0]  ; lpm_counter:inst185|alt_counter_f10ke:wysi_counter|q[14] ; step_mot_clk ; step_mot_clk ; None                        ; None                      ; 15.100 ns               ;
; N/A                                     ; 53.48 MHz ( period = 18.700 ns )                    ; lpm_counter:inst185|alt_counter_f10ke:wysi_counter|q[0]  ; lpm_counter:inst185|alt_counter_f10ke:wysi_counter|q[13] ; step_mot_clk ; step_mot_clk ; None                        ; None                      ; 15.100 ns               ;
; N/A                                     ; 53.48 MHz ( period = 18.700 ns )                    ; lpm_counter:inst185|alt_counter_f10ke:wysi_counter|q[0]  ; lpm_counter:inst185|alt_counter_f10ke:wysi_counter|q[12] ; step_mot_clk ; step_mot_clk ; None                        ; None                      ; 15.100 ns               ;
; N/A                                     ; 53.48 MHz ( period = 18.700 ns )                    ; lpm_counter:inst185|alt_counter_f10ke:wysi_counter|q[0]  ; lpm_counter:inst185|alt_counter_f10ke:wysi_counter|q[11] ; step_mot_clk ; step_mot_clk ; None                        ; None                      ; 15.100 ns               ;
; N/A                                     ; 53.48 MHz ( period = 18.700 ns )                    ; lpm_counter:inst185|alt_counter_f10ke:wysi_counter|q[0]  ; lpm_counter:inst185|alt_counter_f10ke:wysi_counter|q[10] ; step_mot_clk ; step_mot_clk ; None                        ; None                      ; 15.100 ns               ;
; N/A                                     ; 53.48 MHz ( period = 18.700 ns )                    ; lpm_counter:inst185|alt_counter_f10ke:wysi_counter|q[0]  ; lpm_counter:inst185|alt_counter_f10ke:wysi_counter|q[9]  ; step_mot_clk ; step_mot_clk ; None                        ; None                      ; 15.100 ns               ;
; N/A                                     ; 53.48 MHz ( period = 18.700 ns )                    ; lpm_counter:inst185|alt_counter_f10ke:wysi_counter|q[0]  ; lpm_counter:inst185|alt_counter_f10ke:wysi_counter|q[8]  ; step_mot_clk ; step_mot_clk ; None                        ; None                      ; 15.100 ns               ;
; N/A                                     ; 53.76 MHz ( period = 18.600 ns )                    ; lpm_counter:inst185|alt_counter_f10ke:wysi_counter|q[0]  ; lpm_counter:inst185|alt_counter_f10ke:wysi_counter|q[7]  ; step_mot_clk ; step_mot_clk ; None                        ; None                      ; 15.000 ns               ;
; N/A                                     ; 53.76 MHz ( period = 18.600 ns )                    ; lpm_counter:inst185|alt_counter_f10ke:wysi_counter|q[0]  ; lpm_counter:inst185|alt_counter_f10ke:wysi_counter|q[6]  ; step_mot_clk ; step_mot_clk ; None                        ; None                      ; 15.000 ns               ;
; N/A                                     ; 53.76 MHz ( period = 18.600 ns )                    ; lpm_counter:inst185|alt_counter_f10ke:wysi_counter|q[0]  ; lpm_counter:inst185|alt_counter_f10ke:wysi_counter|q[5]  ; step_mot_clk ; step_mot_clk ; None                        ; None                      ; 15.000 ns               ;
; N/A                                     ; 53.76 MHz ( period = 18.600 ns )                    ; lpm_counter:inst185|alt_counter_f10ke:wysi_counter|q[0]  ; lpm_counter:inst185|alt_counter_f10ke:wysi_counter|q[4]  ; step_mot_clk ; step_mot_clk ; None                        ; None                      ; 15.000 ns               ;
; N/A                                     ; 53.76 MHz ( period = 18.600 ns )                    ; lpm_counter:inst185|alt_counter_f10ke:wysi_counter|q[0]  ; lpm_counter:inst185|alt_counter_f10ke:wysi_counter|q[3]  ; step_mot_clk ; step_mot_clk ; None                        ; None                      ; 15.000 ns               ;
; N/A                                     ; 53.76 MHz ( period = 18.600 ns )                    ; lpm_counter:inst185|alt_counter_f10ke:wysi_counter|q[0]  ; lpm_counter:inst185|alt_counter_f10ke:wysi_counter|q[2]  ; step_mot_clk ; step_mot_clk ; None                        ; None                      ; 15.000 ns               ;
; N/A                                     ; 53.76 MHz ( period = 18.600 ns )                    ; lpm_counter:inst185|alt_counter_f10ke:wysi_counter|q[0]  ; lpm_counter:inst185|alt_counter_f10ke:wysi_counter|q[1]  ; step_mot_clk ; step_mot_clk ; None                        ; None                      ; 15.000 ns               ;
; N/A                                     ; 53.76 MHz ( period = 18.600 ns )                    ; lpm_counter:inst185|alt_counter_f10ke:wysi_counter|q[0]  ; lpm_counter:inst185|alt_counter_f10ke:wysi_counter|q[0]  ; step_mot_clk ; step_mot_clk ; None                        ; None                      ; 15.000 ns               ;
; N/A                                     ; 54.35 MHz ( period = 18.400 ns )                    ; lpm_counter:inst185|alt_counter_f10ke:wysi_counter|q[1]  ; lpm_counter:inst185|alt_counter_f10ke:wysi_counter|q[14] ; step_mot_clk ; step_mot_clk ; None                        ; None                      ; 14.800 ns               ;
; N/A                                     ; 54.35 MHz ( period = 18.400 ns )                    ; lpm_counter:inst185|alt_counter_f10ke:wysi_counter|q[1]  ; lpm_counter:inst185|alt_counter_f10ke:wysi_counter|q[13] ; step_mot_clk ; step_mot_clk ; None                        ; None                      ; 14.800 ns               ;
; N/A                                     ; 54.35 MHz ( period = 18.400 ns )                    ; lpm_counter:inst185|alt_counter_f10ke:wysi_counter|q[1]  ; lpm_counter:inst185|alt_counter_f10ke:wysi_counter|q[12] ; step_mot_clk ; step_mot_clk ; None                        ; None                      ; 14.800 ns               ;
; N/A                                     ; 54.35 MHz ( period = 18.400 ns )                    ; lpm_counter:inst185|alt_counter_f10ke:wysi_counter|q[1]  ; lpm_counter:inst185|alt_counter_f10ke:wysi_counter|q[11] ; step_mot_clk ; step_mot_clk ; None                        ; None                      ; 14.800 ns               ;
; N/A                                     ; 54.35 MHz ( period = 18.400 ns )                    ; lpm_counter:inst185|alt_counter_f10ke:wysi_counter|q[1]  ; lpm_counter:inst185|alt_counter_f10ke:wysi_counter|q[10] ; step_mot_clk ; step_mot_clk ; None                        ; None                      ; 14.800 ns               ;
; N/A                                     ; 54.35 MHz ( period = 18.400 ns )                    ; lpm_counter:inst185|alt_counter_f10ke:wysi_counter|q[1]  ; lpm_counter:inst185|alt_counter_f10ke:wysi_counter|q[9]  ; step_mot_clk ; step_mot_clk ; None                        ; None                      ; 14.800 ns               ;
; N/A                                     ; 54.35 MHz ( period = 18.400 ns )                    ; lpm_counter:inst185|alt_counter_f10ke:wysi_counter|q[1]  ; lpm_counter:inst185|alt_counter_f10ke:wysi_counter|q[8]  ; step_mot_clk ; step_mot_clk ; None                        ; None                      ; 14.800 ns               ;
; N/A                                     ; 54.64 MHz ( period = 18.300 ns )                    ; lpm_counter:inst185|alt_counter_f10ke:wysi_counter|q[1]  ; lpm_counter:inst185|alt_counter_f10ke:wysi_counter|q[7]  ; step_mot_clk ; step_mot_clk ; None                        ; None                      ; 14.700 ns               ;
; N/A                                     ; 54.64 MHz ( period = 18.300 ns )                    ; lpm_counter:inst185|alt_counter_f10ke:wysi_counter|q[1]  ; lpm_counter:inst185|alt_counter_f10ke:wysi_counter|q[6]  ; step_mot_clk ; step_mot_clk ; None                        ; None                      ; 14.700 ns               ;
; N/A                                     ; 54.64 MHz ( period = 18.300 ns )                    ; lpm_counter:inst185|alt_counter_f10ke:wysi_counter|q[1]  ; lpm_counter:inst185|alt_counter_f10ke:wysi_counter|q[5]  ; step_mot_clk ; step_mot_clk ; None                        ; None                      ; 14.700 ns               ;
; N/A                                     ; 54.64 MHz ( period = 18.300 ns )                    ; lpm_counter:inst185|alt_counter_f10ke:wysi_counter|q[1]  ; lpm_counter:inst185|alt_counter_f10ke:wysi_counter|q[4]  ; step_mot_clk ; step_mot_clk ; None                        ; None                      ; 14.700 ns               ;
; N/A                                     ; 54.64 MHz ( period = 18.300 ns )                    ; lpm_counter:inst185|alt_counter_f10ke:wysi_counter|q[1]  ; lpm_counter:inst185|alt_counter_f10ke:wysi_counter|q[3]  ; step_mot_clk ; step_mot_clk ; None                        ; None                      ; 14.700 ns               ;
; N/A                                     ; 54.64 MHz ( period = 18.300 ns )                    ; lpm_counter:inst185|alt_counter_f10ke:wysi_counter|q[1]  ; lpm_counter:inst185|alt_counter_f10ke:wysi_counter|q[2]  ; step_mot_clk ; step_mot_clk ; None                        ; None                      ; 14.700 ns               ;
; N/A                                     ; 54.64 MHz ( period = 18.300 ns )                    ; lpm_counter:inst185|alt_counter_f10ke:wysi_counter|q[1]  ; lpm_counter:inst185|alt_counter_f10ke:wysi_counter|q[1]  ; step_mot_clk ; step_mot_clk ; None                        ; None                      ; 14.700 ns               ;
; N/A                                     ; 54.64 MHz ( period = 18.300 ns )                    ; lpm_counter:inst185|alt_counter_f10ke:wysi_counter|q[1]  ; lpm_counter:inst185|alt_counter_f10ke:wysi_counter|q[0]  ; step_mot_clk ; step_mot_clk ; None                        ; None                      ; 14.700 ns               ;
; N/A                                     ; 55.25 MHz ( period = 18.100 ns )                    ; lpm_counter:inst185|alt_counter_f10ke:wysi_counter|q[2]  ; lpm_counter:inst185|alt_counter_f10ke:wysi_counter|q[14] ; step_mot_clk ; step_mot_clk ; None                        ; None                      ; 14.500 ns               ;
; N/A                                     ; 55.25 MHz ( period = 18.100 ns )                    ; lpm_counter:inst185|alt_counter_f10ke:wysi_counter|q[2]  ; lpm_counter:inst185|alt_counter_f10ke:wysi_counter|q[13] ; step_mot_clk ; step_mot_clk ; None                        ; None                      ; 14.500 ns               ;
; N/A                                     ; 55.25 MHz ( period = 18.100 ns )                    ; lpm_counter:inst185|alt_counter_f10ke:wysi_counter|q[2]  ; lpm_counter:inst185|alt_counter_f10ke:wysi_counter|q[12] ; step_mot_clk ; step_mot_clk ; None                        ; None                      ; 14.500 ns               ;
; N/A                                     ; 55.25 MHz ( period = 18.100 ns )                    ; lpm_counter:inst185|alt_counter_f10ke:wysi_counter|q[2]  ; lpm_counter:inst185|alt_counter_f10ke:wysi_counter|q[11] ; step_mot_clk ; step_mot_clk ; None                        ; None                      ; 14.500 ns               ;
; N/A                                     ; 55.25 MHz ( period = 18.100 ns )                    ; lpm_counter:inst185|alt_counter_f10ke:wysi_counter|q[2]  ; lpm_counter:inst185|alt_counter_f10ke:wysi_counter|q[10] ; step_mot_clk ; step_mot_clk ; None                        ; None                      ; 14.500 ns               ;
; N/A                                     ; 55.25 MHz ( period = 18.100 ns )                    ; lpm_counter:inst185|alt_counter_f10ke:wysi_counter|q[2]  ; lpm_counter:inst185|alt_counter_f10ke:wysi_counter|q[9]  ; step_mot_clk ; step_mot_clk ; None                        ; None                      ; 14.500 ns               ;
; N/A                                     ; 55.25 MHz ( period = 18.100 ns )                    ; lpm_counter:inst185|alt_counter_f10ke:wysi_counter|q[2]  ; lpm_counter:inst185|alt_counter_f10ke:wysi_counter|q[8]  ; step_mot_clk ; step_mot_clk ; None                        ; None                      ; 14.500 ns               ;
; N/A                                     ; 55.56 MHz ( period = 18.000 ns )                    ; lpm_counter:inst185|alt_counter_f10ke:wysi_counter|q[2]  ; lpm_counter:inst185|alt_counter_f10ke:wysi_counter|q[7]  ; step_mot_clk ; step_mot_clk ; None                        ; None                      ; 14.400 ns               ;
; N/A                                     ; 55.56 MHz ( period = 18.000 ns )                    ; lpm_counter:inst185|alt_counter_f10ke:wysi_counter|q[2]  ; lpm_counter:inst185|alt_counter_f10ke:wysi_counter|q[6]  ; step_mot_clk ; step_mot_clk ; None                        ; None                      ; 14.400 ns               ;
; N/A                                     ; 55.56 MHz ( period = 18.000 ns )                    ; lpm_counter:inst185|alt_counter_f10ke:wysi_counter|q[2]  ; lpm_counter:inst185|alt_counter_f10ke:wysi_counter|q[5]  ; step_mot_clk ; step_mot_clk ; None                        ; None                      ; 14.400 ns               ;
; N/A                                     ; 55.56 MHz ( period = 18.000 ns )                    ; lpm_counter:inst185|alt_counter_f10ke:wysi_counter|q[2]  ; lpm_counter:inst185|alt_counter_f10ke:wysi_counter|q[4]  ; step_mot_clk ; step_mot_clk ; None                        ; None                      ; 14.400 ns               ;
; N/A                                     ; 55.56 MHz ( period = 18.000 ns )                    ; lpm_counter:inst185|alt_counter_f10ke:wysi_counter|q[2]  ; lpm_counter:inst185|alt_counter_f10ke:wysi_counter|q[3]  ; step_mot_clk ; step_mot_clk ; None                        ; None                      ; 14.400 ns               ;
; N/A                                     ; 55.56 MHz ( period = 18.000 ns )                    ; lpm_counter:inst185|alt_counter_f10ke:wysi_counter|q[2]  ; lpm_counter:inst185|alt_counter_f10ke:wysi_counter|q[2]  ; step_mot_clk ; step_mot_clk ; None                        ; None                      ; 14.400 ns               ;
; N/A                                     ; 55.56 MHz ( period = 18.000 ns )                    ; lpm_counter:inst185|alt_counter_f10ke:wysi_counter|q[2]  ; lpm_counter:inst185|alt_counter_f10ke:wysi_counter|q[1]  ; step_mot_clk ; step_mot_clk ; None                        ; None                      ; 14.400 ns               ;
; N/A                                     ; 55.56 MHz ( period = 18.000 ns )                    ; lpm_counter:inst185|alt_counter_f10ke:wysi_counter|q[2]  ; lpm_counter:inst185|alt_counter_f10ke:wysi_counter|q[0]  ; step_mot_clk ; step_mot_clk ; None                        ; None                      ; 14.400 ns               ;
; N/A                                     ; 56.18 MHz ( period = 17.800 ns )                    ; lpm_counter:inst185|alt_counter_f10ke:wysi_counter|q[3]  ; lpm_counter:inst185|alt_counter_f10ke:wysi_counter|q[14] ; step_mot_clk ; step_mot_clk ; None                        ; None                      ; 14.200 ns               ;
; N/A                                     ; 56.18 MHz ( period = 17.800 ns )                    ; lpm_counter:inst185|alt_counter_f10ke:wysi_counter|q[3]  ; lpm_counter:inst185|alt_counter_f10ke:wysi_counter|q[13] ; step_mot_clk ; step_mot_clk ; None                        ; None                      ; 14.200 ns               ;
; N/A                                     ; 56.18 MHz ( period = 17.800 ns )                    ; lpm_counter:inst185|alt_counter_f10ke:wysi_counter|q[3]  ; lpm_counter:inst185|alt_counter_f10ke:wysi_counter|q[12] ; step_mot_clk ; step_mot_clk ; None                        ; None                      ; 14.200 ns               ;
; N/A                                     ; 56.18 MHz ( period = 17.800 ns )                    ; lpm_counter:inst185|alt_counter_f10ke:wysi_counter|q[3]  ; lpm_counter:inst185|alt_counter_f10ke:wysi_counter|q[11] ; step_mot_clk ; step_mot_clk ; None                        ; None                      ; 14.200 ns               ;
; N/A                                     ; 56.18 MHz ( period = 17.800 ns )                    ; lpm_counter:inst185|alt_counter_f10ke:wysi_counter|q[3]  ; lpm_counter:inst185|alt_counter_f10ke:wysi_counter|q[10] ; step_mot_clk ; step_mot_clk ; None                        ; None                      ; 14.200 ns               ;
; N/A                                     ; 56.18 MHz ( period = 17.800 ns )                    ; lpm_counter:inst185|alt_counter_f10ke:wysi_counter|q[3]  ; lpm_counter:inst185|alt_counter_f10ke:wysi_counter|q[9]  ; step_mot_clk ; step_mot_clk ; None                        ; None                      ; 14.200 ns               ;
; N/A                                     ; 56.18 MHz ( period = 17.800 ns )                    ; lpm_counter:inst185|alt_counter_f10ke:wysi_counter|q[3]  ; lpm_counter:inst185|alt_counter_f10ke:wysi_counter|q[8]  ; step_mot_clk ; step_mot_clk ; None                        ; None                      ; 14.200 ns               ;
; N/A                                     ; 56.50 MHz ( period = 17.700 ns )                    ; lpm_counter:inst185|alt_counter_f10ke:wysi_counter|q[3]  ; lpm_counter:inst185|alt_counter_f10ke:wysi_counter|q[7]  ; step_mot_clk ; step_mot_clk ; None                        ; None                      ; 14.100 ns               ;
; N/A                                     ; 56.50 MHz ( period = 17.700 ns )                    ; lpm_counter:inst185|alt_counter_f10ke:wysi_counter|q[3]  ; lpm_counter:inst185|alt_counter_f10ke:wysi_counter|q[6]  ; step_mot_clk ; step_mot_clk ; None                        ; None                      ; 14.100 ns               ;
; N/A                                     ; 56.50 MHz ( period = 17.700 ns )                    ; lpm_counter:inst185|alt_counter_f10ke:wysi_counter|q[3]  ; lpm_counter:inst185|alt_counter_f10ke:wysi_counter|q[5]  ; step_mot_clk ; step_mot_clk ; None                        ; None                      ; 14.100 ns               ;
; N/A                                     ; 56.50 MHz ( period = 17.700 ns )                    ; lpm_counter:inst185|alt_counter_f10ke:wysi_counter|q[3]  ; lpm_counter:inst185|alt_counter_f10ke:wysi_counter|q[4]  ; step_mot_clk ; step_mot_clk ; None                        ; None                      ; 14.100 ns               ;
; N/A                                     ; 56.50 MHz ( period = 17.700 ns )                    ; lpm_counter:inst185|alt_counter_f10ke:wysi_counter|q[3]  ; lpm_counter:inst185|alt_counter_f10ke:wysi_counter|q[3]  ; step_mot_clk ; step_mot_clk ; None                        ; None                      ; 14.100 ns               ;
; N/A                                     ; 56.50 MHz ( period = 17.700 ns )                    ; lpm_counter:inst185|alt_counter_f10ke:wysi_counter|q[3]  ; lpm_counter:inst185|alt_counter_f10ke:wysi_counter|q[2]  ; step_mot_clk ; step_mot_clk ; None                        ; None                      ; 14.100 ns               ;
; N/A                                     ; 56.50 MHz ( period = 17.700 ns )                    ; lpm_counter:inst185|alt_counter_f10ke:wysi_counter|q[3]  ; lpm_counter:inst185|alt_counter_f10ke:wysi_counter|q[1]  ; step_mot_clk ; step_mot_clk ; None                        ; None                      ; 14.100 ns               ;
; N/A                                     ; 56.50 MHz ( period = 17.700 ns )                    ; lpm_counter:inst185|alt_counter_f10ke:wysi_counter|q[3]  ; lpm_counter:inst185|alt_counter_f10ke:wysi_counter|q[0]  ; step_mot_clk ; step_mot_clk ; None                        ; None                      ; 14.100 ns               ;
; N/A                                     ; 57.14 MHz ( period = 17.500 ns )                    ; lpm_counter:inst185|alt_counter_f10ke:wysi_counter|q[4]  ; lpm_counter:inst185|alt_counter_f10ke:wysi_counter|q[14] ; step_mot_clk ; step_mot_clk ; None                        ; None                      ; 13.900 ns               ;
; N/A                                     ; 57.14 MHz ( period = 17.500 ns )                    ; lpm_counter:inst185|alt_counter_f10ke:wysi_counter|q[4]  ; lpm_counter:inst185|alt_counter_f10ke:wysi_counter|q[13] ; step_mot_clk ; step_mot_clk ; None                        ; None                      ; 13.900 ns               ;
; N/A                                     ; 57.14 MHz ( period = 17.500 ns )                    ; lpm_counter:inst185|alt_counter_f10ke:wysi_counter|q[4]  ; lpm_counter:inst185|alt_counter_f10ke:wysi_counter|q[12] ; step_mot_clk ; step_mot_clk ; None                        ; None                      ; 13.900 ns               ;
; N/A                                     ; 57.14 MHz ( period = 17.500 ns )                    ; lpm_counter:inst185|alt_counter_f10ke:wysi_counter|q[4]  ; lpm_counter:inst185|alt_counter_f10ke:wysi_counter|q[11] ; step_mot_clk ; step_mot_clk ; None                        ; None                      ; 13.900 ns               ;
; N/A                                     ; 57.14 MHz ( period = 17.500 ns )                    ; lpm_counter:inst185|alt_counter_f10ke:wysi_counter|q[4]  ; lpm_counter:inst185|alt_counter_f10ke:wysi_counter|q[10] ; step_mot_clk ; step_mot_clk ; None                        ; None                      ; 13.900 ns               ;
; N/A                                     ; 57.14 MHz ( period = 17.500 ns )                    ; lpm_counter:inst185|alt_counter_f10ke:wysi_counter|q[4]  ; lpm_counter:inst185|alt_counter_f10ke:wysi_counter|q[9]  ; step_mot_clk ; step_mot_clk ; None                        ; None                      ; 13.900 ns               ;
; N/A                                     ; 57.14 MHz ( period = 17.500 ns )                    ; lpm_counter:inst185|alt_counter_f10ke:wysi_counter|q[4]  ; lpm_counter:inst185|alt_counter_f10ke:wysi_counter|q[8]  ; step_mot_clk ; step_mot_clk ; None                        ; None                      ; 13.900 ns               ;
; N/A                                     ; 57.47 MHz ( period = 17.400 ns )                    ; lpm_counter:inst185|alt_counter_f10ke:wysi_counter|q[4]  ; lpm_counter:inst185|alt_counter_f10ke:wysi_counter|q[7]  ; step_mot_clk ; step_mot_clk ; None                        ; None                      ; 13.800 ns               ;
; N/A                                     ; 57.47 MHz ( period = 17.400 ns )                    ; lpm_counter:inst185|alt_counter_f10ke:wysi_counter|q[4]  ; lpm_counter:inst185|alt_counter_f10ke:wysi_counter|q[6]  ; step_mot_clk ; step_mot_clk ; None                        ; None                      ; 13.800 ns               ;
; N/A                                     ; 57.47 MHz ( period = 17.400 ns )                    ; lpm_counter:inst185|alt_counter_f10ke:wysi_counter|q[4]  ; lpm_counter:inst185|alt_counter_f10ke:wysi_counter|q[5]  ; step_mot_clk ; step_mot_clk ; None                        ; None                      ; 13.800 ns               ;
; N/A                                     ; 57.47 MHz ( period = 17.400 ns )                    ; lpm_counter:inst185|alt_counter_f10ke:wysi_counter|q[4]  ; lpm_counter:inst185|alt_counter_f10ke:wysi_counter|q[4]  ; step_mot_clk ; step_mot_clk ; None                        ; None                      ; 13.800 ns               ;
; N/A                                     ; 57.47 MHz ( period = 17.400 ns )                    ; lpm_counter:inst185|alt_counter_f10ke:wysi_counter|q[4]  ; lpm_counter:inst185|alt_counter_f10ke:wysi_counter|q[3]  ; step_mot_clk ; step_mot_clk ; None                        ; None                      ; 13.800 ns               ;
; N/A                                     ; 57.47 MHz ( period = 17.400 ns )                    ; lpm_counter:inst185|alt_counter_f10ke:wysi_counter|q[4]  ; lpm_counter:inst185|alt_counter_f10ke:wysi_counter|q[2]  ; step_mot_clk ; step_mot_clk ; None                        ; None                      ; 13.800 ns               ;
; N/A                                     ; 57.47 MHz ( period = 17.400 ns )                    ; lpm_counter:inst185|alt_counter_f10ke:wysi_counter|q[4]  ; lpm_counter:inst185|alt_counter_f10ke:wysi_counter|q[1]  ; step_mot_clk ; step_mot_clk ; None                        ; None                      ; 13.800 ns               ;
; N/A                                     ; 57.47 MHz ( period = 17.400 ns )                    ; lpm_counter:inst185|alt_counter_f10ke:wysi_counter|q[4]  ; lpm_counter:inst185|alt_counter_f10ke:wysi_counter|q[0]  ; step_mot_clk ; step_mot_clk ; None                        ; None                      ; 13.800 ns               ;
; N/A                                     ; 58.14 MHz ( period = 17.200 ns )                    ; lpm_counter:inst185|alt_counter_f10ke:wysi_counter|q[5]  ; lpm_counter:inst185|alt_counter_f10ke:wysi_counter|q[14] ; step_mot_clk ; step_mot_clk ; None                        ; None                      ; 13.600 ns               ;
; N/A                                     ; 58.14 MHz ( period = 17.200 ns )                    ; lpm_counter:inst185|alt_counter_f10ke:wysi_counter|q[5]  ; lpm_counter:inst185|alt_counter_f10ke:wysi_counter|q[13] ; step_mot_clk ; step_mot_clk ; None                        ; None                      ; 13.600 ns               ;
; N/A                                     ; 58.14 MHz ( period = 17.200 ns )                    ; lpm_counter:inst185|alt_counter_f10ke:wysi_counter|q[5]  ; lpm_counter:inst185|alt_counter_f10ke:wysi_counter|q[12] ; step_mot_clk ; step_mot_clk ; None                        ; None                      ; 13.600 ns               ;
; N/A                                     ; 58.14 MHz ( period = 17.200 ns )                    ; lpm_counter:inst185|alt_counter_f10ke:wysi_counter|q[5]  ; lpm_counter:inst185|alt_counter_f10ke:wysi_counter|q[11] ; step_mot_clk ; step_mot_clk ; None                        ; None                      ; 13.600 ns               ;
; N/A                                     ; 58.14 MHz ( period = 17.200 ns )                    ; lpm_counter:inst185|alt_counter_f10ke:wysi_counter|q[5]  ; lpm_counter:inst185|alt_counter_f10ke:wysi_counter|q[10] ; step_mot_clk ; step_mot_clk ; None                        ; None                      ; 13.600 ns               ;
; N/A                                     ; 58.14 MHz ( period = 17.200 ns )                    ; lpm_counter:inst185|alt_counter_f10ke:wysi_counter|q[5]  ; lpm_counter:inst185|alt_counter_f10ke:wysi_counter|q[9]  ; step_mot_clk ; step_mot_clk ; None                        ; None                      ; 13.600 ns               ;
; N/A                                     ; 58.14 MHz ( period = 17.200 ns )                    ; lpm_counter:inst185|alt_counter_f10ke:wysi_counter|q[5]  ; lpm_counter:inst185|alt_counter_f10ke:wysi_counter|q[8]  ; step_mot_clk ; step_mot_clk ; None                        ; None                      ; 13.600 ns               ;
; N/A                                     ; 58.48 MHz ( period = 17.100 ns )                    ; lpm_counter:inst185|alt_counter_f10ke:wysi_counter|q[5]  ; lpm_counter:inst185|alt_counter_f10ke:wysi_counter|q[7]  ; step_mot_clk ; step_mot_clk ; None                        ; None                      ; 13.500 ns               ;
; N/A                                     ; 58.48 MHz ( period = 17.100 ns )                    ; lpm_counter:inst185|alt_counter_f10ke:wysi_counter|q[5]  ; lpm_counter:inst185|alt_counter_f10ke:wysi_counter|q[6]  ; step_mot_clk ; step_mot_clk ; None                        ; None                      ; 13.500 ns               ;
; N/A                                     ; 58.48 MHz ( period = 17.100 ns )                    ; lpm_counter:inst185|alt_counter_f10ke:wysi_counter|q[5]  ; lpm_counter:inst185|alt_counter_f10ke:wysi_counter|q[5]  ; step_mot_clk ; step_mot_clk ; None                        ; None                      ; 13.500 ns               ;
; N/A                                     ; 58.48 MHz ( period = 17.100 ns )                    ; lpm_counter:inst185|alt_counter_f10ke:wysi_counter|q[5]  ; lpm_counter:inst185|alt_counter_f10ke:wysi_counter|q[4]  ; step_mot_clk ; step_mot_clk ; None                        ; None                      ; 13.500 ns               ;
; N/A                                     ; 58.48 MHz ( period = 17.100 ns )                    ; lpm_counter:inst185|alt_counter_f10ke:wysi_counter|q[5]  ; lpm_counter:inst185|alt_counter_f10ke:wysi_counter|q[3]  ; step_mot_clk ; step_mot_clk ; None                        ; None                      ; 13.500 ns               ;
; N/A                                     ; 58.48 MHz ( period = 17.100 ns )                    ; lpm_counter:inst185|alt_counter_f10ke:wysi_counter|q[5]  ; lpm_counter:inst185|alt_counter_f10ke:wysi_counter|q[2]  ; step_mot_clk ; step_mot_clk ; None                        ; None                      ; 13.500 ns               ;
; N/A                                     ; 58.48 MHz ( period = 17.100 ns )                    ; lpm_counter:inst185|alt_counter_f10ke:wysi_counter|q[5]  ; lpm_counter:inst185|alt_counter_f10ke:wysi_counter|q[1]  ; step_mot_clk ; step_mot_clk ; None                        ; None                      ; 13.500 ns               ;
; N/A                                     ; 58.48 MHz ( period = 17.100 ns )                    ; lpm_counter:inst185|alt_counter_f10ke:wysi_counter|q[5]  ; lpm_counter:inst185|alt_counter_f10ke:wysi_counter|q[0]  ; step_mot_clk ; step_mot_clk ; None                        ; None                      ; 13.500 ns               ;
; N/A                                     ; 59.17 MHz ( period = 16.900 ns )                    ; lpm_counter:inst185|alt_counter_f10ke:wysi_counter|q[6]  ; lpm_counter:inst185|alt_counter_f10ke:wysi_counter|q[14] ; step_mot_clk ; step_mot_clk ; None                        ; None                      ; 13.300 ns               ;
; N/A                                     ; 59.17 MHz ( period = 16.900 ns )                    ; lpm_counter:inst185|alt_counter_f10ke:wysi_counter|q[6]  ; lpm_counter:inst185|alt_counter_f10ke:wysi_counter|q[13] ; step_mot_clk ; step_mot_clk ; None                        ; None                      ; 13.300 ns               ;
; N/A                                     ; 59.17 MHz ( period = 16.900 ns )                    ; lpm_counter:inst185|alt_counter_f10ke:wysi_counter|q[6]  ; lpm_counter:inst185|alt_counter_f10ke:wysi_counter|q[12] ; step_mot_clk ; step_mot_clk ; None                        ; None                      ; 13.300 ns               ;
; N/A                                     ; 59.17 MHz ( period = 16.900 ns )                    ; lpm_counter:inst185|alt_counter_f10ke:wysi_counter|q[6]  ; lpm_counter:inst185|alt_counter_f10ke:wysi_counter|q[11] ; step_mot_clk ; step_mot_clk ; None                        ; None                      ; 13.300 ns               ;
; N/A                                     ; 59.17 MHz ( period = 16.900 ns )                    ; lpm_counter:inst185|alt_counter_f10ke:wysi_counter|q[6]  ; lpm_counter:inst185|alt_counter_f10ke:wysi_counter|q[10] ; step_mot_clk ; step_mot_clk ; None                        ; None                      ; 13.300 ns               ;
; N/A                                     ; 59.17 MHz ( period = 16.900 ns )                    ; lpm_counter:inst185|alt_counter_f10ke:wysi_counter|q[6]  ; lpm_counter:inst185|alt_counter_f10ke:wysi_counter|q[9]  ; step_mot_clk ; step_mot_clk ; None                        ; None                      ; 13.300 ns               ;
; N/A                                     ; 59.17 MHz ( period = 16.900 ns )                    ; lpm_counter:inst185|alt_counter_f10ke:wysi_counter|q[6]  ; lpm_counter:inst185|alt_counter_f10ke:wysi_counter|q[8]  ; step_mot_clk ; step_mot_clk ; None                        ; None                      ; 13.300 ns               ;
; N/A                                     ; 59.52 MHz ( period = 16.800 ns )                    ; lpm_counter:inst185|alt_counter_f10ke:wysi_counter|q[6]  ; lpm_counter:inst185|alt_counter_f10ke:wysi_counter|q[7]  ; step_mot_clk ; step_mot_clk ; None                        ; None                      ; 13.200 ns               ;
; N/A                                     ; 59.52 MHz ( period = 16.800 ns )                    ; lpm_counter:inst185|alt_counter_f10ke:wysi_counter|q[6]  ; lpm_counter:inst185|alt_counter_f10ke:wysi_counter|q[6]  ; step_mot_clk ; step_mot_clk ; None                        ; None                      ; 13.200 ns               ;
; N/A                                     ; 59.52 MHz ( period = 16.800 ns )                    ; lpm_counter:inst185|alt_counter_f10ke:wysi_counter|q[6]  ; lpm_counter:inst185|alt_counter_f10ke:wysi_counter|q[5]  ; step_mot_clk ; step_mot_clk ; None                        ; None                      ; 13.200 ns               ;
; N/A                                     ; 59.52 MHz ( period = 16.800 ns )                    ; lpm_counter:inst185|alt_counter_f10ke:wysi_counter|q[6]  ; lpm_counter:inst185|alt_counter_f10ke:wysi_counter|q[4]  ; step_mot_clk ; step_mot_clk ; None                        ; None                      ; 13.200 ns               ;
; N/A                                     ; 59.52 MHz ( period = 16.800 ns )                    ; lpm_counter:inst185|alt_counter_f10ke:wysi_counter|q[6]  ; lpm_counter:inst185|alt_counter_f10ke:wysi_counter|q[3]  ; step_mot_clk ; step_mot_clk ; None                        ; None                      ; 13.200 ns               ;
; N/A                                     ; 59.52 MHz ( period = 16.800 ns )                    ; lpm_counter:inst185|alt_counter_f10ke:wysi_counter|q[6]  ; lpm_counter:inst185|alt_counter_f10ke:wysi_counter|q[2]  ; step_mot_clk ; step_mot_clk ; None                        ; None                      ; 13.200 ns               ;
; N/A                                     ; 59.52 MHz ( period = 16.800 ns )                    ; lpm_counter:inst185|alt_counter_f10ke:wysi_counter|q[6]  ; lpm_counter:inst185|alt_counter_f10ke:wysi_counter|q[1]  ; step_mot_clk ; step_mot_clk ; None                        ; None                      ; 13.200 ns               ;
; N/A                                     ; 59.52 MHz ( period = 16.800 ns )                    ; lpm_counter:inst185|alt_counter_f10ke:wysi_counter|q[6]  ; lpm_counter:inst185|alt_counter_f10ke:wysi_counter|q[0]  ; step_mot_clk ; step_mot_clk ; None                        ; None                      ; 13.200 ns               ;
; N/A                                     ; 60.24 MHz ( period = 16.600 ns )                    ; lpm_counter:inst185|alt_counter_f10ke:wysi_counter|q[7]  ; lpm_counter:inst185|alt_counter_f10ke:wysi_counter|q[14] ; step_mot_clk ; step_mot_clk ; None                        ; None                      ; 13.000 ns               ;
; N/A                                     ; 60.24 MHz ( period = 16.600 ns )                    ; lpm_counter:inst185|alt_counter_f10ke:wysi_counter|q[7]  ; lpm_counter:inst185|alt_counter_f10ke:wysi_counter|q[13] ; step_mot_clk ; step_mot_clk ; None                        ; None                      ; 13.000 ns               ;
; N/A                                     ; 60.24 MHz ( period = 16.600 ns )                    ; lpm_counter:inst185|alt_counter_f10ke:wysi_counter|q[7]  ; lpm_counter:inst185|alt_counter_f10ke:wysi_counter|q[12] ; step_mot_clk ; step_mot_clk ; None                        ; None                      ; 13.000 ns               ;
; N/A                                     ; 60.24 MHz ( period = 16.600 ns )                    ; lpm_counter:inst185|alt_counter_f10ke:wysi_counter|q[7]  ; lpm_counter:inst185|alt_counter_f10ke:wysi_counter|q[11] ; step_mot_clk ; step_mot_clk ; None                        ; None                      ; 13.000 ns               ;
; N/A                                     ; 60.24 MHz ( period = 16.600 ns )                    ; lpm_counter:inst185|alt_counter_f10ke:wysi_counter|q[7]  ; lpm_counter:inst185|alt_counter_f10ke:wysi_counter|q[10] ; step_mot_clk ; step_mot_clk ; None                        ; None                      ; 13.000 ns               ;
; N/A                                     ; 60.24 MHz ( period = 16.600 ns )                    ; lpm_counter:inst185|alt_counter_f10ke:wysi_counter|q[7]  ; lpm_counter:inst185|alt_counter_f10ke:wysi_counter|q[9]  ; step_mot_clk ; step_mot_clk ; None                        ; None                      ; 13.000 ns               ;
; N/A                                     ; 60.24 MHz ( period = 16.600 ns )                    ; lpm_counter:inst185|alt_counter_f10ke:wysi_counter|q[7]  ; lpm_counter:inst185|alt_counter_f10ke:wysi_counter|q[8]  ; step_mot_clk ; step_mot_clk ; None                        ; None                      ; 13.000 ns               ;
; N/A                                     ; 60.61 MHz ( period = 16.500 ns )                    ; lpm_counter:inst185|alt_counter_f10ke:wysi_counter|q[7]  ; lpm_counter:inst185|alt_counter_f10ke:wysi_counter|q[7]  ; step_mot_clk ; step_mot_clk ; None                        ; None                      ; 12.900 ns               ;
; N/A                                     ; 60.61 MHz ( period = 16.500 ns )                    ; lpm_counter:inst185|alt_counter_f10ke:wysi_counter|q[7]  ; lpm_counter:inst185|alt_counter_f10ke:wysi_counter|q[6]  ; step_mot_clk ; step_mot_clk ; None                        ; None                      ; 12.900 ns               ;
; N/A                                     ; 60.61 MHz ( period = 16.500 ns )                    ; lpm_counter:inst185|alt_counter_f10ke:wysi_counter|q[7]  ; lpm_counter:inst185|alt_counter_f10ke:wysi_counter|q[5]  ; step_mot_clk ; step_mot_clk ; None                        ; None                      ; 12.900 ns               ;
; N/A                                     ; 60.61 MHz ( period = 16.500 ns )                    ; lpm_counter:inst185|alt_counter_f10ke:wysi_counter|q[7]  ; lpm_counter:inst185|alt_counter_f10ke:wysi_counter|q[4]  ; step_mot_clk ; step_mot_clk ; None                        ; None                      ; 12.900 ns               ;
; N/A                                     ; 60.61 MHz ( period = 16.500 ns )                    ; lpm_counter:inst185|alt_counter_f10ke:wysi_counter|q[7]  ; lpm_counter:inst185|alt_counter_f10ke:wysi_counter|q[3]  ; step_mot_clk ; step_mot_clk ; None                        ; None                      ; 12.900 ns               ;
; N/A                                     ; 60.61 MHz ( period = 16.500 ns )                    ; lpm_counter:inst185|alt_counter_f10ke:wysi_counter|q[7]  ; lpm_counter:inst185|alt_counter_f10ke:wysi_counter|q[2]  ; step_mot_clk ; step_mot_clk ; None                        ; None                      ; 12.900 ns               ;
; N/A                                     ; 60.61 MHz ( period = 16.500 ns )                    ; lpm_counter:inst185|alt_counter_f10ke:wysi_counter|q[7]  ; lpm_counter:inst185|alt_counter_f10ke:wysi_counter|q[1]  ; step_mot_clk ; step_mot_clk ; None                        ; None                      ; 12.900 ns               ;
; N/A                                     ; 60.61 MHz ( period = 16.500 ns )                    ; lpm_counter:inst185|alt_counter_f10ke:wysi_counter|q[7]  ; lpm_counter:inst185|alt_counter_f10ke:wysi_counter|q[0]  ; step_mot_clk ; step_mot_clk ; None                        ; None                      ; 12.900 ns               ;
; N/A                                     ; 64.52 MHz ( period = 15.500 ns )                    ; lpm_counter:inst185|alt_counter_f10ke:wysi_counter|q[8]  ; lpm_counter:inst185|alt_counter_f10ke:wysi_counter|q[14] ; step_mot_clk ; step_mot_clk ; None                        ; None                      ; 11.900 ns               ;
; N/A                                     ; 64.52 MHz ( period = 15.500 ns )                    ; lpm_counter:inst185|alt_counter_f10ke:wysi_counter|q[8]  ; lpm_counter:inst185|alt_counter_f10ke:wysi_counter|q[13] ; step_mot_clk ; step_mot_clk ; None                        ; None                      ; 11.900 ns               ;
; N/A                                     ; 64.52 MHz ( period = 15.500 ns )                    ; lpm_counter:inst185|alt_counter_f10ke:wysi_counter|q[8]  ; lpm_counter:inst185|alt_counter_f10ke:wysi_counter|q[12] ; step_mot_clk ; step_mot_clk ; None                        ; None                      ; 11.900 ns               ;
; N/A                                     ; 64.52 MHz ( period = 15.500 ns )                    ; lpm_counter:inst185|alt_counter_f10ke:wysi_counter|q[8]  ; lpm_counter:inst185|alt_counter_f10ke:wysi_counter|q[11] ; step_mot_clk ; step_mot_clk ; None                        ; None                      ; 11.900 ns               ;
; N/A                                     ; 64.52 MHz ( period = 15.500 ns )                    ; lpm_counter:inst185|alt_counter_f10ke:wysi_counter|q[8]  ; lpm_counter:inst185|alt_counter_f10ke:wysi_counter|q[10] ; step_mot_clk ; step_mot_clk ; None                        ; None                      ; 11.900 ns               ;
; N/A                                     ; 64.52 MHz ( period = 15.500 ns )                    ; lpm_counter:inst185|alt_counter_f10ke:wysi_counter|q[8]  ; lpm_counter:inst185|alt_counter_f10ke:wysi_counter|q[9]  ; step_mot_clk ; step_mot_clk ; None                        ; None                      ; 11.900 ns               ;
; N/A                                     ; 64.52 MHz ( period = 15.500 ns )                    ; lpm_counter:inst185|alt_counter_f10ke:wysi_counter|q[8]  ; lpm_counter:inst185|alt_counter_f10ke:wysi_counter|q[8]  ; step_mot_clk ; step_mot_clk ; None                        ; None                      ; 11.900 ns               ;
; N/A                                     ; 64.94 MHz ( period = 15.400 ns )                    ; lpm_counter:inst185|alt_counter_f10ke:wysi_counter|q[8]  ; lpm_counter:inst185|alt_counter_f10ke:wysi_counter|q[7]  ; step_mot_clk ; step_mot_clk ; None                        ; None                      ; 11.800 ns               ;
; N/A                                     ; 64.94 MHz ( period = 15.400 ns )                    ; lpm_counter:inst185|alt_counter_f10ke:wysi_counter|q[8]  ; lpm_counter:inst185|alt_counter_f10ke:wysi_counter|q[6]  ; step_mot_clk ; step_mot_clk ; None                        ; None                      ; 11.800 ns               ;
; N/A                                     ; 64.94 MHz ( period = 15.400 ns )                    ; lpm_counter:inst185|alt_counter_f10ke:wysi_counter|q[8]  ; lpm_counter:inst185|alt_counter_f10ke:wysi_counter|q[5]  ; step_mot_clk ; step_mot_clk ; None                        ; None                      ; 11.800 ns               ;
; N/A                                     ; 64.94 MHz ( period = 15.400 ns )                    ; lpm_counter:inst185|alt_counter_f10ke:wysi_counter|q[8]  ; lpm_counter:inst185|alt_counter_f10ke:wysi_counter|q[4]  ; step_mot_clk ; step_mot_clk ; None                        ; None                      ; 11.800 ns               ;
; N/A                                     ; 64.94 MHz ( period = 15.400 ns )                    ; lpm_counter:inst185|alt_counter_f10ke:wysi_counter|q[8]  ; lpm_counter:inst185|alt_counter_f10ke:wysi_counter|q[3]  ; step_mot_clk ; step_mot_clk ; None                        ; None                      ; 11.800 ns               ;
; N/A                                     ; 64.94 MHz ( period = 15.400 ns )                    ; lpm_counter:inst185|alt_counter_f10ke:wysi_counter|q[8]  ; lpm_counter:inst185|alt_counter_f10ke:wysi_counter|q[2]  ; step_mot_clk ; step_mot_clk ; None                        ; None                      ; 11.800 ns               ;
; N/A                                     ; 64.94 MHz ( period = 15.400 ns )                    ; lpm_counter:inst185|alt_counter_f10ke:wysi_counter|q[8]  ; lpm_counter:inst185|alt_counter_f10ke:wysi_counter|q[1]  ; step_mot_clk ; step_mot_clk ; None                        ; None                      ; 11.800 ns               ;
; N/A                                     ; 64.94 MHz ( period = 15.400 ns )                    ; lpm_counter:inst185|alt_counter_f10ke:wysi_counter|q[8]  ; lpm_counter:inst185|alt_counter_f10ke:wysi_counter|q[0]  ; step_mot_clk ; step_mot_clk ; None                        ; None                      ; 11.800 ns               ;
; N/A                                     ; 65.79 MHz ( period = 15.200 ns )                    ; lpm_counter:inst185|alt_counter_f10ke:wysi_counter|q[9]  ; lpm_counter:inst185|alt_counter_f10ke:wysi_counter|q[14] ; step_mot_clk ; step_mot_clk ; None                        ; None                      ; 11.600 ns               ;
; N/A                                     ; 65.79 MHz ( period = 15.200 ns )                    ; lpm_counter:inst185|alt_counter_f10ke:wysi_counter|q[9]  ; lpm_counter:inst185|alt_counter_f10ke:wysi_counter|q[13] ; step_mot_clk ; step_mot_clk ; None                        ; None                      ; 11.600 ns               ;
; N/A                                     ; 65.79 MHz ( period = 15.200 ns )                    ; lpm_counter:inst185|alt_counter_f10ke:wysi_counter|q[9]  ; lpm_counter:inst185|alt_counter_f10ke:wysi_counter|q[12] ; step_mot_clk ; step_mot_clk ; None                        ; None                      ; 11.600 ns               ;
; N/A                                     ; 65.79 MHz ( period = 15.200 ns )                    ; lpm_counter:inst185|alt_counter_f10ke:wysi_counter|q[9]  ; lpm_counter:inst185|alt_counter_f10ke:wysi_counter|q[11] ; step_mot_clk ; step_mot_clk ; None                        ; None                      ; 11.600 ns               ;
; N/A                                     ; 65.79 MHz ( period = 15.200 ns )                    ; lpm_counter:inst185|alt_counter_f10ke:wysi_counter|q[9]  ; lpm_counter:inst185|alt_counter_f10ke:wysi_counter|q[10] ; step_mot_clk ; step_mot_clk ; None                        ; None                      ; 11.600 ns               ;
; N/A                                     ; 65.79 MHz ( period = 15.200 ns )                    ; lpm_counter:inst185|alt_counter_f10ke:wysi_counter|q[9]  ; lpm_counter:inst185|alt_counter_f10ke:wysi_counter|q[9]  ; step_mot_clk ; step_mot_clk ; None                        ; None                      ; 11.600 ns               ;
; N/A                                     ; 65.79 MHz ( period = 15.200 ns )                    ; lpm_counter:inst185|alt_counter_f10ke:wysi_counter|q[9]  ; lpm_counter:inst185|alt_counter_f10ke:wysi_counter|q[8]  ; step_mot_clk ; step_mot_clk ; None                        ; None                      ; 11.600 ns               ;
; N/A                                     ; 66.23 MHz ( period = 15.100 ns )                    ; lpm_counter:inst185|alt_counter_f10ke:wysi_counter|q[9]  ; lpm_counter:inst185|alt_counter_f10ke:wysi_counter|q[7]  ; step_mot_clk ; step_mot_clk ; None                        ; None                      ; 11.500 ns               ;
; N/A                                     ; 66.23 MHz ( period = 15.100 ns )                    ; lpm_counter:inst185|alt_counter_f10ke:wysi_counter|q[9]  ; lpm_counter:inst185|alt_counter_f10ke:wysi_counter|q[6]  ; step_mot_clk ; step_mot_clk ; None                        ; None                      ; 11.500 ns               ;
; N/A                                     ; 66.23 MHz ( period = 15.100 ns )                    ; lpm_counter:inst185|alt_counter_f10ke:wysi_counter|q[9]  ; lpm_counter:inst185|alt_counter_f10ke:wysi_counter|q[5]  ; step_mot_clk ; step_mot_clk ; None                        ; None                      ; 11.500 ns               ;
; N/A                                     ; 66.23 MHz ( period = 15.100 ns )                    ; lpm_counter:inst185|alt_counter_f10ke:wysi_counter|q[9]  ; lpm_counter:inst185|alt_counter_f10ke:wysi_counter|q[4]  ; step_mot_clk ; step_mot_clk ; None                        ; None                      ; 11.500 ns               ;
; N/A                                     ; 66.23 MHz ( period = 15.100 ns )                    ; lpm_counter:inst185|alt_counter_f10ke:wysi_counter|q[9]  ; lpm_counter:inst185|alt_counter_f10ke:wysi_counter|q[3]  ; step_mot_clk ; step_mot_clk ; None                        ; None                      ; 11.500 ns               ;
; N/A                                     ; 66.23 MHz ( period = 15.100 ns )                    ; lpm_counter:inst185|alt_counter_f10ke:wysi_counter|q[9]  ; lpm_counter:inst185|alt_counter_f10ke:wysi_counter|q[2]  ; step_mot_clk ; step_mot_clk ; None                        ; None                      ; 11.500 ns               ;
; N/A                                     ; 66.23 MHz ( period = 15.100 ns )                    ; lpm_counter:inst185|alt_counter_f10ke:wysi_counter|q[9]  ; lpm_counter:inst185|alt_counter_f10ke:wysi_counter|q[1]  ; step_mot_clk ; step_mot_clk ; None                        ; None                      ; 11.500 ns               ;
; N/A                                     ; 66.23 MHz ( period = 15.100 ns )                    ; lpm_counter:inst185|alt_counter_f10ke:wysi_counter|q[9]  ; lpm_counter:inst185|alt_counter_f10ke:wysi_counter|q[0]  ; step_mot_clk ; step_mot_clk ; None                        ; None                      ; 11.500 ns               ;
; N/A                                     ; 67.11 MHz ( period = 14.900 ns )                    ; lpm_counter:inst185|alt_counter_f10ke:wysi_counter|q[10] ; lpm_counter:inst185|alt_counter_f10ke:wysi_counter|q[14] ; step_mot_clk ; step_mot_clk ; None                        ; None                      ; 11.300 ns               ;
; N/A                                     ; 67.11 MHz ( period = 14.900 ns )                    ; lpm_counter:inst185|alt_counter_f10ke:wysi_counter|q[10] ; lpm_counter:inst185|alt_counter_f10ke:wysi_counter|q[13] ; step_mot_clk ; step_mot_clk ; None                        ; None                      ; 11.300 ns               ;
; N/A                                     ; 67.11 MHz ( period = 14.900 ns )                    ; lpm_counter:inst185|alt_counter_f10ke:wysi_counter|q[10] ; lpm_counter:inst185|alt_counter_f10ke:wysi_counter|q[12] ; step_mot_clk ; step_mot_clk ; None                        ; None                      ; 11.300 ns               ;
; N/A                                     ; 67.11 MHz ( period = 14.900 ns )                    ; lpm_counter:inst185|alt_counter_f10ke:wysi_counter|q[10] ; lpm_counter:inst185|alt_counter_f10ke:wysi_counter|q[11] ; step_mot_clk ; step_mot_clk ; None                        ; None                      ; 11.300 ns               ;
; N/A                                     ; 67.11 MHz ( period = 14.900 ns )                    ; lpm_counter:inst185|alt_counter_f10ke:wysi_counter|q[10] ; lpm_counter:inst185|alt_counter_f10ke:wysi_counter|q[10] ; step_mot_clk ; step_mot_clk ; None                        ; None                      ; 11.300 ns               ;
; N/A                                     ; 67.11 MHz ( period = 14.900 ns )                    ; lpm_counter:inst185|alt_counter_f10ke:wysi_counter|q[10] ; lpm_counter:inst185|alt_counter_f10ke:wysi_counter|q[9]  ; step_mot_clk ; step_mot_clk ; None                        ; None                      ; 11.300 ns               ;
; N/A                                     ; 67.11 MHz ( period = 14.900 ns )                    ; lpm_counter:inst185|alt_counter_f10ke:wysi_counter|q[10] ; lpm_counter:inst185|alt_counter_f10ke:wysi_counter|q[8]  ; step_mot_clk ; step_mot_clk ; None                        ; None                      ; 11.300 ns               ;
; N/A                                     ; 67.57 MHz ( period = 14.800 ns )                    ; lpm_counter:inst185|alt_counter_f10ke:wysi_counter|q[10] ; lpm_counter:inst185|alt_counter_f10ke:wysi_counter|q[7]  ; step_mot_clk ; step_mot_clk ; None                        ; None                      ; 11.200 ns               ;
; N/A                                     ; 67.57 MHz ( period = 14.800 ns )                    ; lpm_counter:inst185|alt_counter_f10ke:wysi_counter|q[10] ; lpm_counter:inst185|alt_counter_f10ke:wysi_counter|q[6]  ; step_mot_clk ; step_mot_clk ; None                        ; None                      ; 11.200 ns               ;
; N/A                                     ; 67.57 MHz ( period = 14.800 ns )                    ; lpm_counter:inst185|alt_counter_f10ke:wysi_counter|q[10] ; lpm_counter:inst185|alt_counter_f10ke:wysi_counter|q[5]  ; step_mot_clk ; step_mot_clk ; None                        ; None                      ; 11.200 ns               ;
; N/A                                     ; 67.57 MHz ( period = 14.800 ns )                    ; lpm_counter:inst185|alt_counter_f10ke:wysi_counter|q[10] ; lpm_counter:inst185|alt_counter_f10ke:wysi_counter|q[4]  ; step_mot_clk ; step_mot_clk ; None                        ; None                      ; 11.200 ns               ;
; N/A                                     ; 67.57 MHz ( period = 14.800 ns )                    ; lpm_counter:inst185|alt_counter_f10ke:wysi_counter|q[10] ; lpm_counter:inst185|alt_counter_f10ke:wysi_counter|q[3]  ; step_mot_clk ; step_mot_clk ; None                        ; None                      ; 11.200 ns               ;
; N/A                                     ; 67.57 MHz ( period = 14.800 ns )                    ; lpm_counter:inst185|alt_counter_f10ke:wysi_counter|q[10] ; lpm_counter:inst185|alt_counter_f10ke:wysi_counter|q[2]  ; step_mot_clk ; step_mot_clk ; None                        ; None                      ; 11.200 ns               ;
; N/A                                     ; 67.57 MHz ( period = 14.800 ns )                    ; lpm_counter:inst185|alt_counter_f10ke:wysi_counter|q[10] ; lpm_counter:inst185|alt_counter_f10ke:wysi_counter|q[1]  ; step_mot_clk ; step_mot_clk ; None                        ; None                      ; 11.200 ns               ;
; N/A                                     ; 67.57 MHz ( period = 14.800 ns )                    ; lpm_counter:inst185|alt_counter_f10ke:wysi_counter|q[10] ; lpm_counter:inst185|alt_counter_f10ke:wysi_counter|q[0]  ; step_mot_clk ; step_mot_clk ; None                        ; None                      ; 11.200 ns               ;
; N/A                                     ; 68.49 MHz ( period = 14.600 ns )                    ; lpm_counter:inst185|alt_counter_f10ke:wysi_counter|q[11] ; lpm_counter:inst185|alt_counter_f10ke:wysi_counter|q[14] ; step_mot_clk ; step_mot_clk ; None                        ; None                      ; 11.000 ns               ;
; N/A                                     ; 68.49 MHz ( period = 14.600 ns )                    ; lpm_counter:inst185|alt_counter_f10ke:wysi_counter|q[11] ; lpm_counter:inst185|alt_counter_f10ke:wysi_counter|q[13] ; step_mot_clk ; step_mot_clk ; None                        ; None                      ; 11.000 ns               ;
; N/A                                     ; 68.49 MHz ( period = 14.600 ns )                    ; lpm_counter:inst185|alt_counter_f10ke:wysi_counter|q[11] ; lpm_counter:inst185|alt_counter_f10ke:wysi_counter|q[12] ; step_mot_clk ; step_mot_clk ; None                        ; None                      ; 11.000 ns               ;
; N/A                                     ; 68.49 MHz ( period = 14.600 ns )                    ; lpm_counter:inst185|alt_counter_f10ke:wysi_counter|q[11] ; lpm_counter:inst185|alt_counter_f10ke:wysi_counter|q[11] ; step_mot_clk ; step_mot_clk ; None                        ; None                      ; 11.000 ns               ;
; N/A                                     ; 68.49 MHz ( period = 14.600 ns )                    ; lpm_counter:inst185|alt_counter_f10ke:wysi_counter|q[11] ; lpm_counter:inst185|alt_counter_f10ke:wysi_counter|q[10] ; step_mot_clk ; step_mot_clk ; None                        ; None                      ; 11.000 ns               ;
; N/A                                     ; 68.49 MHz ( period = 14.600 ns )                    ; lpm_counter:inst185|alt_counter_f10ke:wysi_counter|q[11] ; lpm_counter:inst185|alt_counter_f10ke:wysi_counter|q[9]  ; step_mot_clk ; step_mot_clk ; None                        ; None                      ; 11.000 ns               ;
; N/A                                     ; 68.49 MHz ( period = 14.600 ns )                    ; lpm_counter:inst185|alt_counter_f10ke:wysi_counter|q[11] ; lpm_counter:inst185|alt_counter_f10ke:wysi_counter|q[8]  ; step_mot_clk ; step_mot_clk ; None                        ; None                      ; 11.000 ns               ;
; N/A                                     ; 68.97 MHz ( period = 14.500 ns )                    ; lpm_counter:inst185|alt_counter_f10ke:wysi_counter|q[0]  ; inst188                                                  ; step_mot_clk ; step_mot_clk ; None                        ; None                      ; 10.900 ns               ;
; N/A                                     ; 68.97 MHz ( period = 14.500 ns )                    ; lpm_counter:inst185|alt_counter_f10ke:wysi_counter|q[11] ; lpm_counter:inst185|alt_counter_f10ke:wysi_counter|q[7]  ; step_mot_clk ; step_mot_clk ; None                        ; None                      ; 10.900 ns               ;
; N/A                                     ; 68.97 MHz ( period = 14.500 ns )                    ; lpm_counter:inst185|alt_counter_f10ke:wysi_counter|q[11] ; lpm_counter:inst185|alt_counter_f10ke:wysi_counter|q[6]  ; step_mot_clk ; step_mot_clk ; None                        ; None                      ; 10.900 ns               ;
; N/A                                     ; 68.97 MHz ( period = 14.500 ns )                    ; lpm_counter:inst185|alt_counter_f10ke:wysi_counter|q[11] ; lpm_counter:inst185|alt_counter_f10ke:wysi_counter|q[5]  ; step_mot_clk ; step_mot_clk ; None                        ; None                      ; 10.900 ns               ;
; N/A                                     ; 68.97 MHz ( period = 14.500 ns )                    ; lpm_counter:inst185|alt_counter_f10ke:wysi_counter|q[11] ; lpm_counter:inst185|alt_counter_f10ke:wysi_counter|q[4]  ; step_mot_clk ; step_mot_clk ; None                        ; None                      ; 10.900 ns               ;
; N/A                                     ; 68.97 MHz ( period = 14.500 ns )                    ; lpm_counter:inst185|alt_counter_f10ke:wysi_counter|q[11] ; lpm_counter:inst185|alt_counter_f10ke:wysi_counter|q[3]  ; step_mot_clk ; step_mot_clk ; None                        ; None                      ; 10.900 ns               ;
; N/A                                     ; 68.97 MHz ( period = 14.500 ns )                    ; lpm_counter:inst185|alt_counter_f10ke:wysi_counter|q[11] ; lpm_counter:inst185|alt_counter_f10ke:wysi_counter|q[2]  ; step_mot_clk ; step_mot_clk ; None                        ; None                      ; 10.900 ns               ;
; N/A                                     ; 68.97 MHz ( period = 14.500 ns )                    ; lpm_counter:inst185|alt_counter_f10ke:wysi_counter|q[11] ; lpm_counter:inst185|alt_counter_f10ke:wysi_counter|q[1]  ; step_mot_clk ; step_mot_clk ; None                        ; None                      ; 10.900 ns               ;
; N/A                                     ; 68.97 MHz ( period = 14.500 ns )                    ; lpm_counter:inst185|alt_counter_f10ke:wysi_counter|q[11] ; lpm_counter:inst185|alt_counter_f10ke:wysi_counter|q[0]  ; step_mot_clk ; step_mot_clk ; None                        ; None                      ; 10.900 ns               ;
; N/A                                     ; 69.93 MHz ( period = 14.300 ns )                    ; lpm_counter:inst185|alt_counter_f10ke:wysi_counter|q[12] ; lpm_counter:inst185|alt_counter_f10ke:wysi_counter|q[14] ; step_mot_clk ; step_mot_clk ; None                        ; None                      ; 10.700 ns               ;
; N/A                                     ; 69.93 MHz ( period = 14.300 ns )                    ; lpm_counter:inst185|alt_counter_f10ke:wysi_counter|q[12] ; lpm_counter:inst185|alt_counter_f10ke:wysi_counter|q[13] ; step_mot_clk ; step_mot_clk ; None                        ; None                      ; 10.700 ns               ;
; N/A                                     ; 69.93 MHz ( period = 14.300 ns )                    ; lpm_counter:inst185|alt_counter_f10ke:wysi_counter|q[12] ; lpm_counter:inst185|alt_counter_f10ke:wysi_counter|q[12] ; step_mot_clk ; step_mot_clk ; None                        ; None                      ; 10.700 ns               ;
; N/A                                     ; 69.93 MHz ( period = 14.300 ns )                    ; lpm_counter:inst185|alt_counter_f10ke:wysi_counter|q[12] ; lpm_counter:inst185|alt_counter_f10ke:wysi_counter|q[11] ; step_mot_clk ; step_mot_clk ; None                        ; None                      ; 10.700 ns               ;
; N/A                                     ; 69.93 MHz ( period = 14.300 ns )                    ; lpm_counter:inst185|alt_counter_f10ke:wysi_counter|q[12] ; lpm_counter:inst185|alt_counter_f10ke:wysi_counter|q[10] ; step_mot_clk ; step_mot_clk ; None                        ; None                      ; 10.700 ns               ;
; N/A                                     ; 69.93 MHz ( period = 14.300 ns )                    ; lpm_counter:inst185|alt_counter_f10ke:wysi_counter|q[12] ; lpm_counter:inst185|alt_counter_f10ke:wysi_counter|q[9]  ; step_mot_clk ; step_mot_clk ; None                        ; None                      ; 10.700 ns               ;
; N/A                                     ; 69.93 MHz ( period = 14.300 ns )                    ; lpm_counter:inst185|alt_counter_f10ke:wysi_counter|q[12] ; lpm_counter:inst185|alt_counter_f10ke:wysi_counter|q[8]  ; step_mot_clk ; step_mot_clk ; None                        ; None                      ; 10.700 ns               ;
; N/A                                     ; 70.42 MHz ( period = 14.200 ns )                    ; lpm_counter:inst185|alt_counter_f10ke:wysi_counter|q[1]  ; inst188                                                  ; step_mot_clk ; step_mot_clk ; None                        ; None                      ; 10.600 ns               ;
; N/A                                     ; 70.42 MHz ( period = 14.200 ns )                    ; lpm_counter:inst185|alt_counter_f10ke:wysi_counter|q[12] ; lpm_counter:inst185|alt_counter_f10ke:wysi_counter|q[7]  ; step_mot_clk ; step_mot_clk ; None                        ; None                      ; 10.600 ns               ;
; N/A                                     ; 70.42 MHz ( period = 14.200 ns )                    ; lpm_counter:inst185|alt_counter_f10ke:wysi_counter|q[12] ; lpm_counter:inst185|alt_counter_f10ke:wysi_counter|q[6]  ; step_mot_clk ; step_mot_clk ; None                        ; None                      ; 10.600 ns               ;
; N/A                                     ; 70.42 MHz ( period = 14.200 ns )                    ; lpm_counter:inst185|alt_counter_f10ke:wysi_counter|q[12] ; lpm_counter:inst185|alt_counter_f10ke:wysi_counter|q[5]  ; step_mot_clk ; step_mot_clk ; None                        ; None                      ; 10.600 ns               ;
; N/A                                     ; 70.42 MHz ( period = 14.200 ns )                    ; lpm_counter:inst185|alt_counter_f10ke:wysi_counter|q[12] ; lpm_counter:inst185|alt_counter_f10ke:wysi_counter|q[4]  ; step_mot_clk ; step_mot_clk ; None                        ; None                      ; 10.600 ns               ;
; N/A                                     ; 70.42 MHz ( period = 14.200 ns )                    ; lpm_counter:inst185|alt_counter_f10ke:wysi_counter|q[12] ; lpm_counter:inst185|alt_counter_f10ke:wysi_counter|q[3]  ; step_mot_clk ; step_mot_clk ; None                        ; None                      ; 10.600 ns               ;
; N/A                                     ; 70.42 MHz ( period = 14.200 ns )                    ; lpm_counter:inst185|alt_counter_f10ke:wysi_counter|q[12] ; lpm_counter:inst185|alt_counter_f10ke:wysi_counter|q[2]  ; step_mot_clk ; step_mot_clk ; None                        ; None                      ; 10.600 ns               ;
; N/A                                     ; 70.42 MHz ( period = 14.200 ns )                    ; lpm_counter:inst185|alt_counter_f10ke:wysi_counter|q[12] ; lpm_counter:inst185|alt_counter_f10ke:wysi_counter|q[1]  ; step_mot_clk ; step_mot_clk ; None                        ; None                      ; 10.600 ns               ;
; N/A                                     ; 70.42 MHz ( period = 14.200 ns )                    ; lpm_counter:inst185|alt_counter_f10ke:wysi_counter|q[12] ; lpm_counter:inst185|alt_counter_f10ke:wysi_counter|q[0]  ; step_mot_clk ; step_mot_clk ; None                        ; None                      ; 10.600 ns               ;
; N/A                                     ; 71.43 MHz ( period = 14.000 ns )                    ; lpm_counter:inst185|alt_counter_f10ke:wysi_counter|q[13] ; lpm_counter:inst185|alt_counter_f10ke:wysi_counter|q[11] ; step_mot_clk ; step_mot_clk ; None                        ; None                      ; 10.400 ns               ;
; N/A                                     ; 71.43 MHz ( period = 14.000 ns )                    ; lpm_counter:inst185|alt_counter_f10ke:wysi_counter|q[13] ; lpm_counter:inst185|alt_counter_f10ke:wysi_counter|q[10] ; step_mot_clk ; step_mot_clk ; None                        ; None                      ; 10.400 ns               ;
; N/A                                     ; 71.43 MHz ( period = 14.000 ns )                    ; lpm_counter:inst185|alt_counter_f10ke:wysi_counter|q[13] ; lpm_counter:inst185|alt_counter_f10ke:wysi_counter|q[9]  ; step_mot_clk ; step_mot_clk ; None                        ; None                      ; 10.400 ns               ;
; Timing analysis restricted to 200 rows. ; To change the limit use Settings (Assignments menu) ;                                                          ;                                                          ;              ;              ;                             ;                           ;                         ;
+-----------------------------------------+-----------------------------------------------------+----------------------------------------------------------+----------------------------------------------------------+--------------+--------------+-----------------------------+---------------------------+-------------------------+


+-----------------------------------------------------------------------------------+
; tsu                                                                               ;
+-------+--------------+------------+---------------------+----------+--------------+
; Slack ; Required tsu ; Actual tsu ; From                ; To       ; To Clock     ;
+-------+--------------+------------+---------------------+----------+--------------+
; N/A   ; None         ; -2.900 ns  ; step_mot_right_left ; inst15   ; step_mot_clk ;
; N/A   ; None         ; -2.900 ns  ; step_mot_right_left ; inst16   ; step_mot_clk ;
; N/A   ; None         ; -2.900 ns  ; step_mot_right_left ; inst15~1 ; step_mot_clk ;
; N/A   ; None         ; -2.900 ns  ; step_mot_right_left ; inst16~1 ; step_mot_clk ;
+-------+--------------+------------+---------------------+----------+--------------+


+--------------------------------------------------------------------------------+
; tco                                                                            ;
+-------+--------------+------------+----------+------------------+--------------+
; Slack ; Required tco ; Actual tco ; From     ; To               ; From Clock   ;
+-------+--------------+------------+----------+------------------+--------------+
; N/A   ; None         ; 18.800 ns  ; inst16~1 ; step_mot_phase_d ; step_mot_clk ;
; N/A   ; None         ; 18.800 ns  ; inst16   ; step_mot_phase_c ; step_mot_clk ;
; N/A   ; None         ; 18.800 ns  ; inst15~1 ; step_mot_phase_b ; step_mot_clk ;
; N/A   ; None         ; 18.800 ns  ; inst15   ; step_mot_phase_a ; step_mot_clk ;
+-------+--------------+------------+----------+------------------+--------------+


+-----------------------------------------------------------------------------------------+
; th                                                                                      ;
+---------------+-------------+-----------+---------------------+----------+--------------+
; Minimum Slack ; Required th ; Actual th ; From                ; To       ; To Clock     ;
+---------------+-------------+-----------+---------------------+----------+--------------+
; N/A           ; None        ; 7.000 ns  ; step_mot_right_left ; inst15   ; step_mot_clk ;
; N/A           ; None        ; 7.000 ns  ; step_mot_right_left ; inst16   ; step_mot_clk ;
; N/A           ; None        ; 7.000 ns  ; step_mot_right_left ; inst15~1 ; step_mot_clk ;
; N/A           ; None        ; 7.000 ns  ; step_mot_right_left ; inst16~1 ; step_mot_clk ;
+---------------+-------------+-----------+---------------------+----------+--------------+


+--------------------------+
; Timing Analyzer Messages ;
+--------------------------+
Info: *******************************************************************
Info: Running Quartus II Classic Timing Analyzer
    Info: Version 8.1 Build 163 10/28/2008 SJ Full Version
    Info: Processing started: Fri Jul 29 21:24:43 2016
Info: Command: quartus_tan --read_settings_files=off --write_settings_files=off sss_step_mot -c sss_step_mot
Info: Parallel compilation is enabled and will use 2 of the 2 processors detected
Info: Started post-fitting delay annotation
Info: Delay annotation completed successfully
Warning: Found pins functioning as undefined clocks and/or memory enables
    Info: Assuming node "step_mot_clk" is an undefined clock
Warning: Found 1 node(s) in clock paths which may be acting as ripple and/or gated clocks -- node(s) analyzed as buffer(s) resulting in clock skew
    Info: Detected ripple clock "inst188" as buffer
Info: Clock "step_mot_clk" has Internal fmax of 53.48 MHz between source register "lpm_counter:inst185|alt_counter_f10ke:wysi_counter|q[0]" and destination register "lpm_counter:inst185|alt_counter_f10ke:wysi_counter|q[14]" (period= 18.7 ns)
    Info: + Longest register to register delay is 15.100 ns
        Info: 1: + IC(0.000 ns) + CELL(0.000 ns) = 0.000 ns; Loc. = LC1_C14; Fanout = 2; REG Node = 'lpm_counter:inst185|alt_counter_f10ke:wysi_counter|q[0]'
        Info: 2: + IC(0.000 ns) + CELL(1.200 ns) = 1.200 ns; Loc. = LC1_C14; Fanout = 2; COMB Node = 'lpm_counter:inst185|alt_counter_f10ke:wysi_counter|counter_cell[0]~COUT'
        Info: 3: + IC(0.000 ns) + CELL(0.300 ns) = 1.500 ns; Loc. = LC2_C14; Fanout = 2; COMB Node = 'lpm_counter:inst185|alt_counter_f10ke:wysi_counter|counter_cell[1]~COUT'
        Info: 4: + IC(0.000 ns) + CELL(0.300 ns) = 1.800 ns; Loc. = LC3_C14; Fanout = 2; COMB Node = 'lpm_counter:inst185|alt_counter_f10ke:wysi_counter|counter_cell[2]~COUT'
        Info: 5: + IC(0.000 ns) + CELL(0.300 ns) = 2.100 ns; Loc. = LC4_C14; Fanout = 2; COMB Node = 'lpm_counter:inst185|alt_counter_f10ke:wysi_counter|counter_cell[3]~COUT'
        Info: 6: + IC(0.000 ns) + CELL(0.300 ns) = 2.400 ns; Loc. = LC5_C14; Fanout = 2; COMB Node = 'lpm_counter:inst185|alt_counter_f10ke:wysi_counter|counter_cell[4]~COUT'
        Info: 7: + IC(0.000 ns) + CELL(0.300 ns) = 2.700 ns; Loc. = LC6_C14; Fanout = 2; COMB Node = 'lpm_counter:inst185|alt_counter_f10ke:wysi_counter|counter_cell[5]~COUT'
        Info: 8: + IC(0.000 ns) + CELL(0.300 ns) = 3.000 ns; Loc. = LC7_C14; Fanout = 2; COMB Node = 'lpm_counter:inst185|alt_counter_f10ke:wysi_counter|counter_cell[6]~COUT'
        Info: 9: + IC(0.000 ns) + CELL(0.300 ns) = 3.300 ns; Loc. = LC8_C14; Fanout = 2; COMB Node = 'lpm_counter:inst185|alt_counter_f10ke:wysi_counter|counter_cell[7]~COUT'
        Info: 10: + IC(0.800 ns) + CELL(0.300 ns) = 4.400 ns; Loc. = LC1_C16; Fanout = 2; COMB Node = 'lpm_counter:inst185|alt_counter_f10ke:wysi_counter|counter_cell[8]~COUT'
        Info: 11: + IC(0.000 ns) + CELL(0.300 ns) = 4.700 ns; Loc. = LC2_C16; Fanout = 2; COMB Node = 'lpm_counter:inst185|alt_counter_f10ke:wysi_counter|counter_cell[9]~COUT'
        Info: 12: + IC(0.000 ns) + CELL(0.300 ns) = 5.000 ns; Loc. = LC3_C16; Fanout = 2; COMB Node = 'lpm_counter:inst185|alt_counter_f10ke:wysi_counter|counter_cell[10]~COUT'
        Info: 13: + IC(0.000 ns) + CELL(0.300 ns) = 5.300 ns; Loc. = LC4_C16; Fanout = 2; COMB Node = 'lpm_counter:inst185|alt_counter_f10ke:wysi_counter|counter_cell[11]~COUT'
        Info: 14: + IC(0.000 ns) + CELL(0.300 ns) = 5.600 ns; Loc. = LC5_C16; Fanout = 2; COMB Node = 'lpm_counter:inst185|alt_counter_f10ke:wysi_counter|counter_cell[12]~COUT'
        Info: 15: + IC(0.000 ns) + CELL(0.300 ns) = 5.900 ns; Loc. = LC6_C16; Fanout = 2; COMB Node = 'lpm_counter:inst185|alt_counter_f10ke:wysi_counter|counter_cell[13]~COUT'
        Info: 16: + IC(0.000 ns) + CELL(0.300 ns) = 6.200 ns; Loc. = LC7_C16; Fanout = 1; COMB Node = 'lpm_counter:inst185|alt_counter_f10ke:wysi_counter|counter_cell[14]~COUT'
        Info: 17: + IC(0.000 ns) + CELL(1.300 ns) = 7.500 ns; Loc. = LC8_C16; Fanout = 2; COMB Node = 'lpm_counter:inst185|alt_counter_f10ke:wysi_counter|cout'
        Info: 18: + IC(2.200 ns) + CELL(1.800 ns) = 11.500 ns; Loc. = LC3_C13; Fanout = 15; COMB Node = 'lpm_counter:inst185|alt_counter_f10ke:wysi_counter|cout~_wirecell'
        Info: 19: + IC(2.400 ns) + CELL(1.200 ns) = 15.100 ns; Loc. = LC7_C16; Fanout = 2; REG Node = 'lpm_counter:inst185|alt_counter_f10ke:wysi_counter|q[14]'
        Info: Total cell delay = 9.700 ns ( 64.24 % )
        Info: Total interconnect delay = 5.400 ns ( 35.76 % )
    Info: - Smallest clock skew is 0.000 ns
        Info: + Shortest clock path from clock "step_mot_clk" to destination register is 5.300 ns
            Info: 1: + IC(0.000 ns) + CELL(2.800 ns) = 2.800 ns; Loc. = PIN_43; Fanout = 16; CLK Node = 'step_mot_clk'
            Info: 2: + IC(2.500 ns) + CELL(0.000 ns) = 5.300 ns; Loc. = LC7_C16; Fanout = 2; REG Node = 'lpm_counter:inst185|alt_counter_f10ke:wysi_counter|q[14]'
            Info: Total cell delay = 2.800 ns ( 52.83 % )
            Info: Total interconnect delay = 2.500 ns ( 47.17 % )
        Info: - Longest clock path from clock "step_mot_clk" to source register is 5.300 ns
            Info: 1: + IC(0.000 ns) + CELL(2.800 ns) = 2.800 ns; Loc. = PIN_43; Fanout = 16; CLK Node = 'step_mot_clk'
            Info: 2: + IC(2.500 ns) + CELL(0.000 ns) = 5.300 ns; Loc. = LC1_C14; Fanout = 2; REG Node = 'lpm_counter:inst185|alt_counter_f10ke:wysi_counter|q[0]'
            Info: Total cell delay = 2.800 ns ( 52.83 % )
            Info: Total interconnect delay = 2.500 ns ( 47.17 % )
    Info: + Micro clock to output delay of source is 1.100 ns
    Info: + Micro setup delay of destination is 2.500 ns
Info: tsu for register "inst15" (data pin = "step_mot_right_left", clock pin = "step_mot_clk") is -2.900 ns
    Info: + Longest pin to register delay is 5.600 ns
        Info: 1: + IC(0.000 ns) + CELL(2.800 ns) = 2.800 ns; Loc. = PIN_44; Fanout = 4; PIN Node = 'step_mot_right_left'
        Info: 2: + IC(1.600 ns) + CELL(1.200 ns) = 5.600 ns; Loc. = LC2_B7; Fanout = 3; REG Node = 'inst15'
        Info: Total cell delay = 4.000 ns ( 71.43 % )
        Info: Total interconnect delay = 1.600 ns ( 28.57 % )
    Info: + Micro setup delay of destination is 2.500 ns
    Info: - Shortest clock path from clock "step_mot_clk" to destination register is 11.000 ns
        Info: 1: + IC(0.000 ns) + CELL(2.800 ns) = 2.800 ns; Loc. = PIN_43; Fanout = 16; CLK Node = 'step_mot_clk'
        Info: 2: + IC(2.500 ns) + CELL(1.100 ns) = 6.400 ns; Loc. = LC1_C13; Fanout = 4; REG Node = 'inst188'
        Info: 3: + IC(4.600 ns) + CELL(0.000 ns) = 11.000 ns; Loc. = LC2_B7; Fanout = 3; REG Node = 'inst15'
        Info: Total cell delay = 3.900 ns ( 35.45 % )
        Info: Total interconnect delay = 7.100 ns ( 64.55 % )
Info: tco from clock "step_mot_clk" to destination pin "step_mot_phase_d" through register "inst16~1" is 18.800 ns
    Info: + Longest clock path from clock "step_mot_clk" to source register is 11.000 ns
        Info: 1: + IC(0.000 ns) + CELL(2.800 ns) = 2.800 ns; Loc. = PIN_43; Fanout = 16; CLK Node = 'step_mot_clk'
        Info: 2: + IC(2.500 ns) + CELL(1.100 ns) = 6.400 ns; Loc. = LC1_C13; Fanout = 4; REG Node = 'inst188'
        Info: 3: + IC(4.600 ns) + CELL(0.000 ns) = 11.000 ns; Loc. = LC6_B7; Fanout = 1; REG Node = 'inst16~1'
        Info: Total cell delay = 3.900 ns ( 35.45 % )
        Info: Total interconnect delay = 7.100 ns ( 64.55 % )
    Info: + Micro clock to output delay of source is 1.100 ns
    Info: + Longest register to pin delay is 6.700 ns
        Info: 1: + IC(0.000 ns) + CELL(0.000 ns) = 0.000 ns; Loc. = LC6_B7; Fanout = 1; REG Node = 'inst16~1'
        Info: 2: + IC(1.600 ns) + CELL(5.100 ns) = 6.700 ns; Loc. = PIN_24; Fanout = 0; PIN Node = 'step_mot_phase_d'
        Info: Total cell delay = 5.100 ns ( 76.12 % )
        Info: Total interconnect delay = 1.600 ns ( 23.88 % )
Info: th for register "inst15" (data pin = "step_mot_right_left", clock pin = "step_mot_clk") is 7.000 ns
    Info: + Longest clock path from clock "step_mot_clk" to destination register is 11.000 ns
        Info: 1: + IC(0.000 ns) + CELL(2.800 ns) = 2.800 ns; Loc. = PIN_43; Fanout = 16; CLK Node = 'step_mot_clk'
        Info: 2: + IC(2.500 ns) + CELL(1.100 ns) = 6.400 ns; Loc. = LC1_C13; Fanout = 4; REG Node = 'inst188'
        Info: 3: + IC(4.600 ns) + CELL(0.000 ns) = 11.000 ns; Loc. = LC2_B7; Fanout = 3; REG Node = 'inst15'
        Info: Total cell delay = 3.900 ns ( 35.45 % )
        Info: Total interconnect delay = 7.100 ns ( 64.55 % )
    Info: + Micro hold delay of destination is 1.600 ns
    Info: - Shortest pin to register delay is 5.600 ns
        Info: 1: + IC(0.000 ns) + CELL(2.800 ns) = 2.800 ns; Loc. = PIN_44; Fanout = 4; PIN Node = 'step_mot_right_left'
        Info: 2: + IC(1.600 ns) + CELL(1.200 ns) = 5.600 ns; Loc. = LC2_B7; Fanout = 3; REG Node = 'inst15'
        Info: Total cell delay = 4.000 ns ( 71.43 % )
        Info: Total interconnect delay = 1.600 ns ( 28.57 % )
Info: Parallel compilation was enabled but no parallel operations were performed
Info: Quartus II Classic Timing Analyzer was successful. 0 errors, 2 warnings
    Info: Peak virtual memory: 160 megabytes
    Info: Processing ended: Fri Jul 29 21:24:44 2016
    Info: Elapsed time: 00:00:01
    Info: Total CPU time (on all processors): 00:00:01


